2024-09-29T03:23:51+00:00 INFO ENVIRONMENT: array (
  'WP_User' => 'Guest (non logged-in user)',
  'HTTP_REFERER' => '--',
  'HTTP_USER_AGENT' => 'Mozilla/5.0 (Linux; Android 12; Pixel 6) AppleWebKit/537.36 (KHTML, like Gecko) Chrome/114.0.0.0 Mobile Safari/537.36',
  'REQUEST_URI' => '/',
  'DOING_AJAX' => false,
  'DOING_CRON' => false,
  'WP_CLI' => false,
)
2024-09-29T03:23:51+00:00 INFO REQUEST GET https://public-api.wordpress.com/wpcom/v2/sites/%s/wcpay/currency/rates?test_mode=1&currency_from=eur
2024-09-29T03:23:51+00:00 INFO HEADERS: array (
  'Content-Type' => 'application/json; charset=utf-8',
  'User-Agent' => 'WooCommerce Payments/7.4.0',
)
2024-09-29T03:23:51+00:00 INFO RESPONSE: array (
  'AED' => 4.103292,
  'AFN' => 75.966207,
  'ALL' => 99.174989,
  'AMD' => 432.69453,
  'ANG' => 2.013098,
  'AOA' => 1050.232696,
  'ARS' => 1078.572667,
  'AUD' => 1.616481,
  'AWG' => 2.013663,
  'AZN' => 1.899155,
  'BAM' => 1.956851,
  'BBD' => 2.2343,
  'BDT' => 133.471676,
  'BGN' => 1.956258,
  'BHD' => 0.4206,
  'BIF' => 3228.563442,
  'BMD' => 1.11715,
  'BND' => 1.432853,
  'BOB' => 7.718629,
  'BRL' => 6.070481,
  'BSD' => 1.11715,
  'BTC' => 1.7E-5,
  'BTN' => 93.471312,
  'BWP' => 14.601953,
  'BYN' => 3.655263,
  'BZD' => 2.25155,
  'CAD' => 1.510778,
  'CDF' => 3200.634692,
  'CHF' => 0.939773,
  'CLF' => 0.036404,
  'CLP' => 1004.485404,
  'CNH' => 7.798634,
  'CNY' => 7.83312,
  'COP' => 4641.213436,
  'CRC' => 579.755303,
  'CUC' => 1.11715,
  'CUP' => 28.766612,
  'CVE' => 110.877136,
  'CZK' => 25.150956,
  'DJF' => 198.660515,
  'DKK' => 7.461668,
  'DOP' => 67.503788,
  'DZD' => 147.572379,
  'EGP' => 53.967999,
  'ERN' => 16.75725,
  'ETB' => 133.164278,
  'EUR' => 1,
  'FJD' => 2.439297,
  'FKP' => 0.835502,
  'GBP' => 0.835502,
  'GEL' => 3.038648,
  'GGP' => 0.835502,
  'GHS' => 17.617455,
  'GIP' => 0.835502,
  'GMD' => 76.524774,
  'GNF' => 9643.797201,
  'GTQ' => 8.640143,
  'GYD' => 233.660081,
  'HKD' => 8.682881,
  'HNL' => 27.783519,
  'HRK' => 7.539601,
  'HTG' => 147.206972,
  'HUF' => 396.980246,
  'IDR' => 16896.725873,
  'ILS' => 4.131478,
  'IMP' => 0.835502,
  'INR' => 93.523942,
  'IQD' => 1463.466474,
  'IRR' => 47037.599902,
  'ISK' => 151.005163,
  'JEP' => 0.835502,
  'JMD' => 175.48423,
  'JOD' => 0.791724,
  'JPY' => 158.809583,
  'KES' => 144.112347,
  'KGS' => 94.064028,
  'KHR' => 4541.214668,
  'KMF' => 493.36149,
  'KPW' => 1005.434982,
  'KRW' => 1463.796033,
  'KWD' => 0.340742,
  'KYD' => 0.930875,
  'KZT' => 535.776499,
  'LAK' => 24669.46443,
  'LBP' => 100096.638195,
  'LKR' => 333.518989,
  'LRD' => 216.475739,
  'LSL' => 19.198222,
  'LYD' => 5.295291,
  'MAD' => 10.828814,
  'MDL' => 19.391697,
  'MGA' => 5084.149558,
  'MKD' => 61.593994,
  'MMK' => 2343.780658,
  'MNT' => 3796.075632,
  'MOP' => 8.944664,
  'MUR' => 51.333045,
  'MVR' => 17.159424,
  'MWK' => 1939.372365,
  'MXN' => 22.017574,
  'MYR' => 4.608243,
  'MZN' => 71.357947,
  'NAD' => 19.198222,
  'NGN' => 1863.95357,
  'NIO' => 41.111119,
  'NOK' => 11.733315,
  'NPR' => 149.550993,
  'NZD' => 1.761789,
  'OMR' => 0.430062,
  'PAB' => 1.11715,
  'PEN' => 4.188307,
  'PGK' => 4.438995,
  'PHP' => 62.570449,
  'PKR' => 310.232549,
  'PLN' => 4.279297,
  'PYG' => 8718.728561,
  'QAR' => 4.067264,
  'RON' => 4.98059,
  'RSD' => 117.113613,
  'RUB' => 105.262704,
  'RWF' => 1488.881636,
  'SAR' => 4.190613,
  'SBD' => 9.263904,
  'SCR' => 14.80398,
  'SDG' => 671.965713,
  'SEK' => 11.272043,
  'SGD' => 1.42984,
  'SHP' => 0.835502,
  'SLL' => 23426.076503,
  'SOS' => 637.892638,
  'SRD' => 34.297063,
  'SSP' => 145.519956,
  'STD' => 24892.112421,
  'SVC' => 9.773249,
  'SYP' => 2806.872839,
  'SZL' => 19.198222,
  'THB' => 36.145999,
  'TJS' => 11.884927,
  'TMT' => 3.910025,
  'TND' => 3.395577,
  'TOP' => 2.609707,
  'TRY' => 38.164412,
  'TTD' => 7.587652,
  'TWD' => 35.290769,
  'TZS' => 3049.819445,
  'UAH' => 45.981795,
  'UGX' => 4126.538267,
  'USD' => 1.11715,
  'UYU' => 46.593552,
  'UZS' => 14229.697868,
  'VND' => 27493.061004,
  'VUV' => 132.63028,
  'WST' => 3.12802,
  'XAF' => 655.957,
  'XAG' => 0.035316,
  'XAU' => 0.00042,
  'XCD' => 3.019154,
  'XDR' => 0.826292,
  'XOF' => 655.957,
  'XPD' => 0.001105,
  'XPF' => 119.331742,
  'XPT' => 0.001116,
  'YER' => 279.650608,
  'ZAR' => 19.121318,
  'ZMW' => 29.539715,
  'ZWL' => 359.722294,
)
2024-09-29T04:20:37+00:00 INFO ENVIRONMENT: array (
  'WP_User' => 'Guest (non logged-in user)',
  'HTTP_REFERER' => '--',
  'HTTP_USER_AGENT' => 'Mozilla/5.0 (iPhone; CPU iPhone OS 13_2_3 like Mac OS X) AppleWebKit/605.1.15 (KHTML, like Gecko) Version/13.0.3 Mobile/15E148 Safari/604.1',
  'REQUEST_URI' => '/',
  'DOING_AJAX' => false,
  'DOING_CRON' => false,
  'WP_CLI' => false,
)
2024-09-29T04:20:37+00:00 INFO REQUEST GET https://public-api.wordpress.com/wpcom/v2/sites/%s/wcpay/accounts?test_mode=true
2024-09-29T04:20:37+00:00 INFO HEADERS: array (
  'Content-Type' => 'application/json; charset=utf-8',
  'User-Agent' => 'WooCommerce Payments/7.4.0',
)
2024-09-29T04:20:40+00:00 INFO RESPONSE: array (
  'account_id' => 'acct_1OrB4iFy7FStQedj',
  'email' => '(redacted)',
  'live_publishable_key' => 'pk_live_iBIpeqzKOOx2Y8PFCRBfyMU000Q7xVG4Sn',
  'test_publishable_key' => 'pk_test_51ETDmyFuiXB5oUVxwSobQMW5Tno1GclIq7ePZWzLeW4q8oa7Zb8hI5VfwI5sNT5nXuKYinLukNvGCXmsQXAoDGHG00MqHqlYHR',
  'is_live' => false,
  'is_test_drive' => false,
  'created' => '2024-03-06 03:23:26',
  'has_pending_requirements' => true,
  'has_future_requirements' => false,
  'has_overdue_requirements' => false,
  'details_submitted' => true,
  'current_deadline' => 1711614200,
  'status' => 'restricted_soon',
  'capabilities' => 
  array (
    'card_payments' => 'active',
    'giropay_payments' => 'active',
    'klarna_payments' => 'active',
    'transfers' => 'active',
    'bancontact_payments' => 'unrequested',
    'bank_transfer_payments' => 'unrequested',
    'blik_payments' => 'unrequested',
    'cartes_bancaires_payments' => 'unrequested',
    'eps_payments' => 'unrequested',
    'ideal_payments' => 'unrequested',
    'klarna' => 'unrequested',
    'link_payments' => 'unrequested',
    'mobilepay_payments' => 'unrequested',
    'multibanco_payments' => 'unrequested',
    'p24_payments' => 'unrequested',
    'sepa_bank_transfer_payments' => 'unrequested',
    'sepa_debit_payments' => 'unrequested',
    'sofort_payments' => 'unrequested',
    'twint_payments' => 'unrequested',
  ),
  'capability_requirements' => 
  array (
    'bancontact_payments' => 
    array (
    ),
    'bank_transfer_payments' => 
    array (
    ),
    'blik_payments' => 
    array (
    ),
    'card_payments' => 
    array (
    ),
    'cartes_bancaires_payments' => 
    array (
    ),
    'eps_payments' => 
    array (
    ),
    'giropay_payments' => 
    array (
    ),
    'ideal_payments' => 
    array (
    ),
    'klarna' => 
    array (
      0 => 'email',
    ),
    'klarna_payments' => 
    array (
    ),
    'link_payments' => 
    array (
    ),
    'mobilepay_payments' => 
    array (
    ),
    'multibanco_payments' => 
    array (
    ),
    'p24_payments' => 
    array (
    ),
    'sepa_bank_transfer_payments' => 
    array (
    ),
    'sepa_debit_payments' => 
    array (
    ),
    'sofort_payments' => 
    array (
    ),
    'transfers' => 
    array (
    ),
    'twint_payments' => 
    array (
    ),
  ),
  'payments_enabled' => true,
  'deposits' => 
  array (
    'status' => 'enabled',
    'restrictions' => 'deposits_unrestricted',
    'interval' => 'daily',
    'weekly_anchor' => '',
    'monthly_anchor' => NULL,
    'delay_days' => 7,
    'completed_waiting_period' => false,
    'minimum_manual_deposit_amounts' => 
    array (
      'aud' => 500,
      'bgn' => 100,
      'cad' => 500,
      'chf' => 500,
      'czk' => 3000,
      'dkk' => 5000,
      'eur' => 500,
      'gbp' => 500,
      'hkd' => 5000,
      'huf' => 36000,
      'nok' => 5000,
      'nzd' => 500,
      'jpy' => 50,
      'sek' => 5000,
      'sgd' => 500,
      'usd' => 500,
      'ron' => 500,
      'pln' => 500,
      'aed' => 200,
    ),
    'minimum_scheduled_deposit_amounts' => 
    array (
      'aed' => 200,
      'aud' => 0,
      'bgn' => 100,
      'cad' => 0,
      'chf' => 500,
      'czk' => 3000,
      'dkk' => 2000,
      'eur' => 100,
      'gbp' => 100,
      'hkd' => 0,
      'huf' => 36000,
      'jpy' => 1,
      'nok' => 2000,
      'nzd' => 0,
      'pln' => 500,
      'ron' => 500,
      'sek' => 2000,
      'sgd' => 100,
      'usd' => 0,
    ),
  ),
  'lifetime_total_payment_volume' => 424476,
  'requirements' => 
  array (
    'errors' => 
    array (
      0 => 
      array (
        'code' => 'verification_failed_keyed_identity',
        'detailed_code' => 'verification_failed_keyed_identity',
        'reason' => 'Name on the document doesn’t match the name provided for this account. Provide a matching document or update the name on this account.',
        'requirement' => 'individual.verification.document',
      ),
    ),
  ),
  'statement_descriptor' => 'PHN.PIXODEO.DEV',
  'statement_descriptor_kanji' => '',
  'statement_descriptor_kana' => '',
  'latest_tos_agreement' => 
  array (
    'date' => '2024-03-06 03:23:26',
    'source' => 'signup',
    'is_current_version' => true,
  ),
  'fees' => 
  array (
    'base' => 
    array (
      'percentage_rate' => 0.015,
      'fixed_rate' => 25,
      'currency' => 'eur',
    ),
    'discount' => 
    array (
    ),
    'card' => 
    array (
      'base' => 
      array (
        'percentage_rate' => 0.015,
        'fixed_rate' => 25,
        'currency' => 'eur',
      ),
      'additional' => 
      array (
        'percentage_rate' => 0.02,
        'fixed_rate' => 0,
        'currency' => 'eur',
      ),
      'fx' => 
      array (
        'percentage_rate' => 0.02,
        'fixed_rate' => 0,
        'currency' => 'eur',
      ),
      'discount' => 
      array (
      ),
    ),
    'bancontact' => 
    array (
      'base' => 
      array (
        'percentage_rate' => 0.014,
        'fixed_rate' => 25,
        'currency' => 'eur',
      ),
      'additional' => 
      array (
        'percentage_rate' => 0,
        'fixed_rate' => 0,
        'currency' => 'eur',
      ),
      'fx' => 
      array (
        'percentage_rate' => 0,
        'fixed_rate' => 0,
        'currency' => 'eur',
      ),
      'discount' => 
      array (
      ),
    ),
    'eps' => 
    array (
      'base' => 
      array (
        'percentage_rate' => 0.018,
        'fixed_rate' => 25,
        'currency' => 'eur',
      ),
      'additional' => 
      array (
        'percentage_rate' => 0,
        'fixed_rate' => 0,
        'currency' => 'eur',
      ),
      'fx' => 
      array (
        'percentage_rate' => 0,
        'fixed_rate' => 0,
        'currency' => 'eur',
      ),
      'discount' => 
      array (
      ),
    ),
    'ideal' => 
    array (
      'base' => 
      array (
        'percentage_rate' => 0,
        'fixed_rate' => 29,
        'currency' => 'eur',
      ),
      'additional' => 
      array (
        'percentage_rate' => 0,
        'fixed_rate' => 0,
        'currency' => 'eur',
      ),
      'fx' => 
      array (
        'percentage_rate' => 0,
        'fixed_rate' => 0,
        'currency' => 'eur',
      ),
      'discount' => 
      array (
      ),
    ),
    'giropay' => 
    array (
      'base' => 
      array (
        'percentage_rate' => 0.014,
        'fixed_rate' => 25,
        'currency' => 'eur',
      ),
      'additional' => 
      array (
        'percentage_rate' => 0,
        'fixed_rate' => 0,
        'currency' => 'eur',
      ),
      'fx' => 
      array (
        'percentage_rate' => 0,
        'fixed_rate' => 0,
        'currency' => 'eur',
      ),
      'discount' => 
      array (
      ),
    ),
    'p24' => 
    array (
      'base' => 
      array (
        'percentage_rate' => 0.022,
        'fixed_rate' => 25,
        'currency' => 'eur',
      ),
      'additional' => 
      array (
        'percentage_rate' => 0,
        'fixed_rate' => 0,
        'currency' => 'eur',
      ),
      'fx' => 
      array (
        'percentage_rate' => 0,
        'fixed_rate' => 0,
        'currency' => 'eur',
      ),
      'discount' => 
      array (
      ),
    ),
  ),
  'capital' => 
  array (
    'has_active_loan' => false,
    'has_previous_loans' => false,
    'loans' => 
    array (
    ),
  ),
  'fraud_services' => 
  array (
    'stripe' => 
    array (
    ),
    'sift' => 
    array (
      'beacon_key' => 'affbdadb36',
      'sandbox_beacon_key' => '6ad0ad748b',
    ),
  ),
  'store_currencies' => 
  array (
    'default' => 'eur',
    'supported' => 
    array (
      0 => 'eur',
    ),
  ),
  'customer_currencies' => 
  array (
    'supported' => 
    array (
      0 => 'usd',
      1 => 'aed',
      2 => 'afn',
      3 => 'all',
      4 => 'amd',
      5 => 'ang',
      6 => 'aoa',
      7 => 'ars',
      8 => 'aud',
      9 => 'awg',
      10 => 'azn',
      11 => 'bam',
      12 => 'bbd',
      13 => 'bdt',
      14 => 'bgn',
      15 => 'bif',
      16 => 'bmd',
      17 => 'bnd',
      18 => 'bob',
      19 => 'brl',
      20 => 'bsd',
      21 => 'bwp',
      22 => 'byn',
      23 => 'bzd',
      24 => 'cad',
      25 => 'cdf',
      26 => 'chf',
      27 => 'clp',
      28 => 'cny',
      29 => 'cop',
      30 => 'crc',
      31 => 'cve',
      32 => 'czk',
      33 => 'djf',
      34 => 'dkk',
      35 => 'dop',
      36 => 'dzd',
      37 => 'egp',
      38 => 'etb',
      39 => 'eur',
      40 => 'fjd',
      41 => 'fkp',
      42 => 'gbp',
      43 => 'gel',
      44 => 'gip',
      45 => 'gmd',
      46 => 'gnf',
      47 => 'gtq',
      48 => 'gyd',
      49 => 'hkd',
      50 => 'hnl',
      51 => 'htg',
      52 => 'huf',
      53 => 'idr',
      54 => 'ils',
      55 => 'inr',
      56 => 'isk',
      57 => 'jmd',
      58 => 'jpy',
      59 => 'kes',
      60 => 'kgs',
      61 => 'khr',
      62 => 'kmf',
      63 => 'krw',
      64 => 'kyd',
      65 => 'kzt',
      66 => 'lak',
      67 => 'lbp',
      68 => 'lkr',
      69 => 'lrd',
      70 => 'lsl',
      71 => 'mad',
      72 => 'mdl',
      73 => 'mga',
      74 => 'mkd',
      75 => 'mmk',
      76 => 'mnt',
      77 => 'mop',
      78 => 'mur',
      79 => 'mvr',
      80 => 'mwk',
      81 => 'mxn',
      82 => 'myr',
      83 => 'mzn',
      84 => 'nad',
      85 => 'ngn',
      86 => 'nio',
      87 => 'nok',
      88 => 'npr',
      89 => 'nzd',
      90 => 'pab',
      91 => 'pen',
      92 => 'pgk',
      93 => 'php',
      94 => 'pkr',
      95 => 'pln',
      96 => 'pyg',
      97 => 'qar',
      98 => 'ron',
      99 => 'rsd',
      100 => 'rub',
      101 => 'rwf',
      102 => 'sar',
      103 => 'sbd',
      104 => 'scr',
      105 => 'sek',
      106 => 'sgd',
      107 => 'shp',
      108 => 'sle',
      109 => 'sos',
      110 => 'srd',
      111 => 'std',
      112 => 'szl',
      113 => 'thb',
      114 => 'tjs',
      115 => 'top',
      116 => 'try',
      117 => 'ttd',
      118 => 'twd',
      119 => 'tzs',
      120 => 'uah',
      121 => 'ugx',
      122 => 'uyu',
      123 => 'uzs',
      124 => 'vnd',
      125 => 'vuv',
      126 => 'wst',
      127 => 'xaf',
      128 => 'xcd',
      129 => 'xof',
      130 => 'xpf',
      131 => 'yer',
      132 => 'zar',
      133 => 'zmw',
    ),
  ),
  'country' => '(redacted)',
  'instant_deposits_eligible' => false,
  'card_present_eligible' => false,
  'has_card_readers_available' => false,
  'platform_checkout_eligible' => false,
  'platform_direct_checkout_eligible' => false,
  'platform_global_theme_support_enabled' => false,
  'business_profile' => 
  array (
    'name' => '(redacted)',
    'url' => 'https://phn.pixodeo.dev',
    'support_address' => 
    array (
    ),
    'support_email' => NULL,
    'support_phone' => NULL,
  ),
  'branding' => 
  array (
    'icon' => NULL,
    'logo' => NULL,
    'primary_color' => NULL,
    'secondary_color' => NULL,
  ),
  'locale' => 'en_US',
  'has_more_failed_events' => false,
  'has_submitted_vat_data' => false,
  'is_documents_enabled' => true,
  'card_testing_protection_eligible' => false,
  'progressive_onboarding' => 
  array (
    'is_enabled' => false,
    'is_complete' => false,
    'tpv' => NULL,
    'first_transaction_date' => NULL,
    'kyc_deadline_date' => NULL,
  ),
  'fraud_mitigation_settings' => 
  array (
    'avs_check_enabled' => false,
    'cvc_check_enabled' => true,
  ),
  'is_deferred_intent_creation_upe_enabled' => true,
  'pre_check_save_my_info' => false,
)
2024-09-29T04:20:40+00:00 INFO ENVIRONMENT: array (
  'WP_User' => 'Guest (non logged-in user)',
  'HTTP_REFERER' => '--',
  'HTTP_USER_AGENT' => 'Mozilla/5.0 (iPhone; CPU iPhone OS 13_2_3 like Mac OS X) AppleWebKit/605.1.15 (KHTML, like Gecko) Version/13.0.3 Mobile/15E148 Safari/604.1',
  'REQUEST_URI' => '/',
  'DOING_AJAX' => false,
  'DOING_CRON' => false,
  'WP_CLI' => false,
)
2024-09-29T04:20:40+00:00 INFO REQUEST POST https://public-api.wordpress.com/wpcom/v2/sites/%s/wcpay/compatibility
2024-09-29T04:20:40+00:00 INFO HEADERS: array (
  'Content-Type' => 'application/json; charset=utf-8',
  'User-Agent' => 'WooCommerce Payments/7.4.0',
  'Idempotency-Key' => 'c7632575-e083-4921-9639-7dd59d1bc4ac',
)
2024-09-29T04:20:40+00:00 INFO BODY: array (
  'test_mode' => true,
  'compatibility_data' => 
  array (
    'woopayments_version' => '7.4.0',
    'woocommerce_version' => '8.7.0',
    'blog_theme' => 'grandconference-child',
    'active_plugins' => 
    array (
      0 => 'advanced-custom-fields-pro/acf.php',
      1 => 'contact-form-7/wp-contact-form-7.php',
      2 => 'contact-form-entries/contact-form-entries.php',
      3 => 'duplicate-post/duplicate-post.php',
      4 => 'elementor/elementor.php',
      5 => 'email-log/email-log.php',
      6 => 'extended-google-map-for-elementor/elementor-google-map-extended.php',
      7 => 'fooevents-calendar/fooevents-calendar.php',
      8 => 'fooevents/fooevents.php',
      9 => 'fooevents_bookings/fooevents-bookings.php',
      10 => 'fooevents_custom_attendee_fields/fooevents-custom-attendee-fields.php',
      11 => 'fooevents_pdf_tickets/fooevents-pdf-tickets.php',
      12 => 'grandconference-custom-post/grandconference-custom-post.php',
      13 => 'grandconference-elementor/grandconference-elementor.php',
      14 => 'loco-translate/loco.php',
      15 => 'loftloader/loftloader.php',
      16 => 'mailchimp-for-wp/mailchimp-for-wp.php',
      17 => 'revslider/revslider.php',
      18 => 'shortcode-elementor/elementor-shortcode.php',
      19 => 'smtp-mailer/main.php',
      20 => 'the-events-calendar/the-events-calendar.php',
      22 => 'woo-systempay-payment/woo-systempay-payment.php',
      23 => 'woocommerce-gateway-stripe/woocommerce-gateway-stripe.php',
      24 => 'woocommerce-payments/woocommerce-payments.php',
      25 => 'woocommerce/woocommerce.php',
    ),
    'post_types_count' => 
    array (
      'post' => 15,
      'page' => 33,
      'attachment' => 0,
      'e-landing-page' => 0,
      'elementor_library' => 4,
      'product' => 30,
      'event_magic_tickets' => 208,
      'header' => 10,
      'footer' => 7,
      'megamenu' => 3,
      'fullmenu' => 1,
      'galleries' => 1,
      'rs_elements' => 0,
      'tribe_events' => 2,
    ),
  ),
)
2024-09-29T04:20:40+00:00 INFO RESPONSE: array (
  'result' => 'success',
)
2024-09-29T09:27:35+00:00 INFO ENVIRONMENT: array (
  'WP_User' => 'Guest (non logged-in user)',
  'HTTP_REFERER' => '--',
  'HTTP_USER_AGENT' => 'Mozilla/5.0 (Macintosh; Intel Mac OS X 10_10_1) AppleWebKit/600.1.25 (KHTML, like Gecko) Version/8.0 Safari/600.1.25',
  'REQUEST_URI' => '/event/congres-secours-sante-des-sapeurs-pompiers-de-france/',
  'DOING_AJAX' => false,
  'DOING_CRON' => false,
  'WP_CLI' => false,
)
2024-09-29T09:27:35+00:00 INFO REQUEST GET https://public-api.wordpress.com/wpcom/v2/sites/%s/wcpay/currency/rates?test_mode=1&currency_from=eur
2024-09-29T09:27:35+00:00 INFO HEADERS: array (
  'Content-Type' => 'application/json; charset=utf-8',
  'User-Agent' => 'WooCommerce Payments/7.4.0',
)
2024-09-29T09:27:35+00:00 INFO RESPONSE: array (
  'AED' => 4.103292,
  'AFN' => 75.966207,
  'ALL' => 98.588486,
  'AMD' => 432.69453,
  'ANG' => 2.013098,
  'AOA' => 1054.031006,
  'ARS' => 1078.572667,
  'AUD' => 1.616481,
  'AWG' => 2.013663,
  'AZN' => 1.899155,
  'BAM' => 1.956851,
  'BBD' => 2.2343,
  'BDT' => 133.471676,
  'BGN' => 1.956258,
  'BHD' => 0.4206,
  'BIF' => 3228.563442,
  'BMD' => 1.11715,
  'BND' => 1.432853,
  'BOB' => 7.718629,
  'BRL' => 6.070481,
  'BSD' => 1.11715,
  'BTC' => 1.7E-5,
  'BTN' => 93.471312,
  'BWP' => 14.601953,
  'BYN' => 3.655263,
  'BZD' => 2.25155,
  'CAD' => 1.510778,
  'CDF' => 3200.634692,
  'CHF' => 0.939773,
  'CLF' => 0.036404,
  'CLP' => 1004.485404,
  'CNH' => 7.798634,
  'CNY' => 7.83312,
  'COP' => 4641.213436,
  'CRC' => 579.755303,
  'CUC' => 1.11715,
  'CUP' => 28.766612,
  'CVE' => 110.877136,
  'CZK' => 25.150956,
  'DJF' => 198.660515,
  'DKK' => 7.461668,
  'DOP' => 67.503788,
  'DZD' => 147.572379,
  'EGP' => 53.967999,
  'ERN' => 16.75725,
  'ETB' => 133.164278,
  'EUR' => 1,
  'FJD' => 2.439297,
  'FKP' => 0.835502,
  'GBP' => 0.835502,
  'GEL' => 3.038648,
  'GGP' => 0.835502,
  'GHS' => 17.617455,
  'GIP' => 0.835502,
  'GMD' => 76.524774,
  'GNF' => 9643.797201,
  'GTQ' => 8.640143,
  'GYD' => 233.660081,
  'HKD' => 8.682881,
  'HNL' => 27.783519,
  'HRK' => 7.539601,
  'HTG' => 147.206972,
  'HUF' => 396.980246,
  'IDR' => 16896.725873,
  'ILS' => 4.131478,
  'IMP' => 0.835502,
  'INR' => 93.523942,
  'IQD' => 1463.466474,
  'IRR' => 47037.599902,
  'ISK' => 151.005163,
  'JEP' => 0.835502,
  'JMD' => 175.48423,
  'JOD' => 0.791724,
  'JPY' => 158.809583,
  'KES' => 144.112347,
  'KGS' => 94.064028,
  'KHR' => 4541.214668,
  'KMF' => 493.36149,
  'KPW' => 1005.434982,
  'KRW' => 1463.796033,
  'KWD' => 0.34038,
  'KYD' => 0.930875,
  'KZT' => 535.776499,
  'LAK' => 24669.46443,
  'LBP' => 100096.638195,
  'LKR' => 333.518989,
  'LRD' => 216.475739,
  'LSL' => 19.198222,
  'LYD' => 5.295291,
  'MAD' => 10.828814,
  'MDL' => 19.391697,
  'MGA' => 5084.149558,
  'MKD' => 61.593994,
  'MMK' => 2343.780658,
  'MNT' => 3796.075632,
  'MOP' => 8.944664,
  'MUR' => 51.333045,
  'MVR' => 17.159424,
  'MWK' => 1939.372365,
  'MXN' => 22.017574,
  'MYR' => 4.608243,
  'MZN' => 71.357947,
  'NAD' => 19.198222,
  'NGN' => 1863.95357,
  'NIO' => 41.111119,
  'NOK' => 11.733315,
  'NPR' => 149.550993,
  'NZD' => 1.761789,
  'OMR' => 0.4296,
  'PAB' => 1.11715,
  'PEN' => 4.188307,
  'PGK' => 4.438995,
  'PHP' => 62.570449,
  'PKR' => 310.232549,
  'PLN' => 4.279297,
  'PYG' => 8718.728561,
  'QAR' => 4.067264,
  'RON' => 4.98059,
  'RSD' => 117.113613,
  'RUB' => 105.262704,
  'RWF' => 1488.043773,
  'SAR' => 4.190613,
  'SBD' => 9.263904,
  'SCR' => 14.80398,
  'SDG' => 671.965713,
  'SEK' => 11.272043,
  'SGD' => 1.42984,
  'SHP' => 0.835502,
  'SLL' => 23426.076503,
  'SOS' => 637.892638,
  'SRD' => 34.297063,
  'SSP' => 145.519956,
  'STD' => 24892.112421,
  'SVC' => 9.773249,
  'SYP' => 2806.872839,
  'SZL' => 19.198222,
  'THB' => 36.145999,
  'TJS' => 11.884927,
  'TMT' => 3.910025,
  'TND' => 3.395577,
  'TOP' => 2.609707,
  'TRY' => 38.133133,
  'TTD' => 7.587652,
  'TWD' => 35.290769,
  'TZS' => 3049.819445,
  'UAH' => 45.981795,
  'UGX' => 4126.538267,
  'USD' => 1.11715,
  'UYU' => 46.593552,
  'UZS' => 14229.697868,
  'VND' => 27493.061004,
  'VUV' => 132.63028,
  'WST' => 3.12802,
  'XAF' => 655.957,
  'XAG' => 0.035316,
  'XAU' => 0.00042,
  'XCD' => 3.019154,
  'XDR' => 0.826292,
  'XOF' => 655.957,
  'XPD' => 0.001105,
  'XPF' => 119.331742,
  'XPT' => 0.001116,
  'YER' => 279.650608,
  'ZAR' => 19.121318,
  'ZMW' => 29.539715,
  'ZWL' => 359.722294,
)
2024-09-29T09:27:36+00:00 INFO ENVIRONMENT: array (
  'WP_User' => 'Guest (non logged-in user)',
  'HTTP_REFERER' => '--',
  'HTTP_USER_AGENT' => 'WordPress/6.6.2; https://phn-events.com',
  'REQUEST_URI' => '/wp-cron.php?doing_wp_cron=1727602055.6838500499725341796875',
  'DOING_AJAX' => false,
  'DOING_CRON' => true,
  'WP_CLI' => false,
)
2024-09-29T09:27:36+00:00 INFO REQUEST GET https://public-api.wordpress.com/wpcom/v2/wcpay/woopay/compatibility?test_mode=1
2024-09-29T09:27:36+00:00 INFO HEADERS: array (
  'Content-Type' => 'application/json; charset=utf-8',
  'User-Agent' => 'WooCommerce Payments/7.4.0',
)
2024-09-29T09:27:36+00:00 INFO RESPONSE: array (
  'incompatible_extensions' => 
  array (
    0 => 'class-wcdonation',
    1 => 'woocommerce-table-rate-shipping',
    2 => 'woocommerce-memberships-for-teams',
    3 => 'woocommerce-checkout-add-ons',
    4 => 'woocommerce-checkout-field-editor',
    5 => 'woocommerce-eu-vat-number',
    6 => 'woocommerce-order-delivery',
    7 => 'woocommerce-pdf-product-vouchers',
    8 => 'woocommerce-shipping-local-pickup-plus',
    9 => 'woocommerce-shipping-multiple-addresses',
    10 => 'woocommerce-smart-coupons',
    11 => 'woocommerce-subscriptions-gifting',
    12 => 'advanced-product-fields-for-woocommerce',
  ),
  'adapted_extensions' => 
  array (
    0 => 'woocommerce-points-and-rewards',
    1 => 'woocommerce-gift-cards',
  ),
  'available_countries' => 
  array (
    0 => 'US',
  ),
)
2024-09-29T11:00:55+00:00 INFO ENVIRONMENT: array (
  'WP_User' => 'Guest (non logged-in user)',
  'HTTP_REFERER' => '--',
  'HTTP_USER_AGENT' => 'Mozilla/5.0 (Macintosh; Intel Mac OS X 10_10_1) AppleWebKit/600.1.25 (KHTML, like Gecko) Version/8.0 Safari/600.1.25',
  'REQUEST_URI' => '/wp-admin/',
  'DOING_AJAX' => false,
  'DOING_CRON' => false,
  'WP_CLI' => false,
)
2024-09-29T11:00:55+00:00 INFO REQUEST GET https://public-api.wordpress.com/wpcom/v2/sites/%s/wcpay/accounts?test_mode=true
2024-09-29T11:00:55+00:00 INFO HEADERS: array (
  'Content-Type' => 'application/json; charset=utf-8',
  'User-Agent' => 'WooCommerce Payments/7.4.0',
)
2024-09-29T11:00:58+00:00 INFO RESPONSE: array (
  'account_id' => 'acct_1OrB4iFy7FStQedj',
  'email' => '(redacted)',
  'live_publishable_key' => 'pk_live_iBIpeqzKOOx2Y8PFCRBfyMU000Q7xVG4Sn',
  'test_publishable_key' => 'pk_test_51ETDmyFuiXB5oUVxwSobQMW5Tno1GclIq7ePZWzLeW4q8oa7Zb8hI5VfwI5sNT5nXuKYinLukNvGCXmsQXAoDGHG00MqHqlYHR',
  'is_live' => false,
  'is_test_drive' => false,
  'created' => '2024-03-06 03:23:26',
  'has_pending_requirements' => true,
  'has_future_requirements' => false,
  'has_overdue_requirements' => false,
  'details_submitted' => true,
  'current_deadline' => 1711614200,
  'status' => 'restricted_soon',
  'capabilities' => 
  array (
    'card_payments' => 'active',
    'giropay_payments' => 'active',
    'klarna_payments' => 'active',
    'transfers' => 'active',
    'bancontact_payments' => 'unrequested',
    'bank_transfer_payments' => 'unrequested',
    'blik_payments' => 'unrequested',
    'cartes_bancaires_payments' => 'unrequested',
    'eps_payments' => 'unrequested',
    'ideal_payments' => 'unrequested',
    'klarna' => 'unrequested',
    'link_payments' => 'unrequested',
    'mobilepay_payments' => 'unrequested',
    'multibanco_payments' => 'unrequested',
    'p24_payments' => 'unrequested',
    'sepa_bank_transfer_payments' => 'unrequested',
    'sepa_debit_payments' => 'unrequested',
    'sofort_payments' => 'unrequested',
    'twint_payments' => 'unrequested',
  ),
  'capability_requirements' => 
  array (
    'bancontact_payments' => 
    array (
    ),
    'bank_transfer_payments' => 
    array (
    ),
    'blik_payments' => 
    array (
    ),
    'card_payments' => 
    array (
    ),
    'cartes_bancaires_payments' => 
    array (
    ),
    'eps_payments' => 
    array (
    ),
    'giropay_payments' => 
    array (
    ),
    'ideal_payments' => 
    array (
    ),
    'klarna' => 
    array (
      0 => 'email',
    ),
    'klarna_payments' => 
    array (
    ),
    'link_payments' => 
    array (
    ),
    'mobilepay_payments' => 
    array (
    ),
    'multibanco_payments' => 
    array (
    ),
    'p24_payments' => 
    array (
    ),
    'sepa_bank_transfer_payments' => 
    array (
    ),
    'sepa_debit_payments' => 
    array (
    ),
    'sofort_payments' => 
    array (
    ),
    'transfers' => 
    array (
    ),
    'twint_payments' => 
    array (
    ),
  ),
  'payments_enabled' => true,
  'deposits' => 
  array (
    'status' => 'enabled',
    'restrictions' => 'deposits_unrestricted',
    'interval' => 'daily',
    'weekly_anchor' => '',
    'monthly_anchor' => NULL,
    'delay_days' => 7,
    'completed_waiting_period' => false,
    'minimum_manual_deposit_amounts' => 
    array (
      'aud' => 500,
      'bgn' => 100,
      'cad' => 500,
      'chf' => 500,
      'czk' => 3000,
      'dkk' => 5000,
      'eur' => 500,
      'gbp' => 500,
      'hkd' => 5000,
      'huf' => 36000,
      'nok' => 5000,
      'nzd' => 500,
      'jpy' => 50,
      'sek' => 5000,
      'sgd' => 500,
      'usd' => 500,
      'ron' => 500,
      'pln' => 500,
      'aed' => 200,
    ),
    'minimum_scheduled_deposit_amounts' => 
    array (
      'aed' => 200,
      'aud' => 0,
      'bgn' => 100,
      'cad' => 0,
      'chf' => 500,
      'czk' => 3000,
      'dkk' => 2000,
      'eur' => 100,
      'gbp' => 100,
      'hkd' => 0,
      'huf' => 36000,
      'jpy' => 1,
      'nok' => 2000,
      'nzd' => 0,
      'pln' => 500,
      'ron' => 500,
      'sek' => 2000,
      'sgd' => 100,
      'usd' => 0,
    ),
  ),
  'lifetime_total_payment_volume' => 424476,
  'requirements' => 
  array (
    'errors' => 
    array (
      0 => 
      array (
        'code' => 'verification_failed_keyed_identity',
        'detailed_code' => 'verification_failed_keyed_identity',
        'reason' => 'Name on the document doesn’t match the name provided for this account. Provide a matching document or update the name on this account.',
        'requirement' => 'individual.verification.document',
      ),
    ),
  ),
  'statement_descriptor' => 'PHN.PIXODEO.DEV',
  'statement_descriptor_kanji' => '',
  'statement_descriptor_kana' => '',
  'latest_tos_agreement' => 
  array (
    'date' => '2024-03-06 03:23:26',
    'source' => 'signup',
    'is_current_version' => true,
  ),
  'fees' => 
  array (
    'base' => 
    array (
      'percentage_rate' => 0.015,
      'fixed_rate' => 25,
      'currency' => 'eur',
    ),
    'discount' => 
    array (
    ),
    'card' => 
    array (
      'base' => 
      array (
        'percentage_rate' => 0.015,
        'fixed_rate' => 25,
        'currency' => 'eur',
      ),
      'additional' => 
      array (
        'percentage_rate' => 0.02,
        'fixed_rate' => 0,
        'currency' => 'eur',
      ),
      'fx' => 
      array (
        'percentage_rate' => 0.02,
        'fixed_rate' => 0,
        'currency' => 'eur',
      ),
      'discount' => 
      array (
      ),
    ),
    'bancontact' => 
    array (
      'base' => 
      array (
        'percentage_rate' => 0.014,
        'fixed_rate' => 25,
        'currency' => 'eur',
      ),
      'additional' => 
      array (
        'percentage_rate' => 0,
        'fixed_rate' => 0,
        'currency' => 'eur',
      ),
      'fx' => 
      array (
        'percentage_rate' => 0,
        'fixed_rate' => 0,
        'currency' => 'eur',
      ),
      'discount' => 
      array (
      ),
    ),
    'eps' => 
    array (
      'base' => 
      array (
        'percentage_rate' => 0.018,
        'fixed_rate' => 25,
        'currency' => 'eur',
      ),
      'additional' => 
      array (
        'percentage_rate' => 0,
        'fixed_rate' => 0,
        'currency' => 'eur',
      ),
      'fx' => 
      array (
        'percentage_rate' => 0,
        'fixed_rate' => 0,
        'currency' => 'eur',
      ),
      'discount' => 
      array (
      ),
    ),
    'ideal' => 
    array (
      'base' => 
      array (
        'percentage_rate' => 0,
        'fixed_rate' => 29,
        'currency' => 'eur',
      ),
      'additional' => 
      array (
        'percentage_rate' => 0,
        'fixed_rate' => 0,
        'currency' => 'eur',
      ),
      'fx' => 
      array (
        'percentage_rate' => 0,
        'fixed_rate' => 0,
        'currency' => 'eur',
      ),
      'discount' => 
      array (
      ),
    ),
    'giropay' => 
    array (
      'base' => 
      array (
        'percentage_rate' => 0.014,
        'fixed_rate' => 25,
        'currency' => 'eur',
      ),
      'additional' => 
      array (
        'percentage_rate' => 0,
        'fixed_rate' => 0,
        'currency' => 'eur',
      ),
      'fx' => 
      array (
        'percentage_rate' => 0,
        'fixed_rate' => 0,
        'currency' => 'eur',
      ),
      'discount' => 
      array (
      ),
    ),
    'p24' => 
    array (
      'base' => 
      array (
        'percentage_rate' => 0.022,
        'fixed_rate' => 25,
        'currency' => 'eur',
      ),
      'additional' => 
      array (
        'percentage_rate' => 0,
        'fixed_rate' => 0,
        'currency' => 'eur',
      ),
      'fx' => 
      array (
        'percentage_rate' => 0,
        'fixed_rate' => 0,
        'currency' => 'eur',
      ),
      'discount' => 
      array (
      ),
    ),
  ),
  'capital' => 
  array (
    'has_active_loan' => false,
    'has_previous_loans' => false,
    'loans' => 
    array (
    ),
  ),
  'fraud_services' => 
  array (
    'stripe' => 
    array (
    ),
    'sift' => 
    array (
      'beacon_key' => 'affbdadb36',
      'sandbox_beacon_key' => '6ad0ad748b',
    ),
  ),
  'store_currencies' => 
  array (
    'default' => 'eur',
    'supported' => 
    array (
      0 => 'eur',
    ),
  ),
  'customer_currencies' => 
  array (
    'supported' => 
    array (
      0 => 'usd',
      1 => 'aed',
      2 => 'afn',
      3 => 'all',
      4 => 'amd',
      5 => 'ang',
      6 => 'aoa',
      7 => 'ars',
      8 => 'aud',
      9 => 'awg',
      10 => 'azn',
      11 => 'bam',
      12 => 'bbd',
      13 => 'bdt',
      14 => 'bgn',
      15 => 'bif',
      16 => 'bmd',
      17 => 'bnd',
      18 => 'bob',
      19 => 'brl',
      20 => 'bsd',
      21 => 'bwp',
      22 => 'byn',
      23 => 'bzd',
      24 => 'cad',
      25 => 'cdf',
      26 => 'chf',
      27 => 'clp',
      28 => 'cny',
      29 => 'cop',
      30 => 'crc',
      31 => 'cve',
      32 => 'czk',
      33 => 'djf',
      34 => 'dkk',
      35 => 'dop',
      36 => 'dzd',
      37 => 'egp',
      38 => 'etb',
      39 => 'eur',
      40 => 'fjd',
      41 => 'fkp',
      42 => 'gbp',
      43 => 'gel',
      44 => 'gip',
      45 => 'gmd',
      46 => 'gnf',
      47 => 'gtq',
      48 => 'gyd',
      49 => 'hkd',
      50 => 'hnl',
      51 => 'htg',
      52 => 'huf',
      53 => 'idr',
      54 => 'ils',
      55 => 'inr',
      56 => 'isk',
      57 => 'jmd',
      58 => 'jpy',
      59 => 'kes',
      60 => 'kgs',
      61 => 'khr',
      62 => 'kmf',
      63 => 'krw',
      64 => 'kyd',
      65 => 'kzt',
      66 => 'lak',
      67 => 'lbp',
      68 => 'lkr',
      69 => 'lrd',
      70 => 'lsl',
      71 => 'mad',
      72 => 'mdl',
      73 => 'mga',
      74 => 'mkd',
      75 => 'mmk',
      76 => 'mnt',
      77 => 'mop',
      78 => 'mur',
      79 => 'mvr',
      80 => 'mwk',
      81 => 'mxn',
      82 => 'myr',
      83 => 'mzn',
      84 => 'nad',
      85 => 'ngn',
      86 => 'nio',
      87 => 'nok',
      88 => 'npr',
      89 => 'nzd',
      90 => 'pab',
      91 => 'pen',
      92 => 'pgk',
      93 => 'php',
      94 => 'pkr',
      95 => 'pln',
      96 => 'pyg',
      97 => 'qar',
      98 => 'ron',
      99 => 'rsd',
      100 => 'rub',
      101 => 'rwf',
      102 => 'sar',
      103 => 'sbd',
      104 => 'scr',
      105 => 'sek',
      106 => 'sgd',
      107 => 'shp',
      108 => 'sle',
      109 => 'sos',
      110 => 'srd',
      111 => 'std',
      112 => 'szl',
      113 => 'thb',
      114 => 'tjs',
      115 => 'top',
      116 => 'try',
      117 => 'ttd',
      118 => 'twd',
      119 => 'tzs',
      120 => 'uah',
      121 => 'ugx',
      122 => 'uyu',
      123 => 'uzs',
      124 => 'vnd',
      125 => 'vuv',
      126 => 'wst',
      127 => 'xaf',
      128 => 'xcd',
      129 => 'xof',
      130 => 'xpf',
      131 => 'yer',
      132 => 'zar',
      133 => 'zmw',
    ),
  ),
  'country' => '(redacted)',
  'instant_deposits_eligible' => false,
  'card_present_eligible' => false,
  'has_card_readers_available' => false,
  'platform_checkout_eligible' => false,
  'platform_direct_checkout_eligible' => false,
  'platform_global_theme_support_enabled' => false,
  'business_profile' => 
  array (
    'name' => '(redacted)',
    'url' => 'https://phn.pixodeo.dev',
    'support_address' => 
    array (
    ),
    'support_email' => NULL,
    'support_phone' => NULL,
  ),
  'branding' => 
  array (
    'icon' => NULL,
    'logo' => NULL,
    'primary_color' => NULL,
    'secondary_color' => NULL,
  ),
  'locale' => 'en_US',
  'has_more_failed_events' => false,
  'has_submitted_vat_data' => false,
  'is_documents_enabled' => true,
  'card_testing_protection_eligible' => false,
  'progressive_onboarding' => 
  array (
    'is_enabled' => false,
    'is_complete' => false,
    'tpv' => NULL,
    'first_transaction_date' => NULL,
    'kyc_deadline_date' => NULL,
  ),
  'fraud_mitigation_settings' => 
  array (
    'avs_check_enabled' => false,
    'cvc_check_enabled' => true,
  ),
  'is_deferred_intent_creation_upe_enabled' => true,
  'pre_check_save_my_info' => false,
)
2024-09-29T11:00:58+00:00 INFO ENVIRONMENT: array (
  'WP_User' => 'Guest (non logged-in user)',
  'HTTP_REFERER' => '--',
  'HTTP_USER_AGENT' => 'Mozilla/5.0 (Macintosh; Intel Mac OS X 10_10_1) AppleWebKit/600.1.25 (KHTML, like Gecko) Version/8.0 Safari/600.1.25',
  'REQUEST_URI' => '/wp-admin/',
  'DOING_AJAX' => false,
  'DOING_CRON' => false,
  'WP_CLI' => false,
)
2024-09-29T11:00:58+00:00 INFO REQUEST POST https://public-api.wordpress.com/wpcom/v2/sites/%s/wcpay/compatibility
2024-09-29T11:00:58+00:00 INFO HEADERS: array (
  'Content-Type' => 'application/json; charset=utf-8',
  'User-Agent' => 'WooCommerce Payments/7.4.0',
  'Idempotency-Key' => '3104c12d-c97b-465f-a22b-d5dbda447c4a',
)
2024-09-29T11:00:58+00:00 INFO BODY: array (
  'test_mode' => true,
  'compatibility_data' => 
  array (
    'woopayments_version' => '7.4.0',
    'woocommerce_version' => '8.7.0',
    'blog_theme' => 'grandconference-child',
    'active_plugins' => 
    array (
      0 => 'advanced-custom-fields-pro/acf.php',
      1 => 'contact-form-7/wp-contact-form-7.php',
      2 => 'contact-form-entries/contact-form-entries.php',
      3 => 'duplicate-post/duplicate-post.php',
      4 => 'elementor/elementor.php',
      5 => 'email-log/email-log.php',
      6 => 'extended-google-map-for-elementor/elementor-google-map-extended.php',
      7 => 'fooevents-calendar/fooevents-calendar.php',
      8 => 'fooevents/fooevents.php',
      9 => 'fooevents_bookings/fooevents-bookings.php',
      10 => 'fooevents_custom_attendee_fields/fooevents-custom-attendee-fields.php',
      11 => 'fooevents_pdf_tickets/fooevents-pdf-tickets.php',
      12 => 'grandconference-custom-post/grandconference-custom-post.php',
      13 => 'grandconference-elementor/grandconference-elementor.php',
      14 => 'loco-translate/loco.php',
      15 => 'loftloader/loftloader.php',
      16 => 'mailchimp-for-wp/mailchimp-for-wp.php',
      17 => 'revslider/revslider.php',
      18 => 'shortcode-elementor/elementor-shortcode.php',
      19 => 'smtp-mailer/main.php',
      20 => 'the-events-calendar/the-events-calendar.php',
      22 => 'woo-systempay-payment/woo-systempay-payment.php',
      23 => 'woocommerce-gateway-stripe/woocommerce-gateway-stripe.php',
      24 => 'woocommerce-payments/woocommerce-payments.php',
      25 => 'woocommerce/woocommerce.php',
    ),
    'post_types_count' => 
    array (
      'post' => 15,
      'page' => 33,
      'attachment' => 0,
      'e-landing-page' => 0,
      'elementor_library' => 4,
      'product' => 30,
      'event_magic_tickets' => 208,
      'header' => 10,
      'footer' => 7,
      'megamenu' => 3,
      'fullmenu' => 1,
      'galleries' => 1,
      'rs_elements' => 0,
      'tribe_events' => 2,
    ),
  ),
)
2024-09-29T11:00:58+00:00 INFO RESPONSE: array (
  'result' => 'success',
)
2024-09-29T11:00:58+00:00 INFO ENVIRONMENT: array (
  'WP_User' => 'Guest (non logged-in user)',
  'HTTP_REFERER' => '--',
  'HTTP_USER_AGENT' => 'Mozilla/5.0 (Macintosh; Intel Mac OS X 10_10_1) AppleWebKit/600.1.25 (KHTML, like Gecko) Version/8.0 Safari/600.1.25',
  'REQUEST_URI' => '/wp-admin/',
  'DOING_AJAX' => false,
  'DOING_CRON' => false,
  'WP_CLI' => false,
)
2024-09-29T11:00:58+00:00 INFO REQUEST GET https://public-api.wordpress.com/wpcom/v2/sites/%s/wcpay/disputes?test_mode=1&pagesize=50&search%5B0%5D=warning_needs_response&search%5B1%5D=needs_response
2024-09-29T11:00:58+00:00 INFO HEADERS: array (
  'Content-Type' => 'application/json; charset=utf-8',
  'User-Agent' => 'WooCommerce Payments/7.4.0',
)
2024-09-29T11:00:59+00:00 INFO RESPONSE: array (
  'data' => 
  array (
  ),
)
2024-09-29T15:33:30+00:00 INFO ENVIRONMENT: array (
  'WP_User' => 'Guest (non logged-in user)',
  'HTTP_REFERER' => '--',
  'HTTP_USER_AGENT' => 'Mozilla/5.0 (X11; Linux x86_64) AppleWebKit/537.36 (KHTML, like Gecko) Chrome/114.0.0.0 Safari/537.36',
  'REQUEST_URI' => '/contactez-nous/',
  'DOING_AJAX' => false,
  'DOING_CRON' => false,
  'WP_CLI' => false,
)
2024-09-29T15:33:30+00:00 INFO REQUEST GET https://public-api.wordpress.com/wpcom/v2/sites/%s/wcpay/currency/rates?test_mode=1&currency_from=eur
2024-09-29T15:33:30+00:00 INFO HEADERS: array (
  'Content-Type' => 'application/json; charset=utf-8',
  'User-Agent' => 'WooCommerce Payments/7.4.0',
)
2024-09-29T15:33:30+00:00 INFO RESPONSE: array (
  'AED' => 4.103292,
  'AFN' => 75.966207,
  'ALL' => 98.588486,
  'AMD' => 432.69453,
  'ANG' => 2.013098,
  'AOA' => 1054.031006,
  'ARS' => 1078.572667,
  'AUD' => 1.616481,
  'AWG' => 2.013663,
  'AZN' => 1.899155,
  'BAM' => 1.956851,
  'BBD' => 2.2343,
  'BDT' => 133.471676,
  'BGN' => 1.956258,
  'BHD' => 0.4206,
  'BIF' => 3228.563442,
  'BMD' => 1.11715,
  'BND' => 1.432853,
  'BOB' => 7.718629,
  'BRL' => 6.070481,
  'BSD' => 1.11715,
  'BTC' => 1.7E-5,
  'BTN' => 93.471312,
  'BWP' => 14.601953,
  'BYN' => 3.655263,
  'BZD' => 2.25155,
  'CAD' => 1.510778,
  'CDF' => 3200.634692,
  'CHF' => 0.939773,
  'CLF' => 0.036404,
  'CLP' => 1004.485404,
  'CNH' => 7.798634,
  'CNY' => 7.83312,
  'COP' => 4641.213436,
  'CRC' => 579.755303,
  'CUC' => 1.11715,
  'CUP' => 28.766612,
  'CVE' => 110.877136,
  'CZK' => 25.150956,
  'DJF' => 198.660515,
  'DKK' => 7.461668,
  'DOP' => 67.503788,
  'DZD' => 147.572379,
  'EGP' => 53.967999,
  'ERN' => 16.75725,
  'ETB' => 133.164278,
  'EUR' => 1,
  'FJD' => 2.439297,
  'FKP' => 0.835502,
  'GBP' => 0.835502,
  'GEL' => 3.038648,
  'GGP' => 0.835502,
  'GHS' => 17.617455,
  'GIP' => 0.835502,
  'GMD' => 76.524774,
  'GNF' => 9643.797201,
  'GTQ' => 8.640143,
  'GYD' => 233.660081,
  'HKD' => 8.682881,
  'HNL' => 27.783519,
  'HRK' => 7.539601,
  'HTG' => 147.206972,
  'HUF' => 396.980246,
  'IDR' => 16896.725873,
  'ILS' => 4.131478,
  'IMP' => 0.835502,
  'INR' => 93.523942,
  'IQD' => 1463.466474,
  'IRR' => 47037.599902,
  'ISK' => 151.005163,
  'JEP' => 0.835502,
  'JMD' => 175.48423,
  'JOD' => 0.791724,
  'JPY' => 158.809583,
  'KES' => 144.112347,
  'KGS' => 94.064028,
  'KHR' => 4541.214668,
  'KMF' => 493.36149,
  'KPW' => 1005.434982,
  'KRW' => 1463.796033,
  'KWD' => 0.34038,
  'KYD' => 0.930875,
  'KZT' => 535.776499,
  'LAK' => 24669.46443,
  'LBP' => 100096.638195,
  'LKR' => 333.518989,
  'LRD' => 216.475739,
  'LSL' => 19.198222,
  'LYD' => 5.295291,
  'MAD' => 10.828814,
  'MDL' => 19.391697,
  'MGA' => 5084.149558,
  'MKD' => 61.593994,
  'MMK' => 2343.780658,
  'MNT' => 3796.075632,
  'MOP' => 8.944664,
  'MUR' => 51.333045,
  'MVR' => 17.159424,
  'MWK' => 1939.372365,
  'MXN' => 22.017574,
  'MYR' => 4.608243,
  'MZN' => 71.357947,
  'NAD' => 19.198222,
  'NGN' => 1863.95357,
  'NIO' => 41.111119,
  'NOK' => 11.733315,
  'NPR' => 149.550993,
  'NZD' => 1.761789,
  'OMR' => 0.4296,
  'PAB' => 1.11715,
  'PEN' => 4.188307,
  'PGK' => 4.438995,
  'PHP' => 62.570449,
  'PKR' => 310.232549,
  'PLN' => 4.279297,
  'PYG' => 8718.728561,
  'QAR' => 4.067264,
  'RON' => 4.98059,
  'RSD' => 117.113613,
  'RUB' => 105.262704,
  'RWF' => 1488.043773,
  'SAR' => 4.190613,
  'SBD' => 9.263904,
  'SCR' => 14.80398,
  'SDG' => 671.965713,
  'SEK' => 11.272043,
  'SGD' => 1.42984,
  'SHP' => 0.835502,
  'SLL' => 23426.076503,
  'SOS' => 637.892638,
  'SRD' => 34.297063,
  'SSP' => 145.519956,
  'STD' => 24892.112421,
  'SVC' => 9.773249,
  'SYP' => 2806.872839,
  'SZL' => 19.198222,
  'THB' => 36.145998,
  'TJS' => 11.884927,
  'TMT' => 3.910025,
  'TND' => 3.395577,
  'TOP' => 2.609707,
  'TRY' => 38.133133,
  'TTD' => 7.587652,
  'TWD' => 35.290769,
  'TZS' => 3049.819445,
  'UAH' => 45.981795,
  'UGX' => 4126.538267,
  'USD' => 1.11715,
  'UYU' => 46.593552,
  'UZS' => 14229.697868,
  'VND' => 27493.061004,
  'VUV' => 132.63028,
  'WST' => 3.12802,
  'XAF' => 655.957,
  'XAG' => 0.035316,
  'XAU' => 0.00042,
  'XCD' => 3.019154,
  'XDR' => 0.826292,
  'XOF' => 655.957,
  'XPD' => 0.001105,
  'XPF' => 119.331742,
  'XPT' => 0.001116,
  'YER' => 279.650608,
  'ZAR' => 19.121318,
  'ZMW' => 29.539715,
  'ZWL' => 359.722294,
)
2024-09-29T22:14:12+00:00 INFO ENVIRONMENT: array (
  'WP_User' => 'Guest (non logged-in user)',
  'HTTP_REFERER' => '--',
  'HTTP_USER_AGENT' => 'Mozilla/5.0 (Windows NT 6.3; Win64; x64) AppleWebKit/537.36 (KHTML, like Gecko) Chrome/67.0.3396.99 Safari/537.36',
  'REQUEST_URI' => '/wp-login.php',
  'DOING_AJAX' => false,
  'DOING_CRON' => false,
  'WP_CLI' => false,
)
2024-09-29T22:14:12+00:00 INFO REQUEST GET https://public-api.wordpress.com/wpcom/v2/sites/%s/wcpay/currency/rates?test_mode=1&currency_from=eur
2024-09-29T22:14:12+00:00 INFO HEADERS: array (
  'Content-Type' => 'application/json; charset=utf-8',
  'User-Agent' => 'WooCommerce Payments/7.4.0',
)
2024-09-29T22:14:12+00:00 INFO RESPONSE: array (
  'AED' => 4.099177,
  'AFN' => 76.013711,
  'ALL' => 98.681674,
  'AMD' => 431.999936,
  'ANG' => 2.011079,
  'AOA' => 1051.709184,
  'ARS' => 1078.809582,
  'AUD' => 1.61644,
  'AWG' => 2.011644,
  'AZN' => 1.89725,
  'BAM' => 1.954889,
  'BBD' => 2.232059,
  'BDT' => 133.337829,
  'BGN' => 1.954344,
  'BHD' => 0.420285,
  'BIF' => 3230.409053,
  'BMD' => 1.11603,
  'BND' => 1.431416,
  'BOB' => 7.710889,
  'BRL' => 6.064864,
  'BSD' => 1.11603,
  'BTC' => 1.7E-5,
  'BTN' => 93.377578,
  'BWP' => 14.58731,
  'BYN' => 3.651597,
  'BZD' => 2.249292,
  'CAD' => 1.508241,
  'CDF' => 3184.936475,
  'CHF' => 0.938797,
  'CLF' => 0.036367,
  'CLP' => 1004.014197,
  'CNH' => 7.789666,
  'CNY' => 7.825165,
  'COP' => 4643.406254,
  'CRC' => 579.173921,
  'CUC' => 1.11603,
  'CUP' => 28.737765,
  'CVE' => 110.434549,
  'CZK' => 25.130148,
  'DJF' => 198.388092,
  'DKK' => 7.456605,
  'DOP' => 67.247168,
  'DZD' => 147.434859,
  'EGP' => 53.947161,
  'ERN' => 16.740445,
  'ETB' => 132.05199,
  'EUR' => 1,
  'FJD' => 2.442543,
  'FKP' => 0.834595,
  'GBP' => 0.834595,
  'GEL' => 3.035601,
  'GGP' => 0.834595,
  'GHS' => 17.591458,
  'GIP' => 0.834595,
  'GMD' => 76.448034,
  'GNF' => 9634.950301,
  'GTQ' => 8.631479,
  'GYD' => 233.425765,
  'HKD' => 8.674554,
  'HNL' => 27.761335,
  'HRK' => 7.53204,
  'HTG' => 147.059352,
  'HUF' => 396.960415,
  'IDR' => 16879.176385,
  'ILS' => 4.130897,
  'IMP' => 0.834595,
  'INR' => 93.431174,
  'IQD' => 1461.883455,
  'IRR' => 46990.430331,
  'ISK' => 150.770855,
  'JEP' => 0.834595,
  'JMD' => 175.308254,
  'JOD' => 0.79093,
  'JPY' => 158.809382,
  'KES' => 143.815435,
  'KGS' => 93.9697,
  'KHR' => 4533.41878,
  'KMF' => 492.866745,
  'KPW' => 1004.426726,
  'KRW' => 1462.344577,
  'KWD' => 0.340249,
  'KYD' => 0.929941,
  'KZT' => 535.239219,
  'LAK' => 24641.485104,
  'LBP' => 99920.286118,
  'LKR' => 333.184535,
  'LRD' => 216.191501,
  'LSL' => 19.169438,
  'LYD' => 5.291511,
  'MAD' => 10.821374,
  'MDL' => 19.402879,
  'MGA' => 5063.425379,
  'MKD' => 61.532227,
  'MMK' => 2341.430301,
  'MNT' => 3792.268905,
  'MOP' => 8.935694,
  'MUR' => 51.281567,
  'MVR' => 17.142216,
  'MWK' => 1935.924022,
  'MXN' => 22.001275,
  'MYR' => 4.603622,
  'MZN' => 71.286388,
  'NAD' => 19.169438,
  'NGN' => 1851.741647,
  'NIO' => 41.064471,
  'NOK' => 11.736492,
  'NPR' => 149.401022,
  'NZD' => 1.761321,
  'OMR' => 0.429263,
  'PAB' => 1.11603,
  'PEN' => 4.169019,
  'PGK' => 4.435977,
  'PHP' => 62.500637,
  'PKR' => 309.819187,
  'PLN' => 4.274939,
  'PYG' => 8709.985371,
  'QAR' => 4.064229,
  'RON' => 4.970523,
  'RSD' => 117.004486,
  'RUB' => 105.305168,
  'RWF' => 1499.850394,
  'SAR' => 4.184576,
  'SBD' => 9.254614,
  'SCR' => 14.789902,
  'SDG' => 671.291862,
  'SEK' => 11.276936,
  'SGD' => 1.429784,
  'SHP' => 0.834595,
  'SLL' => 23402.584701,
  'SOS' => 637.545439,
  'SRD' => 34.26267,
  'SSP' => 145.374028,
  'STD' => 24867.15047,
  'SVC' => 9.763448,
  'SYP' => 2804.058091,
  'SZL' => 19.165899,
  'THB' => 36.140782,
  'TJS' => 11.873009,
  'TMT' => 3.906104,
  'TND' => 3.388423,
  'TOP' => 2.60709,
  'TRY' => 38.141826,
  'TTD' => 7.580043,
  'TWD' => 35.255378,
  'TZS' => 3046.590312,
  'UAH' => 45.935684,
  'UGX' => 4122.400151,
  'USD' => 1.11603,
  'UYU' => 46.691643,
  'UZS' => 14213.082544,
  'VND' => 27465.198493,
  'VUV' => 132.497278,
  'WST' => 3.124883,
  'XAF' => 655.957,
  'XAG' => 0.035285,
  'XAU' => 0.00042,
  'XCD' => 3.016126,
  'XDR' => 0.825463,
  'XOF' => 655.957,
  'XPD' => 0.001104,
  'XPF' => 119.331742,
  'XPT' => 0.001115,
  'YER' => 279.370173,
  'ZAR' => 19.087103,
  'ZMW' => 29.510093,
  'ZWL' => 359.361562,
)
