2024-10-14T04:09:30+00:00 INFO ENVIRONMENT: array (
  'WP_User' => 'pixodeo',
  'HTTP_REFERER' => '--',
  'HTTP_USER_AGENT' => 'Mozilla/5.0 (Windows NT 10.0; Win64; x64) AppleWebKit/537.36 (KHTML, like Gecko) Chrome/129.0.0.0 Safari/537.36',
  'REQUEST_URI' => '/wp-admin/',
  'DOING_AJAX' => false,
  'DOING_CRON' => false,
  'WP_CLI' => false,
)
2024-10-14T04:09:30+00:00 INFO REQUEST GET https://public-api.wordpress.com/wpcom/v2/sites/%s/wcpay/accounts?test_mode=true
2024-10-14T04:09:30+00:00 INFO HEADERS: array (
  'Content-Type' => 'application/json; charset=utf-8',
  'User-Agent' => 'WooCommerce Payments/7.4.0',
)
2024-10-14T04:09:33+00:00 INFO RESPONSE: array (
  'account_id' => 'acct_1OrB4iFy7FStQedj',
  'email' => '(redacted)',
  'live_publishable_key' => 'pk_live_iBIpeqzKOOx2Y8PFCRBfyMU000Q7xVG4Sn',
  'test_publishable_key' => 'pk_test_51ETDmyFuiXB5oUVxwSobQMW5Tno1GclIq7ePZWzLeW4q8oa7Zb8hI5VfwI5sNT5nXuKYinLukNvGCXmsQXAoDGHG00MqHqlYHR',
  'is_live' => false,
  'is_test_drive' => false,
  'created' => '2024-03-06 03:23:26',
  'has_pending_requirements' => true,
  'has_future_requirements' => false,
  'has_overdue_requirements' => false,
  'details_submitted' => true,
  'current_deadline' => 1711614200,
  'status' => 'restricted_soon',
  'capabilities' => 
  array (
    'card_payments' => 'active',
    'giropay_payments' => 'active',
    'klarna_payments' => 'active',
    'transfers' => 'active',
    'bancontact_payments' => 'unrequested',
    'bank_transfer_payments' => 'unrequested',
    'blik_payments' => 'unrequested',
    'cartes_bancaires_payments' => 'unrequested',
    'eps_payments' => 'unrequested',
    'ideal_payments' => 'unrequested',
    'klarna' => 'unrequested',
    'link_payments' => 'unrequested',
    'mobilepay_payments' => 'unrequested',
    'multibanco_payments' => 'unrequested',
    'p24_payments' => 'unrequested',
    'sepa_bank_transfer_payments' => 'unrequested',
    'sepa_debit_payments' => 'unrequested',
    'sofort_payments' => 'unrequested',
    'twint_payments' => 'unrequested',
  ),
  'capability_requirements' => 
  array (
    'bancontact_payments' => 
    array (
    ),
    'bank_transfer_payments' => 
    array (
    ),
    'blik_payments' => 
    array (
    ),
    'card_payments' => 
    array (
    ),
    'cartes_bancaires_payments' => 
    array (
    ),
    'eps_payments' => 
    array (
    ),
    'giropay_payments' => 
    array (
    ),
    'ideal_payments' => 
    array (
    ),
    'klarna' => 
    array (
      0 => 'email',
    ),
    'klarna_payments' => 
    array (
    ),
    'link_payments' => 
    array (
    ),
    'mobilepay_payments' => 
    array (
    ),
    'multibanco_payments' => 
    array (
    ),
    'p24_payments' => 
    array (
    ),
    'sepa_bank_transfer_payments' => 
    array (
    ),
    'sepa_debit_payments' => 
    array (
    ),
    'sofort_payments' => 
    array (
    ),
    'transfers' => 
    array (
    ),
    'twint_payments' => 
    array (
    ),
  ),
  'payments_enabled' => true,
  'deposits' => 
  array (
    'status' => 'enabled',
    'restrictions' => 'deposits_unrestricted',
    'interval' => 'daily',
    'weekly_anchor' => '',
    'monthly_anchor' => NULL,
    'delay_days' => 7,
    'completed_waiting_period' => false,
    'minimum_manual_deposit_amounts' => 
    array (
      'aud' => 500,
      'bgn' => 100,
      'cad' => 500,
      'chf' => 500,
      'czk' => 3000,
      'dkk' => 5000,
      'eur' => 500,
      'gbp' => 500,
      'hkd' => 5000,
      'huf' => 36000,
      'nok' => 5000,
      'nzd' => 500,
      'jpy' => 50,
      'sek' => 5000,
      'sgd' => 500,
      'usd' => 500,
      'ron' => 500,
      'pln' => 500,
      'aed' => 200,
    ),
    'minimum_scheduled_deposit_amounts' => 
    array (
      'aed' => 200,
      'aud' => 0,
      'bgn' => 100,
      'cad' => 0,
      'chf' => 500,
      'czk' => 3000,
      'dkk' => 2000,
      'eur' => 100,
      'gbp' => 100,
      'hkd' => 0,
      'huf' => 36000,
      'jpy' => 1,
      'nok' => 2000,
      'nzd' => 0,
      'pln' => 500,
      'ron' => 500,
      'sek' => 2000,
      'sgd' => 100,
      'usd' => 0,
    ),
  ),
  'lifetime_total_payment_volume' => 424476,
  'requirements' => 
  array (
    'errors' => 
    array (
      0 => 
      array (
        'code' => 'verification_failed_keyed_identity',
        'detailed_code' => 'verification_failed_keyed_identity',
        'reason' => 'Name on the document doesn’t match the name provided for this account. Provide a matching document or update the name on this account.',
        'requirement' => 'individual.verification.document',
      ),
    ),
  ),
  'statement_descriptor' => 'PHN.PIXODEO.DEV',
  'statement_descriptor_kanji' => '',
  'statement_descriptor_kana' => '',
  'latest_tos_agreement' => 
  array (
    'date' => '2024-03-06 03:23:26',
    'source' => 'signup',
    'is_current_version' => true,
  ),
  'fees' => 
  array (
    'base' => 
    array (
      'percentage_rate' => 0.015,
      'fixed_rate' => 25,
      'currency' => 'eur',
    ),
    'discount' => 
    array (
    ),
    'card' => 
    array (
      'base' => 
      array (
        'percentage_rate' => 0.015,
        'fixed_rate' => 25,
        'currency' => 'eur',
      ),
      'additional' => 
      array (
        'percentage_rate' => 0.02,
        'fixed_rate' => 0,
        'currency' => 'eur',
      ),
      'fx' => 
      array (
        'percentage_rate' => 0.02,
        'fixed_rate' => 0,
        'currency' => 'eur',
      ),
      'discount' => 
      array (
      ),
    ),
    'bancontact' => 
    array (
      'base' => 
      array (
        'percentage_rate' => 0.014,
        'fixed_rate' => 25,
        'currency' => 'eur',
      ),
      'additional' => 
      array (
        'percentage_rate' => 0,
        'fixed_rate' => 0,
        'currency' => 'eur',
      ),
      'fx' => 
      array (
        'percentage_rate' => 0,
        'fixed_rate' => 0,
        'currency' => 'eur',
      ),
      'discount' => 
      array (
      ),
    ),
    'eps' => 
    array (
      'base' => 
      array (
        'percentage_rate' => 0.018,
        'fixed_rate' => 25,
        'currency' => 'eur',
      ),
      'additional' => 
      array (
        'percentage_rate' => 0,
        'fixed_rate' => 0,
        'currency' => 'eur',
      ),
      'fx' => 
      array (
        'percentage_rate' => 0,
        'fixed_rate' => 0,
        'currency' => 'eur',
      ),
      'discount' => 
      array (
      ),
    ),
    'ideal' => 
    array (
      'base' => 
      array (
        'percentage_rate' => 0,
        'fixed_rate' => 29,
        'currency' => 'eur',
      ),
      'additional' => 
      array (
        'percentage_rate' => 0,
        'fixed_rate' => 0,
        'currency' => 'eur',
      ),
      'fx' => 
      array (
        'percentage_rate' => 0,
        'fixed_rate' => 0,
        'currency' => 'eur',
      ),
      'discount' => 
      array (
      ),
    ),
    'giropay' => 
    array (
      'base' => 
      array (
        'percentage_rate' => 0.014,
        'fixed_rate' => 25,
        'currency' => 'eur',
      ),
      'additional' => 
      array (
        'percentage_rate' => 0,
        'fixed_rate' => 0,
        'currency' => 'eur',
      ),
      'fx' => 
      array (
        'percentage_rate' => 0,
        'fixed_rate' => 0,
        'currency' => 'eur',
      ),
      'discount' => 
      array (
      ),
    ),
    'p24' => 
    array (
      'base' => 
      array (
        'percentage_rate' => 0.022,
        'fixed_rate' => 25,
        'currency' => 'eur',
      ),
      'additional' => 
      array (
        'percentage_rate' => 0,
        'fixed_rate' => 0,
        'currency' => 'eur',
      ),
      'fx' => 
      array (
        'percentage_rate' => 0,
        'fixed_rate' => 0,
        'currency' => 'eur',
      ),
      'discount' => 
      array (
      ),
    ),
    'klarna' => 
    array (
      'base' => 
      array (
        'percentage_rate' => 0.0499,
        'fixed_rate' => 40,
        'currency' => 'eur',
      ),
      'additional' => 
      array (
        'percentage_rate' => 0,
        'fixed_rate' => 0,
        'currency' => 'eur',
      ),
      'fx' => 
      array (
        'percentage_rate' => 0,
        'fixed_rate' => 0,
        'currency' => 'eur',
      ),
      'discount' => 
      array (
      ),
    ),
  ),
  'capital' => 
  array (
    'has_active_loan' => false,
    'has_previous_loans' => false,
    'loans' => 
    array (
    ),
  ),
  'fraud_services' => 
  array (
    'stripe' => 
    array (
    ),
    'sift' => 
    array (
      'beacon_key' => 'affbdadb36',
      'sandbox_beacon_key' => '6ad0ad748b',
    ),
  ),
  'store_currencies' => 
  array (
    'default' => 'eur',
    'supported' => 
    array (
      0 => 'eur',
    ),
  ),
  'customer_currencies' => 
  array (
    'supported' => 
    array (
      0 => 'usd',
      1 => 'aed',
      2 => 'afn',
      3 => 'all',
      4 => 'amd',
      5 => 'ang',
      6 => 'aoa',
      7 => 'ars',
      8 => 'aud',
      9 => 'awg',
      10 => 'azn',
      11 => 'bam',
      12 => 'bbd',
      13 => 'bdt',
      14 => 'bgn',
      15 => 'bif',
      16 => 'bmd',
      17 => 'bnd',
      18 => 'bob',
      19 => 'brl',
      20 => 'bsd',
      21 => 'bwp',
      22 => 'byn',
      23 => 'bzd',
      24 => 'cad',
      25 => 'cdf',
      26 => 'chf',
      27 => 'clp',
      28 => 'cny',
      29 => 'cop',
      30 => 'crc',
      31 => 'cve',
      32 => 'czk',
      33 => 'djf',
      34 => 'dkk',
      35 => 'dop',
      36 => 'dzd',
      37 => 'egp',
      38 => 'etb',
      39 => 'eur',
      40 => 'fjd',
      41 => 'fkp',
      42 => 'gbp',
      43 => 'gel',
      44 => 'gip',
      45 => 'gmd',
      46 => 'gnf',
      47 => 'gtq',
      48 => 'gyd',
      49 => 'hkd',
      50 => 'hnl',
      51 => 'htg',
      52 => 'huf',
      53 => 'idr',
      54 => 'ils',
      55 => 'inr',
      56 => 'isk',
      57 => 'jmd',
      58 => 'jpy',
      59 => 'kes',
      60 => 'kgs',
      61 => 'khr',
      62 => 'kmf',
      63 => 'krw',
      64 => 'kyd',
      65 => 'kzt',
      66 => 'lak',
      67 => 'lbp',
      68 => 'lkr',
      69 => 'lrd',
      70 => 'lsl',
      71 => 'mad',
      72 => 'mdl',
      73 => 'mga',
      74 => 'mkd',
      75 => 'mmk',
      76 => 'mnt',
      77 => 'mop',
      78 => 'mur',
      79 => 'mvr',
      80 => 'mwk',
      81 => 'mxn',
      82 => 'myr',
      83 => 'mzn',
      84 => 'nad',
      85 => 'ngn',
      86 => 'nio',
      87 => 'nok',
      88 => 'npr',
      89 => 'nzd',
      90 => 'pab',
      91 => 'pen',
      92 => 'pgk',
      93 => 'php',
      94 => 'pkr',
      95 => 'pln',
      96 => 'pyg',
      97 => 'qar',
      98 => 'ron',
      99 => 'rsd',
      100 => 'rub',
      101 => 'rwf',
      102 => 'sar',
      103 => 'sbd',
      104 => 'scr',
      105 => 'sek',
      106 => 'sgd',
      107 => 'shp',
      108 => 'sle',
      109 => 'sos',
      110 => 'srd',
      111 => 'std',
      112 => 'szl',
      113 => 'thb',
      114 => 'tjs',
      115 => 'top',
      116 => 'try',
      117 => 'ttd',
      118 => 'twd',
      119 => 'tzs',
      120 => 'uah',
      121 => 'ugx',
      122 => 'uyu',
      123 => 'uzs',
      124 => 'vnd',
      125 => 'vuv',
      126 => 'wst',
      127 => 'xaf',
      128 => 'xcd',
      129 => 'xof',
      130 => 'xpf',
      131 => 'yer',
      132 => 'zar',
      133 => 'zmw',
    ),
  ),
  'country' => '(redacted)',
  'instant_deposits_eligible' => false,
  'card_present_eligible' => false,
  'has_card_readers_available' => false,
  'platform_checkout_eligible' => false,
  'platform_direct_checkout_eligible' => false,
  'platform_global_theme_support_enabled' => false,
  'business_profile' => 
  array (
    'name' => '(redacted)',
    'url' => 'https://phn.pixodeo.dev',
    'support_address' => 
    array (
    ),
    'support_email' => NULL,
    'support_phone' => NULL,
  ),
  'branding' => 
  array (
    'icon' => NULL,
    'logo' => NULL,
    'primary_color' => NULL,
    'secondary_color' => NULL,
  ),
  'locale' => 'en_US',
  'has_more_failed_events' => false,
  'has_submitted_vat_data' => false,
  'is_documents_enabled' => true,
  'card_testing_protection_eligible' => false,
  'progressive_onboarding' => 
  array (
    'is_enabled' => false,
    'is_complete' => false,
    'tpv' => NULL,
    'first_transaction_date' => NULL,
    'kyc_deadline_date' => NULL,
  ),
  'fraud_mitigation_settings' => 
  array (
    'avs_check_enabled' => false,
    'cvc_check_enabled' => true,
  ),
  'is_deferred_intent_creation_upe_enabled' => true,
  'pre_check_save_my_info' => false,
)
2024-10-14T04:09:33+00:00 INFO ENVIRONMENT: array (
  'WP_User' => 'pixodeo',
  'HTTP_REFERER' => '--',
  'HTTP_USER_AGENT' => 'Mozilla/5.0 (Windows NT 10.0; Win64; x64) AppleWebKit/537.36 (KHTML, like Gecko) Chrome/129.0.0.0 Safari/537.36',
  'REQUEST_URI' => '/wp-admin/',
  'DOING_AJAX' => false,
  'DOING_CRON' => false,
  'WP_CLI' => false,
)
2024-10-14T04:09:33+00:00 INFO REQUEST POST https://public-api.wordpress.com/wpcom/v2/sites/%s/wcpay/compatibility
2024-10-14T04:09:33+00:00 INFO HEADERS: array (
  'Content-Type' => 'application/json; charset=utf-8',
  'User-Agent' => 'WooCommerce Payments/7.4.0',
  'Idempotency-Key' => '8e332cba-866a-4104-8c74-a9a7e87a852c',
)
2024-10-14T04:09:33+00:00 INFO BODY: array (
  'test_mode' => true,
  'compatibility_data' => 
  array (
    'woopayments_version' => '7.4.0',
    'woocommerce_version' => '8.7.0',
    'blog_theme' => 'grandconference-child',
    'active_plugins' => 
    array (
      0 => 'advanced-custom-fields-pro/acf.php',
      1 => 'contact-form-7/wp-contact-form-7.php',
      2 => 'contact-form-entries/contact-form-entries.php',
      3 => 'duplicate-post/duplicate-post.php',
      4 => 'elementor/elementor.php',
      5 => 'email-log/email-log.php',
      6 => 'extended-google-map-for-elementor/elementor-google-map-extended.php',
      7 => 'fooevents-calendar/fooevents-calendar.php',
      8 => 'fooevents/fooevents.php',
      9 => 'fooevents_bookings/fooevents-bookings.php',
      10 => 'fooevents_custom_attendee_fields/fooevents-custom-attendee-fields.php',
      11 => 'fooevents_pdf_tickets/fooevents-pdf-tickets.php',
      12 => 'grandconference-custom-post/grandconference-custom-post.php',
      13 => 'grandconference-elementor/grandconference-elementor.php',
      14 => 'loco-translate/loco.php',
      15 => 'loftloader/loftloader.php',
      16 => 'mailchimp-for-wp/mailchimp-for-wp.php',
      17 => 'revslider/revslider.php',
      18 => 'shortcode-elementor/elementor-shortcode.php',
      19 => 'smtp-mailer/main.php',
      20 => 'the-events-calendar/the-events-calendar.php',
      22 => 'woo-systempay-payment/woo-systempay-payment.php',
      23 => 'woocommerce-gateway-stripe/woocommerce-gateway-stripe.php',
      24 => 'woocommerce-payments/woocommerce-payments.php',
      25 => 'woocommerce/woocommerce.php',
    ),
    'post_types_count' => 
    array (
      'post' => 15,
      'page' => 33,
      'attachment' => 0,
      'e-landing-page' => 0,
      'elementor_library' => 4,
      'product' => 30,
      'event_magic_tickets' => 210,
      'header' => 10,
      'footer' => 7,
      'megamenu' => 3,
      'fullmenu' => 1,
      'galleries' => 1,
      'rs_elements' => 0,
      'tribe_events' => 2,
    ),
  ),
)
2024-10-14T04:09:34+00:00 INFO RESPONSE: array (
  'result' => 'success',
)
2024-10-14T04:09:34+00:00 INFO ENVIRONMENT: array (
  'WP_User' => 'pixodeo',
  'HTTP_REFERER' => '--',
  'HTTP_USER_AGENT' => 'Mozilla/5.0 (Windows NT 10.0; Win64; x64) AppleWebKit/537.36 (KHTML, like Gecko) Chrome/129.0.0.0 Safari/537.36',
  'REQUEST_URI' => '/wp-admin/',
  'DOING_AJAX' => false,
  'DOING_CRON' => false,
  'WP_CLI' => false,
)
2024-10-14T04:09:34+00:00 INFO REQUEST GET https://public-api.wordpress.com/wpcom/v2/sites/%s/wcpay/disputes/status_counts?test_mode=1
2024-10-14T04:09:34+00:00 INFO HEADERS: array (
  'Content-Type' => 'application/json; charset=utf-8',
  'User-Agent' => 'WooCommerce Payments/7.4.0',
)
2024-10-14T04:09:34+00:00 INFO RESPONSE: array (
)
2024-10-14T06:14:17+00:00 INFO ENVIRONMENT: array (
  'WP_User' => 'Guest (non logged-in user)',
  'HTTP_REFERER' => '--',
  'HTTP_USER_AGENT' => 'Mozilla/5.0 (Windows NT 10.0; Win64; x64) AppleWebKit/537.36 (KHTML, like Gecko) Chrome/64.0.3282.167 Safari/537.36',
  'REQUEST_URI' => '/wp-login.php',
  'DOING_AJAX' => false,
  'DOING_CRON' => false,
  'WP_CLI' => false,
)
2024-10-14T06:14:17+00:00 INFO REQUEST GET https://public-api.wordpress.com/wpcom/v2/sites/%s/wcpay/currency/rates?test_mode=1&currency_from=eur
2024-10-14T06:14:17+00:00 INFO HEADERS: array (
  'Content-Type' => 'application/json; charset=utf-8',
  'User-Agent' => 'WooCommerce Payments/7.4.0',
)
2024-10-14T06:14:18+00:00 INFO RESPONSE: array (
  'AED' => 4.013258,
  'AFN' => 74.019535,
  'ALL' => 98.783213,
  'AMD' => 422.908499,
  'ANG' => 1.971953,
  'AOA' => 997.24248,
  'ARS' => 1065.020271,
  'AUD' => 1.621423,
  'AWG' => 1.967278,
  'AZN' => 1.857469,
  'BAM' => 1.956783,
  'BBD' => 2.185257,
  'BDT' => 130.745631,
  'BGN' => 1.954986,
  'BHD' => 0.411903,
  'BIF' => 3227.802965,
  'BMD' => 1.092629,
  'BND' => 1.429157,
  'BOB' => 7.587983,
  'BRL' => 6.13194,
  'BSD' => 1.092629,
  'BTC' => 1.7E-5,
  'BTN' => 91.952925,
  'BWP' => 14.520755,
  'BYN' => 3.580762,
  'BZD' => 2.205508,
  'CAD' => 1.505014,
  'CDF' => 3117.766129,
  'CHF' => 0.937732,
  'CLF' => 0.036836,
  'CLP' => 1011.69314,
  'CNH' => 7.739107,
  'CNY' => 7.732205,
  'COP' => 4595.377217,
  'CRC' => 565.199606,
  'CUC' => 1.092629,
  'CUP' => 28.135186,
  'CVE' => 110.322934,
  'CZK' => 25.316269,
  'DJF' => 194.836742,
  'DKK' => 7.46176,
  'DOP' => 65.874885,
  'DZD' => 145.437136,
  'EGP' => 53.052691,
  'ERN' => 16.389429,
  'ETB' => 131.025518,
  'EUR' => 1,
  'FJD' => 2.457049,
  'FKP' => 0.836341,
  'GBP' => 0.836341,
  'GEL' => 2.977413,
  'GGP' => 0.836341,
  'GHS' => 17.457165,
  'GIP' => 0.836341,
  'GMD' => 74.845059,
  'GNF' => 9440.111677,
  'GTQ' => 8.46017,
  'GYD' => 228.910106,
  'HKD' => 8.48991,
  'HNL' => 27.215662,
  'HRK' => 7.535104,
  'HTG' => 144.157661,
  'HUF' => 401.498083,
  'IDR' => 17020.631701,
  'ILS' => 4.121756,
  'IMP' => 0.836341,
  'INR' => 91.849525,
  'IQD' => 1433.336287,
  'IRR' => 46002.395277,
  'ISK' => 149.515296,
  'JEP' => 0.836341,
  'JMD' => 173.222535,
  'JOD' => 0.774237,
  'JPY' => 163.054057,
  'KES' => 141.134835,
  'KGS' => 93.419745,
  'KHR' => 4445.380801,
  'KMF' => 491.136757,
  'KPW' => 983.365732,
  'KRW' => 1480.633279,
  'KWD' => 0.334953,
  'KYD' => 0.911766,
  'KZT' => 529.750739,
  'LAK' => 23992.311407,
  'LBP' => 97965.635239,
  'LKR' => 320.272611,
  'LRD' => 211.16699,
  'LSL' => 19.1197,
  'LYD' => 5.23787,
  'MAD' => 10.729432,
  'MDL' => 19.195964,
  'MGA' => 5027.673282,
  'MKD' => 61.626773,
  'MMK' => 2292.334785,
  'MNT' => 3712.751954,
  'MOP' => 8.757277,
  'MUR' => 50.50129,
  'MVR' => 16.771849,
  'MWK' => 1897.312662,
  'MXN' => 21.07412,
  'MYR' => 4.690108,
  'MZN' => 69.81896,
  'NAD' => 19.119174,
  'NGN' => 1771.282062,
  'NIO' => 40.262241,
  'NOK' => 11.717021,
  'NPR' => 147.13125,
  'NZD' => 1.792333,
  'OMR' => 0.420623,
  'PAB' => 1.092629,
  'PEN' => 4.075646,
  'PGK' => 4.303299,
  'PHP' => 62.743652,
  'PKR' => 303.722683,
  'PLN' => 4.293911,
  'PYG' => 8539.577898,
  'QAR' => 3.988866,
  'RON' => 4.975393,
  'RSD' => 117.022192,
  'RUB' => 105.201791,
  'RWF' => 1473.285371,
  'SAR' => 4.103039,
  'SBD' => 9.030605,
  'SCR' => 14.882117,
  'SDG' => 657.216098,
  'SEK' => 11.349805,
  'SGD' => 1.42648,
  'SHP' => 0.836341,
  'SLL' => 22911.875251,
  'SOS' => 625.334579,
  'SRD' => 34.905659,
  'SSP' => 142.3258,
  'STD' => 24345.731752,
  'SVC' => 9.573895,
  'SYP' => 2745.262115,
  'SZL' => 19.113209,
  'THB' => 36.220638,
  'TJS' => 11.663209,
  'TMT' => 3.835127,
  'TND' => 3.357512,
  'TOP' => 2.57738,
  'TRY' => 37.471151,
  'TTD' => 7.426797,
  'TWD' => 35.16352,
  'TZS' => 2981.521192,
  'UAH' => 45.055567,
  'UGX' => 4021.127121,
  'USD' => 1.092629,
  'UYU' => 45.608876,
  'UZS' => 13969.890971,
  'VND' => 27146.058667,
  'VUV' => 129.719052,
  'WST' => 3.05936,
  'XAF' => 655.957,
  'XAG' => 0.034772,
  'XAU' => 0.000411,
  'XCD' => 2.952883,
  'XDR' => 0.813935,
  'XOF' => 655.957,
  'XPD' => 0.001034,
  'XPF' => 119.331742,
  'XPT' => 0.00112,
  'YER' => 273.53964,
  'ZAR' => 19.052919,
  'ZMW' => 28.91284,
  'ZWL' => 351.826406,
)
2024-10-14T09:03:39+00:00 INFO ENVIRONMENT: array (
  'WP_User' => 'Guest (non logged-in user)',
  'HTTP_REFERER' => '--',
  'HTTP_USER_AGENT' => 'WordPress/6.6.2; https://phn-events.com',
  'REQUEST_URI' => '/wp-cron.php?doing_wp_cron=1728896618.5008339881896972656250',
  'DOING_AJAX' => false,
  'DOING_CRON' => true,
  'WP_CLI' => false,
)
2024-10-14T09:03:39+00:00 INFO REQUEST GET https://public-api.wordpress.com/wpcom/v2/wcpay/woopay/compatibility?test_mode=1
2024-10-14T09:03:39+00:00 INFO HEADERS: array (
  'Content-Type' => 'application/json; charset=utf-8',
  'User-Agent' => 'WooCommerce Payments/7.4.0',
)
2024-10-14T09:03:39+00:00 INFO RESPONSE: array (
  'incompatible_extensions' => 
  array (
    0 => 'class-wcdonation',
    1 => 'woocommerce-table-rate-shipping',
    2 => 'woocommerce-memberships-for-teams',
    3 => 'woocommerce-checkout-add-ons',
    4 => 'woocommerce-checkout-field-editor',
    5 => 'woocommerce-eu-vat-number',
    6 => 'woocommerce-order-delivery',
    7 => 'woocommerce-pdf-product-vouchers',
    8 => 'woocommerce-shipping-local-pickup-plus',
    9 => 'woocommerce-shipping-multiple-addresses',
    10 => 'woocommerce-smart-coupons',
    11 => 'woocommerce-subscriptions-gifting',
    12 => 'advanced-product-fields-for-woocommerce',
  ),
  'adapted_extensions' => 
  array (
    0 => 'woocommerce-points-and-rewards',
    1 => 'woocommerce-gift-cards',
  ),
  'available_countries' => 
  array (
    0 => 'US',
  ),
)
2024-10-14T12:39:45+00:00 INFO ENVIRONMENT: array (
  'WP_User' => 'Guest (non logged-in user)',
  'HTTP_REFERER' => 'https://phn-events.com/hotels/hotel-arcanse-by-inwood-hotels/30894/',
  'HTTP_USER_AGENT' => 'Mozilla/5.0 (Windows NT 10.0; Win64; x64) AppleWebKit/537.36 (KHTML, like Gecko) Chrome/129.0.0.0 Safari/537.36',
  'REQUEST_URI' => '/cart/',
  'DOING_AJAX' => false,
  'DOING_CRON' => false,
  'WP_CLI' => false,
)
2024-10-14T12:39:45+00:00 INFO REQUEST GET https://public-api.wordpress.com/wpcom/v2/sites/%s/wcpay/currency/rates?test_mode=1&currency_from=eur
2024-10-14T12:39:45+00:00 INFO HEADERS: array (
  'Content-Type' => 'application/json; charset=utf-8',
  'User-Agent' => 'WooCommerce Payments/7.4.0',
)
2024-10-14T12:39:45+00:00 INFO RESPONSE: array (
  'AED' => 4.008388,
  'AFN' => 73.840387,
  'ALL' => 98.703682,
  'AMD' => 421.916381,
  'ANG' => 1.967287,
  'AOA' => 996.026911,
  'ARS' => 1063.765956,
  'AUD' => 1.624824,
  'AWG' => 1.96488,
  'AZN' => 1.855204,
  'BAM' => 1.954496,
  'BBD' => 2.182594,
  'BDT' => 130.442386,
  'BGN' => 1.953323,
  'BHD' => 0.411333,
  'BIF' => 3220.142921,
  'BMD' => 1.091297,
  'BND' => 1.426941,
  'BOB' => 7.558921,
  'BRL' => 6.124248,
  'BSD' => 1.091297,
  'BTC' => 1.7E-5,
  'BTN' => 91.768039,
  'BWP' => 14.515247,
  'BYN' => 3.572167,
  'BZD' => 2.200242,
  'CAD' => 1.504741,
  'CDF' => 3097.220671,
  'CHF' => 0.940468,
  'CLF' => 0.036618,
  'CLP' => 1010.595359,
  'CNH' => 7.742645,
  'CNY' => 7.731619,
  'COP' => 4600.513546,
  'CRC' => 564.720017,
  'CUC' => 1.091297,
  'CUP' => 28.100891,
  'CVE' => 110.191948,
  'CZK' => 25.269522,
  'DJF' => 194.379446,
  'DKK' => 7.46146,
  'DOP' => 65.666178,
  'DZD' => 145.374886,
  'EGP' => 53.058848,
  'ERN' => 16.369451,
  'ETB' => 131.133527,
  'EUR' => 1,
  'FJD' => 2.454054,
  'FKP' => 0.837016,
  'GBP' => 0.837016,
  'GEL' => 2.973784,
  'GGP' => 0.837016,
  'GHS' => 17.388317,
  'GIP' => 0.837016,
  'GMD' => 74.753828,
  'GNF' => 9416.735313,
  'GTQ' => 8.441367,
  'GYD' => 228.366553,
  'HKD' => 8.471868,
  'HNL' => 27.162873,
  'HRK' => 7.534257,
  'HTG' => 143.704117,
  'HUF' => 400.782538,
  'IDR' => 17018.609183,
  'ILS' => 4.102752,
  'IMP' => 0.837016,
  'INR' => 91.724261,
  'IQD' => 1429.945056,
  'IRR' => 45946.321583,
  'ISK' => 149.311222,
  'JEP' => 0.837016,
  'JMD' => 172.804725,
  'JOD' => 0.773402,
  'JPY' => 163.302798,
  'KES' => 140.81002,
  'KGS' => 93.305872,
  'KHR' => 4433.9269,
  'KMF' => 490.538096,
  'KPW' => 982.167079,
  'KRW' => 1484.53537,
  'KWD' => 0.334647,
  'KYD' => 0.909589,
  'KZT' => 529.654262,
  'LAK' => 23938.151672,
  'LBP' => 97745.099334,
  'LKR' => 319.82513,
  'LRD' => 210.118823,
  'LSL' => 19.138029,
  'LYD' => 5.231485,
  'MAD' => 10.701008,
  'MDL' => 19.282045,
  'MGA' => 5021.659008,
  'MKD' => 61.488619,
  'MMK' => 2289.54059,
  'MNT' => 3708.22637,
  'MOP' => 8.731353,
  'MUR' => 50.439733,
  'MVR' => 16.751405,
  'MWK' => 1892.647533,
  'MXN' => 21.040684,
  'MYR' => 4.68712,
  'MZN' => 69.733855,
  'NAD' => 19.138029,
  'NGN' => 1784.700714,
  'NIO' => 40.17301,
  'NOK' => 11.752409,
  'NPR' => 146.829356,
  'NZD' => 1.794896,
  'OMR' => 0.42011,
  'PAB' => 1.091297,
  'PEN' => 4.066068,
  'PGK' => 4.293155,
  'PHP' => 62.775212,
  'PKR' => 303.175584,
  'PLN' => 4.288323,
  'PYG' => 8543.35811,
  'QAR' => 3.978963,
  'RON' => 4.97413,
  'RSD' => 117.007747,
  'RUB' => 105.091893,
  'RWF' => 1470.497694,
  'SAR' => 4.097897,
  'SBD' => 9.019597,
  'SCR' => 14.863407,
  'SDG' => 656.414997,
  'SEK' => 11.37177,
  'SGD' => 1.427536,
  'SHP' => 0.837016,
  'SLL' => 22883.947282,
  'SOS' => 623.786692,
  'SRD' => 34.863112,
  'SSP' => 142.152315,
  'STD' => 24316.056012,
  'SVC' => 9.55067,
  'SYP' => 2741.915833,
  'SZL' => 19.134143,
  'THB' => 36.302896,
  'TJS' => 11.62457,
  'TMT' => 3.830452,
  'TND' => 3.362006,
  'TOP' => 2.574238,
  'TRY' => 37.406271,
  'TTD' => 7.410953,
  'TWD' => 35.145762,
  'TZS' => 2974.521612,
  'UAH' => 44.971398,
  'UGX' => 4000.338391,
  'USD' => 1.091297,
  'UYU' => 45.569385,
  'UZS' => 13949.336107,
  'VND' => 27116.335086,
  'VUV' => 129.560933,
  'WST' => 3.055631,
  'XAF' => 655.957,
  'XAG' => 0.035015,
  'XAU' => 0.000412,
  'XCD' => 2.949284,
  'XDR' => 0.815652,
  'XOF' => 655.957,
  'XPD' => 0.00104,
  'XPF' => 119.331742,
  'XPT' => 0.001119,
  'YER' => 273.206214,
  'ZAR' => 19.163971,
  'ZMW' => 28.843619,
  'ZWL' => 351.397555,
)
2024-10-14T18:56:54+00:00 INFO ENVIRONMENT: array (
  'WP_User' => 'Guest (non logged-in user)',
  'HTTP_REFERER' => '--',
  'HTTP_USER_AGENT' => 'Mozilla/5.0 (Linux; Android 6.0; HTC One M9 Build/MRA403712) AppleWebKit/537.36 (KHTML, like Gecko) Chrome/52.0.3115.98 Mobile Safari/537.3',
  'REQUEST_URI' => '/',
  'DOING_AJAX' => false,
  'DOING_CRON' => false,
  'WP_CLI' => false,
)
2024-10-14T18:56:54+00:00 INFO REQUEST GET https://public-api.wordpress.com/wpcom/v2/sites/%s/wcpay/disputes?test_mode=1&pagesize=50&search%5B0%5D=warning_needs_response&search%5B1%5D=needs_response
2024-10-14T18:56:54+00:00 INFO HEADERS: array (
  'Content-Type' => 'application/json; charset=utf-8',
  'User-Agent' => 'WooCommerce Payments/7.4.0',
)
2024-10-14T18:56:54+00:00 INFO RESPONSE: array (
  'data' => 
  array (
  ),
)
2024-10-14T18:56:54+00:00 INFO ENVIRONMENT: array (
  'WP_User' => 'Guest (non logged-in user)',
  'HTTP_REFERER' => '--',
  'HTTP_USER_AGENT' => 'Mozilla/5.0 (Linux; Android 6.0; HTC One M9 Build/MRA403712) AppleWebKit/537.36 (KHTML, like Gecko) Chrome/52.0.3115.98 Mobile Safari/537.3',
  'REQUEST_URI' => '/',
  'DOING_AJAX' => false,
  'DOING_CRON' => false,
  'WP_CLI' => false,
)
2024-10-14T18:56:54+00:00 INFO REQUEST GET https://public-api.wordpress.com/wpcom/v2/sites/%s/wcpay/currency/rates?test_mode=1&currency_from=eur
2024-10-14T18:56:54+00:00 INFO HEADERS: array (
  'Content-Type' => 'application/json; charset=utf-8',
  'User-Agent' => 'WooCommerce Payments/7.4.0',
)
2024-10-14T18:56:54+00:00 INFO RESPONSE: array (
  'AED' => 4.005026,
  'AFN' => 73.778466,
  'ALL' => 98.620912,
  'AMD' => 422.119435,
  'ANG' => 1.965637,
  'AOA' => 991.2125,
  'ARS' => 1068.559287,
  'AUD' => 1.62209,
  'AWG' => 1.963232,
  'AZN' => 1.853649,
  'BAM' => 1.952857,
  'BBD' => 2.180763,
  'BDT' => 130.333,
  'BGN' => 1.955605,
  'BHD' => 0.41097,
  'BIF' => 3217.442583,
  'BMD' => 1.090382,
  'BND' => 1.425745,
  'BOB' => 7.552582,
  'BRL' => 6.078878,
  'BSD' => 1.090382,
  'BTC' => 1.7E-5,
  'BTN' => 91.691085,
  'BWP' => 14.503075,
  'BYN' => 3.569172,
  'BZD' => 2.198397,
  'CAD' => 1.504312,
  'CDF' => 3094.623413,
  'CHF' => 0.941135,
  'CLF' => 0.036632,
  'CLP' => 1010.794663,
  'CNH' => 7.7397,
  'CNY' => 7.728025,
  'COP' => 4600.824058,
  'CRC' => 564.246456,
  'CUC' => 1.090382,
  'CUP' => 28.077327,
  'CVE' => 110.099544,
  'CZK' => 25.264796,
  'DJF' => 193.900351,
  'DKK' => 7.460566,
  'DOP' => 65.611112,
  'DZD' => 145.682625,
  'EGP' => 52.992565,
  'ERN' => 16.355724,
  'ETB' => 131.023561,
  'EUR' => 1,
  'FJD' => 2.451996,
  'FKP' => 0.835085,
  'GBP' => 0.835085,
  'GEL' => 2.97129,
  'GGP' => 0.835085,
  'GHS' => 17.373735,
  'GIP' => 0.835085,
  'GMD' => 74.691141,
  'GNF' => 9408.838653,
  'GTQ' => 8.434288,
  'GYD' => 228.17505,
  'HKD' => 8.466038,
  'HNL' => 27.140094,
  'HRK' => 7.534708,
  'HTG' => 143.58361,
  'HUF' => 400.783474,
  'IDR' => 16979.636889,
  'ILS' => 4.101258,
  'IMP' => 0.835085,
  'INR' => 91.668269,
  'IQD' => 1428.745936,
  'IRR' => 45907.79204,
  'ISK' => 149.305955,
  'JEP' => 0.835085,
  'JMD' => 172.659815,
  'JOD' => 0.772753,
  'JPY' => 163.420945,
  'KES' => 140.69194,
  'KGS' => 93.227628,
  'KHR' => 4430.20871,
  'KMF' => 490.126742,
  'KPW' => 981.343456,
  'KRW' => 1480.516087,
  'KWD' => 0.334433,
  'KYD' => 0.908826,
  'KZT' => 529.210105,
  'LAK' => 23918.077682,
  'LBP' => 97663.132513,
  'LKR' => 319.556931,
  'LRD' => 209.942622,
  'LSL' => 19.12198,
  'LYD' => 5.227098,
  'MAD' => 10.692034,
  'MDL' => 19.16996,
  'MGA' => 5017.447959,
  'MKD' => 61.538354,
  'MMK' => 2287.620633,
  'MNT' => 3705.116735,
  'MOP' => 8.724031,
  'MUR' => 50.397435,
  'MVR' => 16.737358,
  'MWK' => 1891.060401,
  'MXN' => 21.078151,
  'MYR' => 4.683189,
  'MZN' => 69.675378,
  'NAD' => 19.12198,
  'NGN' => 1782.992021,
  'NIO' => 40.139322,
  'NOK' => 11.762246,
  'NPR' => 146.706228,
  'NZD' => 1.790764,
  'OMR' => 0.419751,
  'PAB' => 1.090382,
  'PEN' => 4.062658,
  'PGK' => 4.289555,
  'PHP' => 62.619523,
  'PKR' => 302.921348,
  'PLN' => 4.293543,
  'PYG' => 8536.193844,
  'QAR' => 3.975626,
  'RON' => 4.974867,
  'RSD' => 117.016484,
  'RUB' => 104.239051,
  'RWF' => 1469.264568,
  'SAR' => 4.094082,
  'SBD' => 9.012034,
  'SCR' => 14.850692,
  'SDG' => 655.864543,
  'SEK' => 11.370846,
  'SGD' => 1.426832,
  'SHP' => 0.835085,
  'SLL' => 22864.757323,
  'SOS' => 623.263598,
  'SRD' => 34.985985,
  'SSP' => 142.033109,
  'STD' => 24295.665119,
  'SVC' => 9.542661,
  'SYP' => 2739.616525,
  'SZL' => 19.118098,
  'THB' => 36.270999,
  'TJS' => 11.614822,
  'TMT' => 3.82724,
  'TND' => 3.359187,
  'TOP' => 2.572079,
  'TRY' => 37.365524,
  'TTD' => 7.404738,
  'TWD' => 35.11574,
  'TZS' => 2972.027245,
  'UAH' => 44.933686,
  'UGX' => 3996.983798,
  'USD' => 1.090382,
  'UYU' => 45.531171,
  'UZS' => 13937.63851,
  'VND' => 27093.595943,
  'VUV' => 129.452286,
  'WST' => 3.053069,
  'XAF' => 655.957,
  'XAG' => 0.034973,
  'XAU' => 0.000412,
  'XCD' => 2.946811,
  'XDR' => 0.814968,
  'XOF' => 655.957,
  'XPD' => 0.001062,
  'XPF' => 119.331742,
  'XPT' => 0.001099,
  'YER' => 272.97711,
  'ZAR' => 19.172944,
  'ZMW' => 28.819431,
  'ZWL' => 351.102881,
)
