2024-09-20T02:48:53+00:00 INFO ENVIRONMENT: array (
  'WP_User' => 'Guest (non logged-in user)',
  'HTTP_REFERER' => '--',
  'HTTP_USER_AGENT' => 'Mozilla/5.0 (Windows NT 10.0; WOW64) AppleWebKit/537.36 (KHTML, like Gecko) Chrome/46.0.2490.86 Safari/537.36',
  'REQUEST_URI' => '/wp-login.php',
  'DOING_AJAX' => false,
  'DOING_CRON' => false,
  'WP_CLI' => false,
)
2024-09-20T02:48:53+00:00 INFO REQUEST GET https://public-api.wordpress.com/wpcom/v2/sites/%s/wcpay/disputes?test_mode=1&pagesize=50&search%5B0%5D=warning_needs_response&search%5B1%5D=needs_response
2024-09-20T02:48:53+00:00 INFO HEADERS: array (
  'Content-Type' => 'application/json; charset=utf-8',
  'User-Agent' => 'WooCommerce Payments/7.4.0',
)
2024-09-20T02:48:53+00:00 INFO RESPONSE: array (
  'data' => 
  array (
  ),
)
2024-09-20T04:19:03+00:00 INFO ENVIRONMENT: array (
  'WP_User' => 'Guest (non logged-in user)',
  'HTTP_REFERER' => '--',
  'HTTP_USER_AGENT' => 'Mozilla/5.0 (Windows NT 6.1; Win64; x64) AppleWebKit/537.36 (KHTML, like Gecko) Chrome/81.0.4044.122 Safari/537.36',
  'REQUEST_URI' => '/wp-login.php',
  'DOING_AJAX' => false,
  'DOING_CRON' => false,
  'WP_CLI' => false,
)
2024-09-20T04:19:03+00:00 INFO REQUEST GET https://public-api.wordpress.com/wpcom/v2/sites/%s/wcpay/accounts?test_mode=true
2024-09-20T04:19:03+00:00 INFO HEADERS: array (
  'Content-Type' => 'application/json; charset=utf-8',
  'User-Agent' => 'WooCommerce Payments/7.4.0',
)
2024-09-20T04:19:06+00:00 INFO RESPONSE: array (
  'account_id' => 'acct_1OrB4iFy7FStQedj',
  'email' => '(redacted)',
  'live_publishable_key' => 'pk_live_iBIpeqzKOOx2Y8PFCRBfyMU000Q7xVG4Sn',
  'test_publishable_key' => 'pk_test_51ETDmyFuiXB5oUVxwSobQMW5Tno1GclIq7ePZWzLeW4q8oa7Zb8hI5VfwI5sNT5nXuKYinLukNvGCXmsQXAoDGHG00MqHqlYHR',
  'is_live' => false,
  'is_test_drive' => false,
  'created' => '2024-03-06 03:23:26',
  'has_pending_requirements' => true,
  'has_future_requirements' => false,
  'has_overdue_requirements' => false,
  'details_submitted' => true,
  'current_deadline' => 1711614200,
  'status' => 'restricted_soon',
  'capabilities' => 
  array (
    'card_payments' => 'active',
    'giropay_payments' => 'active',
    'klarna_payments' => 'active',
    'transfers' => 'active',
    'bancontact_payments' => 'unrequested',
    'bank_transfer_payments' => 'unrequested',
    'blik_payments' => 'unrequested',
    'cartes_bancaires_payments' => 'unrequested',
    'eps_payments' => 'unrequested',
    'ideal_payments' => 'unrequested',
    'klarna' => 'unrequested',
    'link_payments' => 'unrequested',
    'mobilepay_payments' => 'unrequested',
    'multibanco_payments' => 'unrequested',
    'p24_payments' => 'unrequested',
    'sepa_bank_transfer_payments' => 'unrequested',
    'sepa_debit_payments' => 'unrequested',
    'sofort_payments' => 'unrequested',
    'twint_payments' => 'unrequested',
  ),
  'capability_requirements' => 
  array (
    'bancontact_payments' => 
    array (
    ),
    'bank_transfer_payments' => 
    array (
    ),
    'blik_payments' => 
    array (
    ),
    'card_payments' => 
    array (
    ),
    'cartes_bancaires_payments' => 
    array (
    ),
    'eps_payments' => 
    array (
    ),
    'giropay_payments' => 
    array (
    ),
    'ideal_payments' => 
    array (
    ),
    'klarna' => 
    array (
      0 => 'email',
    ),
    'klarna_payments' => 
    array (
    ),
    'link_payments' => 
    array (
    ),
    'mobilepay_payments' => 
    array (
    ),
    'multibanco_payments' => 
    array (
    ),
    'p24_payments' => 
    array (
    ),
    'sepa_bank_transfer_payments' => 
    array (
    ),
    'sepa_debit_payments' => 
    array (
    ),
    'sofort_payments' => 
    array (
    ),
    'transfers' => 
    array (
    ),
    'twint_payments' => 
    array (
    ),
  ),
  'payments_enabled' => true,
  'deposits' => 
  array (
    'status' => 'enabled',
    'restrictions' => 'deposits_unrestricted',
    'interval' => 'daily',
    'weekly_anchor' => '',
    'monthly_anchor' => NULL,
    'delay_days' => 7,
    'completed_waiting_period' => false,
    'minimum_manual_deposit_amounts' => 
    array (
      'aud' => 500,
      'bgn' => 100,
      'cad' => 500,
      'chf' => 500,
      'czk' => 3000,
      'dkk' => 5000,
      'eur' => 500,
      'gbp' => 500,
      'hkd' => 5000,
      'huf' => 36000,
      'nok' => 5000,
      'nzd' => 500,
      'jpy' => 50,
      'sek' => 5000,
      'sgd' => 500,
      'usd' => 500,
      'ron' => 500,
      'pln' => 500,
      'aed' => 200,
    ),
    'minimum_scheduled_deposit_amounts' => 
    array (
      'aed' => 200,
      'aud' => 0,
      'bgn' => 100,
      'cad' => 0,
      'chf' => 500,
      'czk' => 3000,
      'dkk' => 2000,
      'eur' => 100,
      'gbp' => 100,
      'hkd' => 0,
      'huf' => 36000,
      'jpy' => 1,
      'nok' => 2000,
      'nzd' => 0,
      'pln' => 500,
      'ron' => 500,
      'sek' => 2000,
      'sgd' => 100,
      'usd' => 0,
    ),
  ),
  'lifetime_total_payment_volume' => 424476,
  'requirements' => 
  array (
    'errors' => 
    array (
      0 => 
      array (
        'code' => 'verification_failed_keyed_identity',
        'detailed_code' => 'verification_failed_keyed_identity',
        'reason' => 'Name on the document doesn’t match the name provided for this account. Provide a matching document or update the name on this account.',
        'requirement' => 'individual.verification.document',
      ),
    ),
  ),
  'statement_descriptor' => 'PHN.PIXODEO.DEV',
  'statement_descriptor_kanji' => '',
  'statement_descriptor_kana' => '',
  'latest_tos_agreement' => 
  array (
    'date' => '2024-03-06 03:23:26',
    'source' => 'signup',
    'is_current_version' => true,
  ),
  'fees' => 
  array (
    'base' => 
    array (
      'percentage_rate' => 0.015,
      'fixed_rate' => 25,
      'currency' => 'eur',
    ),
    'discount' => 
    array (
    ),
    'card' => 
    array (
      'base' => 
      array (
        'percentage_rate' => 0.015,
        'fixed_rate' => 25,
        'currency' => 'eur',
      ),
      'additional' => 
      array (
        'percentage_rate' => 0.02,
        'fixed_rate' => 0,
        'currency' => 'eur',
      ),
      'fx' => 
      array (
        'percentage_rate' => 0.02,
        'fixed_rate' => 0,
        'currency' => 'eur',
      ),
      'discount' => 
      array (
      ),
    ),
    'bancontact' => 
    array (
      'base' => 
      array (
        'percentage_rate' => 0.014,
        'fixed_rate' => 25,
        'currency' => 'eur',
      ),
      'additional' => 
      array (
        'percentage_rate' => 0,
        'fixed_rate' => 0,
        'currency' => 'eur',
      ),
      'fx' => 
      array (
        'percentage_rate' => 0,
        'fixed_rate' => 0,
        'currency' => 'eur',
      ),
      'discount' => 
      array (
      ),
    ),
    'eps' => 
    array (
      'base' => 
      array (
        'percentage_rate' => 0.018,
        'fixed_rate' => 25,
        'currency' => 'eur',
      ),
      'additional' => 
      array (
        'percentage_rate' => 0,
        'fixed_rate' => 0,
        'currency' => 'eur',
      ),
      'fx' => 
      array (
        'percentage_rate' => 0,
        'fixed_rate' => 0,
        'currency' => 'eur',
      ),
      'discount' => 
      array (
      ),
    ),
    'ideal' => 
    array (
      'base' => 
      array (
        'percentage_rate' => 0,
        'fixed_rate' => 29,
        'currency' => 'eur',
      ),
      'additional' => 
      array (
        'percentage_rate' => 0,
        'fixed_rate' => 0,
        'currency' => 'eur',
      ),
      'fx' => 
      array (
        'percentage_rate' => 0,
        'fixed_rate' => 0,
        'currency' => 'eur',
      ),
      'discount' => 
      array (
      ),
    ),
    'giropay' => 
    array (
      'base' => 
      array (
        'percentage_rate' => 0.014,
        'fixed_rate' => 25,
        'currency' => 'eur',
      ),
      'additional' => 
      array (
        'percentage_rate' => 0,
        'fixed_rate' => 0,
        'currency' => 'eur',
      ),
      'fx' => 
      array (
        'percentage_rate' => 0,
        'fixed_rate' => 0,
        'currency' => 'eur',
      ),
      'discount' => 
      array (
      ),
    ),
    'p24' => 
    array (
      'base' => 
      array (
        'percentage_rate' => 0.022,
        'fixed_rate' => 25,
        'currency' => 'eur',
      ),
      'additional' => 
      array (
        'percentage_rate' => 0,
        'fixed_rate' => 0,
        'currency' => 'eur',
      ),
      'fx' => 
      array (
        'percentage_rate' => 0,
        'fixed_rate' => 0,
        'currency' => 'eur',
      ),
      'discount' => 
      array (
      ),
    ),
  ),
  'capital' => 
  array (
    'has_active_loan' => false,
    'has_previous_loans' => false,
    'loans' => 
    array (
    ),
  ),
  'fraud_services' => 
  array (
    'stripe' => 
    array (
    ),
    'sift' => 
    array (
      'beacon_key' => 'affbdadb36',
      'sandbox_beacon_key' => '6ad0ad748b',
    ),
  ),
  'store_currencies' => 
  array (
    'default' => 'eur',
    'supported' => 
    array (
      0 => 'eur',
    ),
  ),
  'customer_currencies' => 
  array (
    'supported' => 
    array (
      0 => 'usd',
      1 => 'aed',
      2 => 'afn',
      3 => 'all',
      4 => 'amd',
      5 => 'ang',
      6 => 'aoa',
      7 => 'ars',
      8 => 'aud',
      9 => 'awg',
      10 => 'azn',
      11 => 'bam',
      12 => 'bbd',
      13 => 'bdt',
      14 => 'bgn',
      15 => 'bif',
      16 => 'bmd',
      17 => 'bnd',
      18 => 'bob',
      19 => 'brl',
      20 => 'bsd',
      21 => 'bwp',
      22 => 'byn',
      23 => 'bzd',
      24 => 'cad',
      25 => 'cdf',
      26 => 'chf',
      27 => 'clp',
      28 => 'cny',
      29 => 'cop',
      30 => 'crc',
      31 => 'cve',
      32 => 'czk',
      33 => 'djf',
      34 => 'dkk',
      35 => 'dop',
      36 => 'dzd',
      37 => 'egp',
      38 => 'etb',
      39 => 'eur',
      40 => 'fjd',
      41 => 'fkp',
      42 => 'gbp',
      43 => 'gel',
      44 => 'gip',
      45 => 'gmd',
      46 => 'gnf',
      47 => 'gtq',
      48 => 'gyd',
      49 => 'hkd',
      50 => 'hnl',
      51 => 'htg',
      52 => 'huf',
      53 => 'idr',
      54 => 'ils',
      55 => 'inr',
      56 => 'isk',
      57 => 'jmd',
      58 => 'jpy',
      59 => 'kes',
      60 => 'kgs',
      61 => 'khr',
      62 => 'kmf',
      63 => 'krw',
      64 => 'kyd',
      65 => 'kzt',
      66 => 'lak',
      67 => 'lbp',
      68 => 'lkr',
      69 => 'lrd',
      70 => 'lsl',
      71 => 'mad',
      72 => 'mdl',
      73 => 'mga',
      74 => 'mkd',
      75 => 'mmk',
      76 => 'mnt',
      77 => 'mop',
      78 => 'mur',
      79 => 'mvr',
      80 => 'mwk',
      81 => 'mxn',
      82 => 'myr',
      83 => 'mzn',
      84 => 'nad',
      85 => 'ngn',
      86 => 'nio',
      87 => 'nok',
      88 => 'npr',
      89 => 'nzd',
      90 => 'pab',
      91 => 'pen',
      92 => 'pgk',
      93 => 'php',
      94 => 'pkr',
      95 => 'pln',
      96 => 'pyg',
      97 => 'qar',
      98 => 'ron',
      99 => 'rsd',
      100 => 'rub',
      101 => 'rwf',
      102 => 'sar',
      103 => 'sbd',
      104 => 'scr',
      105 => 'sek',
      106 => 'sgd',
      107 => 'shp',
      108 => 'sle',
      109 => 'sos',
      110 => 'srd',
      111 => 'std',
      112 => 'szl',
      113 => 'thb',
      114 => 'tjs',
      115 => 'top',
      116 => 'try',
      117 => 'ttd',
      118 => 'twd',
      119 => 'tzs',
      120 => 'uah',
      121 => 'ugx',
      122 => 'uyu',
      123 => 'uzs',
      124 => 'vnd',
      125 => 'vuv',
      126 => 'wst',
      127 => 'xaf',
      128 => 'xcd',
      129 => 'xof',
      130 => 'xpf',
      131 => 'yer',
      132 => 'zar',
      133 => 'zmw',
    ),
  ),
  'country' => '(redacted)',
  'instant_deposits_eligible' => false,
  'card_present_eligible' => false,
  'has_card_readers_available' => false,
  'platform_checkout_eligible' => false,
  'platform_direct_checkout_eligible' => false,
  'platform_global_theme_support_enabled' => false,
  'business_profile' => 
  array (
    'name' => '(redacted)',
    'url' => 'https://phn.pixodeo.dev',
    'support_address' => 
    array (
    ),
    'support_email' => NULL,
    'support_phone' => NULL,
  ),
  'branding' => 
  array (
    'icon' => NULL,
    'logo' => NULL,
    'primary_color' => NULL,
    'secondary_color' => NULL,
  ),
  'locale' => 'en_US',
  'has_more_failed_events' => false,
  'has_submitted_vat_data' => false,
  'is_documents_enabled' => true,
  'card_testing_protection_eligible' => false,
  'progressive_onboarding' => 
  array (
    'is_enabled' => false,
    'is_complete' => false,
    'tpv' => NULL,
    'first_transaction_date' => NULL,
    'kyc_deadline_date' => NULL,
  ),
  'fraud_mitigation_settings' => 
  array (
    'avs_check_enabled' => false,
    'cvc_check_enabled' => true,
  ),
  'is_deferred_intent_creation_upe_enabled' => true,
  'pre_check_save_my_info' => false,
)
2024-09-20T04:19:06+00:00 INFO ENVIRONMENT: array (
  'WP_User' => 'Guest (non logged-in user)',
  'HTTP_REFERER' => '--',
  'HTTP_USER_AGENT' => 'Mozilla/5.0 (Windows NT 6.1; Win64; x64) AppleWebKit/537.36 (KHTML, like Gecko) Chrome/81.0.4044.122 Safari/537.36',
  'REQUEST_URI' => '/wp-login.php',
  'DOING_AJAX' => false,
  'DOING_CRON' => false,
  'WP_CLI' => false,
)
2024-09-20T04:19:06+00:00 INFO REQUEST POST https://public-api.wordpress.com/wpcom/v2/sites/%s/wcpay/compatibility
2024-09-20T04:19:06+00:00 INFO HEADERS: array (
  'Content-Type' => 'application/json; charset=utf-8',
  'User-Agent' => 'WooCommerce Payments/7.4.0',
  'Idempotency-Key' => '0081a924-978b-4402-a75f-f4c9c281f6b1',
)
2024-09-20T04:19:06+00:00 INFO BODY: array (
  'test_mode' => true,
  'compatibility_data' => 
  array (
    'woopayments_version' => '7.4.0',
    'woocommerce_version' => '8.7.0',
    'blog_theme' => 'grandconference-child',
    'active_plugins' => 
    array (
      0 => 'advanced-custom-fields-pro/acf.php',
      1 => 'contact-form-7/wp-contact-form-7.php',
      2 => 'contact-form-entries/contact-form-entries.php',
      3 => 'duplicate-post/duplicate-post.php',
      4 => 'elementor/elementor.php',
      5 => 'email-log/email-log.php',
      6 => 'extended-google-map-for-elementor/elementor-google-map-extended.php',
      7 => 'fooevents-calendar/fooevents-calendar.php',
      8 => 'fooevents/fooevents.php',
      9 => 'fooevents_bookings/fooevents-bookings.php',
      10 => 'fooevents_custom_attendee_fields/fooevents-custom-attendee-fields.php',
      11 => 'fooevents_pdf_tickets/fooevents-pdf-tickets.php',
      12 => 'grandconference-custom-post/grandconference-custom-post.php',
      13 => 'grandconference-elementor/grandconference-elementor.php',
      14 => 'loco-translate/loco.php',
      15 => 'loftloader/loftloader.php',
      16 => 'mailchimp-for-wp/mailchimp-for-wp.php',
      17 => 'revslider/revslider.php',
      18 => 'shortcode-elementor/elementor-shortcode.php',
      19 => 'smtp-mailer/main.php',
      20 => 'the-events-calendar/the-events-calendar.php',
      22 => 'woo-systempay-payment/woo-systempay-payment.php',
      23 => 'woocommerce-gateway-stripe/woocommerce-gateway-stripe.php',
      24 => 'woocommerce-payments/woocommerce-payments.php',
      25 => 'woocommerce/woocommerce.php',
    ),
    'post_types_count' => 
    array (
      'post' => 15,
      'page' => 29,
      'attachment' => 0,
      'e-landing-page' => 0,
      'elementor_library' => 4,
      'product' => 30,
      'event_magic_tickets' => 208,
      'header' => 10,
      'footer' => 7,
      'megamenu' => 3,
      'fullmenu' => 1,
      'galleries' => 1,
      'rs_elements' => 0,
      'tribe_events' => 2,
    ),
  ),
)
2024-09-20T04:19:06+00:00 INFO RESPONSE: array (
  'result' => 'success',
)
2024-09-20T04:19:06+00:00 INFO ENVIRONMENT: array (
  'WP_User' => 'Guest (non logged-in user)',
  'HTTP_REFERER' => '--',
  'HTTP_USER_AGENT' => 'Mozilla/5.0 (Windows NT 6.1; Win64; x64) AppleWebKit/537.36 (KHTML, like Gecko) Chrome/81.0.4044.122 Safari/537.36',
  'REQUEST_URI' => '/wp-login.php',
  'DOING_AJAX' => false,
  'DOING_CRON' => false,
  'WP_CLI' => false,
)
2024-09-20T04:19:06+00:00 INFO REQUEST GET https://public-api.wordpress.com/wpcom/v2/sites/%s/wcpay/currency/rates?test_mode=1&currency_from=eur
2024-09-20T04:19:06+00:00 INFO HEADERS: array (
  'Content-Type' => 'application/json; charset=utf-8',
  'User-Agent' => 'WooCommerce Payments/7.4.0',
)
2024-09-20T04:19:06+00:00 INFO RESPONSE: array (
  'AED' => 4.099604,
  'AFN' => 77.39527,
  'ALL' => 99.375887,
  'AMD' => 432.421797,
  'ANG' => 2.013319,
  'AOA' => 1035.725076,
  'ARS' => 1074.564723,
  'AUD' => 1.637294,
  'AWG' => 2.009063,
  'AZN' => 1.897448,
  'BAM' => 1.955951,
  'BBD' => 2.232292,
  'BDT' => 133.500299,
  'BGN' => 1.965472,
  'BHD' => 0.420619,
  'BIF' => 3238.08352,
  'BMD' => 1.116146,
  'BND' => 1.442485,
  'BOB' => 7.719457,
  'BRL' => 6.055985,
  'BSD' => 1.116146,
  'BTC' => 1.8E-5,
  'BTN' => 93.439793,
  'BWP' => 14.698869,
  'BYN' => 3.655916,
  'BZD' => 2.251723,
  'CAD' => 1.513894,
  'CDF' => 3172.5981,
  'CHF' => 0.945178,
  'CLF' => 0.037654,
  'CLP' => 1038.975665,
  'CNH' => 7.877149,
  'CNY' => 7.877089,
  'COP' => 4664.65074,
  'CRC' => 578.697798,
  'CUC' => 1.116146,
  'CUP' => 28.740759,
  'CVE' => 110.270523,
  'CZK' => 25.097779,
  'DJF' => 198.931772,
  'DKK' => 7.459234,
  'DOP' => 67.059768,
  'DZD' => 147.701418,
  'EGP' => 54.172894,
  'ERN' => 16.74219,
  'ETB' => 128.566064,
  'EUR' => 1,
  'FJD' => 2.45474,
  'FKP' => 0.839956,
  'GBP' => 0.839956,
  'GEL' => 2.994062,
  'GGP' => 0.839956,
  'GHS' => 17.595119,
  'GIP' => 0.839956,
  'GMD' => 76.456001,
  'GNF' => 9652.700847,
  'GTQ' => 8.635433,
  'GYD' => 233.673877,
  'HKD' => 8.694564,
  'HNL' => 27.711886,
  'HRK' => 7.534621,
  'HTG' => 147.218705,
  'HUF' => 394.271878,
  'IDR' => 16854.99231,
  'ILS' => 4.212887,
  'IMP' => 0.839956,
  'INR' => 93.327426,
  'IQD' => 1463.402869,
  'IRR' => 46981.3755,
  'ISK' => 152.298122,
  'JEP' => 0.839956,
  'JMD' => 175.511981,
  'JOD' => 0.791013,
  'JPY' => 159.01587,
  'KES' => 144.10561,
  'KGS' => 94.063204,
  'KHR' => 4534.226061,
  'KMF' => 492.6108,
  'KPW' => 1004.5314,
  'KRW' => 1486.167153,
  'KWD' => 0.340336,
  'KYD' => 0.930963,
  'KZT' => 535.046276,
  'LAK' => 24668.219581,
  'LBP' => 100047.823407,
  'LKR' => 340.053001,
  'LRD' => 223.423208,
  'LSL' => 19.475455,
  'LYD' => 5.321315,
  'MAD' => 10.833641,
  'MDL' => 19.494328,
  'MGA' => 5033.290324,
  'MKD' => 61.619195,
  'MMK' => 2341.674308,
  'MNT' => 3792.664108,
  'MOP' => 8.968111,
  'MUR' => 51.197621,
  'MVR' => 17.144003,
  'MWK' => 1937.105874,
  'MXN' => 21.556168,
  'MYR' => 4.682233,
  'MZN' => 71.265923,
  'NAD' => 19.475455,
  'NGN' => 1830.40131,
  'NIO' => 41.112799,
  'NOK' => 11.71755,
  'NPR' => 149.49548,
  'NZD' => 1.78828,
  'OMR' => 0.42967,
  'PAB' => 1.116146,
  'PEN' => 4.193929,
  'PGK' => 4.435302,
  'PHP' => 62.001912,
  'PKR' => 310.697832,
  'PLN' => 4.2759,
  'PYG' => 8720.492567,
  'QAR' => 4.072705,
  'RON' => 4.974217,
  'RSD' => 117.051347,
  'RUB' => 102.882132,
  'RWF' => 1504.48993,
  'SAR' => 4.188266,
  'SBD' => 9.271755,
  'SCR' => 15.202694,
  'SDG' => 671.361819,
  'SEK' => 11.33778,
  'SGD' => 1.44061,
  'SHP' => 0.839956,
  'SLL' => 23405.023545,
  'SOS' => 638.44353,
  'SRD' => 33.320307,
  'SSP' => 145.389178,
  'STD' => 24869.74194,
  'SVC' => 9.774665,
  'SYP' => 2804.350309,
  'SZL' => 19.458391,
  'THB' => 36.951688,
  'TJS' => 11.875009,
  'TMT' => 3.906511,
  'TND' => 3.38357,
  'TOP' => 2.618992,
  'TRY' => 38.05228,
  'TTD' => 7.593517,
  'TWD' => 35.622359,
  'TZS' => 3044.179949,
  'UAH' => 46.293335,
  'UGX' => 4148.216725,
  'USD' => 1.116146,
  'UYU' => 45.892301,
  'UZS' => 14232.037473,
  'VND' => 27420.376389,
  'VUV' => 132.511085,
  'WST' => 3.125209,
  'XAF' => 655.957,
  'XAG' => 0.036027,
  'XAU' => 0.000431,
  'XCD' => 3.01644,
  'XDR' => 0.827949,
  'XOF' => 655.957,
  'XPD' => 0.00103,
  'XPF' => 119.331742,
  'XPT' => 0.001134,
  'YER' => 279.399223,
  'ZAR' => 19.550009,
  'ZMW' => 29.08966,
  'ZWL' => 359.399012,
)
2024-09-20T04:32:00+00:00 INFO ENVIRONMENT: array (
  'WP_User' => 'pixodeo',
  'HTTP_REFERER' => 'https://phn-events.com/wp-login.php?redirect_to=httpsphn-events.comwp-admin&reauth=1',
  'HTTP_USER_AGENT' => 'Mozilla/5.0 (Windows NT 10.0; Win64; x64) AppleWebKit/537.36 (KHTML, like Gecko) Chrome/128.0.0.0 Safari/537.36',
  'REQUEST_URI' => '/wp-admin/',
  'DOING_AJAX' => false,
  'DOING_CRON' => false,
  'WP_CLI' => false,
)
2024-09-20T04:32:00+00:00 INFO REQUEST GET https://public-api.wordpress.com/wpcom/v2/sites/%s/wcpay/disputes/status_counts?test_mode=1
2024-09-20T04:32:00+00:00 INFO HEADERS: array (
  'Content-Type' => 'application/json; charset=utf-8',
  'User-Agent' => 'WooCommerce Payments/7.4.0',
)
2024-09-20T04:32:00+00:00 INFO RESPONSE: array (
)
2024-09-20T09:11:17+00:00 INFO ENVIRONMENT: array (
  'WP_User' => 'pixodeo',
  'HTTP_REFERER' => '--',
  'HTTP_USER_AGENT' => 'Mozilla/5.0 (Windows NT 10.0; Win64; x64) AppleWebKit/537.36 (KHTML, like Gecko) Chrome/128.0.0.0 Safari/537.36',
  'REQUEST_URI' => '/wp-admin/',
  'DOING_AJAX' => false,
  'DOING_CRON' => false,
  'WP_CLI' => false,
)
2024-09-20T09:11:17+00:00 INFO REQUEST GET https://public-api.wordpress.com/wpcom/v2/sites/%s/wcpay/accounts?test_mode=true
2024-09-20T09:11:17+00:00 INFO HEADERS: array (
  'Content-Type' => 'application/json; charset=utf-8',
  'User-Agent' => 'WooCommerce Payments/7.4.0',
)
2024-09-20T09:11:20+00:00 INFO RESPONSE: array (
  'account_id' => 'acct_1OrB4iFy7FStQedj',
  'email' => '(redacted)',
  'live_publishable_key' => 'pk_live_iBIpeqzKOOx2Y8PFCRBfyMU000Q7xVG4Sn',
  'test_publishable_key' => 'pk_test_51ETDmyFuiXB5oUVxwSobQMW5Tno1GclIq7ePZWzLeW4q8oa7Zb8hI5VfwI5sNT5nXuKYinLukNvGCXmsQXAoDGHG00MqHqlYHR',
  'is_live' => false,
  'is_test_drive' => false,
  'created' => '2024-03-06 03:23:26',
  'has_pending_requirements' => true,
  'has_future_requirements' => false,
  'has_overdue_requirements' => false,
  'details_submitted' => true,
  'current_deadline' => 1711614200,
  'status' => 'restricted_soon',
  'capabilities' => 
  array (
    'card_payments' => 'active',
    'giropay_payments' => 'active',
    'klarna_payments' => 'active',
    'transfers' => 'active',
    'bancontact_payments' => 'unrequested',
    'bank_transfer_payments' => 'unrequested',
    'blik_payments' => 'unrequested',
    'cartes_bancaires_payments' => 'unrequested',
    'eps_payments' => 'unrequested',
    'ideal_payments' => 'unrequested',
    'klarna' => 'unrequested',
    'link_payments' => 'unrequested',
    'mobilepay_payments' => 'unrequested',
    'multibanco_payments' => 'unrequested',
    'p24_payments' => 'unrequested',
    'sepa_bank_transfer_payments' => 'unrequested',
    'sepa_debit_payments' => 'unrequested',
    'sofort_payments' => 'unrequested',
    'twint_payments' => 'unrequested',
  ),
  'capability_requirements' => 
  array (
    'bancontact_payments' => 
    array (
    ),
    'bank_transfer_payments' => 
    array (
    ),
    'blik_payments' => 
    array (
    ),
    'card_payments' => 
    array (
    ),
    'cartes_bancaires_payments' => 
    array (
    ),
    'eps_payments' => 
    array (
    ),
    'giropay_payments' => 
    array (
    ),
    'ideal_payments' => 
    array (
    ),
    'klarna' => 
    array (
      0 => 'email',
    ),
    'klarna_payments' => 
    array (
    ),
    'link_payments' => 
    array (
    ),
    'mobilepay_payments' => 
    array (
    ),
    'multibanco_payments' => 
    array (
    ),
    'p24_payments' => 
    array (
    ),
    'sepa_bank_transfer_payments' => 
    array (
    ),
    'sepa_debit_payments' => 
    array (
    ),
    'sofort_payments' => 
    array (
    ),
    'transfers' => 
    array (
    ),
    'twint_payments' => 
    array (
    ),
  ),
  'payments_enabled' => true,
  'deposits' => 
  array (
    'status' => 'enabled',
    'restrictions' => 'deposits_unrestricted',
    'interval' => 'daily',
    'weekly_anchor' => '',
    'monthly_anchor' => NULL,
    'delay_days' => 7,
    'completed_waiting_period' => false,
    'minimum_manual_deposit_amounts' => 
    array (
      'aud' => 500,
      'bgn' => 100,
      'cad' => 500,
      'chf' => 500,
      'czk' => 3000,
      'dkk' => 5000,
      'eur' => 500,
      'gbp' => 500,
      'hkd' => 5000,
      'huf' => 36000,
      'nok' => 5000,
      'nzd' => 500,
      'jpy' => 50,
      'sek' => 5000,
      'sgd' => 500,
      'usd' => 500,
      'ron' => 500,
      'pln' => 500,
      'aed' => 200,
    ),
    'minimum_scheduled_deposit_amounts' => 
    array (
      'aed' => 200,
      'aud' => 0,
      'bgn' => 100,
      'cad' => 0,
      'chf' => 500,
      'czk' => 3000,
      'dkk' => 2000,
      'eur' => 100,
      'gbp' => 100,
      'hkd' => 0,
      'huf' => 36000,
      'jpy' => 1,
      'nok' => 2000,
      'nzd' => 0,
      'pln' => 500,
      'ron' => 500,
      'sek' => 2000,
      'sgd' => 100,
      'usd' => 0,
    ),
  ),
  'lifetime_total_payment_volume' => 424476,
  'requirements' => 
  array (
    'errors' => 
    array (
      0 => 
      array (
        'code' => 'verification_failed_keyed_identity',
        'detailed_code' => 'verification_failed_keyed_identity',
        'reason' => 'Name on the document doesn’t match the name provided for this account. Provide a matching document or update the name on this account.',
        'requirement' => 'individual.verification.document',
      ),
    ),
  ),
  'statement_descriptor' => 'PHN.PIXODEO.DEV',
  'statement_descriptor_kanji' => '',
  'statement_descriptor_kana' => '',
  'latest_tos_agreement' => 
  array (
    'date' => '2024-03-06 03:23:26',
    'source' => 'signup',
    'is_current_version' => true,
  ),
  'fees' => 
  array (
    'base' => 
    array (
      'percentage_rate' => 0.015,
      'fixed_rate' => 25,
      'currency' => 'eur',
    ),
    'discount' => 
    array (
    ),
    'card' => 
    array (
      'base' => 
      array (
        'percentage_rate' => 0.015,
        'fixed_rate' => 25,
        'currency' => 'eur',
      ),
      'additional' => 
      array (
        'percentage_rate' => 0.02,
        'fixed_rate' => 0,
        'currency' => 'eur',
      ),
      'fx' => 
      array (
        'percentage_rate' => 0.02,
        'fixed_rate' => 0,
        'currency' => 'eur',
      ),
      'discount' => 
      array (
      ),
    ),
    'bancontact' => 
    array (
      'base' => 
      array (
        'percentage_rate' => 0.014,
        'fixed_rate' => 25,
        'currency' => 'eur',
      ),
      'additional' => 
      array (
        'percentage_rate' => 0,
        'fixed_rate' => 0,
        'currency' => 'eur',
      ),
      'fx' => 
      array (
        'percentage_rate' => 0,
        'fixed_rate' => 0,
        'currency' => 'eur',
      ),
      'discount' => 
      array (
      ),
    ),
    'eps' => 
    array (
      'base' => 
      array (
        'percentage_rate' => 0.018,
        'fixed_rate' => 25,
        'currency' => 'eur',
      ),
      'additional' => 
      array (
        'percentage_rate' => 0,
        'fixed_rate' => 0,
        'currency' => 'eur',
      ),
      'fx' => 
      array (
        'percentage_rate' => 0,
        'fixed_rate' => 0,
        'currency' => 'eur',
      ),
      'discount' => 
      array (
      ),
    ),
    'ideal' => 
    array (
      'base' => 
      array (
        'percentage_rate' => 0,
        'fixed_rate' => 29,
        'currency' => 'eur',
      ),
      'additional' => 
      array (
        'percentage_rate' => 0,
        'fixed_rate' => 0,
        'currency' => 'eur',
      ),
      'fx' => 
      array (
        'percentage_rate' => 0,
        'fixed_rate' => 0,
        'currency' => 'eur',
      ),
      'discount' => 
      array (
      ),
    ),
    'giropay' => 
    array (
      'base' => 
      array (
        'percentage_rate' => 0.014,
        'fixed_rate' => 25,
        'currency' => 'eur',
      ),
      'additional' => 
      array (
        'percentage_rate' => 0,
        'fixed_rate' => 0,
        'currency' => 'eur',
      ),
      'fx' => 
      array (
        'percentage_rate' => 0,
        'fixed_rate' => 0,
        'currency' => 'eur',
      ),
      'discount' => 
      array (
      ),
    ),
    'p24' => 
    array (
      'base' => 
      array (
        'percentage_rate' => 0.022,
        'fixed_rate' => 25,
        'currency' => 'eur',
      ),
      'additional' => 
      array (
        'percentage_rate' => 0,
        'fixed_rate' => 0,
        'currency' => 'eur',
      ),
      'fx' => 
      array (
        'percentage_rate' => 0,
        'fixed_rate' => 0,
        'currency' => 'eur',
      ),
      'discount' => 
      array (
      ),
    ),
  ),
  'capital' => 
  array (
    'has_active_loan' => false,
    'has_previous_loans' => false,
    'loans' => 
    array (
    ),
  ),
  'fraud_services' => 
  array (
    'stripe' => 
    array (
    ),
    'sift' => 
    array (
      'beacon_key' => 'affbdadb36',
      'sandbox_beacon_key' => '6ad0ad748b',
    ),
  ),
  'store_currencies' => 
  array (
    'default' => 'eur',
    'supported' => 
    array (
      0 => 'eur',
    ),
  ),
  'customer_currencies' => 
  array (
    'supported' => 
    array (
      0 => 'usd',
      1 => 'aed',
      2 => 'afn',
      3 => 'all',
      4 => 'amd',
      5 => 'ang',
      6 => 'aoa',
      7 => 'ars',
      8 => 'aud',
      9 => 'awg',
      10 => 'azn',
      11 => 'bam',
      12 => 'bbd',
      13 => 'bdt',
      14 => 'bgn',
      15 => 'bif',
      16 => 'bmd',
      17 => 'bnd',
      18 => 'bob',
      19 => 'brl',
      20 => 'bsd',
      21 => 'bwp',
      22 => 'byn',
      23 => 'bzd',
      24 => 'cad',
      25 => 'cdf',
      26 => 'chf',
      27 => 'clp',
      28 => 'cny',
      29 => 'cop',
      30 => 'crc',
      31 => 'cve',
      32 => 'czk',
      33 => 'djf',
      34 => 'dkk',
      35 => 'dop',
      36 => 'dzd',
      37 => 'egp',
      38 => 'etb',
      39 => 'eur',
      40 => 'fjd',
      41 => 'fkp',
      42 => 'gbp',
      43 => 'gel',
      44 => 'gip',
      45 => 'gmd',
      46 => 'gnf',
      47 => 'gtq',
      48 => 'gyd',
      49 => 'hkd',
      50 => 'hnl',
      51 => 'htg',
      52 => 'huf',
      53 => 'idr',
      54 => 'ils',
      55 => 'inr',
      56 => 'isk',
      57 => 'jmd',
      58 => 'jpy',
      59 => 'kes',
      60 => 'kgs',
      61 => 'khr',
      62 => 'kmf',
      63 => 'krw',
      64 => 'kyd',
      65 => 'kzt',
      66 => 'lak',
      67 => 'lbp',
      68 => 'lkr',
      69 => 'lrd',
      70 => 'lsl',
      71 => 'mad',
      72 => 'mdl',
      73 => 'mga',
      74 => 'mkd',
      75 => 'mmk',
      76 => 'mnt',
      77 => 'mop',
      78 => 'mur',
      79 => 'mvr',
      80 => 'mwk',
      81 => 'mxn',
      82 => 'myr',
      83 => 'mzn',
      84 => 'nad',
      85 => 'ngn',
      86 => 'nio',
      87 => 'nok',
      88 => 'npr',
      89 => 'nzd',
      90 => 'pab',
      91 => 'pen',
      92 => 'pgk',
      93 => 'php',
      94 => 'pkr',
      95 => 'pln',
      96 => 'pyg',
      97 => 'qar',
      98 => 'ron',
      99 => 'rsd',
      100 => 'rub',
      101 => 'rwf',
      102 => 'sar',
      103 => 'sbd',
      104 => 'scr',
      105 => 'sek',
      106 => 'sgd',
      107 => 'shp',
      108 => 'sle',
      109 => 'sos',
      110 => 'srd',
      111 => 'std',
      112 => 'szl',
      113 => 'thb',
      114 => 'tjs',
      115 => 'top',
      116 => 'try',
      117 => 'ttd',
      118 => 'twd',
      119 => 'tzs',
      120 => 'uah',
      121 => 'ugx',
      122 => 'uyu',
      123 => 'uzs',
      124 => 'vnd',
      125 => 'vuv',
      126 => 'wst',
      127 => 'xaf',
      128 => 'xcd',
      129 => 'xof',
      130 => 'xpf',
      131 => 'yer',
      132 => 'zar',
      133 => 'zmw',
    ),
  ),
  'country' => '(redacted)',
  'instant_deposits_eligible' => false,
  'card_present_eligible' => false,
  'has_card_readers_available' => false,
  'platform_checkout_eligible' => false,
  'platform_direct_checkout_eligible' => false,
  'platform_global_theme_support_enabled' => false,
  'business_profile' => 
  array (
    'name' => '(redacted)',
    'url' => 'https://phn.pixodeo.dev',
    'support_address' => 
    array (
    ),
    'support_email' => NULL,
    'support_phone' => NULL,
  ),
  'branding' => 
  array (
    'icon' => NULL,
    'logo' => NULL,
    'primary_color' => NULL,
    'secondary_color' => NULL,
  ),
  'locale' => 'en_US',
  'has_more_failed_events' => false,
  'has_submitted_vat_data' => false,
  'is_documents_enabled' => true,
  'card_testing_protection_eligible' => false,
  'progressive_onboarding' => 
  array (
    'is_enabled' => false,
    'is_complete' => false,
    'tpv' => NULL,
    'first_transaction_date' => NULL,
    'kyc_deadline_date' => NULL,
  ),
  'fraud_mitigation_settings' => 
  array (
    'avs_check_enabled' => false,
    'cvc_check_enabled' => true,
  ),
  'is_deferred_intent_creation_upe_enabled' => true,
  'pre_check_save_my_info' => false,
)
2024-09-20T09:11:20+00:00 INFO ENVIRONMENT: array (
  'WP_User' => 'pixodeo',
  'HTTP_REFERER' => '--',
  'HTTP_USER_AGENT' => 'Mozilla/5.0 (Windows NT 10.0; Win64; x64) AppleWebKit/537.36 (KHTML, like Gecko) Chrome/128.0.0.0 Safari/537.36',
  'REQUEST_URI' => '/wp-admin/',
  'DOING_AJAX' => false,
  'DOING_CRON' => false,
  'WP_CLI' => false,
)
2024-09-20T09:11:20+00:00 INFO REQUEST POST https://public-api.wordpress.com/wpcom/v2/sites/%s/wcpay/compatibility
2024-09-20T09:11:20+00:00 INFO HEADERS: array (
  'Content-Type' => 'application/json; charset=utf-8',
  'User-Agent' => 'WooCommerce Payments/7.4.0',
  'Idempotency-Key' => 'a24a2905-1909-436a-988a-602963d18ea9',
)
2024-09-20T09:11:20+00:00 INFO BODY: array (
  'test_mode' => true,
  'compatibility_data' => 
  array (
    'woopayments_version' => '7.4.0',
    'woocommerce_version' => '8.7.0',
    'blog_theme' => 'grandconference-child',
    'active_plugins' => 
    array (
      0 => 'advanced-custom-fields-pro/acf.php',
      1 => 'contact-form-7/wp-contact-form-7.php',
      2 => 'contact-form-entries/contact-form-entries.php',
      3 => 'duplicate-post/duplicate-post.php',
      4 => 'elementor/elementor.php',
      5 => 'email-log/email-log.php',
      6 => 'extended-google-map-for-elementor/elementor-google-map-extended.php',
      7 => 'fooevents-calendar/fooevents-calendar.php',
      8 => 'fooevents/fooevents.php',
      9 => 'fooevents_bookings/fooevents-bookings.php',
      10 => 'fooevents_custom_attendee_fields/fooevents-custom-attendee-fields.php',
      11 => 'fooevents_pdf_tickets/fooevents-pdf-tickets.php',
      12 => 'grandconference-custom-post/grandconference-custom-post.php',
      13 => 'grandconference-elementor/grandconference-elementor.php',
      14 => 'loco-translate/loco.php',
      15 => 'loftloader/loftloader.php',
      16 => 'mailchimp-for-wp/mailchimp-for-wp.php',
      17 => 'revslider/revslider.php',
      18 => 'shortcode-elementor/elementor-shortcode.php',
      19 => 'smtp-mailer/main.php',
      20 => 'the-events-calendar/the-events-calendar.php',
      22 => 'woo-systempay-payment/woo-systempay-payment.php',
      23 => 'woocommerce-gateway-stripe/woocommerce-gateway-stripe.php',
      24 => 'woocommerce-payments/woocommerce-payments.php',
      25 => 'woocommerce/woocommerce.php',
    ),
    'post_types_count' => 
    array (
      'post' => 15,
      'page' => 33,
      'attachment' => 0,
      'e-landing-page' => 0,
      'elementor_library' => 4,
      'product' => 30,
      'event_magic_tickets' => 208,
      'header' => 10,
      'footer' => 7,
      'megamenu' => 3,
      'fullmenu' => 1,
      'galleries' => 1,
      'rs_elements' => 0,
      'tribe_events' => 2,
    ),
  ),
)
2024-09-20T09:11:20+00:00 INFO RESPONSE: array (
  'result' => 'success',
)
2024-09-20T09:11:21+00:00 INFO ENVIRONMENT: array (
  'WP_User' => 'Guest (non logged-in user)',
  'HTTP_REFERER' => '--',
  'HTTP_USER_AGENT' => 'WordPress/6.6.2; https://phn-events.com',
  'REQUEST_URI' => '/wp-cron.php?doing_wp_cron=1726823480.9434640407562255859375',
  'DOING_AJAX' => false,
  'DOING_CRON' => true,
  'WP_CLI' => false,
)
2024-09-20T09:11:21+00:00 INFO REQUEST GET https://public-api.wordpress.com/wpcom/v2/wcpay/woopay/compatibility?test_mode=1
2024-09-20T09:11:21+00:00 INFO HEADERS: array (
  'Content-Type' => 'application/json; charset=utf-8',
  'User-Agent' => 'WooCommerce Payments/7.4.0',
)
2024-09-20T09:11:22+00:00 INFO RESPONSE: array (
  'incompatible_extensions' => 
  array (
    0 => 'class-wcdonation',
    1 => 'woocommerce-table-rate-shipping',
    2 => 'woocommerce-memberships-for-teams',
    3 => 'woocommerce-checkout-add-ons',
    4 => 'woocommerce-checkout-field-editor',
    5 => 'woocommerce-eu-vat-number',
    6 => 'woocommerce-order-delivery',
    7 => 'woocommerce-pdf-product-vouchers',
    8 => 'woocommerce-shipping-local-pickup-plus',
    9 => 'woocommerce-shipping-multiple-addresses',
    10 => 'woocommerce-smart-coupons',
    11 => 'woocommerce-subscriptions-gifting',
    12 => 'advanced-product-fields-for-woocommerce',
  ),
  'adapted_extensions' => 
  array (
    0 => 'woocommerce-points-and-rewards',
    1 => 'woocommerce-gift-cards',
  ),
  'available_countries' => 
  array (
    0 => 'US',
  ),
)
2024-09-20T10:25:55+00:00 INFO ENVIRONMENT: array (
  'WP_User' => 'Guest (non logged-in user)',
  'HTTP_REFERER' => 'https://phn-events.com/',
  'HTTP_USER_AGENT' => 'Mozilla/5.0 (Windows NT 6.1; WOW64) AppleWebKit/537.36 (KHTML, like Gecko) Chrome/50.0.2661.102 Safari/537.36; 360Spider',
  'REQUEST_URI' => '/',
  'DOING_AJAX' => false,
  'DOING_CRON' => false,
  'WP_CLI' => false,
)
2024-09-20T10:25:55+00:00 INFO REQUEST GET https://public-api.wordpress.com/wpcom/v2/sites/%s/wcpay/currency/rates?test_mode=1&currency_from=eur
2024-09-20T10:25:55+00:00 INFO HEADERS: array (
  'Content-Type' => 'application/json; charset=utf-8',
  'User-Agent' => 'WooCommerce Payments/7.4.0',
)
2024-09-20T10:25:56+00:00 INFO RESPONSE: array (
  'AED' => 4.100645,
  'AFN' => 77.415343,
  'ALL' => 99.40166,
  'AMD' => 432.533946,
  'ANG' => 2.013841,
  'AOA' => 1035.993692,
  'ARS' => 1074.819341,
  'AUD' => 1.639373,
  'AWG' => 2.009584,
  'AZN' => 1.89794,
  'BAM' => 1.956458,
  'BBD' => 2.232871,
  'BDT' => 133.534923,
  'BGN' => 1.965981,
  'BHD' => 0.4207,
  'BIF' => 3238.923317,
  'BMD' => 1.116435,
  'BND' => 1.442859,
  'BOB' => 7.721459,
  'BRL' => 6.057076,
  'BSD' => 1.116435,
  'BTC' => 1.8E-5,
  'BTN' => 93.464026,
  'BWP' => 14.702681,
  'BYN' => 3.656864,
  'BZD' => 2.252307,
  'CAD' => 1.514946,
  'CDF' => 3173.420914,
  'CHF' => 0.945935,
  'CLF' => 0.037663,
  'CLP' => 1043.397638,
  'CNH' => 7.874104,
  'CNY' => 7.874554,
  'COP' => 4665.080567,
  'CRC' => 578.847883,
  'CUC' => 1.116435,
  'CUP' => 28.748213,
  'CVE' => 110.299121,
  'CZK' => 25.098585,
  'DJF' => 198.983365,
  'DKK' => 7.459727,
  'DOP' => 67.07716,
  'DZD' => 147.713494,
  'EGP' => 54.174027,
  'ERN' => 16.746532,
  'ETB' => 128.599407,
  'EUR' => 1,
  'FJD' => 2.455377,
  'FKP' => 0.839408,
  'GBP' => 0.839408,
  'GEL' => 2.994838,
  'GGP' => 0.839408,
  'GHS' => 17.599683,
  'GIP' => 0.839408,
  'GMD' => 76.47583,
  'GNF' => 9655.204275,
  'GTQ' => 8.637673,
  'GYD' => 233.73448,
  'HKD' => 8.699786,
  'HNL' => 27.719073,
  'HRK' => 7.534725,
  'HTG' => 147.256886,
  'HUF' => 394.379643,
  'IDR' => 16915.137489,
  'ILS' => 4.208709,
  'IMP' => 0.839408,
  'INR' => 93.324121,
  'IQD' => 1463.782402,
  'IRR' => 46993.560121,
  'ISK' => 152.315291,
  'JEP' => 0.839408,
  'JMD' => 175.5575,
  'JOD' => 0.791218,
  'JPY' => 160.552911,
  'KES' => 144.142984,
  'KGS' => 94.087599,
  'KHR' => 4535.402013,
  'KMF' => 492.738558,
  'KPW' => 1004.791925,
  'KRW' => 1489.456764,
  'KWD' => 0.340569,
  'KYD' => 0.931205,
  'KZT' => 535.18504,
  'LAK' => 24674.617284,
  'LBP' => 100073.770812,
  'LKR' => 340.141194,
  'LRD' => 223.481153,
  'LSL' => 19.480506,
  'LYD' => 5.322695,
  'MAD' => 10.83645,
  'MDL' => 19.48074,
  'MGA' => 5034.595708,
  'MKD' => 61.635176,
  'MMK' => 2342.281621,
  'MNT' => 3793.647735,
  'MOP' => 8.970437,
  'MUR' => 51.222058,
  'MVR' => 17.148449,
  'MWK' => 1937.608263,
  'MXN' => 21.722554,
  'MYR' => 4.681772,
  'MZN' => 71.284406,
  'NAD' => 19.480506,
  'NGN' => 1830.876024,
  'NIO' => 41.123461,
  'NOK' => 11.723837,
  'NPR' => 149.534252,
  'NZD' => 1.790103,
  'OMR' => 0.429778,
  'PAB' => 1.116435,
  'PEN' => 4.195017,
  'PGK' => 4.436452,
  'PHP' => 62.086093,
  'PKR' => 310.778411,
  'PLN' => 4.27768,
  'PYG' => 8722.754227,
  'QAR' => 4.073761,
  'RON' => 4.975171,
  'RSD' => 117.097335,
  'RUB' => 103.967134,
  'RWF' => 1504.880119,
  'SAR' => 4.189433,
  'SBD' => 9.274159,
  'SCR' => 15.206397,
  'SDG' => 671.535937,
  'SEK' => 11.357369,
  'SGD' => 1.441936,
  'SHP' => 0.839408,
  'SLL' => 23411.093638,
  'SOS' => 638.60911,
  'SRD' => 33.328948,
  'SSP' => 145.426885,
  'STD' => 24876.191908,
  'SVC' => 9.777201,
  'SYP' => 2805.077617,
  'SZL' => 19.463437,
  'THB' => 36.903588,
  'TJS' => 11.878089,
  'TMT' => 3.907524,
  'TND' => 3.384447,
  'TOP' => 2.615831,
  'TRY' => 38.0827,
  'TTD' => 7.595487,
  'TWD' => 35.711141,
  'TZS' => 3046.419706,
  'UAH' => 46.305341,
  'UGX' => 4149.292565,
  'USD' => 1.116435,
  'UYU' => 45.904203,
  'UZS' => 14235.728552,
  'VND' => 27440.970724,
  'VUV' => 132.545452,
  'WST' => 3.126019,
  'XAF' => 655.957,
  'XAG' => 0.035723,
  'XAU' => 0.000428,
  'XCD' => 3.017223,
  'XDR' => 0.828164,
  'XOF' => 655.957,
  'XPD' => 0.001037,
  'XPF' => 119.331742,
  'XPT' => 0.001133,
  'YER' => 279.471685,
  'ZAR' => 19.605228,
  'ZMW' => 29.097205,
  'ZWL' => 359.492222,
)
2024-09-20T17:06:39+00:00 INFO ENVIRONMENT: array (
  'WP_User' => 'Guest (non logged-in user)',
  'HTTP_REFERER' => '--',
  'HTTP_USER_AGENT' => 'Mozilla/5.0 (iPhone; CPU iPhone OS 13_2_3 like Mac OS X) AppleWebKit/605.1.15 (KHTML, like Gecko) Version/13.0.3 Mobile/15E148 Safari/604.1',
  'REQUEST_URI' => '/',
  'DOING_AJAX' => false,
  'DOING_CRON' => false,
  'WP_CLI' => false,
)
2024-09-20T17:06:39+00:00 INFO REQUEST GET https://public-api.wordpress.com/wpcom/v2/sites/%s/wcpay/currency/rates?test_mode=1&currency_from=eur
2024-09-20T17:06:39+00:00 INFO HEADERS: array (
  'Content-Type' => 'application/json; charset=utf-8',
  'User-Agent' => 'WooCommerce Payments/7.4.0',
)
2024-09-20T17:06:39+00:00 INFO RESPONSE: array (
  'AED' => 4.093147,
  'AFN' => 76.87894,
  'ALL' => 99.148124,
  'AMD' => 432.244258,
  'ANG' => 2.009036,
  'AOA' => 1033.905542,
  'ARS' => 1072.879008,
  'AUD' => 1.640379,
  'AWG' => 2.00592,
  'AZN' => 1.89448,
  'BAM' => 1.953775,
  'BBD' => 2.2288,
  'BDT' => 133.211944,
  'BGN' => 1.95254,
  'BHD' => 0.420004,
  'BIF' => 3231.478386,
  'BMD' => 1.1144,
  'BND' => 1.440407,
  'BOB' => 7.702878,
  'BRL' => 6.123628,
  'BSD' => 1.1144,
  'BTC' => 1.8E-5,
  'BTN' => 93.16846,
  'BWP' => 14.735859,
  'BYN' => 3.648119,
  'BZD' => 2.246931,
  'CAD' => 1.512898,
  'CDF' => 3166.016594,
  'CHF' => 0.947669,
  'CLF' => 0.037586,
  'CLP' => 1037.116352,
  'CNH' => 7.858356,
  'CNY' => 7.860866,
  'COP' => 4639.102291,
  'CRC' => 578.390042,
  'CUC' => 1.1144,
  'CUP' => 28.6958,
  'CVE' => 110.149367,
  'CZK' => 25.061741,
  'DJF' => 198.500732,
  'DKK' => 7.458902,
  'DOP' => 66.910646,
  'DZD' => 147.430838,
  'EGP' => 54.076817,
  'ERN' => 16.716,
  'ETB' => 129.35452,
  'EUR' => 1,
  'FJD' => 2.455747,
  'FKP' => 0.839107,
  'GBP' => 0.839107,
  'GEL' => 2.989378,
  'GGP' => 0.839107,
  'GHS' => 17.524523,
  'GIP' => 0.839107,
  'GMD' => 76.336399,
  'GNF' => 9630.934512,
  'GTQ' => 8.617146,
  'GYD' => 233.19404,
  'HKD' => 8.681697,
  'HNL' => 27.65234,
  'HRK' => 7.53356,
  'HTG' => 147.084917,
  'HUF' => 393.263071,
  'IDR' => 16933.721023,
  'ILS' => 4.214761,
  'IMP' => 0.839107,
  'INR' => 93.058888,
  'IQD' => 1460.286057,
  'IRR' => 46907.881622,
  'ISK' => 152.115599,
  'JEP' => 0.839107,
  'JMD' => 175.138488,
  'JOD' => 0.789664,
  'JPY' => 160.942761,
  'KES' => 143.802175,
  'KGS' => 93.875384,
  'KHR' => 4527.311676,
  'KMF' => 491.840199,
  'KPW' => 1002.959992,
  'KRW' => 1489.049315,
  'KWD' => 0.340014,
  'KYD' => 0.928946,
  'KZT' => 534.446297,
  'LAK' => 24614.446685,
  'LBP' => 99817.739263,
  'LKR' => 340.107365,
  'LRD' => 222.944929,
  'LSL' => 19.501685,
  'LYD' => 5.293704,
  'MAD' => 10.809385,
  'MDL' => 19.357403,
  'MGA' => 5041.672101,
  'MKD' => 61.538525,
  'MMK' => 2338.011181,
  'MNT' => 3786.73117,
  'MOP' => 8.947966,
  'MUR' => 51.12867,
  'MVR' => 17.117184,
  'MWK' => 1932.764813,
  'MXN' => 21.562095,
  'MYR' => 4.686052,
  'MZN' => 71.15444,
  'NAD' => 19.501598,
  'NGN' => 1827.003065,
  'NIO' => 41.026926,
  'NOK' => 11.732207,
  'NPR' => 149.072521,
  'NZD' => 1.791263,
  'OMR' => 0.42901,
  'PAB' => 1.1144,
  'PEN' => 4.178213,
  'PGK' => 4.428364,
  'PHP' => 62.1005,
  'PKR' => 309.731889,
  'PLN' => 4.271791,
  'PYG' => 8696.984601,
  'QAR' => 4.064088,
  'RON' => 4.975016,
  'RSD' => 117.094465,
  'RUB' => 103.18557,
  'RWF' => 1502.755529,
  'SAR' => 4.181754,
  'SBD' => 9.257251,
  'SCR' => 14.810408,
  'SDG' => 670.311595,
  'SEK' => 11.366048,
  'SGD' => 1.441155,
  'SHP' => 0.839107,
  'SLL' => 23368.410612,
  'SOS' => 637.045662,
  'SRD' => 33.660452,
  'SSP' => 145.161743,
  'STD' => 24830.83772,
  'SVC' => 9.753759,
  'SYP' => 2799.963409,
  'SZL' => 19.576886,
  'THB' => 36.849307,
  'TJS' => 11.849506,
  'TMT' => 3.9004,
  'TND' => 3.377699,
  'TOP' => 2.611061,
  'TRY' => 38.021517,
  'TTD' => 7.582005,
  'TWD' => 35.658412,
  'TZS' => 3038.079484,
  'UAH' => 46.220917,
  'UGX' => 4141.727589,
  'USD' => 1.1144,
  'UYU' => 46.061644,
  'UZS' => 14185.358346,
  'VND' => 27417.896731,
  'VUV' => 132.303796,
  'WST' => 3.12032,
  'XAF' => 655.957,
  'XAG' => 0.035812,
  'XAU' => 0.000426,
  'XCD' => 3.011722,
  'XDR' => 0.826144,
  'XOF' => 655.957,
  'XPD' => 0.00104,
  'XPF' => 119.331742,
  'XPT' => 0.00114,
  'YER' => 278.962154,
  'ZAR' => 19.501903,
  'ZMW' => 29.511882,
  'ZWL' => 358.836797,
)
2024-09-20T23:36:40+00:00 INFO ENVIRONMENT: array (
  'WP_User' => 'Guest (non logged-in user)',
  'HTTP_REFERER' => '--',
  'HTTP_USER_AGENT' => 'Mozilla/5.0 (Windows NT 10.0; Win64; x64; rv:125.0) Gecko/20100101 Firefox/125.0',
  'REQUEST_URI' => '/',
  'DOING_AJAX' => false,
  'DOING_CRON' => false,
  'WP_CLI' => false,
)
2024-09-20T23:36:40+00:00 INFO REQUEST GET https://public-api.wordpress.com/wpcom/v2/sites/%s/wcpay/currency/rates?test_mode=1&currency_from=eur
2024-09-20T23:36:40+00:00 INFO HEADERS: array (
  'Content-Type' => 'application/json; charset=utf-8',
  'User-Agent' => 'WooCommerce Payments/7.4.0',
)
2024-09-20T23:36:41+00:00 INFO RESPONSE: array (
  'AED' => 4.100272,
  'AFN' => 77.012773,
  'ALL' => 99.320724,
  'AMD' => 432.996723,
  'ANG' => 2.012533,
  'AOA' => 1035.705621,
  'ARS' => 1074.472536,
  'AUD' => 1.639964,
  'AWG' => 2.009412,
  'AZN' => 1.897778,
  'BAM' => 1.957176,
  'BBD' => 2.23268,
  'BDT' => 133.443843,
  'BGN' => 1.955939,
  'BHD' => 0.420772,
  'BIF' => 3237.103847,
  'BMD' => 1.11634,
  'BND' => 1.442915,
  'BOB' => 7.716288,
  'BRL' => 6.152931,
  'BSD' => 1.11634,
  'BTC' => 1.8E-5,
  'BTN' => 93.330651,
  'BWP' => 14.761512,
  'BYN' => 3.65447,
  'BZD' => 2.250843,
  'CAD' => 1.514924,
  'CDF' => 3171.528096,
  'CHF' => 0.949347,
  'CLF' => 0.037652,
  'CLP' => 1038.921797,
  'CNH' => 7.860797,
  'CNY' => 7.872318,
  'COP' => 4642.670824,
  'CRC' => 579.396922,
  'CUC' => 1.11634,
  'CUP' => 28.745754,
  'CVE' => 110.341118,
  'CZK' => 25.062829,
  'DJF' => 198.516473,
  'DKK' => 7.458907,
  'DOP' => 67.027126,
  'DZD' => 147.685544,
  'EGP' => 54.147959,
  'ERN' => 16.7451,
  'ETB' => 129.579704,
  'EUR' => 1,
  'FJD' => 2.456841,
  'FKP' => 0.837843,
  'GBP' => 0.837843,
  'GEL' => 2.994582,
  'GGP' => 0.837843,
  'GHS' => 17.55503,
  'GIP' => 0.837843,
  'GMD' => 76.469288,
  'GNF' => 9647.70035,
  'GTQ' => 8.632147,
  'GYD' => 233.599991,
  'HKD' => 8.696805,
  'HNL' => 27.700478,
  'HRK' => 7.534711,
  'HTG' => 147.340967,
  'HUF' => 393.147662,
  'IDR' => 16924.60708,
  'ILS' => 4.219019,
  'IMP' => 0.837843,
  'INR' => 93.194247,
  'IQD' => 1462.828169,
  'IRR' => 46989.54036,
  'ISK' => 152.112485,
  'JEP' => 0.837843,
  'JMD' => 175.443375,
  'JOD' => 0.790927,
  'JPY' => 160.658085,
  'KES' => 144.05251,
  'KGS' => 94.038805,
  'KHR' => 4535.192964,
  'KMF' => 492.69641,
  'KPW' => 1004.705977,
  'KRW' => 1487.522157,
  'KWD' => 0.340562,
  'KYD' => 0.930563,
  'KZT' => 535.376678,
  'LAK' => 24657.2963,
  'LBP' => 99991.505171,
  'LKR' => 340.699435,
  'LRD' => 223.333038,
  'LSL' => 19.535634,
  'LYD' => 5.30292,
  'MAD' => 10.828202,
  'MDL' => 19.391101,
  'MGA' => 5050.448805,
  'MKD' => 61.645653,
  'MMK' => 2342.081266,
  'MNT' => 3793.323232,
  'MOP' => 8.963542,
  'MUR' => 51.217676,
  'MVR' => 17.146982,
  'MWK' => 1936.129432,
  'MXN' => 21.675784,
  'MYR' => 4.69421,
  'MZN' => 71.278308,
  'NAD' => 19.535547,
  'NGN' => 1830.183571,
  'NIO' => 41.098347,
  'NOK' => 11.706613,
  'NPR' => 149.332031,
  'NZD' => 1.78959,
  'OMR' => 0.429742,
  'PAB' => 1.11634,
  'PEN' => 4.185487,
  'PGK' => 4.436073,
  'PHP' => 62.127667,
  'PKR' => 310.27108,
  'PLN' => 4.269876,
  'PYG' => 8712.124589,
  'QAR' => 4.071163,
  'RON' => 4.974589,
  'RSD' => 117.081308,
  'RUB' => 103.094572,
  'RWF' => 1505.371574,
  'SAR' => 4.189001,
  'SBD' => 9.273366,
  'SCR' => 14.835379,
  'SDG' => 671.478494,
  'SEK' => 11.354852,
  'SGD' => 1.440799,
  'SHP' => 0.837843,
  'SLL' => 23409.091087,
  'SOS' => 638.154651,
  'SRD' => 33.719049,
  'SSP' => 145.414445,
  'STD' => 24874.064035,
  'SVC' => 9.770739,
  'SYP' => 2804.837675,
  'SZL' => 19.610966,
  'THB' => 36.795868,
  'TJS' => 11.870134,
  'TMT' => 3.90719,
  'TND' => 3.383579,
  'TOP' => 2.615663,
  'TRY' => 38.091725,
  'TTD' => 7.595204,
  'TWD' => 35.701667,
  'TZS' => 3043.36827,
  'UAH' => 46.30138,
  'UGX' => 4148.93764,
  'USD' => 1.11634,
  'UYU' => 46.14183,
  'UZS' => 14210.05267,
  'VND' => 27465.626681,
  'VUV' => 132.534114,
  'WST' => 3.125752,
  'XAF' => 655.957,
  'XAG' => 0.03581,
  'XAU' => 0.000426,
  'XCD' => 3.016965,
  'XDR' => 0.827582,
  'XOF' => 655.957,
  'XPD' => 0.00105,
  'XPF' => 119.331742,
  'XPT' => 0.001144,
  'YER' => 279.44778,
  'ZAR' => 19.434476,
  'ZMW' => 29.563257,
  'ZWL' => 359.461472,
)
