2024-10-11T01:05:41+00:00 INFO ENVIRONMENT: array (
  'WP_User' => 'Guest (non logged-in user)',
  'HTTP_REFERER' => '--',
  'HTTP_USER_AGENT' => 'Mozilla/5.0 (Windows NT 10.0; Win64; x64) AppleWebKit/537.36 (KHTML, like Gecko) Chrome/98.0.4758.102 Safari/537.36',
  'REQUEST_URI' => '/',
  'DOING_AJAX' => false,
  'DOING_CRON' => false,
  'WP_CLI' => false,
)
2024-10-11T01:05:41+00:00 INFO REQUEST GET https://public-api.wordpress.com/wpcom/v2/sites/%s/wcpay/currency/rates?test_mode=1&currency_from=eur
2024-10-11T01:05:41+00:00 INFO HEADERS: array (
  'Content-Type' => 'application/json; charset=utf-8',
  'User-Agent' => 'WooCommerce Payments/7.4.0',
)
2024-10-11T01:05:41+00:00 INFO RESPONSE: array (
  'AED' => 4.015936,
  'AFN' => 74.241064,
  'ALL' => 98.803715,
  'AMD' => 422.963833,
  'ANG' => 1.971234,
  'AOA' => 999.313552,
  'ARS' => 1065.735537,
  'AUD' => 1.621993,
  'AWG' => 1.969966,
  'AZN' => 1.858716,
  'BAM' => 1.955608,
  'BBD' => 2.186725,
  'BDT' => 130.703586,
  'BGN' => 1.955703,
  'BHD' => 0.41212,
  'BIF' => 3162.55074,
  'BMD' => 1.093362,
  'BND' => 1.429188,
  'BOB' => 7.557911,
  'BRL' => 6.104461,
  'BSD' => 1.093362,
  'BTC' => 1.8E-5,
  'BTN' => 91.826553,
  'BWP' => 14.545037,
  'BYN' => 3.579417,
  'BZD' => 2.204682,
  'CAD' => 1.502966,
  'CDF' => 3130.059426,
  'CHF' => 0.9366,
  'CLF' => 0.036816,
  'CLP' => 1016.925434,
  'CNH' => 7.74492,
  'CNY' => 7.742208,
  'COP' => 4632.843416,
  'CRC' => 564.82423,
  'CUC' => 1.093362,
  'CUP' => 28.154082,
  'CVE' => 110.253117,
  'CZK' => 25.340172,
  'DJF' => 194.358699,
  'DKK' => 7.46067,
  'DOP' => 65.931039,
  'DZD' => 145.497015,
  'EGP' => 53.118116,
  'ERN' => 16.400436,
  'ETB' => 132.9618,
  'EUR' => 1,
  'FJD' => 2.429725,
  'FKP' => 0.837092,
  'GBP' => 0.837092,
  'GEL' => 2.979413,
  'GGP' => 0.837092,
  'GHS' => 17.445517,
  'GIP' => 0.837092,
  'GMD' => 74.348643,
  'GNF' => 9439.347971,
  'GTQ' => 8.458858,
  'GYD' => 228.826964,
  'HKD' => 8.49499,
  'HNL' => 27.153492,
  'HRK' => 7.534369,
  'HTG' => 144.101888,
  'HUF' => 401.324414,
  'IDR' => 17153.054405,
  'ILS' => 4.119123,
  'IMP' => 0.837092,
  'INR' => 91.784439,
  'IQD' => 1432.612903,
  'IRR' => 46024.179056,
  'ISK' => 148.70822,
  'JEP' => 0.837092,
  'JMD' => 172.83302,
  'JOD' => 0.774866,
  'JPY' => 162.602305,
  'KES' => 141.068632,
  'KGS' => 93.154476,
  'KHR' => 4447.977627,
  'KMF' => 491.958564,
  'KPW' => 984.026159,
  'KRW' => 1476.864727,
  'KWD' => 0.335104,
  'KYD' => 0.911477,
  'KZT' => 542.50169,
  'LAK' => 23916.649236,
  'LBP' => 98128.067837,
  'LKR' => 320.339768,
  'LRD' => 210.947945,
  'LSL' => 19.276915,
  'LYD' => 5.240547,
  'MAD' => 10.742728,
  'MDL' => 19.232509,
  'MGA' => 5017.628075,
  'MKD' => 61.601328,
  'MMK' => 2293.874313,
  'MNT' => 3715.245432,
  'MOP' => 8.755238,
  'MUR' => 50.414945,
  'MVR' => 16.794047,
  'MWK' => 1896.650516,
  'MXN' => 21.268574,
  'MYR' => 4.690524,
  'MZN' => 69.838525,
  'NAD' => 19.276968,
  'NGN' => 1771.75332,
  'NIO' => 40.260375,
  'NOK' => 11.736491,
  'NPR' => 146.924161,
  'NZD' => 1.793769,
  'OMR' => 0.420925,
  'PAB' => 1.093362,
  'PEN' => 4.088661,
  'PGK' => 4.298902,
  'PHP' => 62.753532,
  'PKR' => 303.706313,
  'PLN' => 4.302431,
  'PYG' => 8530.150636,
  'QAR' => 3.982348,
  'RON' => 4.975892,
  'RSD' => 117.016463,
  'RUB' => 105.618282,
  'RWF' => 1474.574512,
  'SAR' => 4.105559,
  'SBD' => 9.03667,
  'SCR' => 15.253172,
  'SDG' => 657.657483,
  'SEK' => 11.362315,
  'SGD' => 1.427918,
  'SHP' => 0.837092,
  'SLL' => 22927.262829,
  'SOS' => 624.793402,
  'SRD' => 35.11224,
  'SSP' => 142.421386,
  'STD' => 24362.082305,
  'SVC' => 9.570971,
  'SYP' => 2747.105829,
  'SZL' => 19.214063,
  'THB' => 36.571332,
  'TJS' => 11.648521,
  'TMT' => 3.826768,
  'TND' => 3.363183,
  'TOP' => 2.580773,
  'TRY' => 37.473785,
  'TTD' => 7.425997,
  'TWD' => 35.217749,
  'TZS' => 2979.943373,
  'UAH' => 45.092035,
  'UGX' => 4019.523749,
  'USD' => 1.093362,
  'UYU' => 45.725181,
  'UZS' => 13979.043975,
  'VND' => 27163.375888,
  'VUV' => 129.806171,
  'WST' => 3.061415,
  'XAF' => 655.957,
  'XAG' => 0.035096,
  'XAU' => 0.000415,
  'XCD' => 2.954867,
  'XDR' => 0.81369,
  'XOF' => 655.957,
  'XPD' => 0.001014,
  'XPF' => 119.331742,
  'XPT' => 0.001126,
  'YER' => 273.777927,
  'ZAR' => 19.161723,
  'ZMW' => 29.038814,
  'ZWL' => 352.062693,
)
2024-10-11T07:36:03+00:00 INFO ENVIRONMENT: array (
  'WP_User' => 'Guest (non logged-in user)',
  'HTTP_REFERER' => 'https://www.udsp33.fr/',
  'HTTP_USER_AGENT' => 'Mozilla/5.0 (Windows NT 10.0; Win64; x64) AppleWebKit/537.36 (KHTML, like Gecko) Chrome/129.0.0.0 Safari/537.36 Edg/129.0.0.0',
  'REQUEST_URI' => '/event/congres-secours-sante-des-sapeurs-pompiers-de-france/',
  'DOING_AJAX' => false,
  'DOING_CRON' => false,
  'WP_CLI' => false,
)
2024-10-11T07:36:03+00:00 INFO REQUEST GET https://public-api.wordpress.com/wpcom/v2/sites/%s/wcpay/accounts?test_mode=true
2024-10-11T07:36:03+00:00 INFO HEADERS: array (
  'Content-Type' => 'application/json; charset=utf-8',
  'User-Agent' => 'WooCommerce Payments/7.4.0',
)
2024-10-11T07:36:06+00:00 INFO RESPONSE: array (
  'account_id' => 'acct_1OrB4iFy7FStQedj',
  'email' => '(redacted)',
  'live_publishable_key' => 'pk_live_iBIpeqzKOOx2Y8PFCRBfyMU000Q7xVG4Sn',
  'test_publishable_key' => 'pk_test_51ETDmyFuiXB5oUVxwSobQMW5Tno1GclIq7ePZWzLeW4q8oa7Zb8hI5VfwI5sNT5nXuKYinLukNvGCXmsQXAoDGHG00MqHqlYHR',
  'is_live' => false,
  'is_test_drive' => false,
  'created' => '2024-03-06 03:23:26',
  'has_pending_requirements' => true,
  'has_future_requirements' => false,
  'has_overdue_requirements' => false,
  'details_submitted' => true,
  'current_deadline' => 1711614200,
  'status' => 'restricted_soon',
  'capabilities' => 
  array (
    'card_payments' => 'active',
    'giropay_payments' => 'active',
    'klarna_payments' => 'active',
    'transfers' => 'active',
    'bancontact_payments' => 'unrequested',
    'bank_transfer_payments' => 'unrequested',
    'blik_payments' => 'unrequested',
    'cartes_bancaires_payments' => 'unrequested',
    'eps_payments' => 'unrequested',
    'ideal_payments' => 'unrequested',
    'klarna' => 'unrequested',
    'link_payments' => 'unrequested',
    'mobilepay_payments' => 'unrequested',
    'multibanco_payments' => 'unrequested',
    'p24_payments' => 'unrequested',
    'sepa_bank_transfer_payments' => 'unrequested',
    'sepa_debit_payments' => 'unrequested',
    'sofort_payments' => 'unrequested',
    'twint_payments' => 'unrequested',
  ),
  'capability_requirements' => 
  array (
    'bancontact_payments' => 
    array (
    ),
    'bank_transfer_payments' => 
    array (
    ),
    'blik_payments' => 
    array (
    ),
    'card_payments' => 
    array (
    ),
    'cartes_bancaires_payments' => 
    array (
    ),
    'eps_payments' => 
    array (
    ),
    'giropay_payments' => 
    array (
    ),
    'ideal_payments' => 
    array (
    ),
    'klarna' => 
    array (
      0 => 'email',
    ),
    'klarna_payments' => 
    array (
    ),
    'link_payments' => 
    array (
    ),
    'mobilepay_payments' => 
    array (
    ),
    'multibanco_payments' => 
    array (
    ),
    'p24_payments' => 
    array (
    ),
    'sepa_bank_transfer_payments' => 
    array (
    ),
    'sepa_debit_payments' => 
    array (
    ),
    'sofort_payments' => 
    array (
    ),
    'transfers' => 
    array (
    ),
    'twint_payments' => 
    array (
    ),
  ),
  'payments_enabled' => true,
  'deposits' => 
  array (
    'status' => 'enabled',
    'restrictions' => 'deposits_unrestricted',
    'interval' => 'daily',
    'weekly_anchor' => '',
    'monthly_anchor' => NULL,
    'delay_days' => 7,
    'completed_waiting_period' => false,
    'minimum_manual_deposit_amounts' => 
    array (
      'aud' => 500,
      'bgn' => 100,
      'cad' => 500,
      'chf' => 500,
      'czk' => 3000,
      'dkk' => 5000,
      'eur' => 500,
      'gbp' => 500,
      'hkd' => 5000,
      'huf' => 36000,
      'nok' => 5000,
      'nzd' => 500,
      'jpy' => 50,
      'sek' => 5000,
      'sgd' => 500,
      'usd' => 500,
      'ron' => 500,
      'pln' => 500,
      'aed' => 200,
    ),
    'minimum_scheduled_deposit_amounts' => 
    array (
      'aed' => 200,
      'aud' => 0,
      'bgn' => 100,
      'cad' => 0,
      'chf' => 500,
      'czk' => 3000,
      'dkk' => 2000,
      'eur' => 100,
      'gbp' => 100,
      'hkd' => 0,
      'huf' => 36000,
      'jpy' => 1,
      'nok' => 2000,
      'nzd' => 0,
      'pln' => 500,
      'ron' => 500,
      'sek' => 2000,
      'sgd' => 100,
      'usd' => 0,
    ),
  ),
  'lifetime_total_payment_volume' => 424476,
  'requirements' => 
  array (
    'errors' => 
    array (
      0 => 
      array (
        'code' => 'verification_failed_keyed_identity',
        'detailed_code' => 'verification_failed_keyed_identity',
        'reason' => 'Name on the document doesn’t match the name provided for this account. Provide a matching document or update the name on this account.',
        'requirement' => 'individual.verification.document',
      ),
    ),
  ),
  'statement_descriptor' => 'PHN.PIXODEO.DEV',
  'statement_descriptor_kanji' => '',
  'statement_descriptor_kana' => '',
  'latest_tos_agreement' => 
  array (
    'date' => '2024-03-06 03:23:26',
    'source' => 'signup',
    'is_current_version' => true,
  ),
  'fees' => 
  array (
    'base' => 
    array (
      'percentage_rate' => 0.015,
      'fixed_rate' => 25,
      'currency' => 'eur',
    ),
    'discount' => 
    array (
    ),
    'card' => 
    array (
      'base' => 
      array (
        'percentage_rate' => 0.015,
        'fixed_rate' => 25,
        'currency' => 'eur',
      ),
      'additional' => 
      array (
        'percentage_rate' => 0.02,
        'fixed_rate' => 0,
        'currency' => 'eur',
      ),
      'fx' => 
      array (
        'percentage_rate' => 0.02,
        'fixed_rate' => 0,
        'currency' => 'eur',
      ),
      'discount' => 
      array (
      ),
    ),
    'bancontact' => 
    array (
      'base' => 
      array (
        'percentage_rate' => 0.014,
        'fixed_rate' => 25,
        'currency' => 'eur',
      ),
      'additional' => 
      array (
        'percentage_rate' => 0,
        'fixed_rate' => 0,
        'currency' => 'eur',
      ),
      'fx' => 
      array (
        'percentage_rate' => 0,
        'fixed_rate' => 0,
        'currency' => 'eur',
      ),
      'discount' => 
      array (
      ),
    ),
    'eps' => 
    array (
      'base' => 
      array (
        'percentage_rate' => 0.018,
        'fixed_rate' => 25,
        'currency' => 'eur',
      ),
      'additional' => 
      array (
        'percentage_rate' => 0,
        'fixed_rate' => 0,
        'currency' => 'eur',
      ),
      'fx' => 
      array (
        'percentage_rate' => 0,
        'fixed_rate' => 0,
        'currency' => 'eur',
      ),
      'discount' => 
      array (
      ),
    ),
    'ideal' => 
    array (
      'base' => 
      array (
        'percentage_rate' => 0,
        'fixed_rate' => 29,
        'currency' => 'eur',
      ),
      'additional' => 
      array (
        'percentage_rate' => 0,
        'fixed_rate' => 0,
        'currency' => 'eur',
      ),
      'fx' => 
      array (
        'percentage_rate' => 0,
        'fixed_rate' => 0,
        'currency' => 'eur',
      ),
      'discount' => 
      array (
      ),
    ),
    'giropay' => 
    array (
      'base' => 
      array (
        'percentage_rate' => 0.014,
        'fixed_rate' => 25,
        'currency' => 'eur',
      ),
      'additional' => 
      array (
        'percentage_rate' => 0,
        'fixed_rate' => 0,
        'currency' => 'eur',
      ),
      'fx' => 
      array (
        'percentage_rate' => 0,
        'fixed_rate' => 0,
        'currency' => 'eur',
      ),
      'discount' => 
      array (
      ),
    ),
    'p24' => 
    array (
      'base' => 
      array (
        'percentage_rate' => 0.022,
        'fixed_rate' => 25,
        'currency' => 'eur',
      ),
      'additional' => 
      array (
        'percentage_rate' => 0,
        'fixed_rate' => 0,
        'currency' => 'eur',
      ),
      'fx' => 
      array (
        'percentage_rate' => 0,
        'fixed_rate' => 0,
        'currency' => 'eur',
      ),
      'discount' => 
      array (
      ),
    ),
    'klarna' => 
    array (
      'base' => 
      array (
        'percentage_rate' => 0.0499,
        'fixed_rate' => 40,
        'currency' => 'eur',
      ),
      'additional' => 
      array (
        'percentage_rate' => 0,
        'fixed_rate' => 0,
        'currency' => 'eur',
      ),
      'fx' => 
      array (
        'percentage_rate' => 0,
        'fixed_rate' => 0,
        'currency' => 'eur',
      ),
      'discount' => 
      array (
      ),
    ),
  ),
  'capital' => 
  array (
    'has_active_loan' => false,
    'has_previous_loans' => false,
    'loans' => 
    array (
    ),
  ),
  'fraud_services' => 
  array (
    'stripe' => 
    array (
    ),
    'sift' => 
    array (
      'beacon_key' => 'affbdadb36',
      'sandbox_beacon_key' => '6ad0ad748b',
    ),
  ),
  'store_currencies' => 
  array (
    'default' => 'eur',
    'supported' => 
    array (
      0 => 'eur',
    ),
  ),
  'customer_currencies' => 
  array (
    'supported' => 
    array (
      0 => 'usd',
      1 => 'aed',
      2 => 'afn',
      3 => 'all',
      4 => 'amd',
      5 => 'ang',
      6 => 'aoa',
      7 => 'ars',
      8 => 'aud',
      9 => 'awg',
      10 => 'azn',
      11 => 'bam',
      12 => 'bbd',
      13 => 'bdt',
      14 => 'bgn',
      15 => 'bif',
      16 => 'bmd',
      17 => 'bnd',
      18 => 'bob',
      19 => 'brl',
      20 => 'bsd',
      21 => 'bwp',
      22 => 'byn',
      23 => 'bzd',
      24 => 'cad',
      25 => 'cdf',
      26 => 'chf',
      27 => 'clp',
      28 => 'cny',
      29 => 'cop',
      30 => 'crc',
      31 => 'cve',
      32 => 'czk',
      33 => 'djf',
      34 => 'dkk',
      35 => 'dop',
      36 => 'dzd',
      37 => 'egp',
      38 => 'etb',
      39 => 'eur',
      40 => 'fjd',
      41 => 'fkp',
      42 => 'gbp',
      43 => 'gel',
      44 => 'gip',
      45 => 'gmd',
      46 => 'gnf',
      47 => 'gtq',
      48 => 'gyd',
      49 => 'hkd',
      50 => 'hnl',
      51 => 'htg',
      52 => 'huf',
      53 => 'idr',
      54 => 'ils',
      55 => 'inr',
      56 => 'isk',
      57 => 'jmd',
      58 => 'jpy',
      59 => 'kes',
      60 => 'kgs',
      61 => 'khr',
      62 => 'kmf',
      63 => 'krw',
      64 => 'kyd',
      65 => 'kzt',
      66 => 'lak',
      67 => 'lbp',
      68 => 'lkr',
      69 => 'lrd',
      70 => 'lsl',
      71 => 'mad',
      72 => 'mdl',
      73 => 'mga',
      74 => 'mkd',
      75 => 'mmk',
      76 => 'mnt',
      77 => 'mop',
      78 => 'mur',
      79 => 'mvr',
      80 => 'mwk',
      81 => 'mxn',
      82 => 'myr',
      83 => 'mzn',
      84 => 'nad',
      85 => 'ngn',
      86 => 'nio',
      87 => 'nok',
      88 => 'npr',
      89 => 'nzd',
      90 => 'pab',
      91 => 'pen',
      92 => 'pgk',
      93 => 'php',
      94 => 'pkr',
      95 => 'pln',
      96 => 'pyg',
      97 => 'qar',
      98 => 'ron',
      99 => 'rsd',
      100 => 'rub',
      101 => 'rwf',
      102 => 'sar',
      103 => 'sbd',
      104 => 'scr',
      105 => 'sek',
      106 => 'sgd',
      107 => 'shp',
      108 => 'sle',
      109 => 'sos',
      110 => 'srd',
      111 => 'std',
      112 => 'szl',
      113 => 'thb',
      114 => 'tjs',
      115 => 'top',
      116 => 'try',
      117 => 'ttd',
      118 => 'twd',
      119 => 'tzs',
      120 => 'uah',
      121 => 'ugx',
      122 => 'uyu',
      123 => 'uzs',
      124 => 'vnd',
      125 => 'vuv',
      126 => 'wst',
      127 => 'xaf',
      128 => 'xcd',
      129 => 'xof',
      130 => 'xpf',
      131 => 'yer',
      132 => 'zar',
      133 => 'zmw',
    ),
  ),
  'country' => '(redacted)',
  'instant_deposits_eligible' => false,
  'card_present_eligible' => false,
  'has_card_readers_available' => false,
  'platform_checkout_eligible' => false,
  'platform_direct_checkout_eligible' => false,
  'platform_global_theme_support_enabled' => false,
  'business_profile' => 
  array (
    'name' => '(redacted)',
    'url' => 'https://phn.pixodeo.dev',
    'support_address' => 
    array (
    ),
    'support_email' => NULL,
    'support_phone' => NULL,
  ),
  'branding' => 
  array (
    'icon' => NULL,
    'logo' => NULL,
    'primary_color' => NULL,
    'secondary_color' => NULL,
  ),
  'locale' => 'en_US',
  'has_more_failed_events' => false,
  'has_submitted_vat_data' => false,
  'is_documents_enabled' => true,
  'card_testing_protection_eligible' => false,
  'progressive_onboarding' => 
  array (
    'is_enabled' => false,
    'is_complete' => false,
    'tpv' => NULL,
    'first_transaction_date' => NULL,
    'kyc_deadline_date' => NULL,
  ),
  'fraud_mitigation_settings' => 
  array (
    'avs_check_enabled' => false,
    'cvc_check_enabled' => true,
  ),
  'is_deferred_intent_creation_upe_enabled' => true,
  'pre_check_save_my_info' => false,
)
2024-10-11T07:36:06+00:00 INFO ENVIRONMENT: array (
  'WP_User' => 'Guest (non logged-in user)',
  'HTTP_REFERER' => 'https://www.udsp33.fr/',
  'HTTP_USER_AGENT' => 'Mozilla/5.0 (Windows NT 10.0; Win64; x64) AppleWebKit/537.36 (KHTML, like Gecko) Chrome/129.0.0.0 Safari/537.36 Edg/129.0.0.0',
  'REQUEST_URI' => '/event/congres-secours-sante-des-sapeurs-pompiers-de-france/',
  'DOING_AJAX' => false,
  'DOING_CRON' => false,
  'WP_CLI' => false,
)
2024-10-11T07:36:06+00:00 INFO REQUEST POST https://public-api.wordpress.com/wpcom/v2/sites/%s/wcpay/compatibility
2024-10-11T07:36:06+00:00 INFO HEADERS: array (
  'Content-Type' => 'application/json; charset=utf-8',
  'User-Agent' => 'WooCommerce Payments/7.4.0',
  'Idempotency-Key' => 'ad636568-03b5-47d1-9dd3-34067e4428f8',
)
2024-10-11T07:36:06+00:00 INFO BODY: array (
  'test_mode' => true,
  'compatibility_data' => 
  array (
    'woopayments_version' => '7.4.0',
    'woocommerce_version' => '8.7.0',
    'blog_theme' => 'grandconference-child',
    'active_plugins' => 
    array (
      0 => 'advanced-custom-fields-pro/acf.php',
      1 => 'contact-form-7/wp-contact-form-7.php',
      2 => 'contact-form-entries/contact-form-entries.php',
      3 => 'duplicate-post/duplicate-post.php',
      4 => 'elementor/elementor.php',
      5 => 'email-log/email-log.php',
      6 => 'extended-google-map-for-elementor/elementor-google-map-extended.php',
      7 => 'fooevents-calendar/fooevents-calendar.php',
      8 => 'fooevents/fooevents.php',
      9 => 'fooevents_bookings/fooevents-bookings.php',
      10 => 'fooevents_custom_attendee_fields/fooevents-custom-attendee-fields.php',
      11 => 'fooevents_pdf_tickets/fooevents-pdf-tickets.php',
      12 => 'grandconference-custom-post/grandconference-custom-post.php',
      13 => 'grandconference-elementor/grandconference-elementor.php',
      14 => 'loco-translate/loco.php',
      15 => 'loftloader/loftloader.php',
      16 => 'mailchimp-for-wp/mailchimp-for-wp.php',
      17 => 'revslider/revslider.php',
      18 => 'shortcode-elementor/elementor-shortcode.php',
      19 => 'smtp-mailer/main.php',
      20 => 'the-events-calendar/the-events-calendar.php',
      22 => 'woo-systempay-payment/woo-systempay-payment.php',
      23 => 'woocommerce-gateway-stripe/woocommerce-gateway-stripe.php',
      24 => 'woocommerce-payments/woocommerce-payments.php',
      25 => 'woocommerce/woocommerce.php',
    ),
    'post_types_count' => 
    array (
      'post' => 15,
      'page' => 33,
      'attachment' => 0,
      'e-landing-page' => 0,
      'elementor_library' => 4,
      'product' => 30,
      'event_magic_tickets' => 210,
      'header' => 10,
      'footer' => 7,
      'megamenu' => 3,
      'fullmenu' => 1,
      'galleries' => 1,
      'rs_elements' => 0,
      'tribe_events' => 2,
    ),
  ),
)
2024-10-11T07:36:07+00:00 INFO RESPONSE: array (
  'result' => 'success',
)
2024-10-11T07:36:07+00:00 INFO ENVIRONMENT: array (
  'WP_User' => 'Guest (non logged-in user)',
  'HTTP_REFERER' => 'https://www.udsp33.fr/',
  'HTTP_USER_AGENT' => 'Mozilla/5.0 (Windows NT 10.0; Win64; x64) AppleWebKit/537.36 (KHTML, like Gecko) Chrome/129.0.0.0 Safari/537.36 Edg/129.0.0.0',
  'REQUEST_URI' => '/event/congres-secours-sante-des-sapeurs-pompiers-de-france/',
  'DOING_AJAX' => false,
  'DOING_CRON' => false,
  'WP_CLI' => false,
)
2024-10-11T07:36:07+00:00 INFO REQUEST GET https://public-api.wordpress.com/wpcom/v2/sites/%s/wcpay/currency/rates?test_mode=1&currency_from=eur
2024-10-11T07:36:07+00:00 INFO HEADERS: array (
  'Content-Type' => 'application/json; charset=utf-8',
  'User-Agent' => 'WooCommerce Payments/7.4.0',
)
2024-10-11T07:36:07+00:00 INFO RESPONSE: array (
  'AED' => 4.016599,
  'AFN' => 73.806086,
  'ALL' => 98.700948,
  'AMD' => 422.716529,
  'ANG' => 1.971119,
  'AOA' => 999.483961,
  'ARS' => 1065.922193,
  'AUD' => 1.623205,
  'AWG' => 1.970302,
  'AZN' => 1.859033,
  'BAM' => 1.955405,
  'BBD' => 2.187098,
  'BDT' => 130.693572,
  'BGN' => 1.956091,
  'BHD' => 0.412247,
  'BIF' => 3163.090036,
  'BMD' => 1.093549,
  'BND' => 1.430842,
  'BOB' => 7.557506,
  'BRL' => 6.105502,
  'BSD' => 1.093549,
  'BTC' => 1.8E-5,
  'BTN' => 91.821651,
  'BWP' => 14.544191,
  'BYN' => 3.578914,
  'BZD' => 2.204554,
  'CAD' => 1.504203,
  'CDF' => 3116.478979,
  'CHF' => 0.937429,
  'CLF' => 0.036823,
  'CLP' => 1017.098846,
  'CNH' => 7.742747,
  'CNY' => 7.734562,
  'COP' => 4632.944155,
  'CRC' => 564.793121,
  'CUC' => 1.093549,
  'CUP' => 28.158883,
  'CVE' => 110.243217,
  'CZK' => 25.338622,
  'DJF' => 194.762347,
  'DKK' => 7.460488,
  'DOP' => 65.847584,
  'DZD' => 145.532481,
  'EGP' => 53.118042,
  'ERN' => 16.403233,
  'ETB' => 133.262757,
  'EUR' => 1,
  'FJD' => 2.430686,
  'FKP' => 0.837846,
  'GBP' => 0.837846,
  'GEL' => 2.979921,
  'GGP' => 0.837846,
  'GHS' => 17.441552,
  'GIP' => 0.837846,
  'GMD' => 74.361322,
  'GNF' => 9437.28967,
  'GTQ' => 8.458328,
  'GYD' => 228.814787,
  'HKD' => 8.497972,
  'HNL' => 27.172876,
  'HRK' => 7.535237,
  'HTG' => 144.092193,
  'HUF' => 401.048408,
  'IDR' => 17075.382483,
  'ILS' => 4.117627,
  'IMP' => 0.837846,
  'INR' => 91.846012,
  'IQD' => 1432.71258,
  'IRR' => 46032.027367,
  'ISK' => 148.700772,
  'JEP' => 0.837846,
  'JMD' => 172.81663,
  'JOD' => 0.774998,
  'JPY' => 162.606066,
  'KES' => 141.078737,
  'KGS' => 93.170362,
  'KHR' => 4447.173684,
  'KMF' => 492.042456,
  'KPW' => 984.193961,
  'KRW' => 1474.387582,
  'KWD' => 0.335196,
  'KYD' => 0.911416,
  'KZT' => 542.460618,
  'LAK' => 23917.884966,
  'LBP' => 97938.657694,
  'LKR' => 320.315208,
  'LRD' => 211.086826,
  'LSL' => 19.212708,
  'LYD' => 5.23499,
  'MAD' => 10.735678,
  'MDL' => 19.334676,
  'MGA' => 5024.032367,
  'MKD' => 61.602534,
  'MMK' => 2294.265478,
  'MNT' => 3715.878978,
  'MOP' => 8.754729,
  'MUR' => 50.412603,
  'MVR' => 16.79691,
  'MWK' => 1896.337628,
  'MXN' => 21.267698,
  'MYR' => 4.688044,
  'MZN' => 69.850434,
  'NAD' => 19.214115,
  'NGN' => 1771.647549,
  'NIO' => 40.25223,
  'NOK' => 11.738749,
  'NPR' => 146.916274,
  'NZD' => 1.793576,
  'OMR' => 0.420987,
  'PAB' => 1.093549,
  'PEN' => 4.073977,
  'PGK' => 4.299189,
  'PHP' => 62.618245,
  'PKR' => 303.775457,
  'PLN' => 4.301992,
  'PYG' => 8529.343394,
  'QAR' => 3.987612,
  'RON' => 4.976085,
  'RSD' => 117.028277,
  'RUB' => 106.019094,
  'RWF' => 1472.418009,
  'SAR' => 4.106446,
  'SBD' => 9.038211,
  'SCR' => 14.680588,
  'SDG' => 657.769631,
  'SEK' => 11.362082,
  'SGD' => 1.428124,
  'SHP' => 0.837846,
  'SLL' => 22931.172519,
  'SOS' => 625.078743,
  'SRD' => 35.118228,
  'SSP' => 142.445673,
  'STD' => 24366.236669,
  'SVC' => 9.570064,
  'SYP' => 2747.574281,
  'SZL' => 19.208291,
  'THB' => 36.460012,
  'TJS' => 11.647738,
  'TMT' => 3.827421,
  'TND' => 3.363756,
  'TOP' => 2.581213,
  'TRY' => 37.497788,
  'TTD' => 7.425498,
  'TWD' => 35.186573,
  'TZS' => 2980.332329,
  'UAH' => 45.088594,
  'UGX' => 4019.204976,
  'USD' => 1.093549,
  'UYU' => 45.732978,
  'UZS' => 13975.165054,
  'VND' => 27145.314565,
  'VUV' => 129.828306,
  'WST' => 3.061937,
  'XAF' => 655.957,
  'XAG' => 0.035013,
  'XAU' => 0.000413,
  'XCD' => 2.95537,
  'XDR' => 0.813643,
  'XOF' => 655.957,
  'XPD' => 0.001014,
  'XPF' => 119.331742,
  'XPT' => 0.001123,
  'YER' => 273.824613,
  'ZAR' => 19.152599,
  'ZMW' => 29.037129,
  'ZWL' => 352.122728,
)
2024-10-11T09:12:04+00:00 INFO ENVIRONMENT: array (
  'WP_User' => 'pixodeo',
  'HTTP_REFERER' => 'https://phn-events.com/wp-admin/admin.php?page=acf-options',
  'HTTP_USER_AGENT' => 'Mozilla/5.0 (Windows NT 10.0; Win64; x64) AppleWebKit/537.36 (KHTML, like Gecko) Chrome/127.0.0.0 Safari/537.36 OPR/113.0.0.0',
  'REQUEST_URI' => '/wp-admin/admin.php?page=acf-options',
  'DOING_AJAX' => false,
  'DOING_CRON' => false,
  'WP_CLI' => false,
)
2024-10-11T09:12:04+00:00 INFO REQUEST GET https://public-api.wordpress.com/wpcom/v2/sites/%s/wcpay/disputes/status_counts?test_mode=1
2024-10-11T09:12:04+00:00 INFO HEADERS: array (
  'Content-Type' => 'application/json; charset=utf-8',
  'User-Agent' => 'WooCommerce Payments/7.4.0',
)
2024-10-11T09:12:04+00:00 INFO RESPONSE: array (
)
2024-10-11T09:12:05+00:00 INFO ENVIRONMENT: array (
  'WP_User' => 'Guest (non logged-in user)',
  'HTTP_REFERER' => '--',
  'HTTP_USER_AGENT' => 'WordPress/6.6.2; https://phn-events.com',
  'REQUEST_URI' => '/wp-cron.php?doing_wp_cron=1728637924.1938219070434570312500',
  'DOING_AJAX' => false,
  'DOING_CRON' => true,
  'WP_CLI' => false,
)
2024-10-11T09:12:05+00:00 INFO REQUEST GET https://public-api.wordpress.com/wpcom/v2/wcpay/woopay/compatibility?test_mode=1
2024-10-11T09:12:05+00:00 INFO HEADERS: array (
  'Content-Type' => 'application/json; charset=utf-8',
  'User-Agent' => 'WooCommerce Payments/7.4.0',
)
2024-10-11T09:12:05+00:00 INFO RESPONSE: array (
  'incompatible_extensions' => 
  array (
    0 => 'class-wcdonation',
    1 => 'woocommerce-table-rate-shipping',
    2 => 'woocommerce-memberships-for-teams',
    3 => 'woocommerce-checkout-add-ons',
    4 => 'woocommerce-checkout-field-editor',
    5 => 'woocommerce-eu-vat-number',
    6 => 'woocommerce-order-delivery',
    7 => 'woocommerce-pdf-product-vouchers',
    8 => 'woocommerce-shipping-local-pickup-plus',
    9 => 'woocommerce-shipping-multiple-addresses',
    10 => 'woocommerce-smart-coupons',
    11 => 'woocommerce-subscriptions-gifting',
    12 => 'advanced-product-fields-for-woocommerce',
  ),
  'adapted_extensions' => 
  array (
    0 => 'woocommerce-points-and-rewards',
    1 => 'woocommerce-gift-cards',
  ),
  'available_countries' => 
  array (
    0 => 'US',
  ),
)
2024-10-11T14:38:14+00:00 INFO ENVIRONMENT: array (
  'WP_User' => 'Guest (non logged-in user)',
  'HTTP_REFERER' => '--',
  'HTTP_USER_AGENT' => 'Mozilla/5.0 (iPhone; CPU iPhone OS 13_2_3 like Mac OS X) AppleWebKit/605.1.15 (KHTML, like Gecko) Version/13.0.3 Mobile/15E148 Safari/604.1',
  'REQUEST_URI' => '/',
  'DOING_AJAX' => false,
  'DOING_CRON' => false,
  'WP_CLI' => false,
)
2024-10-11T14:38:14+00:00 INFO REQUEST GET https://public-api.wordpress.com/wpcom/v2/sites/%s/wcpay/currency/rates?test_mode=1&currency_from=eur
2024-10-11T14:38:14+00:00 INFO HEADERS: array (
  'Content-Type' => 'application/json; charset=utf-8',
  'User-Agent' => 'WooCommerce Payments/7.4.0',
)
2024-10-11T14:38:14+00:00 INFO RESPONSE: array (
  'AED' => 4.014992,
  'AFN' => 73.993632,
  'ALL' => 98.74503,
  'AMD' => 422.781763,
  'ANG' => 1.971245,
  'AOA' => 999.070411,
  'ARS' => 1065.490882,
  'AUD' => 1.624106,
  'AWG' => 1.969486,
  'AZN' => 1.858264,
  'BAM' => 1.956178,
  'BBD' => 2.186193,
  'BDT' => 130.705309,
  'BGN' => 1.954659,
  'BHD' => 0.41204,
  'BIF' => 3161.781266,
  'BMD' => 1.093096,
  'BND' => 1.428663,
  'BOB' => 7.585397,
  'BRL' => 6.103085,
  'BSD' => 1.093096,
  'BTC' => 1.8E-5,
  'BTN' => 91.921592,
  'BWP' => 14.515276,
  'BYN' => 3.579345,
  'BZD' => 2.204646,
  'CAD' => 1.505653,
  'CDF' => 3116.699567,
  'CHF' => 0.937286,
  'CLF' => 0.036747,
  'CLP' => 1013.945267,
  'CNH' => 7.731886,
  'CNY' => 7.725349,
  'COP' => 4595.411655,
  'CRC' => 565.003946,
  'CUC' => 1.093096,
  'CUP' => 28.147232,
  'CVE' => 110.28633,
  'CZK' => 25.291554,
  'DJF' => 194.76596,
  'DKK' => 7.461295,
  'DOP' => 65.850918,
  'DZD' => 145.500865,
  'EGP' => 53.09931,
  'ERN' => 16.396446,
  'ETB' => 130.975415,
  'EUR' => 1,
  'FJD' => 2.430773,
  'FKP' => 0.836927,
  'GBP' => 0.836927,
  'GEL' => 2.978688,
  'GGP' => 0.836927,
  'GHS' => 17.451215,
  'GIP' => 0.836927,
  'GMD' => 74.330554,
  'GNF' => 9436.768134,
  'GTQ' => 8.457249,
  'GYD' => 228.832186,
  'HKD' => 8.494616,
  'HNL' => 27.205638,
  'HRK' => 7.534013,
  'HTG' => 144.106548,
  'HUF' => 400.887532,
  'IDR' => 17035.673498,
  'ILS' => 4.109719,
  'IMP' => 0.836927,
  'INR' => 91.903445,
  'IQD' => 1432.836754,
  'IRR' => 46012.981009,
  'ISK' => 149.098346,
  'JEP' => 0.836927,
  'JMD' => 173.163461,
  'JOD' => 0.774568,
  'JPY' => 162.876552,
  'KES' => 141.085949,
  'KGS' => 93.45974,
  'KHR' => 4443.721785,
  'KMF' => 491.838867,
  'KPW' => 983.786738,
  'KRW' => 1476.887951,
  'KWD' => 0.335078,
  'KYD' => 0.911443,
  'KZT' => 529.560415,
  'LAK' => 23982.33162,
  'LBP' => 97946.824074,
  'LKR' => 320.162,
  'LRD' => 211.100822,
  'LSL' => 19.113096,
  'LYD' => 5.235965,
  'MAD' => 10.725874,
  'MDL' => 19.304027,
  'MGA' => 5025.834848,
  'MKD' => 61.577045,
  'MMK' => 2293.316196,
  'MNT' => 3714.341484,
  'MOP' => 8.754413,
  'MUR' => 50.391744,
  'MVR' => 16.78996,
  'MWK' => 1896.645781,
  'MXN' => 21.234742,
  'MYR' => 4.686651,
  'MZN' => 69.821533,
  'NAD' => 19.112571,
  'NGN' => 1771.362676,
  'NIO' => 40.247047,
  'NOK' => 11.743779,
  'NPR' => 147.077772,
  'NZD' => 1.794963,
  'OMR' => 0.420809,
  'PAB' => 1.093096,
  'PEN' => 4.074313,
  'PGK' => 4.301832,
  'PHP' => 62.57485,
  'PKR' => 303.617936,
  'PLN' => 4.289498,
  'PYG' => 8536.457788,
  'QAR' => 3.987635,
  'RON' => 4.97501,
  'RSD' => 117.015967,
  'RUB' => 105.044176,
  'RWF' => 1472.73199,
  'SAR' => 4.105144,
  'SBD' => 9.034471,
  'SCR' => 14.88784,
  'SDG' => 657.49747,
  'SEK' => 11.357493,
  'SGD' => 1.427764,
  'SHP' => 0.836927,
  'SLL' => 22921.684444,
  'SOS' => 625.095242,
  'SRD' => 35.103697,
  'SSP' => 142.386734,
  'STD' => 24356.154818,
  'SVC' => 9.570851,
  'SYP' => 2746.437436,
  'SZL' => 19.105907,
  'THB' => 36.421971,
  'TJS' => 11.659448,
  'TMT' => 3.825837,
  'TND' => 3.362365,
  'TOP' => 2.580145,
  'TRY' => 37.482923,
  'TTD' => 7.424164,
  'TWD' => 35.182398,
  'TZS' => 2980.399177,
  'UAH' => 45.040211,
  'UGX' => 4019.749147,
  'USD' => 1.093096,
  'UYU' => 45.738848,
  'UZS' => 13965.752517,
  'VND' => 27130.718411,
  'VUV' => 129.774588,
  'WST' => 3.06067,
  'XAF' => 655.957,
  'XAG' => 0.035015,
  'XAU' => 0.000413,
  'XCD' => 2.954148,
  'XDR' => 0.81365,
  'XOF' => 655.957,
  'XPD' => 0.001016,
  'XPF' => 119.331742,
  'XPT' => 0.001124,
  'YER' => 273.711315,
  'ZAR' => 19.094276,
  'ZMW' => 28.902322,
  'ZWL' => 351.977033,
)
2024-10-11T17:31:24+00:00 INFO ENVIRONMENT: array (
  'WP_User' => 'Guest (non logged-in user)',
  'HTTP_REFERER' => '--',
  'HTTP_USER_AGENT' => 'Mozilla/5.0 (X11; Fedora; Linux x86_64; rv:94.0) Gecko/20100101 Firefox/95.0',
  'REQUEST_URI' => '/wp-login.php',
  'DOING_AJAX' => false,
  'DOING_CRON' => false,
  'WP_CLI' => false,
)
2024-10-11T17:31:24+00:00 INFO REQUEST GET https://public-api.wordpress.com/wpcom/v2/sites/%s/wcpay/disputes?test_mode=1&pagesize=50&search%5B0%5D=warning_needs_response&search%5B1%5D=needs_response
2024-10-11T17:31:24+00:00 INFO HEADERS: array (
  'Content-Type' => 'application/json; charset=utf-8',
  'User-Agent' => 'WooCommerce Payments/7.4.0',
)
2024-10-11T17:31:24+00:00 INFO RESPONSE: array (
  'data' => 
  array (
  ),
)
2024-10-11T22:07:59+00:00 INFO ENVIRONMENT: array (
  'WP_User' => 'Guest (non logged-in user)',
  'HTTP_REFERER' => '--',
  'HTTP_USER_AGENT' => 'Mozilla/5.0 (Windows NT 10.0; Win64; x64) AppleWebKit/537.36 (KHTML, like Gecko) Chrome/78.0.3904.108 Safari/537.36',
  'REQUEST_URI' => '/',
  'DOING_AJAX' => false,
  'DOING_CRON' => false,
  'WP_CLI' => false,
)
2024-10-11T22:07:59+00:00 INFO REQUEST GET https://public-api.wordpress.com/wpcom/v2/sites/%s/wcpay/currency/rates?test_mode=1&currency_from=eur
2024-10-11T22:07:59+00:00 INFO HEADERS: array (
  'Content-Type' => 'application/json; charset=utf-8',
  'User-Agent' => 'WooCommerce Payments/7.4.0',
)
2024-10-11T22:07:59+00:00 INFO RESPONSE: array (
  'AED' => 4.017135,
  'AFN' => 73.824293,
  'ALL' => 98.979238,
  'AMD' => 423.445212,
  'ANG' => 1.972322,
  'AOA' => 1000.182468,
  'ARS' => 1066.326109,
  'AUD' => 1.620358,
  'AWG' => 1.969195,
  'AZN' => 1.859279,
  'BAM' => 1.957246,
  'BBD' => 2.187386,
  'BDT' => 130.776678,
  'BGN' => 1.955939,
  'BHD' => 0.412216,
  'BIF' => 3164.601389,
  'BMD' => 1.093693,
  'BND' => 1.429443,
  'BOB' => 7.589539,
  'BRL' => 6.137916,
  'BSD' => 1.093693,
  'BTC' => 1.7E-5,
  'BTN' => 91.971784,
  'BWP' => 14.523202,
  'BYN' => 3.5813,
  'BZD' => 2.20585,
  'CAD' => 1.505305,
  'CDF' => 3146.008604,
  'CHF' => 0.937804,
  'CLF' => 0.03673,
  'CLP' => 1013.503651,
  'CNH' => 7.725297,
  'CNY' => 7.728255,
  'COP' => 4595.121546,
  'CRC' => 565.312455,
  'CUC' => 1.093693,
  'CUP' => 28.162601,
  'CVE' => 110.780188,
  'CZK' => 25.296468,
  'DJF' => 194.13055,
  'DKK' => 7.4603,
  'DOP' => 66.06454,
  'DZD' => 145.572744,
  'EGP' => 53.12429,
  'ERN' => 16.405399,
  'ETB' => 132.541567,
  'EUR' => 1,
  'FJD' => 2.428874,
  'FKP' => 0.836989,
  'GBP' => 0.836989,
  'GEL' => 2.980314,
  'GGP' => 0.836989,
  'GHS' => 17.449876,
  'GIP' => 0.836989,
  'GMD' => 74.917987,
  'GNF' => 9445.134818,
  'GTQ' => 8.461867,
  'GYD' => 228.957135,
  'HKD' => 8.506861,
  'HNL' => 27.156403,
  'HRK' => 7.534798,
  'HTG' => 144.185234,
  'HUF' => 401.319797,
  'IDR' => 17027.874103,
  'ILS' => 4.111816,
  'IMP' => 0.836989,
  'INR' => 91.99327,
  'IQD' => 1432.738144,
  'IRR' => 46047.219625,
  'ISK' => 149.496929,
  'JEP' => 0.836989,
  'JMD' => 173.258013,
  'JOD' => 0.774991,
  'JPY' => 163.115779,
  'KES' => 141.086428,
  'KGS' => 93.510772,
  'KHR' => 4445.863019,
  'KMF' => 491.615317,
  'KPW' => 984.323916,
  'KRW' => 1475.741594,
  'KWD' => 0.335253,
  'KYD' => 0.911941,
  'KZT' => 529.849571,
  'LAK' => 23930.008085,
  'LBP' => 97940.229616,
  'LKR' => 320.336818,
  'LRD' => 210.864073,
  'LSL' => 19.227127,
  'LYD' => 5.249728,
  'MAD' => 10.722022,
  'MDL' => 19.214669,
  'MGA' => 5009.115038,
  'MKD' => 61.610668,
  'MMK' => 2294.568417,
  'MNT' => 3716.369629,
  'MOP' => 8.759193,
  'MUR' => 50.419259,
  'MVR' => 16.799128,
  'MWK' => 1897.557771,
  'MXN' => 21.087718,
  'MYR' => 4.693584,
  'MZN' => 69.859657,
  'NAD' => 19.227127,
  'NGN' => 1772.329895,
  'NIO' => 40.280722,
  'NOK' => 11.699346,
  'NPR' => 147.158081,
  'NZD' => 1.790754,
  'OMR' => 0.420997,
  'PAB' => 1.093693,
  'PEN' => 4.122677,
  'PGK' => 4.299308,
  'PHP' => 62.634715,
  'PKR' => 303.663928,
  'PLN' => 4.293459,
  'PYG' => 8541.118957,
  'QAR' => 3.982137,
  'RON' => 4.973789,
  'RSD' => 117.026628,
  'RUB' => 104.792714,
  'RWF' => 1478.126413,
  'SAR' => 4.107357,
  'SBD' => 9.039404,
  'SCR' => 14.854937,
  'SDG' => 657.856484,
  'SEK' => 11.342583,
  'SGD' => 1.427051,
  'SHP' => 0.836989,
  'SLL' => 22934.20039,
  'SOS' => 624.49884,
  'SRD' => 34.939671,
  'SSP' => 142.464481,
  'STD' => 24369.454028,
  'SVC' => 9.576077,
  'SYP' => 2747.937076,
  'SZL' => 19.227127,
  'THB' => 36.277805,
  'TJS' => 11.665814,
  'TMT' => 3.827926,
  'TND' => 3.358732,
  'TOP' => 2.581554,
  'TRY' => 37.495305,
  'TTD' => 7.428218,
  'TWD' => 35.159287,
  'TZS' => 2982.026567,
  'UAH' => 45.064805,
  'UGX' => 4021.944054,
  'USD' => 1.093693,
  'UYU' => 45.653317,
  'UZS' => 13988.336536,
  'VND' => 27145.466209,
  'VUV' => 129.845449,
  'WST' => 3.062341,
  'XAF' => 655.957,
  'XAG' => 0.03468,
  'XAU' => 0.000412,
  'XCD' => 2.955761,
  'XDR' => 0.814094,
  'XOF' => 655.957,
  'XPD' => 0.001029,
  'XPF' => 119.331742,
  'XPT' => 0.001111,
  'YER' => 273.860769,
  'ZAR' => 19.052136,
  'ZMW' => 28.918104,
  'ZWL' => 352.169223,
)
