2024-10-05T03:26:42+00:00 INFO ENVIRONMENT: array (
  'WP_User' => 'Guest (non logged-in user)',
  'HTTP_REFERER' => '--',
  'HTTP_USER_AGENT' => 'Mozilla/5.0 (Linux; Android 12; Pixel 6) AppleWebKit/537.36 (KHTML, like Gecko) Chrome/114.0.0.0 Mobile Safari/537.36',
  'REQUEST_URI' => '/',
  'DOING_AJAX' => false,
  'DOING_CRON' => false,
  'WP_CLI' => false,
)
2024-10-05T03:26:42+00:00 INFO REQUEST GET https://public-api.wordpress.com/wpcom/v2/sites/%s/wcpay/currency/rates?test_mode=1&currency_from=eur
2024-10-05T03:26:42+00:00 INFO HEADERS: array (
  'Content-Type' => 'application/json; charset=utf-8',
  'User-Agent' => 'WooCommerce Payments/7.4.0',
)
2024-10-05T03:26:43+00:00 INFO RESPONSE: array (
  'AED' => 4.033138,
  'AFN' => 75.546239,
  'ALL' => 98.76202,
  'AMD' => 426.72193,
  'ANG' => 1.987138,
  'AOA' => 1013.500131,
  'ARS' => 1066.102355,
  'AUD' => 1.609572,
  'AWG' => 1.97649,
  'AZN' => 1.866685,
  'BAM' => 1.955444,
  'BBD' => 2.1961,
  'BDT' => 131.756007,
  'BGN' => 1.958577,
  'BHD' => 0.413625,
  'BIF' => 3198.811697,
  'BMD' => 1.09805,
  'BND' => 1.424802,
  'BOB' => 7.618612,
  'BRL' => 5.992388,
  'BSD' => 1.09805,
  'BTC' => 1.8E-5,
  'BTN' => 92.518161,
  'BWP' => 14.584343,
  'BYN' => 3.608243,
  'BZD' => 2.222395,
  'CAD' => 1.491317,
  'CDF' => 3135.111708,
  'CHF' => 0.941604,
  'CLF' => 0.036799,
  'CLP' => 1015.410738,
  'CNH' => 7.794069,
  'CNY' => 7.740813,
  'COP' => 4619.435167,
  'CRC' => 571.895567,
  'CUC' => 1.09805,
  'CUP' => 28.274787,
  'CVE' => 110.244896,
  'CZK' => 25.369017,
  'DJF' => 196.334184,
  'DKK' => 7.459603,
  'DOP' => 66.307914,
  'DZD' => 146.445888,
  'EGP' => 53.042338,
  'ERN' => 16.47075,
  'ETB' => 131.900182,
  'EUR' => 1,
  'FJD' => 2.429381,
  'FKP' => 0.836833,
  'GBP' => 0.836833,
  'GEL' => 3.000422,
  'GGP' => 0.836833,
  'GHS' => 17.442823,
  'GIP' => 0.836833,
  'GMD' => 75.765449,
  'GNF' => 9519.28981,
  'GTQ' => 8.531446,
  'GYD' => 230.667997,
  'HKD' => 8.528225,
  'HNL' => 27.416006,
  'HRK' => 7.538267,
  'HTG' => 145.373505,
  'HUF' => 401.666683,
  'IDR' => 17206.443179,
  'ILS' => 4.190098,
  'IMP' => 0.836833,
  'INR' => 92.265791,
  'IQD' => 1444.335055,
  'IRR' => 46233.394387,
  'ISK' => 148.96146,
  'JEP' => 0.836833,
  'JMD' => 173.445181,
  'JOD' => 0.777968,
  'JPY' => 163.252592,
  'KES' => 141.648447,
  'KGS' => 92.741301,
  'KHR' => 4475.20046,
  'KMF' => 490.279257,
  'KPW' => 988.244982,
  'KRW' => 1478.930576,
  'KWD' => 0.336129,
  'KYD' => 0.918833,
  'KZT' => 532.483253,
  'LAK' => 24346.729834,
  'LBP' => 98717.778188,
  'LKR' => 323.82113,
  'LRD' => 212.791237,
  'LSL' => 19.262391,
  'LYD' => 5.229463,
  'MAD' => 10.784536,
  'MDL' => 19.163275,
  'MGA' => 5008.205957,
  'MKD' => 61.603777,
  'MMK' => 2303.708857,
  'MNT' => 3731.17383,
  'MOP' => 8.816994,
  'MUR' => 51.048348,
  'MVR' => 16.855067,
  'MWK' => 1911.85336,
  'MXN' => 21.17809,
  'MYR' => 4.633771,
  'MZN' => 70.165386,
  'NAD' => 19.262391,
  'NGN' => 1798.25449,
  'NIO' => 40.572608,
  'NOK' => 11.703676,
  'NPR' => 148.029028,
  'NZD' => 1.782549,
  'OMR' => 0.422786,
  'PAB' => 1.09805,
  'PEN' => 4.107252,
  'PGK' => 4.3912,
  'PHP' => 62.19629,
  'PKR' => 305.960896,
  'PLN' => 4.318565,
  'PYG' => 8594.503783,
  'QAR' => 4.020067,
  'RON' => 4.982402,
  'RSD' => 116.997688,
  'RUB' => 104.241692,
  'RWF' => 1493.829922,
  'SAR' => 4.125243,
  'SBD' => 9.113076,
  'SCR' => 15.229807,
  'SDG' => 660.477063,
  'SEK' => 11.387218,
  'SGD' => 1.431418,
  'SHP' => 0.836833,
  'SLL' => 23025.559045,
  'SOS' => 630.08521,
  'SRD' => 33.825979,
  'SSP' => 143.03199,
  'STD' => 24466.530033,
  'SVC' => 9.647243,
  'SYP' => 2758.883515,
  'SZL' => 19.254492,
  'THB' => 36.515348,
  'TJS' => 11.742261,
  'TMT' => 3.854156,
  'TND' => 3.3717,
  'TOP' => 2.573588,
  'TRY' => 37.613702,
  'TTD' => 7.477638,
  'TWD' => 35.451642,
  'TZS' => 2991.227597,
  'UAH' => 45.392433,
  'UGX' => 4043.254182,
  'USD' => 1.09805,
  'UYU' => 45.768073,
  'UZS' => 14047.687896,
  'VND' => 27196.294749,
  'VUV' => 130.36269,
  'WST' => 3.07454,
  'XAF' => 655.957,
  'XAG' => 0.034104,
  'XAU' => 0.000414,
  'XCD' => 2.967535,
  'XDR' => 0.81632,
  'XOF' => 655.957,
  'XPD' => 0.001091,
  'XPF' => 119.331742,
  'XPT' => 0.00111,
  'YER' => 274.841968,
  'ZAR' => 19.097329,
  'ZMW' => 29.024712,
  'ZWL' => 353.572093,
)
2024-10-05T09:01:25+00:00 INFO ENVIRONMENT: array (
  'WP_User' => 'Guest (non logged-in user)',
  'HTTP_REFERER' => '--',
  'HTTP_USER_AGENT' => 'WordPress/6.6.2; https://phn-events.com',
  'REQUEST_URI' => '/wp-cron.php?doing_wp_cron=1728118884.9758739471435546875000',
  'DOING_AJAX' => false,
  'DOING_CRON' => true,
  'WP_CLI' => false,
)
2024-10-05T09:01:25+00:00 INFO REQUEST GET https://public-api.wordpress.com/wpcom/v2/wcpay/woopay/compatibility?test_mode=1
2024-10-05T09:01:25+00:00 INFO HEADERS: array (
  'Content-Type' => 'application/json; charset=utf-8',
  'User-Agent' => 'WooCommerce Payments/7.4.0',
)
2024-10-05T09:01:26+00:00 INFO RESPONSE: array (
  'incompatible_extensions' => 
  array (
    0 => 'class-wcdonation',
    1 => 'woocommerce-table-rate-shipping',
    2 => 'woocommerce-memberships-for-teams',
    3 => 'woocommerce-checkout-add-ons',
    4 => 'woocommerce-checkout-field-editor',
    5 => 'woocommerce-eu-vat-number',
    6 => 'woocommerce-order-delivery',
    7 => 'woocommerce-pdf-product-vouchers',
    8 => 'woocommerce-shipping-local-pickup-plus',
    9 => 'woocommerce-shipping-multiple-addresses',
    10 => 'woocommerce-smart-coupons',
    11 => 'woocommerce-subscriptions-gifting',
    12 => 'advanced-product-fields-for-woocommerce',
  ),
  'adapted_extensions' => 
  array (
    0 => 'woocommerce-points-and-rewards',
    1 => 'woocommerce-gift-cards',
  ),
  'available_countries' => 
  array (
    0 => 'US',
  ),
)
2024-10-05T09:53:25+00:00 INFO ENVIRONMENT: array (
  'WP_User' => 'Guest (non logged-in user)',
  'HTTP_REFERER' => '--',
  'HTTP_USER_AGENT' => 'Mozilla/5.0 (Windows NT 10.0; Win64; x64) AppleWebKit/537.36 (KHTML, like Gecko) Chrome/64.0.3282.140 Safari/537.36',
  'REQUEST_URI' => '/wp-login.php',
  'DOING_AJAX' => false,
  'DOING_CRON' => false,
  'WP_CLI' => false,
)
2024-10-05T09:53:25+00:00 INFO REQUEST GET https://public-api.wordpress.com/wpcom/v2/sites/%s/wcpay/currency/rates?test_mode=1&currency_from=eur
2024-10-05T09:53:25+00:00 INFO HEADERS: array (
  'Content-Type' => 'application/json; charset=utf-8',
  'User-Agent' => 'WooCommerce Payments/7.4.0',
)
2024-10-05T09:53:25+00:00 INFO RESPONSE: array (
  'AED' => 4.033689,
  'AFN' => 75.55656,
  'ALL' => 98.775513,
  'AMD' => 426.780227,
  'ANG' => 1.987409,
  'AOA' => 1013.638592,
  'ARS' => 1066.121756,
  'AUD' => 1.609792,
  'AWG' => 1.97676,
  'AZN' => 1.86694,
  'BAM' => 1.955711,
  'BBD' => 2.1964,
  'BDT' => 131.774007,
  'BGN' => 1.956775,
  'BHD' => 0.413681,
  'BIF' => 3199.248706,
  'BMD' => 1.0982,
  'BND' => 1.424996,
  'BOB' => 7.619653,
  'BRL' => 5.993084,
  'BSD' => 1.0982,
  'BTC' => 1.8E-5,
  'BTN' => 92.5308,
  'BWP' => 14.586336,
  'BYN' => 3.608736,
  'BZD' => 2.222699,
  'CAD' => 1.49152,
  'CDF' => 3135.540015,
  'CHF' => 0.941733,
  'CLF' => 0.036805,
  'CLP' => 1015.923737,
  'CNH' => 7.795133,
  'CNY' => 7.741871,
  'COP' => 4620.089639,
  'CRC' => 571.973697,
  'CUC' => 1.0982,
  'CUP' => 28.27865,
  'CVE' => 110.259957,
  'CZK' => 25.372483,
  'DJF' => 196.361006,
  'DKK' => 7.460622,
  'DOP' => 66.316973,
  'DZD' => 146.452058,
  'EGP' => 53.049585,
  'ERN' => 16.473,
  'ETB' => 131.918202,
  'EUR' => 1,
  'FJD' => 2.429713,
  'FKP' => 0.836947,
  'GBP' => 0.836947,
  'GEL' => 3.000831,
  'GGP' => 0.836947,
  'GHS' => 17.445206,
  'GIP' => 0.836947,
  'GMD' => 75.775799,
  'GNF' => 9520.590299,
  'GTQ' => 8.532611,
  'GYD' => 230.69951,
  'HKD' => 8.52939,
  'HNL' => 27.419752,
  'HRK' => 7.539297,
  'HTG' => 145.393365,
  'HUF' => 401.721557,
  'IDR' => 17208.793857,
  'ILS' => 4.190671,
  'IMP' => 0.836947,
  'INR' => 92.278396,
  'IQD' => 1444.532374,
  'IRR' => 46239.710617,
  'ISK' => 148.981811,
  'JEP' => 0.836947,
  'JMD' => 173.468877,
  'JOD' => 0.778075,
  'JPY' => 163.329794,
  'KES' => 141.667799,
  'KGS' => 92.753971,
  'KHR' => 4475.811844,
  'KMF' => 490.346237,
  'KPW' => 988.379992,
  'KRW' => 1479.132622,
  'KWD' => 0.336175,
  'KYD' => 0.918958,
  'KZT' => 532.555999,
  'LAK' => 24350.055991,
  'LBP' => 98731.264633,
  'LKR' => 323.865369,
  'LRD' => 212.820308,
  'LSL' => 19.265023,
  'LYD' => 5.230177,
  'MAD' => 10.786009,
  'MDL' => 19.34712,
  'MGA' => 5008.890158,
  'MKD' => 61.612193,
  'MMK' => 2304.023581,
  'MNT' => 3731.683569,
  'MOP' => 8.818198,
  'MUR' => 51.055322,
  'MVR' => 16.85737,
  'MWK' => 1912.11455,
  'MXN' => 21.180983,
  'MYR' => 4.634404,
  'MZN' => 70.174972,
  'NAD' => 19.265023,
  'NGN' => 1798.500161,
  'NIO' => 40.578151,
  'NOK' => 11.702639,
  'NPR' => 148.049251,
  'NZD' => 1.782793,
  'OMR' => 0.422843,
  'PAB' => 1.0982,
  'PEN' => 4.107813,
  'PGK' => 4.3918,
  'PHP' => 62.204787,
  'PKR' => 306.002696,
  'PLN' => 4.317892,
  'PYG' => 8595.677932,
  'QAR' => 4.020617,
  'RON' => 4.983082,
  'RSD' => 117.030291,
  'RUB' => 104.255933,
  'RWF' => 1494.034003,
  'SAR' => 4.125148,
  'SBD' => 9.114321,
  'SCR' => 15.231888,
  'SDG' => 660.567295,
  'SEK' => 11.388773,
  'SGD' => 1.431614,
  'SHP' => 0.836947,
  'SLL' => 23028.704709,
  'SOS' => 630.17129,
  'SRD' => 33.8306,
  'SSP' => 143.051531,
  'STD' => 24469.872557,
  'SVC' => 9.648561,
  'SYP' => 2759.260423,
  'SZL' => 19.257123,
  'THB' => 36.520337,
  'TJS' => 11.743865,
  'TMT' => 3.854682,
  'TND' => 3.37216,
  'TOP' => 2.573939,
  'TRY' => 37.61884,
  'TTD' => 7.47866,
  'TWD' => 35.456485,
  'TZS' => 2991.636247,
  'UAH' => 45.398634,
  'UGX' => 4043.806556,
  'USD' => 1.0982,
  'UYU' => 45.774326,
  'UZS' => 14049.607037,
  'VND' => 27200.010203,
  'VUV' => 130.380499,
  'WST' => 3.07496,
  'XAF' => 655.957,
  'XAG' => 0.034109,
  'XAU' => 0.000414,
  'XCD' => 2.96794,
  'XDR' => 0.816431,
  'XOF' => 655.957,
  'XPD' => 0.001092,
  'XPF' => 119.331742,
  'XPT' => 0.001111,
  'YER' => 274.879516,
  'ZAR' => 19.199281,
  'ZMW' => 29.028677,
  'ZWL' => 353.620397,
)
2024-10-05T14:03:28+00:00 INFO ENVIRONMENT: array (
  'WP_User' => 'Guest (non logged-in user)',
  'HTTP_REFERER' => '--',
  'HTTP_USER_AGENT' => 'Mozilla/5.0 (iPhone; CPU iPhone OS 13_2_3 like Mac OS X) AppleWebKit/605.1.15 (KHTML, like Gecko) Version/13.0.3 Mobile/15E148 Safari/604.1',
  'REQUEST_URI' => '/',
  'DOING_AJAX' => false,
  'DOING_CRON' => false,
  'WP_CLI' => false,
)
2024-10-05T14:03:28+00:00 INFO REQUEST GET https://public-api.wordpress.com/wpcom/v2/sites/%s/wcpay/disputes?test_mode=1&pagesize=50&search%5B0%5D=warning_needs_response&search%5B1%5D=needs_response
2024-10-05T14:03:28+00:00 INFO HEADERS: array (
  'Content-Type' => 'application/json; charset=utf-8',
  'User-Agent' => 'WooCommerce Payments/7.4.0',
)
2024-10-05T14:03:28+00:00 INFO RESPONSE: array (
  'data' => 
  array (
  ),
)
2024-10-05T15:06:53+00:00 INFO ENVIRONMENT: array (
  'WP_User' => 'Guest (non logged-in user)',
  'HTTP_REFERER' => '--',
  'HTTP_USER_AGENT' => 'Mozilla/5.0 (Macintosh; Intel Mac OS X 10_10_1) AppleWebKit/600.1.25 (KHTML, like Gecko) Version/8.0 Safari/600.1.25',
  'REQUEST_URI' => '/event/1e-journees-numerique-a-montlucon-2024/planning/',
  'DOING_AJAX' => false,
  'DOING_CRON' => false,
  'WP_CLI' => false,
)
2024-10-05T15:06:53+00:00 INFO REQUEST GET https://public-api.wordpress.com/wpcom/v2/sites/%s/wcpay/accounts?test_mode=true
2024-10-05T15:06:53+00:00 INFO HEADERS: array (
  'Content-Type' => 'application/json; charset=utf-8',
  'User-Agent' => 'WooCommerce Payments/7.4.0',
)
2024-10-05T15:06:56+00:00 INFO RESPONSE: array (
  'account_id' => 'acct_1OrB4iFy7FStQedj',
  'email' => '(redacted)',
  'live_publishable_key' => 'pk_live_iBIpeqzKOOx2Y8PFCRBfyMU000Q7xVG4Sn',
  'test_publishable_key' => 'pk_test_51ETDmyFuiXB5oUVxwSobQMW5Tno1GclIq7ePZWzLeW4q8oa7Zb8hI5VfwI5sNT5nXuKYinLukNvGCXmsQXAoDGHG00MqHqlYHR',
  'is_live' => false,
  'is_test_drive' => false,
  'created' => '2024-03-06 03:23:26',
  'has_pending_requirements' => true,
  'has_future_requirements' => false,
  'has_overdue_requirements' => false,
  'details_submitted' => true,
  'current_deadline' => 1711614200,
  'status' => 'restricted_soon',
  'capabilities' => 
  array (
    'card_payments' => 'active',
    'giropay_payments' => 'active',
    'klarna_payments' => 'active',
    'transfers' => 'active',
    'bancontact_payments' => 'unrequested',
    'bank_transfer_payments' => 'unrequested',
    'blik_payments' => 'unrequested',
    'cartes_bancaires_payments' => 'unrequested',
    'eps_payments' => 'unrequested',
    'ideal_payments' => 'unrequested',
    'klarna' => 'unrequested',
    'link_payments' => 'unrequested',
    'mobilepay_payments' => 'unrequested',
    'multibanco_payments' => 'unrequested',
    'p24_payments' => 'unrequested',
    'sepa_bank_transfer_payments' => 'unrequested',
    'sepa_debit_payments' => 'unrequested',
    'sofort_payments' => 'unrequested',
    'twint_payments' => 'unrequested',
  ),
  'capability_requirements' => 
  array (
    'bancontact_payments' => 
    array (
    ),
    'bank_transfer_payments' => 
    array (
    ),
    'blik_payments' => 
    array (
    ),
    'card_payments' => 
    array (
    ),
    'cartes_bancaires_payments' => 
    array (
    ),
    'eps_payments' => 
    array (
    ),
    'giropay_payments' => 
    array (
    ),
    'ideal_payments' => 
    array (
    ),
    'klarna' => 
    array (
      0 => 'email',
    ),
    'klarna_payments' => 
    array (
    ),
    'link_payments' => 
    array (
    ),
    'mobilepay_payments' => 
    array (
    ),
    'multibanco_payments' => 
    array (
    ),
    'p24_payments' => 
    array (
    ),
    'sepa_bank_transfer_payments' => 
    array (
    ),
    'sepa_debit_payments' => 
    array (
    ),
    'sofort_payments' => 
    array (
    ),
    'transfers' => 
    array (
    ),
    'twint_payments' => 
    array (
    ),
  ),
  'payments_enabled' => true,
  'deposits' => 
  array (
    'status' => 'enabled',
    'restrictions' => 'deposits_unrestricted',
    'interval' => 'daily',
    'weekly_anchor' => '',
    'monthly_anchor' => NULL,
    'delay_days' => 7,
    'completed_waiting_period' => false,
    'minimum_manual_deposit_amounts' => 
    array (
      'aud' => 500,
      'bgn' => 100,
      'cad' => 500,
      'chf' => 500,
      'czk' => 3000,
      'dkk' => 5000,
      'eur' => 500,
      'gbp' => 500,
      'hkd' => 5000,
      'huf' => 36000,
      'nok' => 5000,
      'nzd' => 500,
      'jpy' => 50,
      'sek' => 5000,
      'sgd' => 500,
      'usd' => 500,
      'ron' => 500,
      'pln' => 500,
      'aed' => 200,
    ),
    'minimum_scheduled_deposit_amounts' => 
    array (
      'aed' => 200,
      'aud' => 0,
      'bgn' => 100,
      'cad' => 0,
      'chf' => 500,
      'czk' => 3000,
      'dkk' => 2000,
      'eur' => 100,
      'gbp' => 100,
      'hkd' => 0,
      'huf' => 36000,
      'jpy' => 1,
      'nok' => 2000,
      'nzd' => 0,
      'pln' => 500,
      'ron' => 500,
      'sek' => 2000,
      'sgd' => 100,
      'usd' => 0,
    ),
  ),
  'lifetime_total_payment_volume' => 424476,
  'requirements' => 
  array (
    'errors' => 
    array (
      0 => 
      array (
        'code' => 'verification_failed_keyed_identity',
        'detailed_code' => 'verification_failed_keyed_identity',
        'reason' => 'Name on the document doesn’t match the name provided for this account. Provide a matching document or update the name on this account.',
        'requirement' => 'individual.verification.document',
      ),
    ),
  ),
  'statement_descriptor' => 'PHN.PIXODEO.DEV',
  'statement_descriptor_kanji' => '',
  'statement_descriptor_kana' => '',
  'latest_tos_agreement' => 
  array (
    'date' => '2024-03-06 03:23:26',
    'source' => 'signup',
    'is_current_version' => true,
  ),
  'fees' => 
  array (
    'base' => 
    array (
      'percentage_rate' => 0.015,
      'fixed_rate' => 25,
      'currency' => 'eur',
    ),
    'discount' => 
    array (
    ),
    'card' => 
    array (
      'base' => 
      array (
        'percentage_rate' => 0.015,
        'fixed_rate' => 25,
        'currency' => 'eur',
      ),
      'additional' => 
      array (
        'percentage_rate' => 0.02,
        'fixed_rate' => 0,
        'currency' => 'eur',
      ),
      'fx' => 
      array (
        'percentage_rate' => 0.02,
        'fixed_rate' => 0,
        'currency' => 'eur',
      ),
      'discount' => 
      array (
      ),
    ),
    'bancontact' => 
    array (
      'base' => 
      array (
        'percentage_rate' => 0.014,
        'fixed_rate' => 25,
        'currency' => 'eur',
      ),
      'additional' => 
      array (
        'percentage_rate' => 0,
        'fixed_rate' => 0,
        'currency' => 'eur',
      ),
      'fx' => 
      array (
        'percentage_rate' => 0,
        'fixed_rate' => 0,
        'currency' => 'eur',
      ),
      'discount' => 
      array (
      ),
    ),
    'eps' => 
    array (
      'base' => 
      array (
        'percentage_rate' => 0.018,
        'fixed_rate' => 25,
        'currency' => 'eur',
      ),
      'additional' => 
      array (
        'percentage_rate' => 0,
        'fixed_rate' => 0,
        'currency' => 'eur',
      ),
      'fx' => 
      array (
        'percentage_rate' => 0,
        'fixed_rate' => 0,
        'currency' => 'eur',
      ),
      'discount' => 
      array (
      ),
    ),
    'ideal' => 
    array (
      'base' => 
      array (
        'percentage_rate' => 0,
        'fixed_rate' => 29,
        'currency' => 'eur',
      ),
      'additional' => 
      array (
        'percentage_rate' => 0,
        'fixed_rate' => 0,
        'currency' => 'eur',
      ),
      'fx' => 
      array (
        'percentage_rate' => 0,
        'fixed_rate' => 0,
        'currency' => 'eur',
      ),
      'discount' => 
      array (
      ),
    ),
    'giropay' => 
    array (
      'base' => 
      array (
        'percentage_rate' => 0.014,
        'fixed_rate' => 25,
        'currency' => 'eur',
      ),
      'additional' => 
      array (
        'percentage_rate' => 0,
        'fixed_rate' => 0,
        'currency' => 'eur',
      ),
      'fx' => 
      array (
        'percentage_rate' => 0,
        'fixed_rate' => 0,
        'currency' => 'eur',
      ),
      'discount' => 
      array (
      ),
    ),
    'p24' => 
    array (
      'base' => 
      array (
        'percentage_rate' => 0.022,
        'fixed_rate' => 25,
        'currency' => 'eur',
      ),
      'additional' => 
      array (
        'percentage_rate' => 0,
        'fixed_rate' => 0,
        'currency' => 'eur',
      ),
      'fx' => 
      array (
        'percentage_rate' => 0,
        'fixed_rate' => 0,
        'currency' => 'eur',
      ),
      'discount' => 
      array (
      ),
    ),
  ),
  'capital' => 
  array (
    'has_active_loan' => false,
    'has_previous_loans' => false,
    'loans' => 
    array (
    ),
  ),
  'fraud_services' => 
  array (
    'stripe' => 
    array (
    ),
    'sift' => 
    array (
      'beacon_key' => 'affbdadb36',
      'sandbox_beacon_key' => '6ad0ad748b',
    ),
  ),
  'store_currencies' => 
  array (
    'default' => 'eur',
    'supported' => 
    array (
      0 => 'eur',
    ),
  ),
  'customer_currencies' => 
  array (
    'supported' => 
    array (
      0 => 'usd',
      1 => 'aed',
      2 => 'afn',
      3 => 'all',
      4 => 'amd',
      5 => 'ang',
      6 => 'aoa',
      7 => 'ars',
      8 => 'aud',
      9 => 'awg',
      10 => 'azn',
      11 => 'bam',
      12 => 'bbd',
      13 => 'bdt',
      14 => 'bgn',
      15 => 'bif',
      16 => 'bmd',
      17 => 'bnd',
      18 => 'bob',
      19 => 'brl',
      20 => 'bsd',
      21 => 'bwp',
      22 => 'byn',
      23 => 'bzd',
      24 => 'cad',
      25 => 'cdf',
      26 => 'chf',
      27 => 'clp',
      28 => 'cny',
      29 => 'cop',
      30 => 'crc',
      31 => 'cve',
      32 => 'czk',
      33 => 'djf',
      34 => 'dkk',
      35 => 'dop',
      36 => 'dzd',
      37 => 'egp',
      38 => 'etb',
      39 => 'eur',
      40 => 'fjd',
      41 => 'fkp',
      42 => 'gbp',
      43 => 'gel',
      44 => 'gip',
      45 => 'gmd',
      46 => 'gnf',
      47 => 'gtq',
      48 => 'gyd',
      49 => 'hkd',
      50 => 'hnl',
      51 => 'htg',
      52 => 'huf',
      53 => 'idr',
      54 => 'ils',
      55 => 'inr',
      56 => 'isk',
      57 => 'jmd',
      58 => 'jpy',
      59 => 'kes',
      60 => 'kgs',
      61 => 'khr',
      62 => 'kmf',
      63 => 'krw',
      64 => 'kyd',
      65 => 'kzt',
      66 => 'lak',
      67 => 'lbp',
      68 => 'lkr',
      69 => 'lrd',
      70 => 'lsl',
      71 => 'mad',
      72 => 'mdl',
      73 => 'mga',
      74 => 'mkd',
      75 => 'mmk',
      76 => 'mnt',
      77 => 'mop',
      78 => 'mur',
      79 => 'mvr',
      80 => 'mwk',
      81 => 'mxn',
      82 => 'myr',
      83 => 'mzn',
      84 => 'nad',
      85 => 'ngn',
      86 => 'nio',
      87 => 'nok',
      88 => 'npr',
      89 => 'nzd',
      90 => 'pab',
      91 => 'pen',
      92 => 'pgk',
      93 => 'php',
      94 => 'pkr',
      95 => 'pln',
      96 => 'pyg',
      97 => 'qar',
      98 => 'ron',
      99 => 'rsd',
      100 => 'rub',
      101 => 'rwf',
      102 => 'sar',
      103 => 'sbd',
      104 => 'scr',
      105 => 'sek',
      106 => 'sgd',
      107 => 'shp',
      108 => 'sle',
      109 => 'sos',
      110 => 'srd',
      111 => 'std',
      112 => 'szl',
      113 => 'thb',
      114 => 'tjs',
      115 => 'top',
      116 => 'try',
      117 => 'ttd',
      118 => 'twd',
      119 => 'tzs',
      120 => 'uah',
      121 => 'ugx',
      122 => 'uyu',
      123 => 'uzs',
      124 => 'vnd',
      125 => 'vuv',
      126 => 'wst',
      127 => 'xaf',
      128 => 'xcd',
      129 => 'xof',
      130 => 'xpf',
      131 => 'yer',
      132 => 'zar',
      133 => 'zmw',
    ),
  ),
  'country' => '(redacted)',
  'instant_deposits_eligible' => false,
  'card_present_eligible' => false,
  'has_card_readers_available' => false,
  'platform_checkout_eligible' => false,
  'platform_direct_checkout_eligible' => false,
  'platform_global_theme_support_enabled' => false,
  'business_profile' => 
  array (
    'name' => '(redacted)',
    'url' => 'https://phn.pixodeo.dev',
    'support_address' => 
    array (
    ),
    'support_email' => NULL,
    'support_phone' => NULL,
  ),
  'branding' => 
  array (
    'icon' => NULL,
    'logo' => NULL,
    'primary_color' => NULL,
    'secondary_color' => NULL,
  ),
  'locale' => 'en_US',
  'has_more_failed_events' => false,
  'has_submitted_vat_data' => false,
  'is_documents_enabled' => true,
  'card_testing_protection_eligible' => false,
  'progressive_onboarding' => 
  array (
    'is_enabled' => false,
    'is_complete' => false,
    'tpv' => NULL,
    'first_transaction_date' => NULL,
    'kyc_deadline_date' => NULL,
  ),
  'fraud_mitigation_settings' => 
  array (
    'avs_check_enabled' => false,
    'cvc_check_enabled' => true,
  ),
  'is_deferred_intent_creation_upe_enabled' => true,
  'pre_check_save_my_info' => false,
)
2024-10-05T15:06:56+00:00 INFO ENVIRONMENT: array (
  'WP_User' => 'Guest (non logged-in user)',
  'HTTP_REFERER' => '--',
  'HTTP_USER_AGENT' => 'Mozilla/5.0 (Macintosh; Intel Mac OS X 10_10_1) AppleWebKit/600.1.25 (KHTML, like Gecko) Version/8.0 Safari/600.1.25',
  'REQUEST_URI' => '/event/1e-journees-numerique-a-montlucon-2024/planning/',
  'DOING_AJAX' => false,
  'DOING_CRON' => false,
  'WP_CLI' => false,
)
2024-10-05T15:06:56+00:00 INFO REQUEST POST https://public-api.wordpress.com/wpcom/v2/sites/%s/wcpay/compatibility
2024-10-05T15:06:56+00:00 INFO HEADERS: array (
  'Content-Type' => 'application/json; charset=utf-8',
  'User-Agent' => 'WooCommerce Payments/7.4.0',
  'Idempotency-Key' => '83a71ce9-e020-49cb-a2f7-31cab231105f',
)
2024-10-05T15:06:56+00:00 INFO BODY: array (
  'test_mode' => true,
  'compatibility_data' => 
  array (
    'woopayments_version' => '7.4.0',
    'woocommerce_version' => '8.7.0',
    'blog_theme' => 'grandconference-child',
    'active_plugins' => 
    array (
      0 => 'advanced-custom-fields-pro/acf.php',
      1 => 'contact-form-7/wp-contact-form-7.php',
      2 => 'contact-form-entries/contact-form-entries.php',
      3 => 'duplicate-post/duplicate-post.php',
      4 => 'elementor/elementor.php',
      5 => 'email-log/email-log.php',
      6 => 'extended-google-map-for-elementor/elementor-google-map-extended.php',
      7 => 'fooevents-calendar/fooevents-calendar.php',
      8 => 'fooevents/fooevents.php',
      9 => 'fooevents_bookings/fooevents-bookings.php',
      10 => 'fooevents_custom_attendee_fields/fooevents-custom-attendee-fields.php',
      11 => 'fooevents_pdf_tickets/fooevents-pdf-tickets.php',
      12 => 'grandconference-custom-post/grandconference-custom-post.php',
      13 => 'grandconference-elementor/grandconference-elementor.php',
      14 => 'loco-translate/loco.php',
      15 => 'loftloader/loftloader.php',
      16 => 'mailchimp-for-wp/mailchimp-for-wp.php',
      17 => 'revslider/revslider.php',
      18 => 'shortcode-elementor/elementor-shortcode.php',
      19 => 'smtp-mailer/main.php',
      20 => 'the-events-calendar/the-events-calendar.php',
      22 => 'woo-systempay-payment/woo-systempay-payment.php',
      23 => 'woocommerce-gateway-stripe/woocommerce-gateway-stripe.php',
      24 => 'woocommerce-payments/woocommerce-payments.php',
      25 => 'woocommerce/woocommerce.php',
    ),
    'post_types_count' => 
    array (
      'post' => 15,
      'page' => 33,
      'attachment' => 0,
      'e-landing-page' => 0,
      'elementor_library' => 4,
      'product' => 30,
      'event_magic_tickets' => 210,
      'header' => 10,
      'footer' => 7,
      'megamenu' => 3,
      'fullmenu' => 1,
      'galleries' => 1,
      'rs_elements' => 0,
      'tribe_events' => 2,
    ),
  ),
)
2024-10-05T15:06:56+00:00 INFO RESPONSE: array (
  'result' => 'success',
)
2024-10-05T16:00:53+00:00 INFO ENVIRONMENT: array (
  'WP_User' => 'Guest (non logged-in user)',
  'HTTP_REFERER' => '--',
  'HTTP_USER_AGENT' => 'Mozilla/5.0 (Macintosh; Intel Mac OS X 10_10_1) AppleWebKit/600.1.25 (KHTML, like Gecko) Version/8.0 Safari/600.1.25',
  'REQUEST_URI' => '/event/congres-secours-sante-des-sapeurs-pompiers-de-france/hotels/',
  'DOING_AJAX' => false,
  'DOING_CRON' => false,
  'WP_CLI' => false,
)
2024-10-05T16:00:53+00:00 INFO REQUEST GET https://public-api.wordpress.com/wpcom/v2/sites/%s/wcpay/currency/rates?test_mode=1&currency_from=eur
2024-10-05T16:00:53+00:00 INFO HEADERS: array (
  'Content-Type' => 'application/json; charset=utf-8',
  'User-Agent' => 'WooCommerce Payments/7.4.0',
)
2024-10-05T16:00:54+00:00 INFO RESPONSE: array (
  'AED' => 4.033689,
  'AFN' => 75.55656,
  'ALL' => 98.775513,
  'AMD' => 426.780227,
  'ANG' => 1.987409,
  'AOA' => 1013.638592,
  'ARS' => 1066.121756,
  'AUD' => 1.609792,
  'AWG' => 1.97676,
  'AZN' => 1.86694,
  'BAM' => 1.955711,
  'BBD' => 2.1964,
  'BDT' => 131.774007,
  'BGN' => 1.955711,
  'BHD' => 0.413681,
  'BIF' => 3199.248706,
  'BMD' => 1.0982,
  'BND' => 1.424996,
  'BOB' => 7.619653,
  'BRL' => 5.993084,
  'BSD' => 1.0982,
  'BTC' => 1.8E-5,
  'BTN' => 92.5308,
  'BWP' => 14.586336,
  'BYN' => 3.608736,
  'BZD' => 2.222699,
  'CAD' => 1.49152,
  'CDF' => 3135.540015,
  'CHF' => 0.941733,
  'CLF' => 0.036805,
  'CLP' => 1015.923737,
  'CNH' => 7.795133,
  'CNY' => 7.741871,
  'COP' => 4620.089639,
  'CRC' => 571.973697,
  'CUC' => 1.0982,
  'CUP' => 28.27865,
  'CVE' => 110.259957,
  'CZK' => 25.372483,
  'DJF' => 196.361006,
  'DKK' => 7.460622,
  'DOP' => 66.316973,
  'DZD' => 146.431317,
  'EGP' => 53.049585,
  'ERN' => 16.473,
  'ETB' => 131.918202,
  'EUR' => 1,
  'FJD' => 2.429713,
  'FKP' => 0.836947,
  'GBP' => 0.836947,
  'GEL' => 3.000831,
  'GGP' => 0.836947,
  'GHS' => 17.445206,
  'GIP' => 0.836947,
  'GMD' => 75.775799,
  'GNF' => 9520.590299,
  'GTQ' => 8.532611,
  'GYD' => 230.69951,
  'HKD' => 8.52939,
  'HNL' => 27.419752,
  'HRK' => 7.539297,
  'HTG' => 145.393365,
  'HUF' => 401.721557,
  'IDR' => 17208.793857,
  'ILS' => 4.190671,
  'IMP' => 0.836947,
  'INR' => 92.278396,
  'IQD' => 1444.532374,
  'IRR' => 46239.710617,
  'ISK' => 148.981811,
  'JEP' => 0.836947,
  'JMD' => 173.468877,
  'JOD' => 0.778075,
  'JPY' => 163.329794,
  'KES' => 141.667799,
  'KGS' => 92.753971,
  'KHR' => 4475.811844,
  'KMF' => 490.346237,
  'KPW' => 988.379992,
  'KRW' => 1479.132622,
  'KWD' => 0.336175,
  'KYD' => 0.918958,
  'KZT' => 532.555999,
  'LAK' => 24350.055991,
  'LBP' => 98731.264633,
  'LKR' => 323.865369,
  'LRD' => 212.820308,
  'LSL' => 19.265023,
  'LYD' => 5.230177,
  'MAD' => 10.786009,
  'MDL' => 19.34712,
  'MGA' => 5008.890158,
  'MKD' => 61.612193,
  'MMK' => 2304.023581,
  'MNT' => 3731.683569,
  'MOP' => 8.818198,
  'MUR' => 51.055322,
  'MVR' => 16.85737,
  'MWK' => 1912.11455,
  'MXN' => 21.180983,
  'MYR' => 4.634404,
  'MZN' => 70.174972,
  'NAD' => 19.265023,
  'NGN' => 1798.500161,
  'NIO' => 40.578151,
  'NOK' => 11.702639,
  'NPR' => 148.049251,
  'NZD' => 1.782793,
  'OMR' => 0.422843,
  'PAB' => 1.0982,
  'PEN' => 4.107813,
  'PGK' => 4.3918,
  'PHP' => 62.204787,
  'PKR' => 306.002696,
  'PLN' => 4.317892,
  'PYG' => 8595.677932,
  'QAR' => 4.020617,
  'RON' => 4.983082,
  'RSD' => 117.030291,
  'RUB' => 104.255933,
  'RWF' => 1494.034003,
  'SAR' => 4.125148,
  'SBD' => 9.114321,
  'SCR' => 15.231888,
  'SDG' => 660.567295,
  'SEK' => 11.388773,
  'SGD' => 1.431614,
  'SHP' => 0.836947,
  'SLL' => 23028.704709,
  'SOS' => 630.17129,
  'SRD' => 33.8306,
  'SSP' => 143.051531,
  'STD' => 24469.872557,
  'SVC' => 9.648561,
  'SYP' => 2759.260423,
  'SZL' => 19.257123,
  'THB' => 36.421285,
  'TJS' => 11.743865,
  'TMT' => 3.854682,
  'TND' => 3.37216,
  'TOP' => 2.573939,
  'TRY' => 37.61884,
  'TTD' => 7.47866,
  'TWD' => 35.456485,
  'TZS' => 2991.636247,
  'UAH' => 45.398634,
  'UGX' => 4043.806556,
  'USD' => 1.0982,
  'UYU' => 45.774326,
  'UZS' => 14049.607037,
  'VND' => 27200.010203,
  'VUV' => 130.380499,
  'WST' => 3.07496,
  'XAF' => 655.957,
  'XAG' => 0.034109,
  'XAU' => 0.000414,
  'XCD' => 2.96794,
  'XDR' => 0.816431,
  'XOF' => 655.957,
  'XPD' => 0.001092,
  'XPF' => 119.331742,
  'XPT' => 0.001111,
  'YER' => 274.879516,
  'ZAR' => 19.199281,
  'ZMW' => 29.028677,
  'ZWL' => 353.620397,
)
2024-10-05T17:42:09+00:00 INFO ENVIRONMENT: array (
  'WP_User' => 'Guest (non logged-in user)',
  'HTTP_REFERER' => '--',
  'HTTP_USER_AGENT' => 'Mozilla/5.0 (Macintosh; Intel Mac OS X 10_10_1) AppleWebKit/600.1.25 (KHTML, like Gecko) Version/8.0 Safari/600.1.25',
  'REQUEST_URI' => '/wp-admin/admin.php',
  'DOING_AJAX' => false,
  'DOING_CRON' => false,
  'WP_CLI' => false,
)
2024-10-05T17:42:09+00:00 INFO REQUEST GET https://public-api.wordpress.com/wpcom/v2/sites/%s/wcpay/accounts?test_mode=true
2024-10-05T17:42:09+00:00 INFO HEADERS: array (
  'Content-Type' => 'application/json; charset=utf-8',
  'User-Agent' => 'WooCommerce Payments/7.4.0',
)
2024-10-05T17:42:10+00:00 INFO RESPONSE: array (
  'account_id' => 'acct_1OrB4iFy7FStQedj',
  'email' => '(redacted)',
  'live_publishable_key' => 'pk_live_iBIpeqzKOOx2Y8PFCRBfyMU000Q7xVG4Sn',
  'test_publishable_key' => 'pk_test_51ETDmyFuiXB5oUVxwSobQMW5Tno1GclIq7ePZWzLeW4q8oa7Zb8hI5VfwI5sNT5nXuKYinLukNvGCXmsQXAoDGHG00MqHqlYHR',
  'is_live' => false,
  'is_test_drive' => false,
  'created' => '2024-03-06 03:23:26',
  'has_pending_requirements' => true,
  'has_future_requirements' => false,
  'has_overdue_requirements' => false,
  'details_submitted' => true,
  'current_deadline' => 1711614200,
  'status' => 'restricted_soon',
  'capabilities' => 
  array (
    'card_payments' => 'active',
    'giropay_payments' => 'active',
    'klarna_payments' => 'active',
    'transfers' => 'active',
    'bancontact_payments' => 'unrequested',
    'bank_transfer_payments' => 'unrequested',
    'blik_payments' => 'unrequested',
    'cartes_bancaires_payments' => 'unrequested',
    'eps_payments' => 'unrequested',
    'ideal_payments' => 'unrequested',
    'klarna' => 'unrequested',
    'link_payments' => 'unrequested',
    'mobilepay_payments' => 'unrequested',
    'multibanco_payments' => 'unrequested',
    'p24_payments' => 'unrequested',
    'sepa_bank_transfer_payments' => 'unrequested',
    'sepa_debit_payments' => 'unrequested',
    'sofort_payments' => 'unrequested',
    'twint_payments' => 'unrequested',
  ),
  'capability_requirements' => 
  array (
    'bancontact_payments' => 
    array (
    ),
    'bank_transfer_payments' => 
    array (
    ),
    'blik_payments' => 
    array (
    ),
    'card_payments' => 
    array (
    ),
    'cartes_bancaires_payments' => 
    array (
    ),
    'eps_payments' => 
    array (
    ),
    'giropay_payments' => 
    array (
    ),
    'ideal_payments' => 
    array (
    ),
    'klarna' => 
    array (
      0 => 'email',
    ),
    'klarna_payments' => 
    array (
    ),
    'link_payments' => 
    array (
    ),
    'mobilepay_payments' => 
    array (
    ),
    'multibanco_payments' => 
    array (
    ),
    'p24_payments' => 
    array (
    ),
    'sepa_bank_transfer_payments' => 
    array (
    ),
    'sepa_debit_payments' => 
    array (
    ),
    'sofort_payments' => 
    array (
    ),
    'transfers' => 
    array (
    ),
    'twint_payments' => 
    array (
    ),
  ),
  'payments_enabled' => true,
  'deposits' => 
  array (
    'status' => 'enabled',
    'restrictions' => 'deposits_unrestricted',
    'interval' => 'daily',
    'weekly_anchor' => '',
    'monthly_anchor' => NULL,
    'delay_days' => 7,
    'completed_waiting_period' => false,
    'minimum_manual_deposit_amounts' => 
    array (
      'aud' => 500,
      'bgn' => 100,
      'cad' => 500,
      'chf' => 500,
      'czk' => 3000,
      'dkk' => 5000,
      'eur' => 500,
      'gbp' => 500,
      'hkd' => 5000,
      'huf' => 36000,
      'nok' => 5000,
      'nzd' => 500,
      'jpy' => 50,
      'sek' => 5000,
      'sgd' => 500,
      'usd' => 500,
      'ron' => 500,
      'pln' => 500,
      'aed' => 200,
    ),
    'minimum_scheduled_deposit_amounts' => 
    array (
      'aed' => 200,
      'aud' => 0,
      'bgn' => 100,
      'cad' => 0,
      'chf' => 500,
      'czk' => 3000,
      'dkk' => 2000,
      'eur' => 100,
      'gbp' => 100,
      'hkd' => 0,
      'huf' => 36000,
      'jpy' => 1,
      'nok' => 2000,
      'nzd' => 0,
      'pln' => 500,
      'ron' => 500,
      'sek' => 2000,
      'sgd' => 100,
      'usd' => 0,
    ),
  ),
  'lifetime_total_payment_volume' => 424476,
  'requirements' => 
  array (
    'errors' => 
    array (
      0 => 
      array (
        'code' => 'verification_failed_keyed_identity',
        'detailed_code' => 'verification_failed_keyed_identity',
        'reason' => 'Name on the document doesn’t match the name provided for this account. Provide a matching document or update the name on this account.',
        'requirement' => 'individual.verification.document',
      ),
    ),
  ),
  'statement_descriptor' => 'PHN.PIXODEO.DEV',
  'statement_descriptor_kanji' => '',
  'statement_descriptor_kana' => '',
  'latest_tos_agreement' => 
  array (
    'date' => '2024-03-06 03:23:26',
    'source' => 'signup',
    'is_current_version' => true,
  ),
  'fees' => 
  array (
    'base' => 
    array (
      'percentage_rate' => 0.015,
      'fixed_rate' => 25,
      'currency' => 'eur',
    ),
    'discount' => 
    array (
    ),
    'card' => 
    array (
      'base' => 
      array (
        'percentage_rate' => 0.015,
        'fixed_rate' => 25,
        'currency' => 'eur',
      ),
      'additional' => 
      array (
        'percentage_rate' => 0.02,
        'fixed_rate' => 0,
        'currency' => 'eur',
      ),
      'fx' => 
      array (
        'percentage_rate' => 0.02,
        'fixed_rate' => 0,
        'currency' => 'eur',
      ),
      'discount' => 
      array (
      ),
    ),
    'bancontact' => 
    array (
      'base' => 
      array (
        'percentage_rate' => 0.014,
        'fixed_rate' => 25,
        'currency' => 'eur',
      ),
      'additional' => 
      array (
        'percentage_rate' => 0,
        'fixed_rate' => 0,
        'currency' => 'eur',
      ),
      'fx' => 
      array (
        'percentage_rate' => 0,
        'fixed_rate' => 0,
        'currency' => 'eur',
      ),
      'discount' => 
      array (
      ),
    ),
    'eps' => 
    array (
      'base' => 
      array (
        'percentage_rate' => 0.018,
        'fixed_rate' => 25,
        'currency' => 'eur',
      ),
      'additional' => 
      array (
        'percentage_rate' => 0,
        'fixed_rate' => 0,
        'currency' => 'eur',
      ),
      'fx' => 
      array (
        'percentage_rate' => 0,
        'fixed_rate' => 0,
        'currency' => 'eur',
      ),
      'discount' => 
      array (
      ),
    ),
    'ideal' => 
    array (
      'base' => 
      array (
        'percentage_rate' => 0,
        'fixed_rate' => 29,
        'currency' => 'eur',
      ),
      'additional' => 
      array (
        'percentage_rate' => 0,
        'fixed_rate' => 0,
        'currency' => 'eur',
      ),
      'fx' => 
      array (
        'percentage_rate' => 0,
        'fixed_rate' => 0,
        'currency' => 'eur',
      ),
      'discount' => 
      array (
      ),
    ),
    'giropay' => 
    array (
      'base' => 
      array (
        'percentage_rate' => 0.014,
        'fixed_rate' => 25,
        'currency' => 'eur',
      ),
      'additional' => 
      array (
        'percentage_rate' => 0,
        'fixed_rate' => 0,
        'currency' => 'eur',
      ),
      'fx' => 
      array (
        'percentage_rate' => 0,
        'fixed_rate' => 0,
        'currency' => 'eur',
      ),
      'discount' => 
      array (
      ),
    ),
    'p24' => 
    array (
      'base' => 
      array (
        'percentage_rate' => 0.022,
        'fixed_rate' => 25,
        'currency' => 'eur',
      ),
      'additional' => 
      array (
        'percentage_rate' => 0,
        'fixed_rate' => 0,
        'currency' => 'eur',
      ),
      'fx' => 
      array (
        'percentage_rate' => 0,
        'fixed_rate' => 0,
        'currency' => 'eur',
      ),
      'discount' => 
      array (
      ),
    ),
  ),
  'capital' => 
  array (
    'has_active_loan' => false,
    'has_previous_loans' => false,
    'loans' => 
    array (
    ),
  ),
  'fraud_services' => 
  array (
    'stripe' => 
    array (
    ),
    'sift' => 
    array (
      'beacon_key' => 'affbdadb36',
      'sandbox_beacon_key' => '6ad0ad748b',
    ),
  ),
  'store_currencies' => 
  array (
    'default' => 'eur',
    'supported' => 
    array (
      0 => 'eur',
    ),
  ),
  'customer_currencies' => 
  array (
    'supported' => 
    array (
      0 => 'usd',
      1 => 'aed',
      2 => 'afn',
      3 => 'all',
      4 => 'amd',
      5 => 'ang',
      6 => 'aoa',
      7 => 'ars',
      8 => 'aud',
      9 => 'awg',
      10 => 'azn',
      11 => 'bam',
      12 => 'bbd',
      13 => 'bdt',
      14 => 'bgn',
      15 => 'bif',
      16 => 'bmd',
      17 => 'bnd',
      18 => 'bob',
      19 => 'brl',
      20 => 'bsd',
      21 => 'bwp',
      22 => 'byn',
      23 => 'bzd',
      24 => 'cad',
      25 => 'cdf',
      26 => 'chf',
      27 => 'clp',
      28 => 'cny',
      29 => 'cop',
      30 => 'crc',
      31 => 'cve',
      32 => 'czk',
      33 => 'djf',
      34 => 'dkk',
      35 => 'dop',
      36 => 'dzd',
      37 => 'egp',
      38 => 'etb',
      39 => 'eur',
      40 => 'fjd',
      41 => 'fkp',
      42 => 'gbp',
      43 => 'gel',
      44 => 'gip',
      45 => 'gmd',
      46 => 'gnf',
      47 => 'gtq',
      48 => 'gyd',
      49 => 'hkd',
      50 => 'hnl',
      51 => 'htg',
      52 => 'huf',
      53 => 'idr',
      54 => 'ils',
      55 => 'inr',
      56 => 'isk',
      57 => 'jmd',
      58 => 'jpy',
      59 => 'kes',
      60 => 'kgs',
      61 => 'khr',
      62 => 'kmf',
      63 => 'krw',
      64 => 'kyd',
      65 => 'kzt',
      66 => 'lak',
      67 => 'lbp',
      68 => 'lkr',
      69 => 'lrd',
      70 => 'lsl',
      71 => 'mad',
      72 => 'mdl',
      73 => 'mga',
      74 => 'mkd',
      75 => 'mmk',
      76 => 'mnt',
      77 => 'mop',
      78 => 'mur',
      79 => 'mvr',
      80 => 'mwk',
      81 => 'mxn',
      82 => 'myr',
      83 => 'mzn',
      84 => 'nad',
      85 => 'ngn',
      86 => 'nio',
      87 => 'nok',
      88 => 'npr',
      89 => 'nzd',
      90 => 'pab',
      91 => 'pen',
      92 => 'pgk',
      93 => 'php',
      94 => 'pkr',
      95 => 'pln',
      96 => 'pyg',
      97 => 'qar',
      98 => 'ron',
      99 => 'rsd',
      100 => 'rub',
      101 => 'rwf',
      102 => 'sar',
      103 => 'sbd',
      104 => 'scr',
      105 => 'sek',
      106 => 'sgd',
      107 => 'shp',
      108 => 'sle',
      109 => 'sos',
      110 => 'srd',
      111 => 'std',
      112 => 'szl',
      113 => 'thb',
      114 => 'tjs',
      115 => 'top',
      116 => 'try',
      117 => 'ttd',
      118 => 'twd',
      119 => 'tzs',
      120 => 'uah',
      121 => 'ugx',
      122 => 'uyu',
      123 => 'uzs',
      124 => 'vnd',
      125 => 'vuv',
      126 => 'wst',
      127 => 'xaf',
      128 => 'xcd',
      129 => 'xof',
      130 => 'xpf',
      131 => 'yer',
      132 => 'zar',
      133 => 'zmw',
    ),
  ),
  'country' => '(redacted)',
  'instant_deposits_eligible' => false,
  'card_present_eligible' => false,
  'has_card_readers_available' => false,
  'platform_checkout_eligible' => false,
  'platform_direct_checkout_eligible' => false,
  'platform_global_theme_support_enabled' => false,
  'business_profile' => 
  array (
    'name' => '(redacted)',
    'url' => 'https://phn.pixodeo.dev',
    'support_address' => 
    array (
    ),
    'support_email' => NULL,
    'support_phone' => NULL,
  ),
  'branding' => 
  array (
    'icon' => NULL,
    'logo' => NULL,
    'primary_color' => NULL,
    'secondary_color' => NULL,
  ),
  'locale' => 'en_US',
  'has_more_failed_events' => false,
  'has_submitted_vat_data' => false,
  'is_documents_enabled' => true,
  'card_testing_protection_eligible' => false,
  'progressive_onboarding' => 
  array (
    'is_enabled' => false,
    'is_complete' => false,
    'tpv' => NULL,
    'first_transaction_date' => NULL,
    'kyc_deadline_date' => NULL,
  ),
  'fraud_mitigation_settings' => 
  array (
    'avs_check_enabled' => false,
    'cvc_check_enabled' => true,
  ),
  'is_deferred_intent_creation_upe_enabled' => true,
  'pre_check_save_my_info' => false,
)
2024-10-05T17:42:10+00:00 INFO ENVIRONMENT: array (
  'WP_User' => 'Guest (non logged-in user)',
  'HTTP_REFERER' => '--',
  'HTTP_USER_AGENT' => 'Mozilla/5.0 (Macintosh; Intel Mac OS X 10_10_1) AppleWebKit/600.1.25 (KHTML, like Gecko) Version/8.0 Safari/600.1.25',
  'REQUEST_URI' => '/wp-admin/admin.php',
  'DOING_AJAX' => false,
  'DOING_CRON' => false,
  'WP_CLI' => false,
)
2024-10-05T17:42:10+00:00 INFO REQUEST POST https://public-api.wordpress.com/wpcom/v2/sites/%s/wcpay/compatibility
2024-10-05T17:42:10+00:00 INFO HEADERS: array (
  'Content-Type' => 'application/json; charset=utf-8',
  'User-Agent' => 'WooCommerce Payments/7.4.0',
  'Idempotency-Key' => '83881b8c-1f28-40af-9e36-a3c2096fdd6a',
)
2024-10-05T17:42:10+00:00 INFO BODY: array (
  'test_mode' => true,
  'compatibility_data' => 
  array (
    'woopayments_version' => '7.4.0',
    'woocommerce_version' => '8.7.0',
    'blog_theme' => 'grandconference-child',
    'active_plugins' => 
    array (
      0 => 'advanced-custom-fields-pro/acf.php',
      1 => 'contact-form-7/wp-contact-form-7.php',
      2 => 'contact-form-entries/contact-form-entries.php',
      3 => 'duplicate-post/duplicate-post.php',
      4 => 'elementor/elementor.php',
      5 => 'email-log/email-log.php',
      6 => 'extended-google-map-for-elementor/elementor-google-map-extended.php',
      7 => 'fooevents-calendar/fooevents-calendar.php',
      8 => 'fooevents/fooevents.php',
      9 => 'fooevents_bookings/fooevents-bookings.php',
      10 => 'fooevents_custom_attendee_fields/fooevents-custom-attendee-fields.php',
      11 => 'fooevents_pdf_tickets/fooevents-pdf-tickets.php',
      12 => 'grandconference-custom-post/grandconference-custom-post.php',
      13 => 'grandconference-elementor/grandconference-elementor.php',
      14 => 'loco-translate/loco.php',
      15 => 'loftloader/loftloader.php',
      16 => 'mailchimp-for-wp/mailchimp-for-wp.php',
      17 => 'revslider/revslider.php',
      18 => 'shortcode-elementor/elementor-shortcode.php',
      19 => 'smtp-mailer/main.php',
      20 => 'the-events-calendar/the-events-calendar.php',
      22 => 'woo-systempay-payment/woo-systempay-payment.php',
      23 => 'woocommerce-gateway-stripe/woocommerce-gateway-stripe.php',
      24 => 'woocommerce-payments/woocommerce-payments.php',
      25 => 'woocommerce/woocommerce.php',
    ),
    'post_types_count' => 
    array (
      'post' => 15,
      'page' => 33,
      'attachment' => 0,
      'e-landing-page' => 0,
      'elementor_library' => 4,
      'product' => 30,
      'event_magic_tickets' => 210,
      'header' => 10,
      'footer' => 7,
      'megamenu' => 3,
      'fullmenu' => 1,
      'galleries' => 1,
      'rs_elements' => 0,
      'tribe_events' => 2,
    ),
  ),
)
2024-10-05T17:42:10+00:00 INFO RESPONSE: array (
  'result' => 'success',
)
2024-10-05T22:31:29+00:00 INFO ENVIRONMENT: array (
  'WP_User' => 'Guest (non logged-in user)',
  'HTTP_REFERER' => '--',
  'HTTP_USER_AGENT' => 'Mozilla/5.0 (Macintosh; Intel Mac OS X 10_10_1) AppleWebKit/600.1.25 (KHTML, like Gecko) Version/8.0 Safari/600.1.25',
  'REQUEST_URI' => '/cart/',
  'DOING_AJAX' => false,
  'DOING_CRON' => false,
  'WP_CLI' => false,
)
2024-10-05T22:31:29+00:00 INFO REQUEST GET https://public-api.wordpress.com/wpcom/v2/sites/%s/wcpay/currency/rates?test_mode=1&currency_from=eur
2024-10-05T22:31:29+00:00 INFO HEADERS: array (
  'Content-Type' => 'application/json; charset=utf-8',
  'User-Agent' => 'WooCommerce Payments/7.4.0',
)
2024-10-05T22:31:30+00:00 INFO RESPONSE: array (
  'AED' => 4.033689,
  'AFN' => 75.55656,
  'ALL' => 98.775513,
  'AMD' => 426.780227,
  'ANG' => 1.987409,
  'AOA' => 1013.638592,
  'ARS' => 1066.121756,
  'AUD' => 1.609792,
  'AWG' => 1.97676,
  'AZN' => 1.86694,
  'BAM' => 1.955711,
  'BBD' => 2.1964,
  'BDT' => 131.774007,
  'BGN' => 1.958176,
  'BHD' => 0.413681,
  'BIF' => 3199.248706,
  'BMD' => 1.0982,
  'BND' => 1.424996,
  'BOB' => 7.619653,
  'BRL' => 5.993084,
  'BSD' => 1.0982,
  'BTC' => 1.8E-5,
  'BTN' => 92.5308,
  'BWP' => 14.586336,
  'BYN' => 3.608736,
  'BZD' => 2.222699,
  'CAD' => 1.49152,
  'CDF' => 3135.540015,
  'CHF' => 0.941733,
  'CLF' => 0.036805,
  'CLP' => 1015.923737,
  'CNH' => 7.795133,
  'CNY' => 7.741871,
  'COP' => 4620.089639,
  'CRC' => 571.973697,
  'CUC' => 1.0982,
  'CUP' => 28.27865,
  'CVE' => 110.259957,
  'CZK' => 25.372483,
  'DJF' => 196.361006,
  'DKK' => 7.460622,
  'DOP' => 66.316973,
  'DZD' => 146.431317,
  'EGP' => 53.049585,
  'ERN' => 16.473,
  'ETB' => 131.918202,
  'EUR' => 1,
  'FJD' => 2.429713,
  'FKP' => 0.836947,
  'GBP' => 0.836947,
  'GEL' => 3.000831,
  'GGP' => 0.836947,
  'GHS' => 17.445206,
  'GIP' => 0.836947,
  'GMD' => 75.775799,
  'GNF' => 9520.590299,
  'GTQ' => 8.532611,
  'GYD' => 230.69951,
  'HKD' => 8.52939,
  'HNL' => 27.419752,
  'HRK' => 7.539297,
  'HTG' => 145.393365,
  'HUF' => 401.721557,
  'IDR' => 17208.793857,
  'ILS' => 4.190671,
  'IMP' => 0.836947,
  'INR' => 92.278396,
  'IQD' => 1444.532374,
  'IRR' => 46239.710617,
  'ISK' => 148.981811,
  'JEP' => 0.836947,
  'JMD' => 173.468877,
  'JOD' => 0.778075,
  'JPY' => 163.329794,
  'KES' => 141.667799,
  'KGS' => 92.753971,
  'KHR' => 4475.811844,
  'KMF' => 490.346237,
  'KPW' => 988.379992,
  'KRW' => 1479.132622,
  'KWD' => 0.336175,
  'KYD' => 0.918958,
  'KZT' => 532.555999,
  'LAK' => 24350.055991,
  'LBP' => 98731.264633,
  'LKR' => 323.865369,
  'LRD' => 212.820308,
  'LSL' => 19.265023,
  'LYD' => 5.230177,
  'MAD' => 10.786009,
  'MDL' => 19.34712,
  'MGA' => 5008.890158,
  'MKD' => 61.612193,
  'MMK' => 2304.023581,
  'MNT' => 3731.683569,
  'MOP' => 8.818198,
  'MUR' => 51.055322,
  'MVR' => 16.85737,
  'MWK' => 1912.11455,
  'MXN' => 21.180983,
  'MYR' => 4.634404,
  'MZN' => 70.174972,
  'NAD' => 19.265023,
  'NGN' => 1798.500161,
  'NIO' => 40.578151,
  'NOK' => 11.702639,
  'NPR' => 148.049251,
  'NZD' => 1.782793,
  'OMR' => 0.422843,
  'PAB' => 1.0982,
  'PEN' => 4.107813,
  'PGK' => 4.3918,
  'PHP' => 62.204787,
  'PKR' => 306.002696,
  'PLN' => 4.317892,
  'PYG' => 8595.677932,
  'QAR' => 4.020617,
  'RON' => 4.983082,
  'RSD' => 117.030291,
  'RUB' => 104.255933,
  'RWF' => 1494.034003,
  'SAR' => 4.125148,
  'SBD' => 9.114321,
  'SCR' => 15.231888,
  'SDG' => 660.567295,
  'SEK' => 11.388773,
  'SGD' => 1.431614,
  'SHP' => 0.836947,
  'SLL' => 23028.704709,
  'SOS' => 630.17129,
  'SRD' => 33.8306,
  'SSP' => 143.051531,
  'STD' => 24469.872557,
  'SVC' => 9.648561,
  'SYP' => 2759.260423,
  'SZL' => 19.257123,
  'THB' => 36.520337,
  'TJS' => 11.743865,
  'TMT' => 3.854682,
  'TND' => 3.37216,
  'TOP' => 2.573939,
  'TRY' => 37.61884,
  'TTD' => 7.47866,
  'TWD' => 35.456485,
  'TZS' => 2991.636247,
  'UAH' => 45.398634,
  'UGX' => 4043.806556,
  'USD' => 1.0982,
  'UYU' => 45.774326,
  'UZS' => 14049.607037,
  'VND' => 27200.010203,
  'VUV' => 130.380499,
  'WST' => 3.07496,
  'XAF' => 655.957,
  'XAG' => 0.034109,
  'XAU' => 0.000414,
  'XCD' => 2.96794,
  'XDR' => 0.816431,
  'XOF' => 655.957,
  'XPD' => 0.001092,
  'XPF' => 119.331742,
  'XPT' => 0.001111,
  'YER' => 274.879516,
  'ZAR' => 19.199281,
  'ZMW' => 29.028677,
  'ZWL' => 353.620397,
)
