2024-10-04T01:49:04+00:00 INFO ENVIRONMENT: array (
  'WP_User' => 'pixodeo',
  'HTTP_REFERER' => '--',
  'HTTP_USER_AGENT' => 'Mozilla/5.0 (Windows NT 10.0; Win64; x64) AppleWebKit/537.36 (KHTML, like Gecko) Chrome/129.0.0.0 Safari/537.36',
  'REQUEST_URI' => '/wp-admin/',
  'DOING_AJAX' => false,
  'DOING_CRON' => false,
  'WP_CLI' => false,
)
2024-10-04T01:49:04+00:00 INFO REQUEST GET https://public-api.wordpress.com/wpcom/v2/sites/%s/wcpay/accounts?test_mode=true
2024-10-04T01:49:04+00:00 INFO HEADERS: array (
  'Content-Type' => 'application/json; charset=utf-8',
  'User-Agent' => 'WooCommerce Payments/7.4.0',
)
2024-10-04T01:49:07+00:00 INFO RESPONSE: array (
  'account_id' => 'acct_1OrB4iFy7FStQedj',
  'email' => '(redacted)',
  'live_publishable_key' => 'pk_live_iBIpeqzKOOx2Y8PFCRBfyMU000Q7xVG4Sn',
  'test_publishable_key' => 'pk_test_51ETDmyFuiXB5oUVxwSobQMW5Tno1GclIq7ePZWzLeW4q8oa7Zb8hI5VfwI5sNT5nXuKYinLukNvGCXmsQXAoDGHG00MqHqlYHR',
  'is_live' => false,
  'is_test_drive' => false,
  'created' => '2024-03-06 03:23:26',
  'has_pending_requirements' => true,
  'has_future_requirements' => false,
  'has_overdue_requirements' => false,
  'details_submitted' => true,
  'current_deadline' => 1711614200,
  'status' => 'restricted_soon',
  'capabilities' => 
  array (
    'card_payments' => 'active',
    'giropay_payments' => 'active',
    'klarna_payments' => 'active',
    'transfers' => 'active',
    'bancontact_payments' => 'unrequested',
    'bank_transfer_payments' => 'unrequested',
    'blik_payments' => 'unrequested',
    'cartes_bancaires_payments' => 'unrequested',
    'eps_payments' => 'unrequested',
    'ideal_payments' => 'unrequested',
    'klarna' => 'unrequested',
    'link_payments' => 'unrequested',
    'mobilepay_payments' => 'unrequested',
    'multibanco_payments' => 'unrequested',
    'p24_payments' => 'unrequested',
    'sepa_bank_transfer_payments' => 'unrequested',
    'sepa_debit_payments' => 'unrequested',
    'sofort_payments' => 'unrequested',
    'twint_payments' => 'unrequested',
  ),
  'capability_requirements' => 
  array (
    'bancontact_payments' => 
    array (
    ),
    'bank_transfer_payments' => 
    array (
    ),
    'blik_payments' => 
    array (
    ),
    'card_payments' => 
    array (
    ),
    'cartes_bancaires_payments' => 
    array (
    ),
    'eps_payments' => 
    array (
    ),
    'giropay_payments' => 
    array (
    ),
    'ideal_payments' => 
    array (
    ),
    'klarna' => 
    array (
      0 => 'email',
    ),
    'klarna_payments' => 
    array (
    ),
    'link_payments' => 
    array (
    ),
    'mobilepay_payments' => 
    array (
    ),
    'multibanco_payments' => 
    array (
    ),
    'p24_payments' => 
    array (
    ),
    'sepa_bank_transfer_payments' => 
    array (
    ),
    'sepa_debit_payments' => 
    array (
    ),
    'sofort_payments' => 
    array (
    ),
    'transfers' => 
    array (
    ),
    'twint_payments' => 
    array (
    ),
  ),
  'payments_enabled' => true,
  'deposits' => 
  array (
    'status' => 'enabled',
    'restrictions' => 'deposits_unrestricted',
    'interval' => 'daily',
    'weekly_anchor' => '',
    'monthly_anchor' => NULL,
    'delay_days' => 7,
    'completed_waiting_period' => false,
    'minimum_manual_deposit_amounts' => 
    array (
      'aud' => 500,
      'bgn' => 100,
      'cad' => 500,
      'chf' => 500,
      'czk' => 3000,
      'dkk' => 5000,
      'eur' => 500,
      'gbp' => 500,
      'hkd' => 5000,
      'huf' => 36000,
      'nok' => 5000,
      'nzd' => 500,
      'jpy' => 50,
      'sek' => 5000,
      'sgd' => 500,
      'usd' => 500,
      'ron' => 500,
      'pln' => 500,
      'aed' => 200,
    ),
    'minimum_scheduled_deposit_amounts' => 
    array (
      'aed' => 200,
      'aud' => 0,
      'bgn' => 100,
      'cad' => 0,
      'chf' => 500,
      'czk' => 3000,
      'dkk' => 2000,
      'eur' => 100,
      'gbp' => 100,
      'hkd' => 0,
      'huf' => 36000,
      'jpy' => 1,
      'nok' => 2000,
      'nzd' => 0,
      'pln' => 500,
      'ron' => 500,
      'sek' => 2000,
      'sgd' => 100,
      'usd' => 0,
    ),
  ),
  'lifetime_total_payment_volume' => 424476,
  'requirements' => 
  array (
    'errors' => 
    array (
      0 => 
      array (
        'code' => 'verification_failed_keyed_identity',
        'detailed_code' => 'verification_failed_keyed_identity',
        'reason' => 'Name on the document doesn’t match the name provided for this account. Provide a matching document or update the name on this account.',
        'requirement' => 'individual.verification.document',
      ),
    ),
  ),
  'statement_descriptor' => 'PHN.PIXODEO.DEV',
  'statement_descriptor_kanji' => '',
  'statement_descriptor_kana' => '',
  'latest_tos_agreement' => 
  array (
    'date' => '2024-03-06 03:23:26',
    'source' => 'signup',
    'is_current_version' => true,
  ),
  'fees' => 
  array (
    'base' => 
    array (
      'percentage_rate' => 0.015,
      'fixed_rate' => 25,
      'currency' => 'eur',
    ),
    'discount' => 
    array (
    ),
    'card' => 
    array (
      'base' => 
      array (
        'percentage_rate' => 0.015,
        'fixed_rate' => 25,
        'currency' => 'eur',
      ),
      'additional' => 
      array (
        'percentage_rate' => 0.02,
        'fixed_rate' => 0,
        'currency' => 'eur',
      ),
      'fx' => 
      array (
        'percentage_rate' => 0.02,
        'fixed_rate' => 0,
        'currency' => 'eur',
      ),
      'discount' => 
      array (
      ),
    ),
    'bancontact' => 
    array (
      'base' => 
      array (
        'percentage_rate' => 0.014,
        'fixed_rate' => 25,
        'currency' => 'eur',
      ),
      'additional' => 
      array (
        'percentage_rate' => 0,
        'fixed_rate' => 0,
        'currency' => 'eur',
      ),
      'fx' => 
      array (
        'percentage_rate' => 0,
        'fixed_rate' => 0,
        'currency' => 'eur',
      ),
      'discount' => 
      array (
      ),
    ),
    'eps' => 
    array (
      'base' => 
      array (
        'percentage_rate' => 0.018,
        'fixed_rate' => 25,
        'currency' => 'eur',
      ),
      'additional' => 
      array (
        'percentage_rate' => 0,
        'fixed_rate' => 0,
        'currency' => 'eur',
      ),
      'fx' => 
      array (
        'percentage_rate' => 0,
        'fixed_rate' => 0,
        'currency' => 'eur',
      ),
      'discount' => 
      array (
      ),
    ),
    'ideal' => 
    array (
      'base' => 
      array (
        'percentage_rate' => 0,
        'fixed_rate' => 29,
        'currency' => 'eur',
      ),
      'additional' => 
      array (
        'percentage_rate' => 0,
        'fixed_rate' => 0,
        'currency' => 'eur',
      ),
      'fx' => 
      array (
        'percentage_rate' => 0,
        'fixed_rate' => 0,
        'currency' => 'eur',
      ),
      'discount' => 
      array (
      ),
    ),
    'giropay' => 
    array (
      'base' => 
      array (
        'percentage_rate' => 0.014,
        'fixed_rate' => 25,
        'currency' => 'eur',
      ),
      'additional' => 
      array (
        'percentage_rate' => 0,
        'fixed_rate' => 0,
        'currency' => 'eur',
      ),
      'fx' => 
      array (
        'percentage_rate' => 0,
        'fixed_rate' => 0,
        'currency' => 'eur',
      ),
      'discount' => 
      array (
      ),
    ),
    'p24' => 
    array (
      'base' => 
      array (
        'percentage_rate' => 0.022,
        'fixed_rate' => 25,
        'currency' => 'eur',
      ),
      'additional' => 
      array (
        'percentage_rate' => 0,
        'fixed_rate' => 0,
        'currency' => 'eur',
      ),
      'fx' => 
      array (
        'percentage_rate' => 0,
        'fixed_rate' => 0,
        'currency' => 'eur',
      ),
      'discount' => 
      array (
      ),
    ),
  ),
  'capital' => 
  array (
    'has_active_loan' => false,
    'has_previous_loans' => false,
    'loans' => 
    array (
    ),
  ),
  'fraud_services' => 
  array (
    'stripe' => 
    array (
    ),
    'sift' => 
    array (
      'beacon_key' => 'affbdadb36',
      'sandbox_beacon_key' => '6ad0ad748b',
    ),
  ),
  'store_currencies' => 
  array (
    'default' => 'eur',
    'supported' => 
    array (
      0 => 'eur',
    ),
  ),
  'customer_currencies' => 
  array (
    'supported' => 
    array (
      0 => 'usd',
      1 => 'aed',
      2 => 'afn',
      3 => 'all',
      4 => 'amd',
      5 => 'ang',
      6 => 'aoa',
      7 => 'ars',
      8 => 'aud',
      9 => 'awg',
      10 => 'azn',
      11 => 'bam',
      12 => 'bbd',
      13 => 'bdt',
      14 => 'bgn',
      15 => 'bif',
      16 => 'bmd',
      17 => 'bnd',
      18 => 'bob',
      19 => 'brl',
      20 => 'bsd',
      21 => 'bwp',
      22 => 'byn',
      23 => 'bzd',
      24 => 'cad',
      25 => 'cdf',
      26 => 'chf',
      27 => 'clp',
      28 => 'cny',
      29 => 'cop',
      30 => 'crc',
      31 => 'cve',
      32 => 'czk',
      33 => 'djf',
      34 => 'dkk',
      35 => 'dop',
      36 => 'dzd',
      37 => 'egp',
      38 => 'etb',
      39 => 'eur',
      40 => 'fjd',
      41 => 'fkp',
      42 => 'gbp',
      43 => 'gel',
      44 => 'gip',
      45 => 'gmd',
      46 => 'gnf',
      47 => 'gtq',
      48 => 'gyd',
      49 => 'hkd',
      50 => 'hnl',
      51 => 'htg',
      52 => 'huf',
      53 => 'idr',
      54 => 'ils',
      55 => 'inr',
      56 => 'isk',
      57 => 'jmd',
      58 => 'jpy',
      59 => 'kes',
      60 => 'kgs',
      61 => 'khr',
      62 => 'kmf',
      63 => 'krw',
      64 => 'kyd',
      65 => 'kzt',
      66 => 'lak',
      67 => 'lbp',
      68 => 'lkr',
      69 => 'lrd',
      70 => 'lsl',
      71 => 'mad',
      72 => 'mdl',
      73 => 'mga',
      74 => 'mkd',
      75 => 'mmk',
      76 => 'mnt',
      77 => 'mop',
      78 => 'mur',
      79 => 'mvr',
      80 => 'mwk',
      81 => 'mxn',
      82 => 'myr',
      83 => 'mzn',
      84 => 'nad',
      85 => 'ngn',
      86 => 'nio',
      87 => 'nok',
      88 => 'npr',
      89 => 'nzd',
      90 => 'pab',
      91 => 'pen',
      92 => 'pgk',
      93 => 'php',
      94 => 'pkr',
      95 => 'pln',
      96 => 'pyg',
      97 => 'qar',
      98 => 'ron',
      99 => 'rsd',
      100 => 'rub',
      101 => 'rwf',
      102 => 'sar',
      103 => 'sbd',
      104 => 'scr',
      105 => 'sek',
      106 => 'sgd',
      107 => 'shp',
      108 => 'sle',
      109 => 'sos',
      110 => 'srd',
      111 => 'std',
      112 => 'szl',
      113 => 'thb',
      114 => 'tjs',
      115 => 'top',
      116 => 'try',
      117 => 'ttd',
      118 => 'twd',
      119 => 'tzs',
      120 => 'uah',
      121 => 'ugx',
      122 => 'uyu',
      123 => 'uzs',
      124 => 'vnd',
      125 => 'vuv',
      126 => 'wst',
      127 => 'xaf',
      128 => 'xcd',
      129 => 'xof',
      130 => 'xpf',
      131 => 'yer',
      132 => 'zar',
      133 => 'zmw',
    ),
  ),
  'country' => '(redacted)',
  'instant_deposits_eligible' => false,
  'card_present_eligible' => false,
  'has_card_readers_available' => false,
  'platform_checkout_eligible' => false,
  'platform_direct_checkout_eligible' => false,
  'platform_global_theme_support_enabled' => false,
  'business_profile' => 
  array (
    'name' => '(redacted)',
    'url' => 'https://phn.pixodeo.dev',
    'support_address' => 
    array (
    ),
    'support_email' => NULL,
    'support_phone' => NULL,
  ),
  'branding' => 
  array (
    'icon' => NULL,
    'logo' => NULL,
    'primary_color' => NULL,
    'secondary_color' => NULL,
  ),
  'locale' => 'en_US',
  'has_more_failed_events' => false,
  'has_submitted_vat_data' => false,
  'is_documents_enabled' => true,
  'card_testing_protection_eligible' => false,
  'progressive_onboarding' => 
  array (
    'is_enabled' => false,
    'is_complete' => false,
    'tpv' => NULL,
    'first_transaction_date' => NULL,
    'kyc_deadline_date' => NULL,
  ),
  'fraud_mitigation_settings' => 
  array (
    'avs_check_enabled' => false,
    'cvc_check_enabled' => true,
  ),
  'is_deferred_intent_creation_upe_enabled' => true,
  'pre_check_save_my_info' => false,
)
2024-10-04T01:49:07+00:00 INFO ENVIRONMENT: array (
  'WP_User' => 'pixodeo',
  'HTTP_REFERER' => '--',
  'HTTP_USER_AGENT' => 'Mozilla/5.0 (Windows NT 10.0; Win64; x64) AppleWebKit/537.36 (KHTML, like Gecko) Chrome/129.0.0.0 Safari/537.36',
  'REQUEST_URI' => '/wp-admin/',
  'DOING_AJAX' => false,
  'DOING_CRON' => false,
  'WP_CLI' => false,
)
2024-10-04T01:49:07+00:00 INFO REQUEST POST https://public-api.wordpress.com/wpcom/v2/sites/%s/wcpay/compatibility
2024-10-04T01:49:07+00:00 INFO HEADERS: array (
  'Content-Type' => 'application/json; charset=utf-8',
  'User-Agent' => 'WooCommerce Payments/7.4.0',
  'Idempotency-Key' => '031e347b-84c0-41f0-b185-b165fab9f185',
)
2024-10-04T01:49:07+00:00 INFO BODY: array (
  'test_mode' => true,
  'compatibility_data' => 
  array (
    'woopayments_version' => '7.4.0',
    'woocommerce_version' => '8.7.0',
    'blog_theme' => 'grandconference-child',
    'active_plugins' => 
    array (
      0 => 'advanced-custom-fields-pro/acf.php',
      1 => 'contact-form-7/wp-contact-form-7.php',
      2 => 'contact-form-entries/contact-form-entries.php',
      3 => 'duplicate-post/duplicate-post.php',
      4 => 'elementor/elementor.php',
      5 => 'email-log/email-log.php',
      6 => 'extended-google-map-for-elementor/elementor-google-map-extended.php',
      7 => 'fooevents-calendar/fooevents-calendar.php',
      8 => 'fooevents/fooevents.php',
      9 => 'fooevents_bookings/fooevents-bookings.php',
      10 => 'fooevents_custom_attendee_fields/fooevents-custom-attendee-fields.php',
      11 => 'fooevents_pdf_tickets/fooevents-pdf-tickets.php',
      12 => 'grandconference-custom-post/grandconference-custom-post.php',
      13 => 'grandconference-elementor/grandconference-elementor.php',
      14 => 'loco-translate/loco.php',
      15 => 'loftloader/loftloader.php',
      16 => 'mailchimp-for-wp/mailchimp-for-wp.php',
      17 => 'revslider/revslider.php',
      18 => 'shortcode-elementor/elementor-shortcode.php',
      19 => 'smtp-mailer/main.php',
      20 => 'the-events-calendar/the-events-calendar.php',
      22 => 'woo-systempay-payment/woo-systempay-payment.php',
      23 => 'woocommerce-gateway-stripe/woocommerce-gateway-stripe.php',
      24 => 'woocommerce-payments/woocommerce-payments.php',
      25 => 'woocommerce/woocommerce.php',
    ),
    'post_types_count' => 
    array (
      'post' => 15,
      'page' => 33,
      'attachment' => 0,
      'e-landing-page' => 0,
      'elementor_library' => 4,
      'product' => 30,
      'event_magic_tickets' => 210,
      'header' => 10,
      'footer' => 7,
      'megamenu' => 3,
      'fullmenu' => 1,
      'galleries' => 1,
      'rs_elements' => 0,
      'tribe_events' => 2,
    ),
  ),
)
2024-10-04T01:49:07+00:00 INFO RESPONSE: array (
  'result' => 'success',
)
2024-10-04T01:49:07+00:00 INFO ENVIRONMENT: array (
  'WP_User' => 'pixodeo',
  'HTTP_REFERER' => '--',
  'HTTP_USER_AGENT' => 'Mozilla/5.0 (Windows NT 10.0; Win64; x64) AppleWebKit/537.36 (KHTML, like Gecko) Chrome/129.0.0.0 Safari/537.36',
  'REQUEST_URI' => '/wp-admin/',
  'DOING_AJAX' => false,
  'DOING_CRON' => false,
  'WP_CLI' => false,
)
2024-10-04T01:49:07+00:00 INFO REQUEST GET https://public-api.wordpress.com/wpcom/v2/sites/%s/wcpay/disputes/status_counts?test_mode=1
2024-10-04T01:49:07+00:00 INFO HEADERS: array (
  'Content-Type' => 'application/json; charset=utf-8',
  'User-Agent' => 'WooCommerce Payments/7.4.0',
)
2024-10-04T01:49:07+00:00 INFO RESPONSE: array (
)
2024-10-04T02:41:42+00:00 INFO ENVIRONMENT: array (
  'WP_User' => 'pixodeo',
  'HTTP_REFERER' => 'https://phn-events.com/event/congres-secours-sante-des-sapeurs-pompiers-de-france/hotels/',
  'HTTP_USER_AGENT' => 'Mozilla/5.0 (Windows NT 10.0; Win64; x64) AppleWebKit/537.36 (KHTML, like Gecko) Chrome/129.0.0.0 Safari/537.36',
  'REQUEST_URI' => '/event/congres-secours-sante-des-sapeurs-pompiers-de-france/',
  'DOING_AJAX' => false,
  'DOING_CRON' => false,
  'WP_CLI' => false,
)
2024-10-04T02:41:42+00:00 INFO REQUEST GET https://public-api.wordpress.com/wpcom/v2/sites/%s/wcpay/currency/rates?test_mode=1&currency_from=eur
2024-10-04T02:41:42+00:00 INFO HEADERS: array (
  'Content-Type' => 'application/json; charset=utf-8',
  'User-Agent' => 'WooCommerce Payments/7.4.0',
)
2024-10-04T02:41:42+00:00 INFO RESPONSE: array (
  'AED' => 4.053169,
  'AFN' => 75.898511,
  'ALL' => 98.861082,
  'AMD' => 427.45212,
  'ANG' => 1.990423,
  'AOA' => 1021.844472,
  'ARS' => 1072.329791,
  'AUD' => 1.610901,
  'AWG' => 1.986307,
  'AZN' => 1.875956,
  'BAM' => 1.956046,
  'BBD' => 2.207007,
  'BDT' => 131.976599,
  'BGN' => 1.956065,
  'BHD' => 0.416016,
  'BIF' => 3203.96009,
  'BMD' => 1.103504,
  'BND' => 1.431967,
  'BOB' => 7.631925,
  'BRL' => 6.044773,
  'BSD' => 1.103504,
  'BTC' => 1.8E-5,
  'BTN' => 92.717696,
  'BWP' => 14.608638,
  'BYN' => 3.614305,
  'BZD' => 2.22615,
  'CAD' => 1.495121,
  'CDF' => 3140.327269,
  'CHF' => 0.940025,
  'CLF' => 0.036818,
  'CLP' => 1016.205568,
  'CNH' => 7.777505,
  'CNY' => 7.775398,
  'COP' => 4621.482246,
  'CRC' => 572.56411,
  'CUC' => 1.103504,
  'CUP' => 28.415222,
  'CVE' => 110.278365,
  'CZK' => 25.33137,
  'DJF' => 196.672087,
  'DKK' => 7.459617,
  'DOP' => 66.407439,
  'DZD' => 146.693152,
  'EGP' => 53.353855,
  'ERN' => 16.552556,
  'ETB' => 133.468267,
  'EUR' => 1,
  'FJD' => 2.428591,
  'FKP' => 0.840484,
  'GBP' => 0.840484,
  'GEL' => 3.012565,
  'GGP' => 0.840484,
  'GHS' => 17.49412,
  'GIP' => 0.840484,
  'GMD' => 76.141759,
  'GNF' => 9535.124203,
  'GTQ' => 8.543036,
  'GYD' => 231.057955,
  'HKD' => 8.569178,
  'HNL' => 27.555091,
  'HRK' => 7.534006,
  'HTG' => 145.726344,
  'HUF' => 401.57605,
  'IDR' => 17075.562556,
  'ILS' => 4.198517,
  'IMP' => 0.840484,
  'INR' => 92.704962,
  'IQD' => 1446.784799,
  'IRR' => 46443.714065,
  'ISK' => 149.293022,
  'JEP' => 0.840484,
  'JMD' => 174.339601,
  'JOD' => 0.782053,
  'JPY' => 162.053685,
  'KES' => 142.462334,
  'KGS' => 93.201927,
  'KHR' => 4482.483253,
  'KMF' => 492.714365,
  'KPW' => 993.153375,
  'KRW' => 1473.481042,
  'KWD' => 0.337626,
  'KYD' => 0.920416,
  'KZT' => 533.097318,
  'LAK' => 24386.884734,
  'LBP' => 98912.298017,
  'LKR' => 324.590906,
  'LRD' => 213.83135,
  'LSL' => 19.311528,
  'LYD' => 5.251589,
  'MAD' => 10.788808,
  'MDL' => 19.327167,
  'MGA' => 5011.544478,
  'MKD' => 61.074476,
  'MMK' => 2315.150867,
  'MNT' => 3749.705741,
  'MOP' => 8.835611,
  'MUR' => 51.169465,
  'MVR' => 16.949818,
  'MWK' => 1915.015143,
  'MXN' => 21.35335,
  'MYR' => 4.656786,
  'MZN' => 70.458715,
  'NAD' => 19.311528,
  'NGN' => 1829.245061,
  'NIO' => 40.644557,
  'NOK' => 11.697732,
  'NPR' => 148.348644,
  'NZD' => 1.775085,
  'OMR' => 0.42485,
  'PAB' => 1.103504,
  'PEN' => 4.114017,
  'PGK' => 4.396493,
  'PHP' => 62.211127,
  'PKR' => 306.639585,
  'PLN' => 4.308414,
  'PYG' => 8610.977367,
  'QAR' => 4.025588,
  'RON' => 4.97647,
  'RSD' => 117.01488,
  'RUB' => 104.277328,
  'RWF' => 1496.371897,
  'SAR' => 4.143376,
  'SBD' => 9.150743,
  'SCR' => 14.480574,
  'SDG' => 663.757505,
  'SEK' => 11.36904,
  'SGD' => 1.430914,
  'SHP' => 0.840484,
  'SLL' => 23139.921879,
  'SOS' => 631.170058,
  'SRD' => 33.993985,
  'SSP' => 143.742398,
  'STD' => 24588.04985,
  'SVC' => 9.664215,
  'SYP' => 2772.586276,
  'SZL' => 19.302164,
  'THB' => 36.540871,
  'TJS' => 11.751077,
  'TMT' => 3.862263,
  'TND' => 3.37617,
  'TOP' => 2.585871,
  'TRY' => 37.781375,
  'TTD' => 7.490942,
  'TWD' => 35.348535,
  'TZS' => 3008.843118,
  'UAH' => 45.485202,
  'UGX' => 4045.509335,
  'USD' => 1.103504,
  'UYU' => 46.149299,
  'UZS' => 14089.76733,
  'VND' => 27317.833936,
  'VUV' => 131.010172,
  'WST' => 3.08981,
  'XAF' => 655.957,
  'XAG' => 0.034443,
  'XAU' => 0.000416,
  'XCD' => 2.982274,
  'XDR' => 0.815091,
  'XOF' => 655.957,
  'XPD' => 0.001101,
  'XPF' => 119.331742,
  'XPT' => 0.001113,
  'YER' => 276.252931,
  'ZAR' => 19.302893,
  'ZMW' => 29.129266,
  'ZWL' => 355.328207,
)
2024-10-04T08:27:00+00:00 INFO ENVIRONMENT: array (
  'WP_User' => 'Guest (non logged-in user)',
  'HTTP_REFERER' => '--',
  'HTTP_USER_AGENT' => 'Mozilla/5.0 (Macintosh; Intel Mac OS X 10_10_1) AppleWebKit/600.1.25 (KHTML, like Gecko) Version/8.0 Safari/600.1.25',
  'REQUEST_URI' => '/wp-admin/admin.php?page=acf-options',
  'DOING_AJAX' => false,
  'DOING_CRON' => false,
  'WP_CLI' => false,
)
2024-10-04T08:27:00+00:00 INFO REQUEST GET https://public-api.wordpress.com/wpcom/v2/sites/%s/wcpay/accounts?test_mode=true
2024-10-04T08:27:00+00:00 INFO HEADERS: array (
  'Content-Type' => 'application/json; charset=utf-8',
  'User-Agent' => 'WooCommerce Payments/7.4.0',
)
2024-10-04T08:27:03+00:00 INFO RESPONSE: array (
  'account_id' => 'acct_1OrB4iFy7FStQedj',
  'email' => '(redacted)',
  'live_publishable_key' => 'pk_live_iBIpeqzKOOx2Y8PFCRBfyMU000Q7xVG4Sn',
  'test_publishable_key' => 'pk_test_51ETDmyFuiXB5oUVxwSobQMW5Tno1GclIq7ePZWzLeW4q8oa7Zb8hI5VfwI5sNT5nXuKYinLukNvGCXmsQXAoDGHG00MqHqlYHR',
  'is_live' => false,
  'is_test_drive' => false,
  'created' => '2024-03-06 03:23:26',
  'has_pending_requirements' => true,
  'has_future_requirements' => false,
  'has_overdue_requirements' => false,
  'details_submitted' => true,
  'current_deadline' => 1711614200,
  'status' => 'restricted_soon',
  'capabilities' => 
  array (
    'card_payments' => 'active',
    'giropay_payments' => 'active',
    'klarna_payments' => 'active',
    'transfers' => 'active',
    'bancontact_payments' => 'unrequested',
    'bank_transfer_payments' => 'unrequested',
    'blik_payments' => 'unrequested',
    'cartes_bancaires_payments' => 'unrequested',
    'eps_payments' => 'unrequested',
    'ideal_payments' => 'unrequested',
    'klarna' => 'unrequested',
    'link_payments' => 'unrequested',
    'mobilepay_payments' => 'unrequested',
    'multibanco_payments' => 'unrequested',
    'p24_payments' => 'unrequested',
    'sepa_bank_transfer_payments' => 'unrequested',
    'sepa_debit_payments' => 'unrequested',
    'sofort_payments' => 'unrequested',
    'twint_payments' => 'unrequested',
  ),
  'capability_requirements' => 
  array (
    'bancontact_payments' => 
    array (
    ),
    'bank_transfer_payments' => 
    array (
    ),
    'blik_payments' => 
    array (
    ),
    'card_payments' => 
    array (
    ),
    'cartes_bancaires_payments' => 
    array (
    ),
    'eps_payments' => 
    array (
    ),
    'giropay_payments' => 
    array (
    ),
    'ideal_payments' => 
    array (
    ),
    'klarna' => 
    array (
      0 => 'email',
    ),
    'klarna_payments' => 
    array (
    ),
    'link_payments' => 
    array (
    ),
    'mobilepay_payments' => 
    array (
    ),
    'multibanco_payments' => 
    array (
    ),
    'p24_payments' => 
    array (
    ),
    'sepa_bank_transfer_payments' => 
    array (
    ),
    'sepa_debit_payments' => 
    array (
    ),
    'sofort_payments' => 
    array (
    ),
    'transfers' => 
    array (
    ),
    'twint_payments' => 
    array (
    ),
  ),
  'payments_enabled' => true,
  'deposits' => 
  array (
    'status' => 'enabled',
    'restrictions' => 'deposits_unrestricted',
    'interval' => 'daily',
    'weekly_anchor' => '',
    'monthly_anchor' => NULL,
    'delay_days' => 7,
    'completed_waiting_period' => false,
    'minimum_manual_deposit_amounts' => 
    array (
      'aud' => 500,
      'bgn' => 100,
      'cad' => 500,
      'chf' => 500,
      'czk' => 3000,
      'dkk' => 5000,
      'eur' => 500,
      'gbp' => 500,
      'hkd' => 5000,
      'huf' => 36000,
      'nok' => 5000,
      'nzd' => 500,
      'jpy' => 50,
      'sek' => 5000,
      'sgd' => 500,
      'usd' => 500,
      'ron' => 500,
      'pln' => 500,
      'aed' => 200,
    ),
    'minimum_scheduled_deposit_amounts' => 
    array (
      'aed' => 200,
      'aud' => 0,
      'bgn' => 100,
      'cad' => 0,
      'chf' => 500,
      'czk' => 3000,
      'dkk' => 2000,
      'eur' => 100,
      'gbp' => 100,
      'hkd' => 0,
      'huf' => 36000,
      'jpy' => 1,
      'nok' => 2000,
      'nzd' => 0,
      'pln' => 500,
      'ron' => 500,
      'sek' => 2000,
      'sgd' => 100,
      'usd' => 0,
    ),
  ),
  'lifetime_total_payment_volume' => 424476,
  'requirements' => 
  array (
    'errors' => 
    array (
      0 => 
      array (
        'code' => 'verification_failed_keyed_identity',
        'detailed_code' => 'verification_failed_keyed_identity',
        'reason' => 'Name on the document doesn’t match the name provided for this account. Provide a matching document or update the name on this account.',
        'requirement' => 'individual.verification.document',
      ),
    ),
  ),
  'statement_descriptor' => 'PHN.PIXODEO.DEV',
  'statement_descriptor_kanji' => '',
  'statement_descriptor_kana' => '',
  'latest_tos_agreement' => 
  array (
    'date' => '2024-03-06 03:23:26',
    'source' => 'signup',
    'is_current_version' => true,
  ),
  'fees' => 
  array (
    'base' => 
    array (
      'percentage_rate' => 0.015,
      'fixed_rate' => 25,
      'currency' => 'eur',
    ),
    'discount' => 
    array (
    ),
    'card' => 
    array (
      'base' => 
      array (
        'percentage_rate' => 0.015,
        'fixed_rate' => 25,
        'currency' => 'eur',
      ),
      'additional' => 
      array (
        'percentage_rate' => 0.02,
        'fixed_rate' => 0,
        'currency' => 'eur',
      ),
      'fx' => 
      array (
        'percentage_rate' => 0.02,
        'fixed_rate' => 0,
        'currency' => 'eur',
      ),
      'discount' => 
      array (
      ),
    ),
    'bancontact' => 
    array (
      'base' => 
      array (
        'percentage_rate' => 0.014,
        'fixed_rate' => 25,
        'currency' => 'eur',
      ),
      'additional' => 
      array (
        'percentage_rate' => 0,
        'fixed_rate' => 0,
        'currency' => 'eur',
      ),
      'fx' => 
      array (
        'percentage_rate' => 0,
        'fixed_rate' => 0,
        'currency' => 'eur',
      ),
      'discount' => 
      array (
      ),
    ),
    'eps' => 
    array (
      'base' => 
      array (
        'percentage_rate' => 0.018,
        'fixed_rate' => 25,
        'currency' => 'eur',
      ),
      'additional' => 
      array (
        'percentage_rate' => 0,
        'fixed_rate' => 0,
        'currency' => 'eur',
      ),
      'fx' => 
      array (
        'percentage_rate' => 0,
        'fixed_rate' => 0,
        'currency' => 'eur',
      ),
      'discount' => 
      array (
      ),
    ),
    'ideal' => 
    array (
      'base' => 
      array (
        'percentage_rate' => 0,
        'fixed_rate' => 29,
        'currency' => 'eur',
      ),
      'additional' => 
      array (
        'percentage_rate' => 0,
        'fixed_rate' => 0,
        'currency' => 'eur',
      ),
      'fx' => 
      array (
        'percentage_rate' => 0,
        'fixed_rate' => 0,
        'currency' => 'eur',
      ),
      'discount' => 
      array (
      ),
    ),
    'giropay' => 
    array (
      'base' => 
      array (
        'percentage_rate' => 0.014,
        'fixed_rate' => 25,
        'currency' => 'eur',
      ),
      'additional' => 
      array (
        'percentage_rate' => 0,
        'fixed_rate' => 0,
        'currency' => 'eur',
      ),
      'fx' => 
      array (
        'percentage_rate' => 0,
        'fixed_rate' => 0,
        'currency' => 'eur',
      ),
      'discount' => 
      array (
      ),
    ),
    'p24' => 
    array (
      'base' => 
      array (
        'percentage_rate' => 0.022,
        'fixed_rate' => 25,
        'currency' => 'eur',
      ),
      'additional' => 
      array (
        'percentage_rate' => 0,
        'fixed_rate' => 0,
        'currency' => 'eur',
      ),
      'fx' => 
      array (
        'percentage_rate' => 0,
        'fixed_rate' => 0,
        'currency' => 'eur',
      ),
      'discount' => 
      array (
      ),
    ),
  ),
  'capital' => 
  array (
    'has_active_loan' => false,
    'has_previous_loans' => false,
    'loans' => 
    array (
    ),
  ),
  'fraud_services' => 
  array (
    'stripe' => 
    array (
    ),
    'sift' => 
    array (
      'beacon_key' => 'affbdadb36',
      'sandbox_beacon_key' => '6ad0ad748b',
    ),
  ),
  'store_currencies' => 
  array (
    'default' => 'eur',
    'supported' => 
    array (
      0 => 'eur',
    ),
  ),
  'customer_currencies' => 
  array (
    'supported' => 
    array (
      0 => 'usd',
      1 => 'aed',
      2 => 'afn',
      3 => 'all',
      4 => 'amd',
      5 => 'ang',
      6 => 'aoa',
      7 => 'ars',
      8 => 'aud',
      9 => 'awg',
      10 => 'azn',
      11 => 'bam',
      12 => 'bbd',
      13 => 'bdt',
      14 => 'bgn',
      15 => 'bif',
      16 => 'bmd',
      17 => 'bnd',
      18 => 'bob',
      19 => 'brl',
      20 => 'bsd',
      21 => 'bwp',
      22 => 'byn',
      23 => 'bzd',
      24 => 'cad',
      25 => 'cdf',
      26 => 'chf',
      27 => 'clp',
      28 => 'cny',
      29 => 'cop',
      30 => 'crc',
      31 => 'cve',
      32 => 'czk',
      33 => 'djf',
      34 => 'dkk',
      35 => 'dop',
      36 => 'dzd',
      37 => 'egp',
      38 => 'etb',
      39 => 'eur',
      40 => 'fjd',
      41 => 'fkp',
      42 => 'gbp',
      43 => 'gel',
      44 => 'gip',
      45 => 'gmd',
      46 => 'gnf',
      47 => 'gtq',
      48 => 'gyd',
      49 => 'hkd',
      50 => 'hnl',
      51 => 'htg',
      52 => 'huf',
      53 => 'idr',
      54 => 'ils',
      55 => 'inr',
      56 => 'isk',
      57 => 'jmd',
      58 => 'jpy',
      59 => 'kes',
      60 => 'kgs',
      61 => 'khr',
      62 => 'kmf',
      63 => 'krw',
      64 => 'kyd',
      65 => 'kzt',
      66 => 'lak',
      67 => 'lbp',
      68 => 'lkr',
      69 => 'lrd',
      70 => 'lsl',
      71 => 'mad',
      72 => 'mdl',
      73 => 'mga',
      74 => 'mkd',
      75 => 'mmk',
      76 => 'mnt',
      77 => 'mop',
      78 => 'mur',
      79 => 'mvr',
      80 => 'mwk',
      81 => 'mxn',
      82 => 'myr',
      83 => 'mzn',
      84 => 'nad',
      85 => 'ngn',
      86 => 'nio',
      87 => 'nok',
      88 => 'npr',
      89 => 'nzd',
      90 => 'pab',
      91 => 'pen',
      92 => 'pgk',
      93 => 'php',
      94 => 'pkr',
      95 => 'pln',
      96 => 'pyg',
      97 => 'qar',
      98 => 'ron',
      99 => 'rsd',
      100 => 'rub',
      101 => 'rwf',
      102 => 'sar',
      103 => 'sbd',
      104 => 'scr',
      105 => 'sek',
      106 => 'sgd',
      107 => 'shp',
      108 => 'sle',
      109 => 'sos',
      110 => 'srd',
      111 => 'std',
      112 => 'szl',
      113 => 'thb',
      114 => 'tjs',
      115 => 'top',
      116 => 'try',
      117 => 'ttd',
      118 => 'twd',
      119 => 'tzs',
      120 => 'uah',
      121 => 'ugx',
      122 => 'uyu',
      123 => 'uzs',
      124 => 'vnd',
      125 => 'vuv',
      126 => 'wst',
      127 => 'xaf',
      128 => 'xcd',
      129 => 'xof',
      130 => 'xpf',
      131 => 'yer',
      132 => 'zar',
      133 => 'zmw',
    ),
  ),
  'country' => '(redacted)',
  'instant_deposits_eligible' => false,
  'card_present_eligible' => false,
  'has_card_readers_available' => false,
  'platform_checkout_eligible' => false,
  'platform_direct_checkout_eligible' => false,
  'platform_global_theme_support_enabled' => false,
  'business_profile' => 
  array (
    'name' => '(redacted)',
    'url' => 'https://phn.pixodeo.dev',
    'support_address' => 
    array (
    ),
    'support_email' => NULL,
    'support_phone' => NULL,
  ),
  'branding' => 
  array (
    'icon' => NULL,
    'logo' => NULL,
    'primary_color' => NULL,
    'secondary_color' => NULL,
  ),
  'locale' => 'en_US',
  'has_more_failed_events' => false,
  'has_submitted_vat_data' => false,
  'is_documents_enabled' => true,
  'card_testing_protection_eligible' => false,
  'progressive_onboarding' => 
  array (
    'is_enabled' => false,
    'is_complete' => false,
    'tpv' => NULL,
    'first_transaction_date' => NULL,
    'kyc_deadline_date' => NULL,
  ),
  'fraud_mitigation_settings' => 
  array (
    'avs_check_enabled' => false,
    'cvc_check_enabled' => true,
  ),
  'is_deferred_intent_creation_upe_enabled' => true,
  'pre_check_save_my_info' => false,
)
2024-10-04T08:27:03+00:00 INFO ENVIRONMENT: array (
  'WP_User' => 'Guest (non logged-in user)',
  'HTTP_REFERER' => '--',
  'HTTP_USER_AGENT' => 'Mozilla/5.0 (Macintosh; Intel Mac OS X 10_10_1) AppleWebKit/600.1.25 (KHTML, like Gecko) Version/8.0 Safari/600.1.25',
  'REQUEST_URI' => '/wp-admin/admin.php?page=acf-options',
  'DOING_AJAX' => false,
  'DOING_CRON' => false,
  'WP_CLI' => false,
)
2024-10-04T08:27:03+00:00 INFO REQUEST POST https://public-api.wordpress.com/wpcom/v2/sites/%s/wcpay/compatibility
2024-10-04T08:27:03+00:00 INFO HEADERS: array (
  'Content-Type' => 'application/json; charset=utf-8',
  'User-Agent' => 'WooCommerce Payments/7.4.0',
  'Idempotency-Key' => '63ce7935-9c07-45d6-8b2b-c37f30c08ddc',
)
2024-10-04T08:27:03+00:00 INFO BODY: array (
  'test_mode' => true,
  'compatibility_data' => 
  array (
    'woopayments_version' => '7.4.0',
    'woocommerce_version' => '8.7.0',
    'blog_theme' => 'grandconference-child',
    'active_plugins' => 
    array (
      0 => 'advanced-custom-fields-pro/acf.php',
      1 => 'contact-form-7/wp-contact-form-7.php',
      2 => 'contact-form-entries/contact-form-entries.php',
      3 => 'duplicate-post/duplicate-post.php',
      4 => 'elementor/elementor.php',
      5 => 'email-log/email-log.php',
      6 => 'extended-google-map-for-elementor/elementor-google-map-extended.php',
      7 => 'fooevents-calendar/fooevents-calendar.php',
      8 => 'fooevents/fooevents.php',
      9 => 'fooevents_bookings/fooevents-bookings.php',
      10 => 'fooevents_custom_attendee_fields/fooevents-custom-attendee-fields.php',
      11 => 'fooevents_pdf_tickets/fooevents-pdf-tickets.php',
      12 => 'grandconference-custom-post/grandconference-custom-post.php',
      13 => 'grandconference-elementor/grandconference-elementor.php',
      14 => 'loco-translate/loco.php',
      15 => 'loftloader/loftloader.php',
      16 => 'mailchimp-for-wp/mailchimp-for-wp.php',
      17 => 'revslider/revslider.php',
      18 => 'shortcode-elementor/elementor-shortcode.php',
      19 => 'smtp-mailer/main.php',
      20 => 'the-events-calendar/the-events-calendar.php',
      22 => 'woo-systempay-payment/woo-systempay-payment.php',
      23 => 'woocommerce-gateway-stripe/woocommerce-gateway-stripe.php',
      24 => 'woocommerce-payments/woocommerce-payments.php',
      25 => 'woocommerce/woocommerce.php',
    ),
    'post_types_count' => 
    array (
      'post' => 15,
      'page' => 33,
      'attachment' => 0,
      'e-landing-page' => 0,
      'elementor_library' => 4,
      'product' => 30,
      'event_magic_tickets' => 210,
      'header' => 10,
      'footer' => 7,
      'megamenu' => 3,
      'fullmenu' => 1,
      'galleries' => 1,
      'rs_elements' => 0,
      'tribe_events' => 2,
    ),
  ),
)
2024-10-04T08:27:03+00:00 INFO RESPONSE: array (
  'result' => 'success',
)
2024-10-04T08:48:09+00:00 INFO ENVIRONMENT: array (
  'WP_User' => 'Guest (non logged-in user)',
  'HTTP_REFERER' => '--',
  'HTTP_USER_AGENT' => 'Mozilla/5.0 (compatible; Dataprovider.com)',
  'REQUEST_URI' => '/',
  'DOING_AJAX' => false,
  'DOING_CRON' => false,
  'WP_CLI' => false,
)
2024-10-04T08:48:09+00:00 INFO REQUEST GET https://public-api.wordpress.com/wpcom/v2/sites/%s/wcpay/currency/rates?test_mode=1&currency_from=eur
2024-10-04T08:48:09+00:00 INFO HEADERS: array (
  'Content-Type' => 'application/json; charset=utf-8',
  'User-Agent' => 'WooCommerce Payments/7.4.0',
)
2024-10-04T08:48:09+00:00 INFO RESPONSE: array (
  'AED' => 4.052561,
  'AFN' => 75.881166,
  'ALL' => 98.838483,
  'AMD' => 427.336572,
  'ANG' => 1.990095,
  'AOA' => 1021.675757,
  'ARS' => 1072.176991,
  'AUD' => 1.611181,
  'AWG' => 1.985979,
  'AZN' => 1.875647,
  'BAM' => 1.955723,
  'BBD' => 2.206643,
  'BDT' => 131.954808,
  'BGN' => 1.956768,
  'BHD' => 0.415933,
  'BIF' => 3203.273842,
  'BMD' => 1.103322,
  'BND' => 1.432046,
  'BOB' => 7.630665,
  'BRL' => 6.044326,
  'BSD' => 1.103322,
  'BTC' => 1.8E-5,
  'BTN' => 92.693577,
  'BWP' => 14.605299,
  'BYN' => 3.613446,
  'BZD' => 2.22562,
  'CAD' => 1.495397,
  'CDF' => 3139.808773,
  'CHF' => 0.938618,
  'CLF' => 0.036826,
  'CLP' => 1007.101878,
  'CNH' => 7.788563,
  'CNY' => 7.777865,
  'COP' => 4621.588193,
  'CRC' => 572.469575,
  'CUC' => 1.103322,
  'CUP' => 28.41053,
  'CVE' => 110.248682,
  'CZK' => 25.319795,
  'DJF' => 196.625307,
  'DKK' => 7.459599,
  'DOP' => 66.396475,
  'DZD' => 146.948087,
  'EGP' => 53.351665,
  'ERN' => 16.549823,
  'ETB' => 133.44623,
  'EUR' => 1,
  'FJD' => 2.428687,
  'FKP' => 0.839841,
  'GBP' => 0.839841,
  'GEL' => 3.012068,
  'GGP' => 0.839841,
  'GHS' => 17.489409,
  'GIP' => 0.839841,
  'GMD' => 76.129187,
  'GNF' => 9532.792391,
  'GTQ' => 8.540735,
  'GYD' => 231.019805,
  'HKD' => 8.568202,
  'HNL' => 27.550541,
  'HRK' => 7.534277,
  'HTG' => 145.693044,
  'HUF' => 401.618304,
  'IDR' => 17075.378307,
  'ILS' => 4.196285,
  'IMP' => 0.839841,
  'INR' => 92.638133,
  'IQD' => 1446.545922,
  'IRR' => 46436.045801,
  'ISK' => 149.301472,
  'JEP' => 0.839841,
  'JMD' => 174.310816,
  'JOD' => 0.781924,
  'JPY' => 161.180936,
  'KES' => 142.427779,
  'KGS' => 93.186538,
  'KHR' => 4481.446154,
  'KMF' => 492.633013,
  'KPW' => 992.989396,
  'KRW' => 1470.948301,
  'KWD' => 0.337527,
  'KYD' => 0.920264,
  'KZT' => 533.009299,
  'LAK' => 24381.698378,
  'LBP' => 98892.382313,
  'LKR' => 324.50612,
  'LRD' => 213.796044,
  'LSL' => 19.306502,
  'LYD' => 5.250341,
  'MAD' => 10.787027,
  'MDL' => 19.322575,
  'MGA' => 5010.717028,
  'MKD' => 61.064392,
  'MMK' => 2314.768615,
  'MNT' => 3749.086632,
  'MOP' => 8.834152,
  'MUR' => 51.238253,
  'MVR' => 16.947019,
  'MWK' => 1914.698957,
  'MXN' => 21.342813,
  'MYR' => 4.665947,
  'MZN' => 70.447082,
  'NAD' => 19.30834,
  'NGN' => 1828.854771,
  'NIO' => 40.635638,
  'NOK' => 11.696723,
  'NPR' => 148.32415,
  'NZD' => 1.776003,
  'OMR' => 0.424803,
  'PAB' => 1.103322,
  'PEN' => 4.113338,
  'PGK' => 4.395488,
  'PHP' => 62.139629,
  'PKR' => 306.569859,
  'PLN' => 4.3058,
  'PYG' => 8608.90755,
  'QAR' => 4.024504,
  'RON' => 4.976863,
  'RSD' => 117.005044,
  'RUB' => 104.540643,
  'RWF' => 1496.124833,
  'SAR' => 4.142752,
  'SBD' => 9.149232,
  'SCR' => 14.321928,
  'SDG' => 663.647913,
  'SEK' => 11.356916,
  'SGD' => 1.429866,
  'SHP' => 0.839841,
  'SLL' => 23136.101275,
  'SOS' => 631.065846,
  'SRD' => 33.988372,
  'SSP' => 143.718665,
  'STD' => 24583.990147,
  'SVC' => 9.662619,
  'SYP' => 2772.128498,
  'SZL' => 19.297753,
  'THB' => 36.343412,
  'TJS' => 11.74786,
  'TMT' => 3.861625,
  'TND' => 3.375612,
  'TOP' => 2.585942,
  'TRY' => 37.774496,
  'TTD' => 7.489705,
  'TWD' => 35.356491,
  'TZS' => 3008.346332,
  'UAH' => 45.477692,
  'UGX' => 4044.841386,
  'USD' => 1.103322,
  'UYU' => 46.253149,
  'UZS' => 14087.440986,
  'VND' => 27306.563633,
  'VUV' => 130.988541,
  'WST' => 3.0893,
  'XAF' => 655.957,
  'XAG' => 0.034214,
  'XAU' => 0.000414,
  'XCD' => 2.981782,
  'XDR' => 0.814957,
  'XOF' => 655.957,
  'XPD' => 0.001094,
  'XPF' => 119.331742,
  'XPT' => 0.001099,
  'YER' => 276.207319,
  'ZAR' => 19.239383,
  'ZMW' => 29.122345,
  'ZWL' => 355.26954,
)
2024-10-04T08:48:10+00:00 INFO ENVIRONMENT: array (
  'WP_User' => 'Guest (non logged-in user)',
  'HTTP_REFERER' => '--',
  'HTTP_USER_AGENT' => 'WordPress/6.6.2; https://phn-events.com',
  'REQUEST_URI' => '/wp-cron.php?doing_wp_cron=1728031689.7117810249328613281250',
  'DOING_AJAX' => false,
  'DOING_CRON' => true,
  'WP_CLI' => false,
)
2024-10-04T08:48:10+00:00 INFO REQUEST GET https://public-api.wordpress.com/wpcom/v2/wcpay/woopay/compatibility?test_mode=1
2024-10-04T08:48:10+00:00 INFO HEADERS: array (
  'Content-Type' => 'application/json; charset=utf-8',
  'User-Agent' => 'WooCommerce Payments/7.4.0',
)
2024-10-04T08:48:10+00:00 INFO RESPONSE: array (
  'incompatible_extensions' => 
  array (
    0 => 'class-wcdonation',
    1 => 'woocommerce-table-rate-shipping',
    2 => 'woocommerce-memberships-for-teams',
    3 => 'woocommerce-checkout-add-ons',
    4 => 'woocommerce-checkout-field-editor',
    5 => 'woocommerce-eu-vat-number',
    6 => 'woocommerce-order-delivery',
    7 => 'woocommerce-pdf-product-vouchers',
    8 => 'woocommerce-shipping-local-pickup-plus',
    9 => 'woocommerce-shipping-multiple-addresses',
    10 => 'woocommerce-smart-coupons',
    11 => 'woocommerce-subscriptions-gifting',
    12 => 'advanced-product-fields-for-woocommerce',
  ),
  'adapted_extensions' => 
  array (
    0 => 'woocommerce-points-and-rewards',
    1 => 'woocommerce-gift-cards',
  ),
  'available_countries' => 
  array (
    0 => 'US',
  ),
)
2024-10-04T13:45:47+00:00 INFO ENVIRONMENT: array (
  'WP_User' => 'Guest (non logged-in user)',
  'HTTP_REFERER' => '--',
  'HTTP_USER_AGENT' => 'Mozilla/5.0 (Windows NT 6.1) AppleWebKit/537.36 (KHTML, like Gecko) Chrome/70.0.3538.102 Safari/537.36',
  'REQUEST_URI' => '/wp-login.php',
  'DOING_AJAX' => false,
  'DOING_CRON' => false,
  'WP_CLI' => false,
)
2024-10-04T13:45:47+00:00 INFO REQUEST GET https://public-api.wordpress.com/wpcom/v2/sites/%s/wcpay/disputes?test_mode=1&pagesize=50&search%5B0%5D=warning_needs_response&search%5B1%5D=needs_response
2024-10-04T13:45:47+00:00 INFO HEADERS: array (
  'Content-Type' => 'application/json; charset=utf-8',
  'User-Agent' => 'WooCommerce Payments/7.4.0',
)
2024-10-04T13:45:47+00:00 INFO RESPONSE: array (
  'data' => 
  array (
  ),
)
2024-10-04T14:26:11+00:00 INFO ENVIRONMENT: array (
  'WP_User' => 'Guest (non logged-in user)',
  'HTTP_REFERER' => '--',
  'HTTP_USER_AGENT' => 'Mozilla/5.0 (Macintosh; Intel Mac OS X 10_10_1) AppleWebKit/600.1.25 (KHTML, like Gecko) Version/8.0 Safari/600.1.25',
  'REQUEST_URI' => '/wp-admin/admin.php?page=acf-options&message=1',
  'DOING_AJAX' => false,
  'DOING_CRON' => false,
  'WP_CLI' => false,
)
2024-10-04T14:26:11+00:00 INFO REQUEST GET https://public-api.wordpress.com/wpcom/v2/sites/%s/wcpay/accounts?test_mode=true
2024-10-04T14:26:11+00:00 INFO HEADERS: array (
  'Content-Type' => 'application/json; charset=utf-8',
  'User-Agent' => 'WooCommerce Payments/7.4.0',
)
2024-10-04T14:26:14+00:00 INFO RESPONSE: array (
  'account_id' => 'acct_1OrB4iFy7FStQedj',
  'email' => '(redacted)',
  'live_publishable_key' => 'pk_live_iBIpeqzKOOx2Y8PFCRBfyMU000Q7xVG4Sn',
  'test_publishable_key' => 'pk_test_51ETDmyFuiXB5oUVxwSobQMW5Tno1GclIq7ePZWzLeW4q8oa7Zb8hI5VfwI5sNT5nXuKYinLukNvGCXmsQXAoDGHG00MqHqlYHR',
  'is_live' => false,
  'is_test_drive' => false,
  'created' => '2024-03-06 03:23:26',
  'has_pending_requirements' => true,
  'has_future_requirements' => false,
  'has_overdue_requirements' => false,
  'details_submitted' => true,
  'current_deadline' => 1711614200,
  'status' => 'restricted_soon',
  'capabilities' => 
  array (
    'card_payments' => 'active',
    'giropay_payments' => 'active',
    'klarna_payments' => 'active',
    'transfers' => 'active',
    'bancontact_payments' => 'unrequested',
    'bank_transfer_payments' => 'unrequested',
    'blik_payments' => 'unrequested',
    'cartes_bancaires_payments' => 'unrequested',
    'eps_payments' => 'unrequested',
    'ideal_payments' => 'unrequested',
    'klarna' => 'unrequested',
    'link_payments' => 'unrequested',
    'mobilepay_payments' => 'unrequested',
    'multibanco_payments' => 'unrequested',
    'p24_payments' => 'unrequested',
    'sepa_bank_transfer_payments' => 'unrequested',
    'sepa_debit_payments' => 'unrequested',
    'sofort_payments' => 'unrequested',
    'twint_payments' => 'unrequested',
  ),
  'capability_requirements' => 
  array (
    'bancontact_payments' => 
    array (
    ),
    'bank_transfer_payments' => 
    array (
    ),
    'blik_payments' => 
    array (
    ),
    'card_payments' => 
    array (
    ),
    'cartes_bancaires_payments' => 
    array (
    ),
    'eps_payments' => 
    array (
    ),
    'giropay_payments' => 
    array (
    ),
    'ideal_payments' => 
    array (
    ),
    'klarna' => 
    array (
      0 => 'email',
    ),
    'klarna_payments' => 
    array (
    ),
    'link_payments' => 
    array (
    ),
    'mobilepay_payments' => 
    array (
    ),
    'multibanco_payments' => 
    array (
    ),
    'p24_payments' => 
    array (
    ),
    'sepa_bank_transfer_payments' => 
    array (
    ),
    'sepa_debit_payments' => 
    array (
    ),
    'sofort_payments' => 
    array (
    ),
    'transfers' => 
    array (
    ),
    'twint_payments' => 
    array (
    ),
  ),
  'payments_enabled' => true,
  'deposits' => 
  array (
    'status' => 'enabled',
    'restrictions' => 'deposits_unrestricted',
    'interval' => 'daily',
    'weekly_anchor' => '',
    'monthly_anchor' => NULL,
    'delay_days' => 7,
    'completed_waiting_period' => false,
    'minimum_manual_deposit_amounts' => 
    array (
      'aud' => 500,
      'bgn' => 100,
      'cad' => 500,
      'chf' => 500,
      'czk' => 3000,
      'dkk' => 5000,
      'eur' => 500,
      'gbp' => 500,
      'hkd' => 5000,
      'huf' => 36000,
      'nok' => 5000,
      'nzd' => 500,
      'jpy' => 50,
      'sek' => 5000,
      'sgd' => 500,
      'usd' => 500,
      'ron' => 500,
      'pln' => 500,
      'aed' => 200,
    ),
    'minimum_scheduled_deposit_amounts' => 
    array (
      'aed' => 200,
      'aud' => 0,
      'bgn' => 100,
      'cad' => 0,
      'chf' => 500,
      'czk' => 3000,
      'dkk' => 2000,
      'eur' => 100,
      'gbp' => 100,
      'hkd' => 0,
      'huf' => 36000,
      'jpy' => 1,
      'nok' => 2000,
      'nzd' => 0,
      'pln' => 500,
      'ron' => 500,
      'sek' => 2000,
      'sgd' => 100,
      'usd' => 0,
    ),
  ),
  'lifetime_total_payment_volume' => 424476,
  'requirements' => 
  array (
    'errors' => 
    array (
      0 => 
      array (
        'code' => 'verification_failed_keyed_identity',
        'detailed_code' => 'verification_failed_keyed_identity',
        'reason' => 'Name on the document doesn’t match the name provided for this account. Provide a matching document or update the name on this account.',
        'requirement' => 'individual.verification.document',
      ),
    ),
  ),
  'statement_descriptor' => 'PHN.PIXODEO.DEV',
  'statement_descriptor_kanji' => '',
  'statement_descriptor_kana' => '',
  'latest_tos_agreement' => 
  array (
    'date' => '2024-03-06 03:23:26',
    'source' => 'signup',
    'is_current_version' => true,
  ),
  'fees' => 
  array (
    'base' => 
    array (
      'percentage_rate' => 0.015,
      'fixed_rate' => 25,
      'currency' => 'eur',
    ),
    'discount' => 
    array (
    ),
    'card' => 
    array (
      'base' => 
      array (
        'percentage_rate' => 0.015,
        'fixed_rate' => 25,
        'currency' => 'eur',
      ),
      'additional' => 
      array (
        'percentage_rate' => 0.02,
        'fixed_rate' => 0,
        'currency' => 'eur',
      ),
      'fx' => 
      array (
        'percentage_rate' => 0.02,
        'fixed_rate' => 0,
        'currency' => 'eur',
      ),
      'discount' => 
      array (
      ),
    ),
    'bancontact' => 
    array (
      'base' => 
      array (
        'percentage_rate' => 0.014,
        'fixed_rate' => 25,
        'currency' => 'eur',
      ),
      'additional' => 
      array (
        'percentage_rate' => 0,
        'fixed_rate' => 0,
        'currency' => 'eur',
      ),
      'fx' => 
      array (
        'percentage_rate' => 0,
        'fixed_rate' => 0,
        'currency' => 'eur',
      ),
      'discount' => 
      array (
      ),
    ),
    'eps' => 
    array (
      'base' => 
      array (
        'percentage_rate' => 0.018,
        'fixed_rate' => 25,
        'currency' => 'eur',
      ),
      'additional' => 
      array (
        'percentage_rate' => 0,
        'fixed_rate' => 0,
        'currency' => 'eur',
      ),
      'fx' => 
      array (
        'percentage_rate' => 0,
        'fixed_rate' => 0,
        'currency' => 'eur',
      ),
      'discount' => 
      array (
      ),
    ),
    'ideal' => 
    array (
      'base' => 
      array (
        'percentage_rate' => 0,
        'fixed_rate' => 29,
        'currency' => 'eur',
      ),
      'additional' => 
      array (
        'percentage_rate' => 0,
        'fixed_rate' => 0,
        'currency' => 'eur',
      ),
      'fx' => 
      array (
        'percentage_rate' => 0,
        'fixed_rate' => 0,
        'currency' => 'eur',
      ),
      'discount' => 
      array (
      ),
    ),
    'giropay' => 
    array (
      'base' => 
      array (
        'percentage_rate' => 0.014,
        'fixed_rate' => 25,
        'currency' => 'eur',
      ),
      'additional' => 
      array (
        'percentage_rate' => 0,
        'fixed_rate' => 0,
        'currency' => 'eur',
      ),
      'fx' => 
      array (
        'percentage_rate' => 0,
        'fixed_rate' => 0,
        'currency' => 'eur',
      ),
      'discount' => 
      array (
      ),
    ),
    'p24' => 
    array (
      'base' => 
      array (
        'percentage_rate' => 0.022,
        'fixed_rate' => 25,
        'currency' => 'eur',
      ),
      'additional' => 
      array (
        'percentage_rate' => 0,
        'fixed_rate' => 0,
        'currency' => 'eur',
      ),
      'fx' => 
      array (
        'percentage_rate' => 0,
        'fixed_rate' => 0,
        'currency' => 'eur',
      ),
      'discount' => 
      array (
      ),
    ),
  ),
  'capital' => 
  array (
    'has_active_loan' => false,
    'has_previous_loans' => false,
    'loans' => 
    array (
    ),
  ),
  'fraud_services' => 
  array (
    'stripe' => 
    array (
    ),
    'sift' => 
    array (
      'beacon_key' => 'affbdadb36',
      'sandbox_beacon_key' => '6ad0ad748b',
    ),
  ),
  'store_currencies' => 
  array (
    'default' => 'eur',
    'supported' => 
    array (
      0 => 'eur',
    ),
  ),
  'customer_currencies' => 
  array (
    'supported' => 
    array (
      0 => 'usd',
      1 => 'aed',
      2 => 'afn',
      3 => 'all',
      4 => 'amd',
      5 => 'ang',
      6 => 'aoa',
      7 => 'ars',
      8 => 'aud',
      9 => 'awg',
      10 => 'azn',
      11 => 'bam',
      12 => 'bbd',
      13 => 'bdt',
      14 => 'bgn',
      15 => 'bif',
      16 => 'bmd',
      17 => 'bnd',
      18 => 'bob',
      19 => 'brl',
      20 => 'bsd',
      21 => 'bwp',
      22 => 'byn',
      23 => 'bzd',
      24 => 'cad',
      25 => 'cdf',
      26 => 'chf',
      27 => 'clp',
      28 => 'cny',
      29 => 'cop',
      30 => 'crc',
      31 => 'cve',
      32 => 'czk',
      33 => 'djf',
      34 => 'dkk',
      35 => 'dop',
      36 => 'dzd',
      37 => 'egp',
      38 => 'etb',
      39 => 'eur',
      40 => 'fjd',
      41 => 'fkp',
      42 => 'gbp',
      43 => 'gel',
      44 => 'gip',
      45 => 'gmd',
      46 => 'gnf',
      47 => 'gtq',
      48 => 'gyd',
      49 => 'hkd',
      50 => 'hnl',
      51 => 'htg',
      52 => 'huf',
      53 => 'idr',
      54 => 'ils',
      55 => 'inr',
      56 => 'isk',
      57 => 'jmd',
      58 => 'jpy',
      59 => 'kes',
      60 => 'kgs',
      61 => 'khr',
      62 => 'kmf',
      63 => 'krw',
      64 => 'kyd',
      65 => 'kzt',
      66 => 'lak',
      67 => 'lbp',
      68 => 'lkr',
      69 => 'lrd',
      70 => 'lsl',
      71 => 'mad',
      72 => 'mdl',
      73 => 'mga',
      74 => 'mkd',
      75 => 'mmk',
      76 => 'mnt',
      77 => 'mop',
      78 => 'mur',
      79 => 'mvr',
      80 => 'mwk',
      81 => 'mxn',
      82 => 'myr',
      83 => 'mzn',
      84 => 'nad',
      85 => 'ngn',
      86 => 'nio',
      87 => 'nok',
      88 => 'npr',
      89 => 'nzd',
      90 => 'pab',
      91 => 'pen',
      92 => 'pgk',
      93 => 'php',
      94 => 'pkr',
      95 => 'pln',
      96 => 'pyg',
      97 => 'qar',
      98 => 'ron',
      99 => 'rsd',
      100 => 'rub',
      101 => 'rwf',
      102 => 'sar',
      103 => 'sbd',
      104 => 'scr',
      105 => 'sek',
      106 => 'sgd',
      107 => 'shp',
      108 => 'sle',
      109 => 'sos',
      110 => 'srd',
      111 => 'std',
      112 => 'szl',
      113 => 'thb',
      114 => 'tjs',
      115 => 'top',
      116 => 'try',
      117 => 'ttd',
      118 => 'twd',
      119 => 'tzs',
      120 => 'uah',
      121 => 'ugx',
      122 => 'uyu',
      123 => 'uzs',
      124 => 'vnd',
      125 => 'vuv',
      126 => 'wst',
      127 => 'xaf',
      128 => 'xcd',
      129 => 'xof',
      130 => 'xpf',
      131 => 'yer',
      132 => 'zar',
      133 => 'zmw',
    ),
  ),
  'country' => '(redacted)',
  'instant_deposits_eligible' => false,
  'card_present_eligible' => false,
  'has_card_readers_available' => false,
  'platform_checkout_eligible' => false,
  'platform_direct_checkout_eligible' => false,
  'platform_global_theme_support_enabled' => false,
  'business_profile' => 
  array (
    'name' => '(redacted)',
    'url' => 'https://phn.pixodeo.dev',
    'support_address' => 
    array (
    ),
    'support_email' => NULL,
    'support_phone' => NULL,
  ),
  'branding' => 
  array (
    'icon' => NULL,
    'logo' => NULL,
    'primary_color' => NULL,
    'secondary_color' => NULL,
  ),
  'locale' => 'en_US',
  'has_more_failed_events' => false,
  'has_submitted_vat_data' => false,
  'is_documents_enabled' => true,
  'card_testing_protection_eligible' => false,
  'progressive_onboarding' => 
  array (
    'is_enabled' => false,
    'is_complete' => false,
    'tpv' => NULL,
    'first_transaction_date' => NULL,
    'kyc_deadline_date' => NULL,
  ),
  'fraud_mitigation_settings' => 
  array (
    'avs_check_enabled' => false,
    'cvc_check_enabled' => true,
  ),
  'is_deferred_intent_creation_upe_enabled' => true,
  'pre_check_save_my_info' => false,
)
2024-10-04T14:26:14+00:00 INFO ENVIRONMENT: array (
  'WP_User' => 'Guest (non logged-in user)',
  'HTTP_REFERER' => '--',
  'HTTP_USER_AGENT' => 'Mozilla/5.0 (Macintosh; Intel Mac OS X 10_10_1) AppleWebKit/600.1.25 (KHTML, like Gecko) Version/8.0 Safari/600.1.25',
  'REQUEST_URI' => '/wp-admin/admin.php?page=acf-options&message=1',
  'DOING_AJAX' => false,
  'DOING_CRON' => false,
  'WP_CLI' => false,
)
2024-10-04T14:26:14+00:00 INFO REQUEST POST https://public-api.wordpress.com/wpcom/v2/sites/%s/wcpay/compatibility
2024-10-04T14:26:14+00:00 INFO HEADERS: array (
  'Content-Type' => 'application/json; charset=utf-8',
  'User-Agent' => 'WooCommerce Payments/7.4.0',
  'Idempotency-Key' => '364e5463-f18d-443b-a624-a0cc09a40cb0',
)
2024-10-04T14:26:14+00:00 INFO BODY: array (
  'test_mode' => true,
  'compatibility_data' => 
  array (
    'woopayments_version' => '7.4.0',
    'woocommerce_version' => '8.7.0',
    'blog_theme' => 'grandconference-child',
    'active_plugins' => 
    array (
      0 => 'advanced-custom-fields-pro/acf.php',
      1 => 'contact-form-7/wp-contact-form-7.php',
      2 => 'contact-form-entries/contact-form-entries.php',
      3 => 'duplicate-post/duplicate-post.php',
      4 => 'elementor/elementor.php',
      5 => 'email-log/email-log.php',
      6 => 'extended-google-map-for-elementor/elementor-google-map-extended.php',
      7 => 'fooevents-calendar/fooevents-calendar.php',
      8 => 'fooevents/fooevents.php',
      9 => 'fooevents_bookings/fooevents-bookings.php',
      10 => 'fooevents_custom_attendee_fields/fooevents-custom-attendee-fields.php',
      11 => 'fooevents_pdf_tickets/fooevents-pdf-tickets.php',
      12 => 'grandconference-custom-post/grandconference-custom-post.php',
      13 => 'grandconference-elementor/grandconference-elementor.php',
      14 => 'loco-translate/loco.php',
      15 => 'loftloader/loftloader.php',
      16 => 'mailchimp-for-wp/mailchimp-for-wp.php',
      17 => 'revslider/revslider.php',
      18 => 'shortcode-elementor/elementor-shortcode.php',
      19 => 'smtp-mailer/main.php',
      20 => 'the-events-calendar/the-events-calendar.php',
      22 => 'woo-systempay-payment/woo-systempay-payment.php',
      23 => 'woocommerce-gateway-stripe/woocommerce-gateway-stripe.php',
      24 => 'woocommerce-payments/woocommerce-payments.php',
      25 => 'woocommerce/woocommerce.php',
    ),
    'post_types_count' => 
    array (
      'post' => 15,
      'page' => 33,
      'attachment' => 0,
      'e-landing-page' => 0,
      'elementor_library' => 4,
      'product' => 30,
      'event_magic_tickets' => 210,
      'header' => 10,
      'footer' => 7,
      'megamenu' => 3,
      'fullmenu' => 1,
      'galleries' => 1,
      'rs_elements' => 0,
      'tribe_events' => 2,
    ),
  ),
)
2024-10-04T14:26:14+00:00 INFO RESPONSE: array (
  'result' => 'success',
)
2024-10-04T14:48:37+00:00 INFO ENVIRONMENT: array (
  'WP_User' => 'Guest (non logged-in user)',
  'HTTP_REFERER' => 'https://phn-events.com/event/congres-secours-sante-des-sapeurs-pompiers-de-france/hotels/',
  'HTTP_USER_AGENT' => 'Mozilla/5.0 (Windows NT 10.0; Win64; x64) AppleWebKit/537.36 (KHTML, like Gecko) Chrome/129.0.0.0 Safari/537.36 Edg/129.0.0.0',
  'REQUEST_URI' => '/hotels/hotel-arcanse-by-inwood-hotels/30894',
  'DOING_AJAX' => false,
  'DOING_CRON' => false,
  'WP_CLI' => false,
)
2024-10-04T14:48:37+00:00 INFO REQUEST GET https://public-api.wordpress.com/wpcom/v2/sites/%s/wcpay/currency/rates?test_mode=1&currency_from=eur
2024-10-04T14:48:37+00:00 INFO HEADERS: array (
  'Content-Type' => 'application/json; charset=utf-8',
  'User-Agent' => 'WooCommerce Payments/7.4.0',
)
2024-10-04T14:48:38+00:00 INFO RESPONSE: array (
  'AED' => 4.052176,
  'AFN' => 75.566627,
  'ALL' => 98.788674,
  'AMD' => 426.837315,
  'ANG' => 1.987674,
  'AOA' => 1021.592596,
  'ARS' => 1072.046031,
  'AUD' => 1.612703,
  'AWG' => 1.985817,
  'AZN' => 1.875494,
  'BAM' => 1.955954,
  'BBD' => 2.206463,
  'BDT' => 131.791575,
  'BGN' => 1.955175,
  'BHD' => 0.415889,
  'BIF' => 3199.684259,
  'BMD' => 1.103232,
  'BND' => 1.431526,
  'BOB' => 7.620668,
  'BRL' => 6.043283,
  'BSD' => 1.103232,
  'BTC' => 1.8E-5,
  'BTN' => 92.543117,
  'BWP' => 14.588279,
  'BYN' => 3.609216,
  'BZD' => 2.222995,
  'CAD' => 1.49535,
  'CDF' => 3135.939389,
  'CHF' => 0.93942,
  'CLF' => 0.036787,
  'CLP' => 1015.006302,
  'CNH' => 7.794768,
  'CNY' => 7.776901,
  'COP' => 4620.244236,
  'CRC' => 572.050706,
  'CUC' => 1.103232,
  'CUP' => 28.408217,
  'CVE' => 110.273666,
  'CZK' => 25.3489,
  'DJF' => 196.387162,
  'DKK' => 7.457777,
  'DOP' => 66.325816,
  'DZD' => 146.605703,
  'EGP' => 53.340372,
  'ERN' => 16.548476,
  'ETB' => 131.935771,
  'EUR' => 1,
  'FJD' => 2.429537,
  'FKP' => 0.83774,
  'GBP' => 0.83774,
  'GEL' => 3.011823,
  'GGP' => 0.83774,
  'GHS' => 17.44753,
  'GIP' => 0.83774,
  'GMD' => 76.12299,
  'GNF' => 9521.781665,
  'GTQ' => 8.533748,
  'GYD' => 230.730208,
  'HKD' => 8.565486,
  'HNL' => 27.423404,
  'HRK' => 7.534475,
  'HTG' => 145.412723,
  'HUF' => 401.447829,
  'IDR' => 17165.484609,
  'ILS' => 4.20389,
  'IMP' => 0.83774,
  'INR' => 92.654546,
  'IQD' => 1444.727712,
  'IRR' => 46432.266066,
  'ISK' => 149.10177,
  'JEP' => 0.83774,
  'JMD' => 174.26368,
  'JOD' => 0.78175,
  'JPY' => 161.723072,
  'KES' => 142.272766,
  'KGS' => 93.178953,
  'KHR' => 4476.380421,
  'KMF' => 492.592915,
  'KPW' => 992.90857,
  'KRW' => 1478.110364,
  'KWD' => 0.337436,
  'KYD' => 0.919081,
  'KZT' => 532.626654,
  'LAK' => 24353.457617,
  'LBP' => 98742.139378,
  'LKR' => 323.908257,
  'LRD' => 212.848663,
  'LSL' => 19.26759,
  'LYD' => 5.259413,
  'MAD' => 10.787446,
  'MDL' => 19.349697,
  'MGA' => 5051.450929,
  'MKD' => 61.617615,
  'MMK' => 2314.580201,
  'MNT' => 3748.781469,
  'MOP' => 8.819373,
  'MUR' => 51.289249,
  'MVR' => 16.94564,
  'MWK' => 1912.368746,
  'MXN' => 21.271329,
  'MYR' => 4.655638,
  'MZN' => 70.441348,
  'NAD' => 19.26759,
  'NGN' => 1814.915511,
  'NIO' => 40.58356,
  'NOK' => 11.682617,
  'NPR' => 148.068966,
  'NZD' => 1.777624,
  'OMR' => 0.424729,
  'PAB' => 1.103232,
  'PEN' => 4.10836,
  'PGK' => 4.392345,
  'PHP' => 62.172623,
  'PKR' => 306.043409,
  'PLN' => 4.31448,
  'PYG' => 8596.771331,
  'QAR' => 4.021153,
  'RON' => 4.976844,
  'RSD' => 117.014275,
  'RUB' => 105.080904,
  'RWF' => 1494.227888,
  'SAR' => 4.144073,
  'SBD' => 9.148488,
  'SCR' => 14.525565,
  'SDG' => 663.593895,
  'SEK' => 11.335835,
  'SGD' => 1.431793,
  'SHP' => 0.83774,
  'SLL' => 23134.218076,
  'SOS' => 630.254891,
  'SRD' => 33.985606,
  'SSP' => 143.706967,
  'STD' => 24581.989095,
  'SVC' => 9.649846,
  'SYP' => 2771.902856,
  'SZL' => 19.259689,
  'THB' => 36.477806,
  'TJS' => 11.74543,
  'TMT' => 3.861311,
  'TND' => 3.373665,
  'TOP' => 2.585732,
  'TRY' => 37.787081,
  'TTD' => 7.479656,
  'TWD' => 35.39388,
  'TZS' => 3008.101463,
  'UAH' => 45.40427,
  'UGX' => 4044.368723,
  'USD' => 1.103232,
  'UYU' => 46.124047,
  'UZS' => 14051.270744,
  'VND' => 27324.635738,
  'VUV' => 130.977879,
  'WST' => 3.089049,
  'XAF' => 655.957,
  'XAG' => 0.034295,
  'XAU' => 0.000415,
  'XCD' => 2.981539,
  'XDR' => 0.814891,
  'XOF' => 655.957,
  'XPD' => 0.0011,
  'XPF' => 119.331742,
  'XPT' => 0.001101,
  'YER' => 276.184837,
  'ZAR' => 19.27847,
  'ZMW' => 29.032546,
  'ZWL' => 355.240622,
)
2024-10-04T20:57:53+00:00 INFO ENVIRONMENT: array (
  'WP_User' => 'Guest (non logged-in user)',
  'HTTP_REFERER' => '--',
  'HTTP_USER_AGENT' => 'Mozilla/5.0 (Windows NT 6.1; WOW64) AppleWebKit/537.36 (KHTML, like Gecko) Chrome/47.0.2526.111 Safari/537.36',
  'REQUEST_URI' => '/wp-login.php',
  'DOING_AJAX' => false,
  'DOING_CRON' => false,
  'WP_CLI' => false,
)
2024-10-04T20:57:53+00:00 INFO REQUEST GET https://public-api.wordpress.com/wpcom/v2/sites/%s/wcpay/currency/rates?test_mode=1&currency_from=eur
2024-10-04T20:57:53+00:00 INFO HEADERS: array (
  'Content-Type' => 'application/json; charset=utf-8',
  'User-Agent' => 'WooCommerce Payments/7.4.0',
)
2024-10-04T20:57:53+00:00 INFO RESPONSE: array (
  'AED' => 4.028534,
  'AFN' => 75.678959,
  'ALL' => 98.212432,
  'AMD' => 424.449281,
  'ANG' => 1.97608,
  'AOA' => 1015.633566,
  'ARS' => 1065.258799,
  'AUD' => 1.613684,
  'AWG' => 1.974234,
  'AZN' => 1.864554,
  'BAM' => 1.944545,
  'BBD' => 2.193593,
  'BDT' => 131.022824,
  'BGN' => 1.954607,
  'BHD' => 0.413518,
  'BIF' => 3172.483899,
  'BMD' => 1.096797,
  'BND' => 1.423175,
  'BOB' => 7.576216,
  'BRL' => 5.996077,
  'BSD' => 1.096797,
  'BTC' => 1.8E-5,
  'BTN' => 92.003306,
  'BWP' => 14.503185,
  'BYN' => 3.588164,
  'BZD' => 2.210028,
  'CAD' => 1.489068,
  'CDF' => 3148.902774,
  'CHF' => 0.941726,
  'CLF' => 0.036756,
  'CLP' => 1014.196763,
  'CNH' => 7.785879,
  'CNY' => 7.731977,
  'COP' => 4574.529843,
  'CRC' => 568.713889,
  'CUC' => 1.096797,
  'CUP' => 28.24251,
  'CVE' => 110.00869,
  'CZK' => 25.33907,
  'DJF' => 195.041098,
  'DKK' => 7.455216,
  'DOP' => 66.411029,
  'DZD' => 146.190136,
  'EGP' => 53.011466,
  'ERN' => 16.451948,
  'ETB' => 132.493018,
  'EUR' => 1,
  'FJD' => 2.424469,
  'FKP' => 0.835839,
  'GBP' => 0.835839,
  'GEL' => 2.996996,
  'GGP' => 0.835839,
  'GHS' => 17.406161,
  'GIP' => 0.835839,
  'GMD' => 75.678959,
  'GNF' => 9462.611872,
  'GTQ' => 8.48397,
  'GYD' => 229.384341,
  'HKD' => 8.519077,
  'HNL' => 27.376041,
  'HRK' => 7.534304,
  'HTG' => 144.56452,
  'HUF' => 401.327042,
  'IDR' => 17221.68295,
  'ILS' => 4.185315,
  'IMP' => 0.835839,
  'INR' => 92.175486,
  'IQD' => 1436.803425,
  'IRR' => 46180.616964,
  'ISK' => 148.901094,
  'JEP' => 0.835839,
  'JMD' => 173.247186,
  'JOD' => 0.77719,
  'JPY' => 163.19674,
  'KES' => 141.48675,
  'KGS' => 92.635433,
  'KHR' => 4452.993822,
  'KMF' => 489.719582,
  'KPW' => 987.116857,
  'KRW' => 1479.787511,
  'KWD' => 0.335944,
  'KYD' => 0.91372,
  'KZT' => 529.519801,
  'LAK' => 24218.912089,
  'LBP' => 98272.967106,
  'LKR' => 322.018875,
  'LRD' => 212.531654,
  'LSL' => 19.155201,
  'LYD' => 5.215267,
  'MAD' => 10.715976,
  'MDL' => 19.141399,
  'MGA' => 5001.392076,
  'MKD' => 61.553634,
  'MMK' => 2301.079074,
  'MNT' => 3726.914534,
  'MOP' => 8.767929,
  'MUR' => 50.990074,
  'MVR' => 16.846795,
  'MWK' => 1903.490339,
  'MXN' => 21.16084,
  'MYR' => 4.630127,
  'MZN' => 70.05788,
  'NAD' => 19.155201,
  'NGN' => 1797.572701,
  'NIO' => 40.312756,
  'NOK' => 11.689145,
  'NPR' => 147.205268,
  'NZD' => 1.780752,
  'OMR' => 0.422288,
  'PAB' => 1.096797,
  'PEN' => 4.093025,
  'PGK' => 4.366073,
  'PHP' => 62.209199,
  'PKR' => 304.443291,
  'PLN' => 4.317785,
  'PYG' => 8546.625691,
  'QAR' => 3.993162,
  'RON' => 4.977043,
  'RSD' => 117.013929,
  'RUB' => 104.474676,
  'RWF' => 1465.320135,
  'SAR' => 4.120144,
  'SBD' => 9.102673,
  'SCR' => 15.160643,
  'SDG' => 659.723099,
  'SEK' => 11.384329,
  'SGD' => 1.431247,
  'SHP' => 0.835839,
  'SLL' => 22999.274372,
  'SOS' => 626.270806,
  'SRD' => 33.787365,
  'SSP' => 142.868713,
  'STD' => 24438.600429,
  'SVC' => 9.593558,
  'SYP' => 2755.73413,
  'SZL' => 19.147346,
  'THB' => 36.556776,
  'TJS' => 11.676918,
  'TMT' => 3.838788,
  'TND' => 3.357842,
  'TOP' => 2.57065,
  'TRY' => 37.574858,
  'TTD' => 7.436026,
  'TWD' => 35.457788,
  'TZS' => 2990.554972,
  'UAH' => 45.139423,
  'UGX' => 4020.777604,
  'USD' => 1.096797,
  'UYU' => 45.715827,
  'UZS' => 13978.671493,
  'VND' => 27167.6495,
  'VUV' => 130.213875,
  'WST' => 3.07103,
  'XAF' => 655.957,
  'XAG' => 0.034036,
  'XAU' => 0.000414,
  'XCD' => 2.964147,
  'XDR' => 0.810137,
  'XOF' => 655.957,
  'XPD' => 0.001103,
  'XPF' => 119.331742,
  'XPT' => 0.001107,
  'YER' => 274.582963,
  'ZAR' => 19.18319,
  'ZMW' => 28.863197,
  'ZWL' => 353.168476,
)
