2024-09-26T05:22:23+00:00 INFO ENVIRONMENT: array (
  'WP_User' => 'Guest (non logged-in user)',
  'HTTP_REFERER' => '--',
  'HTTP_USER_AGENT' => 'Mozilla/5.0 (Windows NT 10.0; Win64; x64) AppleWebKit/537.36 (KHTML, like Gecko) Chrome/126.0.0.0 Safari/537.36',
  'REQUEST_URI' => '/',
  'DOING_AJAX' => false,
  'DOING_CRON' => false,
  'WP_CLI' => false,
)
2024-09-26T05:22:23+00:00 INFO REQUEST GET https://public-api.wordpress.com/wpcom/v2/sites/%s/wcpay/currency/rates?test_mode=1&currency_from=eur
2024-09-26T05:22:23+00:00 INFO HEADERS: array (
  'Content-Type' => 'application/json; charset=utf-8',
  'User-Agent' => 'WooCommerce Payments/7.4.0',
)
2024-09-26T05:22:24+00:00 INFO RESPONSE: array (
  'AED' => 4.092426,
  'AFN' => 76.623464,
  'ALL' => 99.070588,
  'AMD' => 433.493103,
  'ANG' => 2.017656,
  'AOA' => 1041.415201,
  'ARS' => 1079.094323,
  'AUD' => 1.628702,
  'AWG' => 2.00833,
  'AZN' => 1.894126,
  'BAM' => 1.956654,
  'BBD' => 2.228383,
  'BDT' => 133.158936,
  'BGN' => 1.958036,
  'BHD' => 0.419821,
  'BIF' => 3229.28228,
  'BMD' => 1.114192,
  'BND' => 1.438402,
  'BOB' => 7.733377,
  'BRL' => 6.100311,
  'BSD' => 1.114192,
  'BTC' => 1.8E-5,
  'BTN' => 93.608115,
  'BWP' => 14.650121,
  'BYN' => 3.663744,
  'BZD' => 2.256619,
  'CAD' => 1.500905,
  'CDF' => 3185.46639,
  'CHF' => 0.94734,
  'CLF' => 0.036821,
  'CLP' => 1015.997891,
  'CNH' => 7.816104,
  'CNY' => 7.821068,
  'COP' => 4649.007901,
  'CRC' => 579.796369,
  'CUC' => 1.114192,
  'CUP' => 28.690434,
  'CVE' => 110.313168,
  'CZK' => 25.152946,
  'DJF' => 199.303491,
  'DKK' => 7.458269,
  'DOP' => 67.125889,
  'DZD' => 147.264475,
  'EGP' => 54.094336,
  'ERN' => 16.712874,
  'ETB' => 133.468976,
  'EUR' => 1,
  'FJD' => 2.446709,
  'FKP' => 0.835488,
  'GBP' => 0.835488,
  'GEL' => 3.036172,
  'GGP' => 0.835488,
  'GHS' => 17.627698,
  'GIP' => 0.835488,
  'GMD' => 76.322124,
  'GNF' => 9670.545878,
  'GTQ' => 8.613649,
  'GYD' => 233.082554,
  'HKD' => 8.673572,
  'HNL' => 27.810011,
  'HRK' => 7.535332,
  'HTG' => 147.769992,
  'HUF' => 395.201531,
  'IDR' => 16897.078869,
  'ILS' => 4.17028,
  'IMP' => 0.835488,
  'INR' => 93.193769,
  'IQD' => 1466.142703,
  'IRR' => 46913.037184,
  'ISK' => 150.505001,
  'JEP' => 0.835488,
  'JMD' => 175.271839,
  'JOD' => 0.789628,
  'JPY' => 161.373754,
  'KES' => 143.730716,
  'KGS' => 93.814932,
  'KHR' => 4546.883033,
  'KMF' => 492.612004,
  'KPW' => 1002.772437,
  'KRW' => 1480.379841,
  'KWD' => 0.340237,
  'KYD' => 0.932982,
  'KZT' => 535.35383,
  'LAK' => 24713.156816,
  'LBP' => 99869.890369,
  'LKR' => 336.713897,
  'LRD' => 217.118979,
  'LSL' => 19.267715,
  'LYD' => 5.316226,
  'MAD' => 10.80812,
  'MDL' => 19.479157,
  'MGA' => 5049.482742,
  'MKD' => 61.345578,
  'MMK' => 2337.57397,
  'MNT' => 3786.023046,
  'MOP' => 8.979262,
  'MUR' => 50.851701,
  'MVR' => 17.102841,
  'MWK' => 1940.849226,
  'MXN' => 21.85941,
  'MYR' => 4.616096,
  'MZN' => 71.196828,
  'NAD' => 19.267715,
  'NGN' => 1838.326999,
  'NIO' => 41.197886,
  'NOK' => 11.769419,
  'NPR' => 149.80842,
  'NZD' => 1.777318,
  'OMR' => 0.428906,
  'PAB' => 1.114192,
  'PEN' => 4.214741,
  'PGK' => 4.446862,
  'PHP' => 62.410325,
  'PKR' => 310.937347,
  'PLN' => 4.268052,
  'PYG' => 8725.281939,
  'QAR' => 4.079982,
  'RON' => 4.975868,
  'RSD' => 117.093737,
  'RUB' => 102.228114,
  'RWF' => 1517.737831,
  'SAR' => 4.180313,
  'SBD' => 9.250817,
  'SCR' => 15.553,
  'SDG' => 670.186245,
  'SEK' => 11.334309,
  'SGD' => 1.433924,
  'SHP' => 0.835488,
  'SLL' => 23364.040689,
  'SOS' => 639.662594,
  'SRD' => 33.932148,
  'SSP' => 145.134597,
  'STD' => 24826.194322,
  'SVC' => 9.796159,
  'SYP' => 2799.439813,
  'SZL' => 19.25389,
  'THB' => 36.406768,
  'TJS' => 11.917509,
  'TMT' => 3.910813,
  'TND' => 3.381307,
  'TOP' => 2.608635,
  'TRY' => 38.053097,
  'TTD' => 7.617566,
  'TWD' => 35.485885,
  'TZS' => 3055.574313,
  'UAH' => 46.153336,
  'UGX' => 4132.797307,
  'USD' => 1.114192,
  'UYU' => 47.09838,
  'UZS' => 14217.492037,
  'VND' => 27439.767242,
  'VUV' => 132.279055,
  'WST' => 3.119736,
  'XAF' => 655.957,
  'XAG' => 0.035023,
  'XAU' => 0.000419,
  'XCD' => 3.011158,
  'XDR' => 0.828226,
  'XOF' => 655.957,
  'XPD' => 0.001068,
  'XPF' => 119.331742,
  'XPT' => 0.001122,
  'YER' => 278.937823,
  'ZAR' => 19.208632,
  'ZMW' => 29.6953,
  'ZWL' => 358.769694,
)
2024-09-26T07:58:10+00:00 INFO ENVIRONMENT: array (
  'WP_User' => 'Guest (non logged-in user)',
  'HTTP_REFERER' => '--',
  'HTTP_USER_AGENT' => 'Mozilla/5.0 (iPhone; CPU iPhone OS 16_0 like Mac OS X) AppleWebKit/605.1.15 (KHTML, like Gecko) Version/16.0 Mobile/15E148 Safari/604.1',
  'REQUEST_URI' => '/hotels/hotel-arcanse-by-inwood-hotels/30894/',
  'DOING_AJAX' => false,
  'DOING_CRON' => false,
  'WP_CLI' => false,
)
2024-09-26T07:58:10+00:00 INFO REQUEST GET https://public-api.wordpress.com/wpcom/v2/sites/%s/wcpay/accounts?test_mode=true
2024-09-26T07:58:10+00:00 INFO HEADERS: array (
  'Content-Type' => 'application/json; charset=utf-8',
  'User-Agent' => 'WooCommerce Payments/7.4.0',
)
2024-09-26T07:58:14+00:00 INFO RESPONSE: array (
  'account_id' => 'acct_1OrB4iFy7FStQedj',
  'email' => '(redacted)',
  'live_publishable_key' => 'pk_live_iBIpeqzKOOx2Y8PFCRBfyMU000Q7xVG4Sn',
  'test_publishable_key' => 'pk_test_51ETDmyFuiXB5oUVxwSobQMW5Tno1GclIq7ePZWzLeW4q8oa7Zb8hI5VfwI5sNT5nXuKYinLukNvGCXmsQXAoDGHG00MqHqlYHR',
  'is_live' => false,
  'is_test_drive' => false,
  'created' => '2024-03-06 03:23:26',
  'has_pending_requirements' => true,
  'has_future_requirements' => false,
  'has_overdue_requirements' => false,
  'details_submitted' => true,
  'current_deadline' => 1711614200,
  'status' => 'restricted_soon',
  'capabilities' => 
  array (
    'card_payments' => 'active',
    'giropay_payments' => 'active',
    'klarna_payments' => 'active',
    'transfers' => 'active',
    'bancontact_payments' => 'unrequested',
    'bank_transfer_payments' => 'unrequested',
    'blik_payments' => 'unrequested',
    'cartes_bancaires_payments' => 'unrequested',
    'eps_payments' => 'unrequested',
    'ideal_payments' => 'unrequested',
    'klarna' => 'unrequested',
    'link_payments' => 'unrequested',
    'mobilepay_payments' => 'unrequested',
    'multibanco_payments' => 'unrequested',
    'p24_payments' => 'unrequested',
    'sepa_bank_transfer_payments' => 'unrequested',
    'sepa_debit_payments' => 'unrequested',
    'sofort_payments' => 'unrequested',
    'twint_payments' => 'unrequested',
  ),
  'capability_requirements' => 
  array (
    'bancontact_payments' => 
    array (
    ),
    'bank_transfer_payments' => 
    array (
    ),
    'blik_payments' => 
    array (
    ),
    'card_payments' => 
    array (
    ),
    'cartes_bancaires_payments' => 
    array (
    ),
    'eps_payments' => 
    array (
    ),
    'giropay_payments' => 
    array (
    ),
    'ideal_payments' => 
    array (
    ),
    'klarna' => 
    array (
      0 => 'email',
    ),
    'klarna_payments' => 
    array (
    ),
    'link_payments' => 
    array (
    ),
    'mobilepay_payments' => 
    array (
    ),
    'multibanco_payments' => 
    array (
    ),
    'p24_payments' => 
    array (
    ),
    'sepa_bank_transfer_payments' => 
    array (
    ),
    'sepa_debit_payments' => 
    array (
    ),
    'sofort_payments' => 
    array (
    ),
    'transfers' => 
    array (
    ),
    'twint_payments' => 
    array (
    ),
  ),
  'payments_enabled' => true,
  'deposits' => 
  array (
    'status' => 'enabled',
    'restrictions' => 'deposits_unrestricted',
    'interval' => 'daily',
    'weekly_anchor' => '',
    'monthly_anchor' => NULL,
    'delay_days' => 7,
    'completed_waiting_period' => false,
    'minimum_manual_deposit_amounts' => 
    array (
      'aud' => 500,
      'bgn' => 100,
      'cad' => 500,
      'chf' => 500,
      'czk' => 3000,
      'dkk' => 5000,
      'eur' => 500,
      'gbp' => 500,
      'hkd' => 5000,
      'huf' => 36000,
      'nok' => 5000,
      'nzd' => 500,
      'jpy' => 50,
      'sek' => 5000,
      'sgd' => 500,
      'usd' => 500,
      'ron' => 500,
      'pln' => 500,
      'aed' => 200,
    ),
    'minimum_scheduled_deposit_amounts' => 
    array (
      'aed' => 200,
      'aud' => 0,
      'bgn' => 100,
      'cad' => 0,
      'chf' => 500,
      'czk' => 3000,
      'dkk' => 2000,
      'eur' => 100,
      'gbp' => 100,
      'hkd' => 0,
      'huf' => 36000,
      'jpy' => 1,
      'nok' => 2000,
      'nzd' => 0,
      'pln' => 500,
      'ron' => 500,
      'sek' => 2000,
      'sgd' => 100,
      'usd' => 0,
    ),
  ),
  'lifetime_total_payment_volume' => 424476,
  'requirements' => 
  array (
    'errors' => 
    array (
      0 => 
      array (
        'code' => 'verification_failed_keyed_identity',
        'detailed_code' => 'verification_failed_keyed_identity',
        'reason' => 'Name on the document doesn’t match the name provided for this account. Provide a matching document or update the name on this account.',
        'requirement' => 'individual.verification.document',
      ),
    ),
  ),
  'statement_descriptor' => 'PHN.PIXODEO.DEV',
  'statement_descriptor_kanji' => '',
  'statement_descriptor_kana' => '',
  'latest_tos_agreement' => 
  array (
    'date' => '2024-03-06 03:23:26',
    'source' => 'signup',
    'is_current_version' => true,
  ),
  'fees' => 
  array (
    'base' => 
    array (
      'percentage_rate' => 0.015,
      'fixed_rate' => 25,
      'currency' => 'eur',
    ),
    'discount' => 
    array (
    ),
    'card' => 
    array (
      'base' => 
      array (
        'percentage_rate' => 0.015,
        'fixed_rate' => 25,
        'currency' => 'eur',
      ),
      'additional' => 
      array (
        'percentage_rate' => 0.02,
        'fixed_rate' => 0,
        'currency' => 'eur',
      ),
      'fx' => 
      array (
        'percentage_rate' => 0.02,
        'fixed_rate' => 0,
        'currency' => 'eur',
      ),
      'discount' => 
      array (
      ),
    ),
    'bancontact' => 
    array (
      'base' => 
      array (
        'percentage_rate' => 0.014,
        'fixed_rate' => 25,
        'currency' => 'eur',
      ),
      'additional' => 
      array (
        'percentage_rate' => 0,
        'fixed_rate' => 0,
        'currency' => 'eur',
      ),
      'fx' => 
      array (
        'percentage_rate' => 0,
        'fixed_rate' => 0,
        'currency' => 'eur',
      ),
      'discount' => 
      array (
      ),
    ),
    'eps' => 
    array (
      'base' => 
      array (
        'percentage_rate' => 0.018,
        'fixed_rate' => 25,
        'currency' => 'eur',
      ),
      'additional' => 
      array (
        'percentage_rate' => 0,
        'fixed_rate' => 0,
        'currency' => 'eur',
      ),
      'fx' => 
      array (
        'percentage_rate' => 0,
        'fixed_rate' => 0,
        'currency' => 'eur',
      ),
      'discount' => 
      array (
      ),
    ),
    'ideal' => 
    array (
      'base' => 
      array (
        'percentage_rate' => 0,
        'fixed_rate' => 29,
        'currency' => 'eur',
      ),
      'additional' => 
      array (
        'percentage_rate' => 0,
        'fixed_rate' => 0,
        'currency' => 'eur',
      ),
      'fx' => 
      array (
        'percentage_rate' => 0,
        'fixed_rate' => 0,
        'currency' => 'eur',
      ),
      'discount' => 
      array (
      ),
    ),
    'giropay' => 
    array (
      'base' => 
      array (
        'percentage_rate' => 0.014,
        'fixed_rate' => 25,
        'currency' => 'eur',
      ),
      'additional' => 
      array (
        'percentage_rate' => 0,
        'fixed_rate' => 0,
        'currency' => 'eur',
      ),
      'fx' => 
      array (
        'percentage_rate' => 0,
        'fixed_rate' => 0,
        'currency' => 'eur',
      ),
      'discount' => 
      array (
      ),
    ),
    'p24' => 
    array (
      'base' => 
      array (
        'percentage_rate' => 0.022,
        'fixed_rate' => 25,
        'currency' => 'eur',
      ),
      'additional' => 
      array (
        'percentage_rate' => 0,
        'fixed_rate' => 0,
        'currency' => 'eur',
      ),
      'fx' => 
      array (
        'percentage_rate' => 0,
        'fixed_rate' => 0,
        'currency' => 'eur',
      ),
      'discount' => 
      array (
      ),
    ),
  ),
  'capital' => 
  array (
    'has_active_loan' => false,
    'has_previous_loans' => false,
    'loans' => 
    array (
    ),
  ),
  'fraud_services' => 
  array (
    'stripe' => 
    array (
    ),
    'sift' => 
    array (
      'beacon_key' => 'affbdadb36',
      'sandbox_beacon_key' => '6ad0ad748b',
    ),
  ),
  'store_currencies' => 
  array (
    'default' => 'eur',
    'supported' => 
    array (
      0 => 'eur',
    ),
  ),
  'customer_currencies' => 
  array (
    'supported' => 
    array (
      0 => 'usd',
      1 => 'aed',
      2 => 'afn',
      3 => 'all',
      4 => 'amd',
      5 => 'ang',
      6 => 'aoa',
      7 => 'ars',
      8 => 'aud',
      9 => 'awg',
      10 => 'azn',
      11 => 'bam',
      12 => 'bbd',
      13 => 'bdt',
      14 => 'bgn',
      15 => 'bif',
      16 => 'bmd',
      17 => 'bnd',
      18 => 'bob',
      19 => 'brl',
      20 => 'bsd',
      21 => 'bwp',
      22 => 'byn',
      23 => 'bzd',
      24 => 'cad',
      25 => 'cdf',
      26 => 'chf',
      27 => 'clp',
      28 => 'cny',
      29 => 'cop',
      30 => 'crc',
      31 => 'cve',
      32 => 'czk',
      33 => 'djf',
      34 => 'dkk',
      35 => 'dop',
      36 => 'dzd',
      37 => 'egp',
      38 => 'etb',
      39 => 'eur',
      40 => 'fjd',
      41 => 'fkp',
      42 => 'gbp',
      43 => 'gel',
      44 => 'gip',
      45 => 'gmd',
      46 => 'gnf',
      47 => 'gtq',
      48 => 'gyd',
      49 => 'hkd',
      50 => 'hnl',
      51 => 'htg',
      52 => 'huf',
      53 => 'idr',
      54 => 'ils',
      55 => 'inr',
      56 => 'isk',
      57 => 'jmd',
      58 => 'jpy',
      59 => 'kes',
      60 => 'kgs',
      61 => 'khr',
      62 => 'kmf',
      63 => 'krw',
      64 => 'kyd',
      65 => 'kzt',
      66 => 'lak',
      67 => 'lbp',
      68 => 'lkr',
      69 => 'lrd',
      70 => 'lsl',
      71 => 'mad',
      72 => 'mdl',
      73 => 'mga',
      74 => 'mkd',
      75 => 'mmk',
      76 => 'mnt',
      77 => 'mop',
      78 => 'mur',
      79 => 'mvr',
      80 => 'mwk',
      81 => 'mxn',
      82 => 'myr',
      83 => 'mzn',
      84 => 'nad',
      85 => 'ngn',
      86 => 'nio',
      87 => 'nok',
      88 => 'npr',
      89 => 'nzd',
      90 => 'pab',
      91 => 'pen',
      92 => 'pgk',
      93 => 'php',
      94 => 'pkr',
      95 => 'pln',
      96 => 'pyg',
      97 => 'qar',
      98 => 'ron',
      99 => 'rsd',
      100 => 'rub',
      101 => 'rwf',
      102 => 'sar',
      103 => 'sbd',
      104 => 'scr',
      105 => 'sek',
      106 => 'sgd',
      107 => 'shp',
      108 => 'sle',
      109 => 'sos',
      110 => 'srd',
      111 => 'std',
      112 => 'szl',
      113 => 'thb',
      114 => 'tjs',
      115 => 'top',
      116 => 'try',
      117 => 'ttd',
      118 => 'twd',
      119 => 'tzs',
      120 => 'uah',
      121 => 'ugx',
      122 => 'uyu',
      123 => 'uzs',
      124 => 'vnd',
      125 => 'vuv',
      126 => 'wst',
      127 => 'xaf',
      128 => 'xcd',
      129 => 'xof',
      130 => 'xpf',
      131 => 'yer',
      132 => 'zar',
      133 => 'zmw',
    ),
  ),
  'country' => '(redacted)',
  'instant_deposits_eligible' => false,
  'card_present_eligible' => false,
  'has_card_readers_available' => false,
  'platform_checkout_eligible' => false,
  'platform_direct_checkout_eligible' => false,
  'platform_global_theme_support_enabled' => false,
  'business_profile' => 
  array (
    'name' => '(redacted)',
    'url' => 'https://phn.pixodeo.dev',
    'support_address' => 
    array (
    ),
    'support_email' => NULL,
    'support_phone' => NULL,
  ),
  'branding' => 
  array (
    'icon' => NULL,
    'logo' => NULL,
    'primary_color' => NULL,
    'secondary_color' => NULL,
  ),
  'locale' => 'en_US',
  'has_more_failed_events' => false,
  'has_submitted_vat_data' => false,
  'is_documents_enabled' => true,
  'card_testing_protection_eligible' => false,
  'progressive_onboarding' => 
  array (
    'is_enabled' => false,
    'is_complete' => false,
    'tpv' => NULL,
    'first_transaction_date' => NULL,
    'kyc_deadline_date' => NULL,
  ),
  'fraud_mitigation_settings' => 
  array (
    'avs_check_enabled' => false,
    'cvc_check_enabled' => true,
  ),
  'is_deferred_intent_creation_upe_enabled' => true,
  'pre_check_save_my_info' => false,
)
2024-09-26T07:58:14+00:00 INFO ENVIRONMENT: array (
  'WP_User' => 'Guest (non logged-in user)',
  'HTTP_REFERER' => '--',
  'HTTP_USER_AGENT' => 'Mozilla/5.0 (iPhone; CPU iPhone OS 16_0 like Mac OS X) AppleWebKit/605.1.15 (KHTML, like Gecko) Version/16.0 Mobile/15E148 Safari/604.1',
  'REQUEST_URI' => '/hotels/hotel-arcanse-by-inwood-hotels/30894/',
  'DOING_AJAX' => false,
  'DOING_CRON' => false,
  'WP_CLI' => false,
)
2024-09-26T07:58:14+00:00 INFO REQUEST POST https://public-api.wordpress.com/wpcom/v2/sites/%s/wcpay/compatibility
2024-09-26T07:58:14+00:00 INFO HEADERS: array (
  'Content-Type' => 'application/json; charset=utf-8',
  'User-Agent' => 'WooCommerce Payments/7.4.0',
  'Idempotency-Key' => 'a4d970be-9aa7-4573-b283-eef6f0c1ae51',
)
2024-09-26T07:58:14+00:00 INFO BODY: array (
  'test_mode' => true,
  'compatibility_data' => 
  array (
    'woopayments_version' => '7.4.0',
    'woocommerce_version' => '8.7.0',
    'blog_theme' => 'grandconference-child',
    'active_plugins' => 
    array (
      0 => 'advanced-custom-fields-pro/acf.php',
      1 => 'contact-form-7/wp-contact-form-7.php',
      2 => 'contact-form-entries/contact-form-entries.php',
      3 => 'duplicate-post/duplicate-post.php',
      4 => 'elementor/elementor.php',
      5 => 'email-log/email-log.php',
      6 => 'extended-google-map-for-elementor/elementor-google-map-extended.php',
      7 => 'fooevents-calendar/fooevents-calendar.php',
      8 => 'fooevents/fooevents.php',
      9 => 'fooevents_bookings/fooevents-bookings.php',
      10 => 'fooevents_custom_attendee_fields/fooevents-custom-attendee-fields.php',
      11 => 'fooevents_pdf_tickets/fooevents-pdf-tickets.php',
      12 => 'grandconference-custom-post/grandconference-custom-post.php',
      13 => 'grandconference-elementor/grandconference-elementor.php',
      14 => 'loco-translate/loco.php',
      15 => 'loftloader/loftloader.php',
      16 => 'mailchimp-for-wp/mailchimp-for-wp.php',
      17 => 'revslider/revslider.php',
      18 => 'shortcode-elementor/elementor-shortcode.php',
      19 => 'smtp-mailer/main.php',
      20 => 'the-events-calendar/the-events-calendar.php',
      22 => 'woo-systempay-payment/woo-systempay-payment.php',
      23 => 'woocommerce-gateway-stripe/woocommerce-gateway-stripe.php',
      24 => 'woocommerce-payments/woocommerce-payments.php',
      25 => 'woocommerce/woocommerce.php',
    ),
    'post_types_count' => 
    array (
      'post' => 15,
      'page' => 33,
      'attachment' => 0,
      'e-landing-page' => 0,
      'elementor_library' => 4,
      'product' => 30,
      'event_magic_tickets' => 208,
      'header' => 10,
      'footer' => 7,
      'megamenu' => 3,
      'fullmenu' => 1,
      'galleries' => 1,
      'rs_elements' => 0,
      'tribe_events' => 2,
    ),
  ),
)
2024-09-26T07:58:14+00:00 INFO RESPONSE: array (
  'result' => 'success',
)
2024-09-26T09:12:42+00:00 INFO ENVIRONMENT: array (
  'WP_User' => 'Guest (non logged-in user)',
  'HTTP_REFERER' => '--',
  'HTTP_USER_AGENT' => 'WordPress/6.6.2; https://phn-events.com',
  'REQUEST_URI' => '/wp-cron.php?doing_wp_cron=1727341961.7639288902282714843750',
  'DOING_AJAX' => false,
  'DOING_CRON' => true,
  'WP_CLI' => false,
)
2024-09-26T09:12:42+00:00 INFO REQUEST GET https://public-api.wordpress.com/wpcom/v2/wcpay/woopay/compatibility?test_mode=1
2024-09-26T09:12:42+00:00 INFO HEADERS: array (
  'Content-Type' => 'application/json; charset=utf-8',
  'User-Agent' => 'WooCommerce Payments/7.4.0',
)
2024-09-26T09:12:47+00:00 INFO RESPONSE: array (
  'incompatible_extensions' => 
  array (
    0 => 'class-wcdonation',
    1 => 'woocommerce-table-rate-shipping',
    2 => 'woocommerce-memberships-for-teams',
    3 => 'woocommerce-checkout-add-ons',
    4 => 'woocommerce-checkout-field-editor',
    5 => 'woocommerce-eu-vat-number',
    6 => 'woocommerce-order-delivery',
    7 => 'woocommerce-pdf-product-vouchers',
    8 => 'woocommerce-shipping-local-pickup-plus',
    9 => 'woocommerce-shipping-multiple-addresses',
    10 => 'woocommerce-smart-coupons',
    11 => 'woocommerce-subscriptions-gifting',
    12 => 'advanced-product-fields-for-woocommerce',
  ),
  'adapted_extensions' => 
  array (
    0 => 'woocommerce-points-and-rewards',
    1 => 'woocommerce-gift-cards',
  ),
  'available_countries' => 
  array (
    0 => 'US',
  ),
)
2024-09-26T09:55:31+00:00 INFO ENVIRONMENT: array (
  'WP_User' => 'Guest (non logged-in user)',
  'HTTP_REFERER' => 'http://PHN-EVENTS.COM',
  'HTTP_USER_AGENT' => 'Mozilla/5.0 (Macintosh; Intel Mac OS X 12_5) AppleWebKit/537.36 (KHTML, like Gecko) Chrome/114.0.0.0 Safari/537.36',
  'REQUEST_URI' => '/',
  'DOING_AJAX' => false,
  'DOING_CRON' => false,
  'WP_CLI' => false,
)
2024-09-26T09:55:31+00:00 INFO REQUEST GET https://public-api.wordpress.com/wpcom/v2/sites/%s/wcpay/disputes?test_mode=1&pagesize=50&search%5B0%5D=warning_needs_response&search%5B1%5D=needs_response
2024-09-26T09:55:31+00:00 INFO HEADERS: array (
  'Content-Type' => 'application/json; charset=utf-8',
  'User-Agent' => 'WooCommerce Payments/7.4.0',
)
2024-09-26T09:55:32+00:00 INFO RESPONSE: array (
  'data' => 
  array (
  ),
)
2024-09-26T11:51:49+00:00 INFO ENVIRONMENT: array (
  'WP_User' => 'Guest (non logged-in user)',
  'HTTP_REFERER' => '--',
  'HTTP_USER_AGENT' => 'Mozilla/5.0 (X11; Linux x86_64) AppleWebKit/537.36 (KHTML, like Gecko) Chrome/105.0.0.0 Safari/537.36',
  'REQUEST_URI' => '/',
  'DOING_AJAX' => false,
  'DOING_CRON' => false,
  'WP_CLI' => false,
)
2024-09-26T11:51:49+00:00 INFO REQUEST GET https://public-api.wordpress.com/wpcom/v2/sites/%s/wcpay/currency/rates?test_mode=1&currency_from=eur
2024-09-26T11:51:49+00:00 INFO HEADERS: array (
  'Content-Type' => 'application/json; charset=utf-8',
  'User-Agent' => 'WooCommerce Payments/7.4.0',
)
2024-09-26T11:51:49+00:00 INFO RESPONSE: array (
  'AED' => 4.092189,
  'AFN' => 76.619244,
  'ALL' => 99.065133,
  'AMD' => 433.469233,
  'ANG' => 2.017545,
  'AOA' => 1041.357857,
  'ARS' => 1079.073914,
  'AUD' => 1.623702,
  'AWG' => 2.00822,
  'AZN' => 1.894021,
  'BAM' => 1.956547,
  'BBD' => 2.22826,
  'BDT' => 133.151604,
  'BGN' => 1.955744,
  'BHD' => 0.419957,
  'BIF' => 3229.104462,
  'BMD' => 1.11413,
  'BND' => 1.438323,
  'BOB' => 7.732951,
  'BRL' => 6.099641,
  'BSD' => 1.11413,
  'BTC' => 1.7E-5,
  'BTN' => 93.60296,
  'BWP' => 14.649315,
  'BYN' => 3.663543,
  'BZD' => 2.256494,
  'CAD' => 1.500411,
  'CDF' => 3185.290985,
  'CHF' => 0.946575,
  'CLF' => 0.036819,
  'CLP' => 1015.941946,
  'CNH' => 7.808981,
  'CNY' => 7.819523,
  'COP' => 4649.428897,
  'CRC' => 579.764443,
  'CUC' => 1.11413,
  'CUP' => 28.688854,
  'CVE' => 110.307094,
  'CZK' => 25.154832,
  'DJF' => 199.292516,
  'DKK' => 7.45683,
  'DOP' => 67.122193,
  'DZD' => 147.412707,
  'EGP' => 53.903493,
  'ERN' => 16.711954,
  'ETB' => 133.461627,
  'EUR' => 1,
  'FJD' => 2.443343,
  'FKP' => 0.834425,
  'GBP' => 0.834425,
  'GEL' => 3.036005,
  'GGP' => 0.834425,
  'GHS' => 17.626728,
  'GIP' => 0.834425,
  'GMD' => 76.317922,
  'GNF' => 9670.013377,
  'GTQ' => 8.613174,
  'GYD' => 233.06972,
  'HKD' => 8.669328,
  'HNL' => 27.80848,
  'HRK' => 7.536435,
  'HTG' => 147.761855,
  'HUF' => 395.995129,
  'IDR' => 16866.220359,
  'ILS' => 4.138059,
  'IMP' => 0.834425,
  'INR' => 93.248758,
  'IQD' => 1466.061971,
  'IRR' => 46910.453957,
  'ISK' => 150.496713,
  'JEP' => 0.834425,
  'JMD' => 175.262188,
  'JOD' => 0.789584,
  'JPY' => 161.350663,
  'KES' => 143.722802,
  'KGS' => 93.809767,
  'KHR' => 4546.632663,
  'KMF' => 492.584879,
  'KPW' => 1002.71722,
  'KRW' => 1481.395393,
  'KWD' => 0.339996,
  'KYD' => 0.93293,
  'KZT' => 535.324351,
  'LAK' => 24711.796007,
  'LBP' => 99864.391117,
  'LKR' => 336.695356,
  'LRD' => 217.107023,
  'LSL' => 19.266654,
  'LYD' => 5.315934,
  'MAD' => 10.807525,
  'MDL' => 19.403273,
  'MGA' => 5049.204697,
  'MKD' => 61.3422,
  'MMK' => 2337.445254,
  'MNT' => 3785.814572,
  'MOP' => 8.978767,
  'MUR' => 51.016024,
  'MVR' => 17.101899,
  'MWK' => 1940.742355,
  'MXN' => 21.844649,
  'MYR' => 4.616399,
  'MZN' => 71.192908,
  'NAD' => 19.266654,
  'NGN' => 1838.225773,
  'NIO' => 41.195617,
  'NOK' => 11.809335,
  'NPR' => 149.800171,
  'NZD' => 1.773429,
  'OMR' => 0.428879,
  'PAB' => 1.11413,
  'PEN' => 4.214509,
  'PGK' => 4.446617,
  'PHP' => 62.41135,
  'PKR' => 310.920226,
  'PLN' => 4.265844,
  'PYG' => 8724.801489,
  'QAR' => 4.079757,
  'RON' => 4.975817,
  'RSD' => 117.081146,
  'RUB' => 103.048768,
  'RWF' => 1517.654258,
  'SAR' => 4.179632,
  'SBD' => 9.250308,
  'SCR' => 14.912267,
  'SDG' => 670.149342,
  'SEK' => 11.3281,
  'SGD' => 1.433777,
  'SHP' => 0.834425,
  'SLL' => 23362.754168,
  'SOS' => 639.627371,
  'SRD' => 33.93028,
  'SSP' => 145.126606,
  'STD' => 24824.827288,
  'SVC' => 9.795619,
  'SYP' => 2799.285664,
  'SZL' => 19.25283,
  'THB' => 36.298561,
  'TJS' => 11.916853,
  'TMT' => 3.910597,
  'TND' => 3.381121,
  'TOP' => 2.608491,
  'TRY' => 38.064707,
  'TTD' => 7.617147,
  'TWD' => 35.541313,
  'TZS' => 3049.217388,
  'UAH' => 46.150795,
  'UGX' => 4132.569738,
  'USD' => 1.11413,
  'UYU' => 47.095786,
  'UZS' => 14216.709162,
  'VND' => 27434.880941,
  'VUV' => 132.271771,
  'WST' => 3.119565,
  'XAF' => 655.957,
  'XAG' => 0.034587,
  'XAU' => 0.000417,
  'XCD' => 3.010993,
  'XDR' => 0.82818,
  'XOF' => 655.957,
  'XPD' => 0.00105,
  'XPF' => 119.331742,
  'XPT' => 0.001109,
  'YER' => 278.922463,
  'ZAR' => 19.18627,
  'ZMW' => 29.693665,
  'ZWL' => 358.749939,
)
2024-09-26T19:54:25+00:00 INFO ENVIRONMENT: array (
  'WP_User' => 'Guest (non logged-in user)',
  'HTTP_REFERER' => '--',
  'HTTP_USER_AGENT' => 'Mozilla/5.0 (Windows NT 10.0; Win64; x64) AppleWebKit/537.36 (KHTML, like Gecko) Chrome/126.0.0.0 Safari/537.36',
  'REQUEST_URI' => '/',
  'DOING_AJAX' => false,
  'DOING_CRON' => false,
  'WP_CLI' => false,
)
2024-09-26T19:54:25+00:00 INFO REQUEST GET https://public-api.wordpress.com/wpcom/v2/sites/%s/wcpay/currency/rates?test_mode=1&currency_from=eur
2024-09-26T19:54:25+00:00 INFO HEADERS: array (
  'Content-Type' => 'application/json; charset=utf-8',
  'User-Agent' => 'WooCommerce Payments/7.4.0',
)
2024-09-26T19:54:26+00:00 INFO RESPONSE: array (
  'AED' => 4.106344,
  'AFN' => 76.526253,
  'ALL' => 99.141287,
  'AMD' => 433.161736,
  'ANG' => 2.015104,
  'AOA' => 1044.957083,
  'ARS' => 1081.656337,
  'AUD' => 1.621328,
  'AWG' => 2.015161,
  'AZN' => 1.900568,
  'BAM' => 1.960554,
  'BBD' => 2.235962,
  'BDT' => 133.61161,
  'BGN' => 1.956964,
  'BHD' => 0.421323,
  'BIF' => 3242.40181,
  'BMD' => 1.117981,
  'BND' => 1.436797,
  'BOB' => 7.725873,
  'BRL' => 6.083047,
  'BSD' => 1.117981,
  'BTC' => 1.7E-5,
  'BTN' => 93.58932,
  'BWP' => 14.625596,
  'BYN' => 3.658605,
  'BZD' => 2.253806,
  'CAD' => 1.506758,
  'CDF' => 3182.15593,
  'CHF' => 0.945662,
  'CLF' => 0.036706,
  'CLP' => 1012.823701,
  'CNH' => 7.801144,
  'CNY' => 7.838165,
  'COP' => 4650.007164,
  'CRC' => 581.768273,
  'CUC' => 1.117981,
  'CUP' => 28.788011,
  'CVE' => 110.531065,
  'CZK' => 25.136685,
  'DJF' => 198.808292,
  'DKK' => 7.456749,
  'DOP' => 67.24366,
  'DZD' => 147.972501,
  'EGP' => 54.072269,
  'ERN' => 16.769715,
  'ETB' => 133.593453,
  'EUR' => 1,
  'FJD' => 2.444298,
  'FKP' => 0.833181,
  'GBP' => 0.833181,
  'GEL' => 3.046498,
  'GGP' => 0.833181,
  'GHS' => 17.640091,
  'GIP' => 0.833181,
  'GMD' => 76.581698,
  'GNF' => 9656.164604,
  'GTQ' => 8.643036,
  'GYD' => 233.931409,
  'HKD' => 8.696467,
  'HNL' => 27.776604,
  'HRK' => 7.535934,
  'HTG' => 147.69947,
  'HUF' => 396.209037,
  'IDR' => 16867.751121,
  'ILS' => 4.125411,
  'IMP' => 0.833181,
  'INR' => 93.512174,
  'IQD' => 1464.766331,
  'IRR' => 47072.589709,
  'ISK' => 150.703838,
  'JEP' => 0.833181,
  'JMD' => 175.552524,
  'JOD' => 0.792313,
  'JPY' => 161.793091,
  'KES' => 144.219548,
  'KGS' => 94.134,
  'KHR' => 4543.062549,
  'KMF' => 494.287391,
  'KPW' => 1006.182894,
  'KRW' => 1469.381934,
  'KWD' => 0.341138,
  'KYD' => 0.931768,
  'KZT' => 535.538181,
  'LAK' => 24690.236103,
  'LBP' => 100130.679732,
  'LKR' => 335.155558,
  'LRD' => 216.917945,
  'LSL' => 19.226494,
  'LYD' => 5.29274,
  'MAD' => 10.814621,
  'MDL' => 19.404446,
  'MGA' => 5059.352739,
  'MKD' => 61.575261,
  'MMK' => 2345.524123,
  'MNT' => 3798.899414,
  'MOP' => 8.960208,
  'MUR' => 51.19235,
  'MVR' => 17.161008,
  'MWK' => 1938.839979,
  'MXN' => 22.051981,
  'MYR' => 4.634031,
  'MZN' => 71.438971,
  'NAD' => 19.226494,
  'NGN' => 1848.469774,
  'NIO' => 41.150521,
  'NOK' => 11.774298,
  'NPR' => 149.741477,
  'NZD' => 1.767133,
  'OMR' => 0.430374,
  'PAB' => 1.117981,
  'PEN' => 4.194208,
  'PGK' => 4.443816,
  'PHP' => 62.489822,
  'PKR' => 310.502406,
  'PLN' => 4.275118,
  'PYG' => 8733.309184,
  'QAR' => 4.075446,
  'RON' => 4.976469,
  'RSD' => 117.091739,
  'RUB' => 103.542276,
  'RWF' => 1511.280032,
  'SAR' => 4.19368,
  'SBD' => 9.282279,
  'SCR' => 14.86434,
  'SDG' => 672.465567,
  'SEK' => 11.303305,
  'SGD' => 1.434182,
  'SHP' => 0.833181,
  'SLL' => 23443.502432,
  'SOS' => 639.055699,
  'SRD' => 34.147052,
  'SSP' => 145.628204,
  'STD' => 24910.628889,
  'SVC' => 9.783549,
  'SYP' => 2808.960784,
  'SZL' => 19.217774,
  'THB' => 36.245875,
  'TJS' => 11.891348,
  'TMT' => 3.924114,
  'TND' => 3.399173,
  'TOP' => 2.617507,
  'TRY' => 38.178381,
  'TTD' => 7.589539,
  'TWD' => 35.44503,
  'TZS' => 3052.455802,
  'UAH' => 46.0322,
  'UGX' => 4129.066597,
  'USD' => 1.117981,
  'UYU' => 46.872379,
  'UZS' => 14264.658343,
  'VND' => 27529.703623,
  'VUV' => 132.728939,
  'WST' => 3.130347,
  'XAF' => 655.957,
  'XAG' => 0.034873,
  'XAU' => 0.000419,
  'XCD' => 3.0214,
  'XDR' => 0.827213,
  'XOF' => 655.957,
  'XPD' => 0.001067,
  'XPF' => 119.331742,
  'XPT' => 0.001107,
  'YER' => 279.886498,
  'ZAR' => 19.19836,
  'ZMW' => 29.434903,
  'ZWL' => 359.98988,
)
