2024-09-23T03:34:55+00:00 INFO ENVIRONMENT: array (
  'WP_User' => 'Guest (non logged-in user)',
  'HTTP_REFERER' => '--',
  'HTTP_USER_AGENT' => 'Mozilla/5.0 (Linux; Android 12; Pixel 6) AppleWebKit/537.36 (KHTML, like Gecko) Chrome/114.0.0.0 Mobile Safari/537.36',
  'REQUEST_URI' => '/',
  'DOING_AJAX' => false,
  'DOING_CRON' => false,
  'WP_CLI' => false,
)
2024-09-23T03:34:55+00:00 INFO REQUEST GET https://public-api.wordpress.com/wpcom/v2/sites/%s/wcpay/currency/rates?test_mode=1&currency_from=eur
2024-09-23T03:34:55+00:00 INFO HEADERS: array (
  'Content-Type' => 'application/json; charset=utf-8',
  'User-Agent' => 'WooCommerce Payments/7.4.0',
)
2024-09-23T03:34:56+00:00 INFO RESPONSE: array (
  'AED' => 4.099862,
  'AFN' => 76.990914,
  'ALL' => 99.288087,
  'AMD' => 432.877921,
  'ANG' => 2.011872,
  'AOA' => 1035.601906,
  'ARS' => 1074.377999,
  'AUD' => 1.636309,
  'AWG' => 2.009211,
  'AZN' => 1.897588,
  'BAM' => 1.956603,
  'BBD' => 2.232456,
  'BDT' => 133.403595,
  'BGN' => 1.955632,
  'BHD' => 0.420663,
  'BIF' => 3236.186299,
  'BMD' => 1.116228,
  'BND' => 1.442479,
  'BOB' => 7.714166,
  'BRL' => 6.058579,
  'BSD' => 1.116228,
  'BTC' => 1.7E-5,
  'BTN' => 93.304999,
  'BWP' => 14.756661,
  'BYN' => 3.653301,
  'BZD' => 2.250163,
  'CAD' => 1.513604,
  'CDF' => 3170.399808,
  'CHF' => 0.949883,
  'CLF' => 0.037557,
  'CLP' => 1038.374263,
  'CNH' => 7.868911,
  'CNY' => 7.868181,
  'COP' => 4642.398999,
  'CRC' => 579.227508,
  'CUC' => 1.116228,
  'CUP' => 28.742876,
  'CVE' => 110.310258,
  'CZK' => 25.065909,
  'DJF' => 198.786244,
  'DKK' => 7.459485,
  'DOP' => 67.006297,
  'DZD' => 147.720395,
  'EGP' => 54.15169,
  'ERN' => 16.743423,
  'ETB' => 129.541765,
  'EUR' => 1,
  'FJD' => 2.456595,
  'FKP' => 0.838455,
  'GBP' => 0.838455,
  'GEL' => 3.040311,
  'GGP' => 0.838455,
  'GHS' => 17.550204,
  'GIP' => 0.838455,
  'GMD' => 77.096318,
  'GNF' => 9644.928001,
  'GTQ' => 8.629542,
  'GYD' => 233.535824,
  'HKD' => 8.694573,
  'HNL' => 27.69187,
  'HRK' => 7.53433,
  'HTG' => 147.297157,
  'HUF' => 393.085336,
  'IDR' => 16953.484218,
  'ILS' => 4.216091,
  'IMP' => 0.838455,
  'INR' => 93.167953,
  'IQD' => 1462.366417,
  'IRR' => 47160.640774,
  'ISK' => 152.108415,
  'JEP' => 0.838455,
  'JMD' => 175.388798,
  'JOD' => 0.790848,
  'JPY' => 161.141243,
  'KES' => 144.004598,
  'KGS' => 94.029388,
  'KHR' => 4533.756563,
  'KMF' => 491.954838,
  'KPW' => 1004.605366,
  'KRW' => 1489.198217,
  'KWD' => 0.34058,
  'KYD' => 0.930261,
  'KZT' => 535.217672,
  'LAK' => 24649.729409,
  'LBP' => 99971.411102,
  'LKR' => 340.59693,
  'LRD' => 223.26965,
  'LSL' => 19.597593,
  'LYD' => 5.301034,
  'MAD' => 10.824643,
  'MDL' => 19.479472,
  'MGA' => 5048.976968,
  'MKD' => 61.637113,
  'MMK' => 2341.84673,
  'MNT' => 3792.943369,
  'MOP' => 8.960877,
  'MUR' => 51.212549,
  'MVR' => 17.145265,
  'MWK' => 1935.53896,
  'MXN' => 21.634065,
  'MYR' => 4.701553,
  'MZN' => 71.248846,
  'NAD' => 19.597505,
  'NGN' => 1829.810537,
  'NIO' => 41.085945,
  'NOK' => 11.693099,
  'NPR' => 149.285629,
  'NZD' => 1.789888,
  'OMR' => 0.429848,
  'PAB' => 1.116228,
  'PEN' => 4.18428,
  'PGK' => 4.369715,
  'PHP' => 62.181718,
  'PKR' => 310.171684,
  'PLN' => 4.269405,
  'PYG' => 8709.276022,
  'QAR' => 4.069971,
  'RON' => 4.972015,
  'RSD' => 117.076709,
  'RUB' => 103.396588,
  'RWF' => 1504.876307,
  'SAR' => 4.188646,
  'SBD' => 9.272441,
  'SCR' => 14.580173,
  'SDG' => 671.411253,
  'SEK' => 11.352403,
  'SGD' => 1.441684,
  'SHP' => 0.838455,
  'SLL' => 23406.746905,
  'SOS' => 637.949759,
  'SRD' => 33.715672,
  'SSP' => 145.399883,
  'STD' => 24871.573151,
  'SVC' => 9.767791,
  'SYP' => 2804.556799,
  'SZL' => 19.60452,
  'THB' => 36.74679,
  'TJS' => 11.866658,
  'TMT' => 3.913172,
  'TND' => 3.382589,
  'TOP' => 2.615847,
  'TRY' => 38.087717,
  'TTD' => 7.593049,
  'TWD' => 35.708975,
  'TZS' => 3047.586825,
  'UAH' => 46.1406,
  'UGX' => 4135.719412,
  'USD' => 1.116228,
  'UYU' => 46.128109,
  'UZS' => 14205.747566,
  'VND' => 27489.929987,
  'VUV' => 132.520842,
  'WST' => 3.125439,
  'XAF' => 655.957,
  'XAG' => 0.035896,
  'XAU' => 0.000425,
  'XCD' => 3.016662,
  'XDR' => 0.827317,
  'XOF' => 655.957,
  'XPD' => 0.001058,
  'XPF' => 119.331742,
  'XPT' => 0.001152,
  'YER' => 279.367347,
  'ZAR' => 19.426509,
  'ZMW' => 29.554337,
  'ZWL' => 359.425475,
)
2024-09-23T07:34:54+00:00 INFO ENVIRONMENT: array (
  'WP_User' => 'Guest (non logged-in user)',
  'HTTP_REFERER' => '--',
  'HTTP_USER_AGENT' => 'python-httpx/0.27.2',
  'REQUEST_URI' => '/',
  'DOING_AJAX' => false,
  'DOING_CRON' => false,
  'WP_CLI' => false,
)
2024-09-23T07:34:54+00:00 INFO REQUEST GET https://public-api.wordpress.com/wpcom/v2/sites/%s/wcpay/disputes?test_mode=1&pagesize=50&search%5B0%5D=warning_needs_response&search%5B1%5D=needs_response
2024-09-23T07:34:54+00:00 INFO HEADERS: array (
  'Content-Type' => 'application/json; charset=utf-8',
  'User-Agent' => 'WooCommerce Payments/7.4.0',
)
2024-09-23T07:34:55+00:00 INFO RESPONSE: array (
  'data' => 
  array (
  ),
)
2024-09-23T09:44:21+00:00 INFO ENVIRONMENT: array (
  'WP_User' => 'Guest (non logged-in user)',
  'HTTP_REFERER' => '--',
  'HTTP_USER_AGENT' => 'Mozilla/5.0 (iPhone; CPU iPhone OS 13_2_3 like Mac OS X) AppleWebKit/605.1.15 (KHTML, like Gecko) Version/13.0.3 Mobile/15E148 Safari/604.1',
  'REQUEST_URI' => '/',
  'DOING_AJAX' => false,
  'DOING_CRON' => false,
  'WP_CLI' => false,
)
2024-09-23T09:44:21+00:00 INFO REQUEST GET https://public-api.wordpress.com/wpcom/v2/sites/%s/wcpay/accounts?test_mode=true
2024-09-23T09:44:21+00:00 INFO HEADERS: array (
  'Content-Type' => 'application/json; charset=utf-8',
  'User-Agent' => 'WooCommerce Payments/7.4.0',
)
2024-09-23T09:44:24+00:00 INFO RESPONSE: array (
  'account_id' => 'acct_1OrB4iFy7FStQedj',
  'email' => '(redacted)',
  'live_publishable_key' => 'pk_live_iBIpeqzKOOx2Y8PFCRBfyMU000Q7xVG4Sn',
  'test_publishable_key' => 'pk_test_51ETDmyFuiXB5oUVxwSobQMW5Tno1GclIq7ePZWzLeW4q8oa7Zb8hI5VfwI5sNT5nXuKYinLukNvGCXmsQXAoDGHG00MqHqlYHR',
  'is_live' => false,
  'is_test_drive' => false,
  'created' => '2024-03-06 03:23:26',
  'has_pending_requirements' => true,
  'has_future_requirements' => false,
  'has_overdue_requirements' => false,
  'details_submitted' => true,
  'current_deadline' => 1711614200,
  'status' => 'restricted_soon',
  'capabilities' => 
  array (
    'card_payments' => 'active',
    'giropay_payments' => 'active',
    'klarna_payments' => 'active',
    'transfers' => 'active',
    'bancontact_payments' => 'unrequested',
    'bank_transfer_payments' => 'unrequested',
    'blik_payments' => 'unrequested',
    'cartes_bancaires_payments' => 'unrequested',
    'eps_payments' => 'unrequested',
    'ideal_payments' => 'unrequested',
    'klarna' => 'unrequested',
    'link_payments' => 'unrequested',
    'mobilepay_payments' => 'unrequested',
    'multibanco_payments' => 'unrequested',
    'p24_payments' => 'unrequested',
    'sepa_bank_transfer_payments' => 'unrequested',
    'sepa_debit_payments' => 'unrequested',
    'sofort_payments' => 'unrequested',
    'twint_payments' => 'unrequested',
  ),
  'capability_requirements' => 
  array (
    'bancontact_payments' => 
    array (
    ),
    'bank_transfer_payments' => 
    array (
    ),
    'blik_payments' => 
    array (
    ),
    'card_payments' => 
    array (
    ),
    'cartes_bancaires_payments' => 
    array (
    ),
    'eps_payments' => 
    array (
    ),
    'giropay_payments' => 
    array (
    ),
    'ideal_payments' => 
    array (
    ),
    'klarna' => 
    array (
      0 => 'email',
    ),
    'klarna_payments' => 
    array (
    ),
    'link_payments' => 
    array (
    ),
    'mobilepay_payments' => 
    array (
    ),
    'multibanco_payments' => 
    array (
    ),
    'p24_payments' => 
    array (
    ),
    'sepa_bank_transfer_payments' => 
    array (
    ),
    'sepa_debit_payments' => 
    array (
    ),
    'sofort_payments' => 
    array (
    ),
    'transfers' => 
    array (
    ),
    'twint_payments' => 
    array (
    ),
  ),
  'payments_enabled' => true,
  'deposits' => 
  array (
    'status' => 'enabled',
    'restrictions' => 'deposits_unrestricted',
    'interval' => 'daily',
    'weekly_anchor' => '',
    'monthly_anchor' => NULL,
    'delay_days' => 7,
    'completed_waiting_period' => false,
    'minimum_manual_deposit_amounts' => 
    array (
      'aud' => 500,
      'bgn' => 100,
      'cad' => 500,
      'chf' => 500,
      'czk' => 3000,
      'dkk' => 5000,
      'eur' => 500,
      'gbp' => 500,
      'hkd' => 5000,
      'huf' => 36000,
      'nok' => 5000,
      'nzd' => 500,
      'jpy' => 50,
      'sek' => 5000,
      'sgd' => 500,
      'usd' => 500,
      'ron' => 500,
      'pln' => 500,
      'aed' => 200,
    ),
    'minimum_scheduled_deposit_amounts' => 
    array (
      'aed' => 200,
      'aud' => 0,
      'bgn' => 100,
      'cad' => 0,
      'chf' => 500,
      'czk' => 3000,
      'dkk' => 2000,
      'eur' => 100,
      'gbp' => 100,
      'hkd' => 0,
      'huf' => 36000,
      'jpy' => 1,
      'nok' => 2000,
      'nzd' => 0,
      'pln' => 500,
      'ron' => 500,
      'sek' => 2000,
      'sgd' => 100,
      'usd' => 0,
    ),
  ),
  'lifetime_total_payment_volume' => 424476,
  'requirements' => 
  array (
    'errors' => 
    array (
      0 => 
      array (
        'code' => 'verification_failed_keyed_identity',
        'detailed_code' => 'verification_failed_keyed_identity',
        'reason' => 'Name on the document doesn’t match the name provided for this account. Provide a matching document or update the name on this account.',
        'requirement' => 'individual.verification.document',
      ),
    ),
  ),
  'statement_descriptor' => 'PHN.PIXODEO.DEV',
  'statement_descriptor_kanji' => '',
  'statement_descriptor_kana' => '',
  'latest_tos_agreement' => 
  array (
    'date' => '2024-03-06 03:23:26',
    'source' => 'signup',
    'is_current_version' => true,
  ),
  'fees' => 
  array (
    'base' => 
    array (
      'percentage_rate' => 0.015,
      'fixed_rate' => 25,
      'currency' => 'eur',
    ),
    'discount' => 
    array (
    ),
    'card' => 
    array (
      'base' => 
      array (
        'percentage_rate' => 0.015,
        'fixed_rate' => 25,
        'currency' => 'eur',
      ),
      'additional' => 
      array (
        'percentage_rate' => 0.02,
        'fixed_rate' => 0,
        'currency' => 'eur',
      ),
      'fx' => 
      array (
        'percentage_rate' => 0.02,
        'fixed_rate' => 0,
        'currency' => 'eur',
      ),
      'discount' => 
      array (
      ),
    ),
    'bancontact' => 
    array (
      'base' => 
      array (
        'percentage_rate' => 0.014,
        'fixed_rate' => 25,
        'currency' => 'eur',
      ),
      'additional' => 
      array (
        'percentage_rate' => 0,
        'fixed_rate' => 0,
        'currency' => 'eur',
      ),
      'fx' => 
      array (
        'percentage_rate' => 0,
        'fixed_rate' => 0,
        'currency' => 'eur',
      ),
      'discount' => 
      array (
      ),
    ),
    'eps' => 
    array (
      'base' => 
      array (
        'percentage_rate' => 0.018,
        'fixed_rate' => 25,
        'currency' => 'eur',
      ),
      'additional' => 
      array (
        'percentage_rate' => 0,
        'fixed_rate' => 0,
        'currency' => 'eur',
      ),
      'fx' => 
      array (
        'percentage_rate' => 0,
        'fixed_rate' => 0,
        'currency' => 'eur',
      ),
      'discount' => 
      array (
      ),
    ),
    'ideal' => 
    array (
      'base' => 
      array (
        'percentage_rate' => 0,
        'fixed_rate' => 29,
        'currency' => 'eur',
      ),
      'additional' => 
      array (
        'percentage_rate' => 0,
        'fixed_rate' => 0,
        'currency' => 'eur',
      ),
      'fx' => 
      array (
        'percentage_rate' => 0,
        'fixed_rate' => 0,
        'currency' => 'eur',
      ),
      'discount' => 
      array (
      ),
    ),
    'giropay' => 
    array (
      'base' => 
      array (
        'percentage_rate' => 0.014,
        'fixed_rate' => 25,
        'currency' => 'eur',
      ),
      'additional' => 
      array (
        'percentage_rate' => 0,
        'fixed_rate' => 0,
        'currency' => 'eur',
      ),
      'fx' => 
      array (
        'percentage_rate' => 0,
        'fixed_rate' => 0,
        'currency' => 'eur',
      ),
      'discount' => 
      array (
      ),
    ),
    'p24' => 
    array (
      'base' => 
      array (
        'percentage_rate' => 0.022,
        'fixed_rate' => 25,
        'currency' => 'eur',
      ),
      'additional' => 
      array (
        'percentage_rate' => 0,
        'fixed_rate' => 0,
        'currency' => 'eur',
      ),
      'fx' => 
      array (
        'percentage_rate' => 0,
        'fixed_rate' => 0,
        'currency' => 'eur',
      ),
      'discount' => 
      array (
      ),
    ),
  ),
  'capital' => 
  array (
    'has_active_loan' => false,
    'has_previous_loans' => false,
    'loans' => 
    array (
    ),
  ),
  'fraud_services' => 
  array (
    'stripe' => 
    array (
    ),
    'sift' => 
    array (
      'beacon_key' => 'affbdadb36',
      'sandbox_beacon_key' => '6ad0ad748b',
    ),
  ),
  'store_currencies' => 
  array (
    'default' => 'eur',
    'supported' => 
    array (
      0 => 'eur',
    ),
  ),
  'customer_currencies' => 
  array (
    'supported' => 
    array (
      0 => 'usd',
      1 => 'aed',
      2 => 'afn',
      3 => 'all',
      4 => 'amd',
      5 => 'ang',
      6 => 'aoa',
      7 => 'ars',
      8 => 'aud',
      9 => 'awg',
      10 => 'azn',
      11 => 'bam',
      12 => 'bbd',
      13 => 'bdt',
      14 => 'bgn',
      15 => 'bif',
      16 => 'bmd',
      17 => 'bnd',
      18 => 'bob',
      19 => 'brl',
      20 => 'bsd',
      21 => 'bwp',
      22 => 'byn',
      23 => 'bzd',
      24 => 'cad',
      25 => 'cdf',
      26 => 'chf',
      27 => 'clp',
      28 => 'cny',
      29 => 'cop',
      30 => 'crc',
      31 => 'cve',
      32 => 'czk',
      33 => 'djf',
      34 => 'dkk',
      35 => 'dop',
      36 => 'dzd',
      37 => 'egp',
      38 => 'etb',
      39 => 'eur',
      40 => 'fjd',
      41 => 'fkp',
      42 => 'gbp',
      43 => 'gel',
      44 => 'gip',
      45 => 'gmd',
      46 => 'gnf',
      47 => 'gtq',
      48 => 'gyd',
      49 => 'hkd',
      50 => 'hnl',
      51 => 'htg',
      52 => 'huf',
      53 => 'idr',
      54 => 'ils',
      55 => 'inr',
      56 => 'isk',
      57 => 'jmd',
      58 => 'jpy',
      59 => 'kes',
      60 => 'kgs',
      61 => 'khr',
      62 => 'kmf',
      63 => 'krw',
      64 => 'kyd',
      65 => 'kzt',
      66 => 'lak',
      67 => 'lbp',
      68 => 'lkr',
      69 => 'lrd',
      70 => 'lsl',
      71 => 'mad',
      72 => 'mdl',
      73 => 'mga',
      74 => 'mkd',
      75 => 'mmk',
      76 => 'mnt',
      77 => 'mop',
      78 => 'mur',
      79 => 'mvr',
      80 => 'mwk',
      81 => 'mxn',
      82 => 'myr',
      83 => 'mzn',
      84 => 'nad',
      85 => 'ngn',
      86 => 'nio',
      87 => 'nok',
      88 => 'npr',
      89 => 'nzd',
      90 => 'pab',
      91 => 'pen',
      92 => 'pgk',
      93 => 'php',
      94 => 'pkr',
      95 => 'pln',
      96 => 'pyg',
      97 => 'qar',
      98 => 'ron',
      99 => 'rsd',
      100 => 'rub',
      101 => 'rwf',
      102 => 'sar',
      103 => 'sbd',
      104 => 'scr',
      105 => 'sek',
      106 => 'sgd',
      107 => 'shp',
      108 => 'sle',
      109 => 'sos',
      110 => 'srd',
      111 => 'std',
      112 => 'szl',
      113 => 'thb',
      114 => 'tjs',
      115 => 'top',
      116 => 'try',
      117 => 'ttd',
      118 => 'twd',
      119 => 'tzs',
      120 => 'uah',
      121 => 'ugx',
      122 => 'uyu',
      123 => 'uzs',
      124 => 'vnd',
      125 => 'vuv',
      126 => 'wst',
      127 => 'xaf',
      128 => 'xcd',
      129 => 'xof',
      130 => 'xpf',
      131 => 'yer',
      132 => 'zar',
      133 => 'zmw',
    ),
  ),
  'country' => '(redacted)',
  'instant_deposits_eligible' => false,
  'card_present_eligible' => false,
  'has_card_readers_available' => false,
  'platform_checkout_eligible' => false,
  'platform_direct_checkout_eligible' => false,
  'platform_global_theme_support_enabled' => false,
  'business_profile' => 
  array (
    'name' => '(redacted)',
    'url' => 'https://phn.pixodeo.dev',
    'support_address' => 
    array (
    ),
    'support_email' => NULL,
    'support_phone' => NULL,
  ),
  'branding' => 
  array (
    'icon' => NULL,
    'logo' => NULL,
    'primary_color' => NULL,
    'secondary_color' => NULL,
  ),
  'locale' => 'en_US',
  'has_more_failed_events' => false,
  'has_submitted_vat_data' => false,
  'is_documents_enabled' => true,
  'card_testing_protection_eligible' => false,
  'progressive_onboarding' => 
  array (
    'is_enabled' => false,
    'is_complete' => false,
    'tpv' => NULL,
    'first_transaction_date' => NULL,
    'kyc_deadline_date' => NULL,
  ),
  'fraud_mitigation_settings' => 
  array (
    'avs_check_enabled' => false,
    'cvc_check_enabled' => true,
  ),
  'is_deferred_intent_creation_upe_enabled' => true,
  'pre_check_save_my_info' => false,
)
2024-09-23T09:44:24+00:00 INFO ENVIRONMENT: array (
  'WP_User' => 'Guest (non logged-in user)',
  'HTTP_REFERER' => '--',
  'HTTP_USER_AGENT' => 'Mozilla/5.0 (iPhone; CPU iPhone OS 13_2_3 like Mac OS X) AppleWebKit/605.1.15 (KHTML, like Gecko) Version/13.0.3 Mobile/15E148 Safari/604.1',
  'REQUEST_URI' => '/',
  'DOING_AJAX' => false,
  'DOING_CRON' => false,
  'WP_CLI' => false,
)
2024-09-23T09:44:24+00:00 INFO REQUEST POST https://public-api.wordpress.com/wpcom/v2/sites/%s/wcpay/compatibility
2024-09-23T09:44:24+00:00 INFO HEADERS: array (
  'Content-Type' => 'application/json; charset=utf-8',
  'User-Agent' => 'WooCommerce Payments/7.4.0',
  'Idempotency-Key' => '389d6fb4-5631-461b-95bc-19843e11ecd0',
)
2024-09-23T09:44:24+00:00 INFO BODY: array (
  'test_mode' => true,
  'compatibility_data' => 
  array (
    'woopayments_version' => '7.4.0',
    'woocommerce_version' => '8.7.0',
    'blog_theme' => 'grandconference-child',
    'active_plugins' => 
    array (
      0 => 'advanced-custom-fields-pro/acf.php',
      1 => 'contact-form-7/wp-contact-form-7.php',
      2 => 'contact-form-entries/contact-form-entries.php',
      3 => 'duplicate-post/duplicate-post.php',
      4 => 'elementor/elementor.php',
      5 => 'email-log/email-log.php',
      6 => 'extended-google-map-for-elementor/elementor-google-map-extended.php',
      7 => 'fooevents-calendar/fooevents-calendar.php',
      8 => 'fooevents/fooevents.php',
      9 => 'fooevents_bookings/fooevents-bookings.php',
      10 => 'fooevents_custom_attendee_fields/fooevents-custom-attendee-fields.php',
      11 => 'fooevents_pdf_tickets/fooevents-pdf-tickets.php',
      12 => 'grandconference-custom-post/grandconference-custom-post.php',
      13 => 'grandconference-elementor/grandconference-elementor.php',
      14 => 'loco-translate/loco.php',
      15 => 'loftloader/loftloader.php',
      16 => 'mailchimp-for-wp/mailchimp-for-wp.php',
      17 => 'revslider/revslider.php',
      18 => 'shortcode-elementor/elementor-shortcode.php',
      19 => 'smtp-mailer/main.php',
      20 => 'the-events-calendar/the-events-calendar.php',
      22 => 'woo-systempay-payment/woo-systempay-payment.php',
      23 => 'woocommerce-gateway-stripe/woocommerce-gateway-stripe.php',
      24 => 'woocommerce-payments/woocommerce-payments.php',
      25 => 'woocommerce/woocommerce.php',
    ),
    'post_types_count' => 
    array (
      'post' => 15,
      'page' => 33,
      'attachment' => 0,
      'e-landing-page' => 0,
      'elementor_library' => 4,
      'product' => 30,
      'event_magic_tickets' => 208,
      'header' => 10,
      'footer' => 7,
      'megamenu' => 3,
      'fullmenu' => 1,
      'galleries' => 1,
      'rs_elements' => 0,
      'tribe_events' => 2,
    ),
  ),
)
2024-09-23T09:44:24+00:00 INFO RESPONSE: array (
  'result' => 'success',
)
2024-09-23T09:44:24+00:00 INFO ENVIRONMENT: array (
  'WP_User' => 'Guest (non logged-in user)',
  'HTTP_REFERER' => '--',
  'HTTP_USER_AGENT' => 'Mozilla/5.0 (iPhone; CPU iPhone OS 13_2_3 like Mac OS X) AppleWebKit/605.1.15 (KHTML, like Gecko) Version/13.0.3 Mobile/15E148 Safari/604.1',
  'REQUEST_URI' => '/',
  'DOING_AJAX' => false,
  'DOING_CRON' => false,
  'WP_CLI' => false,
)
2024-09-23T09:44:24+00:00 INFO REQUEST GET https://public-api.wordpress.com/wpcom/v2/sites/%s/wcpay/currency/rates?test_mode=1&currency_from=eur
2024-09-23T09:44:24+00:00 INFO HEADERS: array (
  'Content-Type' => 'application/json; charset=utf-8',
  'User-Agent' => 'WooCommerce Payments/7.4.0',
)
2024-09-23T09:44:24+00:00 INFO RESPONSE: array (
  'AED' => 4.074339,
  'AFN' => 76.51101,
  'ALL' => 98.6692,
  'AMD' => 430.179686,
  'ANG' => 1.999331,
  'AOA' => 1029.146743,
  'ARS' => 1067.663276,
  'AUD' => 1.628512,
  'AWG' => 1.996687,
  'AZN' => 1.88576,
  'BAM' => 1.944407,
  'BBD' => 2.218541,
  'BDT' => 132.572057,
  'BGN' => 1.951875,
  'BHD' => 0.417976,
  'BIF' => 3216.014349,
  'BMD' => 1.10927,
  'BND' => 1.433488,
  'BOB' => 7.666082,
  'BRL' => 6.112525,
  'BSD' => 1.10927,
  'BTC' => 1.7E-5,
  'BTN' => 92.723406,
  'BWP' => 14.664679,
  'BYN' => 3.630529,
  'BZD' => 2.236137,
  'CAD' => 1.505505,
  'CDF' => 3150.637922,
  'CHF' => 0.944108,
  'CLF' => 0.037323,
  'CLP' => 1031.901819,
  'CNH' => 7.835365,
  'CNY' => 7.829342,
  'COP' => 4642.712165,
  'CRC' => 575.61704,
  'CUC' => 1.10927,
  'CUP' => 28.563714,
  'CVE' => 109.622667,
  'CZK' => 25.084229,
  'DJF' => 197.54716,
  'DKK' => 7.458918,
  'DOP' => 66.58863,
  'DZD' => 146.978031,
  'EGP' => 53.922288,
  'ERN' => 16.639057,
  'ETB' => 128.734299,
  'EUR' => 1,
  'FJD' => 2.441782,
  'FKP' => 0.835816,
  'GBP' => 0.835816,
  'GEL' => 3.023869,
  'GGP' => 0.835816,
  'GHS' => 17.440809,
  'GIP' => 0.835816,
  'GMD' => 76.615758,
  'GNF' => 9584.808778,
  'GTQ' => 8.575752,
  'GYD' => 232.080138,
  'HKD' => 8.636303,
  'HNL' => 27.51926,
  'HRK' => 7.533178,
  'HTG' => 146.379017,
  'HUF' => 394.412075,
  'IDR' => 16883.956914,
  'ILS' => 4.194127,
  'IMP' => 0.835816,
  'INR' => 92.65811,
  'IQD' => 1453.251125,
  'IRR' => 46866.676829,
  'ISK' => 152.125351,
  'JEP' => 0.835816,
  'JMD' => 174.295556,
  'JOD' => 0.786029,
  'JPY' => 159.279282,
  'KES' => 143.106982,
  'KGS' => 93.443279,
  'KHR' => 4505.496536,
  'KMF' => 491.8805,
  'KPW' => 998.343412,
  'KRW' => 1485.025994,
  'KWD' => 0.338494,
  'KYD' => 0.924462,
  'KZT' => 531.881527,
  'LAK' => 24496.081545,
  'LBP' => 99348.264555,
  'LKR' => 338.473905,
  'LRD' => 221.877955,
  'LSL' => 19.475437,
  'LYD' => 5.267991,
  'MAD' => 10.757171,
  'MDL' => 19.340539,
  'MGA' => 5017.505445,
  'MKD' => 61.523643,
  'MMK' => 2327.24942,
  'MNT' => 3769.301015,
  'MOP' => 8.905022,
  'MUR' => 50.69366,
  'MVR' => 17.038394,
  'MWK' => 1923.474267,
  'MXN' => 21.57834,
  'MYR' => 4.66781,
  'MZN' => 70.804734,
  'NAD' => 19.475349,
  'NGN' => 1818.404876,
  'NIO' => 40.829846,
  'NOK' => 11.68532,
  'NPR' => 148.355095,
  'NZD' => 1.778675,
  'OMR' => 0.426961,
  'PAB' => 1.10927,
  'PEN' => 4.158199,
  'PGK' => 4.342478,
  'PHP' => 62.146873,
  'PKR' => 308.238307,
  'PLN' => 4.277898,
  'PYG' => 8654.988949,
  'QAR' => 4.044601,
  'RON' => 4.974301,
  'RSD' => 117.071295,
  'RUB' => 103.296621,
  'RWF' => 1495.49604,
  'SAR' => 4.162556,
  'SBD' => 9.214643,
  'SCR' => 14.426565,
  'SDG' => 667.22618,
  'SEK' => 11.361747,
  'SGD' => 1.43437,
  'SHP' => 0.835816,
  'SLL' => 23260.846858,
  'SOS' => 633.97326,
  'SRD' => 33.505514,
  'SSP' => 144.49357,
  'STD' => 24716.54248,
  'SVC' => 9.706906,
  'SYP' => 2787.075303,
  'SZL' => 19.48232,
  'THB' => 36.61369,
  'TJS' => 11.79269,
  'TMT' => 3.888781,
  'TND' => 3.361504,
  'TOP' => 2.599542,
  'TRY' => 37.887456,
  'TTD' => 7.545719,
  'TWD' => 35.613682,
  'TZS' => 3028.308349,
  'UAH' => 45.852995,
  'UGX' => 4109.940449,
  'USD' => 1.10927,
  'UYU' => 46.168624,
  'UZS' => 14117.199626,
  'VND' => 27305.139221,
  'VUV' => 131.694807,
  'WST' => 3.105957,
  'XAF' => 655.957,
  'XAG' => 0.036456,
  'XAU' => 0.000424,
  'XCD' => 2.997859,
  'XDR' => 0.822161,
  'XOF' => 655.957,
  'XPD' => 0.001066,
  'XPF' => 119.331742,
  'XPT' => 0.001162,
  'YER' => 277.625977,
  'ZAR' => 19.28927,
  'ZMW' => 29.370117,
  'ZWL' => 357.185087,
)
2024-09-23T09:44:26+00:00 INFO ENVIRONMENT: array (
  'WP_User' => 'Guest (non logged-in user)',
  'HTTP_REFERER' => '--',
  'HTTP_USER_AGENT' => 'WordPress/6.6.2; https://phn-events.com',
  'REQUEST_URI' => '/wp-cron.php?doing_wp_cron=1727084665.0535590648651123046875',
  'DOING_AJAX' => false,
  'DOING_CRON' => true,
  'WP_CLI' => false,
)
2024-09-23T09:44:26+00:00 INFO REQUEST GET https://public-api.wordpress.com/wpcom/v2/wcpay/woopay/compatibility?test_mode=1
2024-09-23T09:44:26+00:00 INFO HEADERS: array (
  'Content-Type' => 'application/json; charset=utf-8',
  'User-Agent' => 'WooCommerce Payments/7.4.0',
)
2024-09-23T09:44:26+00:00 INFO RESPONSE: array (
  'incompatible_extensions' => 
  array (
    0 => 'class-wcdonation',
    1 => 'woocommerce-table-rate-shipping',
    2 => 'woocommerce-memberships-for-teams',
    3 => 'woocommerce-checkout-add-ons',
    4 => 'woocommerce-checkout-field-editor',
    5 => 'woocommerce-eu-vat-number',
    6 => 'woocommerce-order-delivery',
    7 => 'woocommerce-pdf-product-vouchers',
    8 => 'woocommerce-shipping-local-pickup-plus',
    9 => 'woocommerce-shipping-multiple-addresses',
    10 => 'woocommerce-smart-coupons',
    11 => 'woocommerce-subscriptions-gifting',
    12 => 'advanced-product-fields-for-woocommerce',
  ),
  'adapted_extensions' => 
  array (
    0 => 'woocommerce-points-and-rewards',
    1 => 'woocommerce-gift-cards',
  ),
  'available_countries' => 
  array (
    0 => 'US',
  ),
)
2024-09-23T15:52:01+00:00 INFO ENVIRONMENT: array (
  'WP_User' => 'Guest (non logged-in user)',
  'HTTP_REFERER' => '--',
  'HTTP_USER_AGENT' => 'Mozilla/5.0 (Windows NT 10.0; Win64; x64) AppleWebKit/537.36 (KHTML, like Gecko) Chrome/78.0.3904.108 Safari/537.36',
  'REQUEST_URI' => '/',
  'DOING_AJAX' => false,
  'DOING_CRON' => false,
  'WP_CLI' => false,
)
2024-09-23T15:52:01+00:00 INFO REQUEST GET https://public-api.wordpress.com/wpcom/v2/sites/%s/wcpay/currency/rates?test_mode=1&currency_from=eur
2024-09-23T15:52:01+00:00 INFO HEADERS: array (
  'Content-Type' => 'application/json; charset=utf-8',
  'User-Agent' => 'WooCommerce Payments/7.4.0',
)
2024-09-23T15:52:02+00:00 INFO RESPONSE: array (
  'AED' => 4.089026,
  'AFN' => 76.258735,
  'ALL' => 99.156983,
  'AMD' => 430.862972,
  'ANG' => 2.004945,
  'AOA' => 1034.489135,
  'ARS' => 1074.853602,
  'AUD' => 1.625116,
  'AWG' => 2.006662,
  'AZN' => 1.892552,
  'BAM' => 1.957798,
  'BBD' => 2.226532,
  'BDT' => 132.937442,
  'BGN' => 1.958235,
  'BHD' => 0.41953,
  'BIF' => 3224.971487,
  'BMD' => 1.113266,
  'BND' => 1.436566,
  'BOB' => 7.704312,
  'BRL' => 6.159589,
  'BSD' => 1.113266,
  'BTC' => 1.8E-5,
  'BTN' => 92.930735,
  'BWP' => 14.647804,
  'BYN' => 3.640227,
  'BZD' => 2.242419,
  'CAD' => 1.502413,
  'CDF' => 3159.385503,
  'CHF' => 0.943771,
  'CLF' => 0.037267,
  'CLP' => 1028.323867,
  'CNH' => 7.854113,
  'CNY' => 7.850752,
  'COP' => 4621.390103,
  'CRC' => 576.917296,
  'CUC' => 1.113266,
  'CUP' => 28.666601,
  'CVE' => 110.37912,
  'CZK' => 25.105313,
  'DJF' => 198.103806,
  'DKK' => 7.458047,
  'DOP' => 66.839108,
  'DZD' => 147.714003,
  'EGP' => 54.193904,
  'ERN' => 16.698991,
  'ETB' => 132.628295,
  'EUR' => 1,
  'FJD' => 2.443563,
  'FKP' => 0.833845,
  'GBP' => 0.833845,
  'GEL' => 3.034757,
  'GGP' => 0.833845,
  'GHS' => 17.49988,
  'GIP' => 0.833845,
  'GMD' => 76.891729,
  'GNF' => 9610.871271,
  'GTQ' => 8.604897,
  'GYD' => 232.749974,
  'HKD' => 8.667326,
  'HNL' => 27.618556,
  'HRK' => 7.534555,
  'HTG' => 146.616842,
  'HUF' => 394.779295,
  'IDR' => 16904.556829,
  'ILS' => 4.212929,
  'IMP' => 0.833845,
  'INR' => 93.016956,
  'IQD' => 1457.306372,
  'IRR' => 47035.491383,
  'ISK' => 151.704767,
  'JEP' => 0.833845,
  'JMD' => 174.778354,
  'JOD' => 0.78886,
  'JPY' => 160.058938,
  'KES' => 143.511129,
  'KGS' => 93.792666,
  'KHR' => 4519.879077,
  'KMF' => 491.971191,
  'KPW' => 1001.939461,
  'KRW' => 1486.565676,
  'KWD' => 0.33963,
  'KYD' => 0.927063,
  'KZT' => 534.917648,
  'LAK' => 24566.299165,
  'LBP' => 99622.763014,
  'LKR' => 338.892462,
  'LRD' => 222.500045,
  'LSL' => 19.349507,
  'LYD' => 5.282462,
  'MAD' => 10.778745,
  'MDL' => 19.315905,
  'MGA' => 5052.170897,
  'MKD' => 61.544131,
  'MMK' => 2335.632211,
  'MNT' => 3782.8781,
  'MOP' => 8.921645,
  'MUR' => 50.898524,
  'MVR' => 17.099767,
  'MWK' => 1929.079596,
  'MXN' => 21.54124,
  'MYR' => 4.679057,
  'MZN' => 71.059774,
  'NAD' => 19.349507,
  'NGN' => 1824.220045,
  'NIO' => 40.942333,
  'NOK' => 11.659981,
  'NPR' => 148.697412,
  'NZD' => 1.775983,
  'OMR' => 0.428583,
  'PAB' => 1.113266,
  'PEN' => 4.181624,
  'PGK' => 4.418569,
  'PHP' => 62.411919,
  'PKR' => 309.160958,
  'PLN' => 4.273093,
  'PYG' => 8658.799393,
  'QAR' => 4.053637,
  'RON' => 4.974718,
  'RSD' => 117.082192,
  'RUB' => 103.341302,
  'RWF' => 1501.165863,
  'SAR' => 4.176948,
  'SBD' => 9.247834,
  'SCR' => 14.802269,
  'SDG' => 669.62954,
  'SEK' => 11.339502,
  'SGD' => 1.436503,
  'SHP' => 0.833845,
  'SLL' => 23344.632818,
  'SOS' => 635.74851,
  'SRD' => 33.882809,
  'SSP' => 145.014038,
  'STD' => 24805.571879,
  'SVC' => 9.734065,
  'SYP' => 2797.114394,
  'SZL' => 19.341693,
  'THB' => 36.645936,
  'TJS' => 11.825274,
  'TMT' => 3.902788,
  'TND' => 3.373989,
  'TOP' => 2.608906,
  'TRY' => 38.011829,
  'TTD' => 7.564161,
  'TWD' => 35.683518,
  'TZS' => 3037.185212,
  'UAH' => 46.062128,
  'UGX' => 4115.249392,
  'USD' => 1.113266,
  'UYU' => 46.42165,
  'UZS' => 14161.3588,
  'VND' => 27406.84726,
  'VUV' => 132.169174,
  'WST' => 3.117145,
  'XAF' => 655.957,
  'XAG' => 0.036091,
  'XAU' => 0.000423,
  'XCD' => 3.008657,
  'XDR' => 0.822988,
  'XOF' => 655.957,
  'XPD' => 0.001062,
  'XPF' => 119.331742,
  'XPT' => 0.001152,
  'YER' => 278.631568,
  'ZAR' => 19.264361,
  'ZMW' => 29.508837,
  'ZWL' => 358.471674,
)
2024-09-23T22:27:31+00:00 INFO ENVIRONMENT: array (
  'WP_User' => 'Guest (non logged-in user)',
  'HTTP_REFERER' => '--',
  'HTTP_USER_AGENT' => 'Mozilla/5.0 (compatible; DotBot/1.2; +https://opensiteexplorer.org/dotbot; help@moz.com)',
  'REQUEST_URI' => '/hotels/hotel-ibis-arcachon-la-teste/hotels',
  'DOING_AJAX' => false,
  'DOING_CRON' => false,
  'WP_CLI' => false,
)
2024-09-23T22:27:31+00:00 INFO REQUEST GET https://public-api.wordpress.com/wpcom/v2/sites/%s/wcpay/currency/rates?test_mode=1&currency_from=eur
2024-09-23T22:27:31+00:00 INFO HEADERS: array (
  'Content-Type' => 'application/json; charset=utf-8',
  'User-Agent' => 'WooCommerce Payments/7.4.0',
)
2024-09-23T22:27:32+00:00 INFO RESPONSE: array (
  'AED' => 4.081203,
  'AFN' => 76.20732,
  'ALL' => 98.987241,
  'AMD' => 430.549061,
  'ANG' => 2.001109,
  'AOA' => 1031.96316,
  'ARS' => 1072.544281,
  'AUD' => 1.62494,
  'AWG' => 2.002823,
  'AZN' => 1.888931,
  'BAM' => 1.954052,
  'BBD' => 2.222272,
  'BDT' => 132.683092,
  'BGN' => 1.954666,
  'BHD' => 0.418696,
  'BIF' => 3217.527851,
  'BMD' => 1.111136,
  'BND' => 1.433817,
  'BOB' => 7.689571,
  'BRL' => 6.15333,
  'BSD' => 1.111136,
  'BTC' => 1.8E-5,
  'BTN' => 92.75293,
  'BWP' => 14.619778,
  'BYN' => 3.633263,
  'BZD' => 2.238129,
  'CAD' => 1.504661,
  'CDF' => 3171.150541,
  'CHF' => 0.941725,
  'CLF' => 0.037161,
  'CLP' => 1025.452643,
  'CNH' => 7.845379,
  'CNY' => 7.835287,
  'COP' => 4620.972401,
  'CRC' => 575.813476,
  'CUC' => 1.111136,
  'CUP' => 28.611753,
  'CVE' => 110.232114,
  'CZK' => 25.134408,
  'DJF' => 197.518185,
  'DKK' => 7.458722,
  'DOP' => 66.805113,
  'DZD' => 147.311074,
  'EGP' => 54.067468,
  'ERN' => 16.667041,
  'ETB' => 131.648118,
  'EUR' => 1,
  'FJD' => 2.440555,
  'FKP' => 0.832443,
  'GBP' => 0.832443,
  'GEL' => 3.033401,
  'GGP' => 0.832443,
  'GHS' => 17.457773,
  'GIP' => 0.832443,
  'GMD' => 76.668387,
  'GNF' => 9604.828694,
  'GTQ' => 8.588433,
  'GYD' => 232.304651,
  'HKD' => 8.651652,
  'HNL' => 27.691418,
  'HRK' => 7.534615,
  'HTG' => 146.336319,
  'HUF' => 394.846472,
  'IDR' => 16866.597669,
  'ILS' => 4.204972,
  'IMP' => 0.832443,
  'INR' => 92.833617,
  'IQD' => 1455.129537,
  'IRR' => 46770.494084,
  'ISK' => 151.695997,
  'JEP' => 0.832443,
  'JMD' => 174.44395,
  'JOD' => 0.787462,
  'JPY' => 159.569702,
  'KES' => 143.285196,
  'KGS' => 93.613212,
  'KHR' => 4517.570145,
  'KMF' => 490.399658,
  'KPW' => 1000.022443,
  'KRW' => 1482.312556,
  'KWD' => 0.338895,
  'KYD' => 0.925289,
  'KZT' => 533.894186,
  'LAK' => 24529.332974,
  'LBP' => 99482.08529,
  'LKR' => 338.244057,
  'LRD' => 217.085356,
  'LSL' => 19.365443,
  'LYD' => 5.27235,
  'MAD' => 10.766317,
  'MDL' => 19.326998,
  'MGA' => 5053.203945,
  'MKD' => 61.533676,
  'MMK' => 2331.163428,
  'MNT' => 3775.64029,
  'MOP' => 8.904575,
  'MUR' => 50.80114,
  'MVR' => 17.06705,
  'MWK' => 1927.413298,
  'MXN' => 21.584067,
  'MYR' => 4.674772,
  'MZN' => 70.946037,
  'NAD' => 19.365443,
  'NGN' => 1820.338554,
  'NIO' => 40.859697,
  'NOK' => 11.653931,
  'NPR' => 148.412908,
  'NZD' => 1.772978,
  'OMR' => 0.427629,
  'PAB' => 1.111136,
  'PEN' => 4.166527,
  'PGK' => 4.385752,
  'PHP' => 62.273732,
  'PKR' => 308.819421,
  'PLN' => 4.271402,
  'PYG' => 8642.232445,
  'QAR' => 4.045027,
  'RON' => 4.973094,
  'RSD' => 117.052121,
  'RUB' => 102.041372,
  'RWF' => 1494.208505,
  'SAR' => 4.16882,
  'SBD' => 9.230137,
  'SCR' => 14.880263,
  'SDG' => 668.348333,
  'SEK' => 11.32781,
  'SGD' => 1.434237,
  'SHP' => 0.832443,
  'SLL' => 23299.96735,
  'SOS' => 634.490123,
  'SRD' => 33.817981,
  'SSP' => 144.736582,
  'STD' => 24758.111186,
  'SVC' => 9.71544,
  'SYP' => 2791.762654,
  'SZL' => 19.360764,
  'THB' => 36.642381,
  'TJS' => 11.802648,
  'TMT' => 3.888976,
  'TND' => 3.367533,
  'TOP' => 2.603914,
  'TRY' => 37.92854,
  'TTD' => 7.549688,
  'TWD' => 35.606818,
  'TZS' => 3032.387776,
  'UAH' => 45.973997,
  'UGX' => 4107.375653,
  'USD' => 1.111136,
  'UYU' => 46.258706,
  'UZS' => 14140.628649,
  'VND' => 27355.289509,
  'VUV' => 131.916294,
  'WST' => 3.111181,
  'XAF' => 655.957,
  'XAG' => 0.036204,
  'XAU' => 0.000423,
  'XCD' => 3.002901,
  'XDR' => 0.821413,
  'XOF' => 655.957,
  'XPD' => 0.001073,
  'XPF' => 119.331742,
  'XPT' => 0.00116,
  'YER' => 278.145107,
  'ZAR' => 19.285965,
  'ZMW' => 29.452377,
  'ZWL' => 357.785807,
)
