2024-09-21T04:00:10+00:00 INFO ENVIRONMENT: array (
  'WP_User' => 'Guest (non logged-in user)',
  'HTTP_REFERER' => '--',
  'HTTP_USER_AGENT' => 'Mozilla/5.0 (Linux; Android 12; Pixel 6) AppleWebKit/537.36 (KHTML, like Gecko) Chrome/114.0.0.0 Mobile Safari/537.36',
  'REQUEST_URI' => '/',
  'DOING_AJAX' => false,
  'DOING_CRON' => false,
  'WP_CLI' => false,
)
2024-09-21T04:00:10+00:00 INFO REQUEST GET https://public-api.wordpress.com/wpcom/v2/sites/%s/wcpay/disputes?test_mode=1&pagesize=50&search%5B0%5D=warning_needs_response&search%5B1%5D=needs_response
2024-09-21T04:00:10+00:00 INFO HEADERS: array (
  'Content-Type' => 'application/json; charset=utf-8',
  'User-Agent' => 'WooCommerce Payments/7.4.0',
)
2024-09-21T04:00:10+00:00 INFO RESPONSE: array (
  'data' => 
  array (
  ),
)
2024-09-21T05:45:18+00:00 INFO ENVIRONMENT: array (
  'WP_User' => 'Guest (non logged-in user)',
  'HTTP_REFERER' => '--',
  'HTTP_USER_AGENT' => 'Mozilla/5.0 researchscan.comsys.rwth-aachen.de',
  'REQUEST_URI' => '/',
  'DOING_AJAX' => false,
  'DOING_CRON' => false,
  'WP_CLI' => false,
)
2024-09-21T05:45:18+00:00 INFO REQUEST GET https://public-api.wordpress.com/wpcom/v2/sites/%s/wcpay/currency/rates?test_mode=1&currency_from=eur
2024-09-21T05:45:18+00:00 INFO HEADERS: array (
  'Content-Type' => 'application/json; charset=utf-8',
  'User-Agent' => 'WooCommerce Payments/7.4.0',
)
2024-09-21T05:45:19+00:00 INFO RESPONSE: array (
  'AED' => 4.104717,
  'AFN' => 77.096248,
  'ALL' => 99.428378,
  'AMD' => 433.46605,
  'ANG' => 2.014715,
  'AOA' => 1036.828227,
  'ARS' => 1074.559061,
  'AUD' => 1.643263,
  'AWG' => 2.01159,
  'AZN' => 1.899835,
  'BAM' => 1.959298,
  'BBD' => 2.2351,
  'BDT' => 133.588484,
  'BGN' => 1.958283,
  'BHD' => 0.421228,
  'BIF' => 3240.612557,
  'BMD' => 1.11755,
  'BND' => 1.444479,
  'BOB' => 7.724651,
  'BRL' => 6.162841,
  'BSD' => 1.11755,
  'BTC' => 1.8E-5,
  'BTN' => 93.431813,
  'BWP' => 14.777512,
  'BYN' => 3.658431,
  'BZD' => 2.253282,
  'CAD' => 1.518024,
  'CDF' => 3174.965729,
  'CHF' => 0.950299,
  'CLF' => 0.037692,
  'CLP' => 1040.047889,
  'CNH' => 7.869228,
  'CNY' => 7.880851,
  'COP' => 4642.296579,
  'CRC' => 580.024933,
  'CUC' => 1.11755,
  'CUP' => 28.776912,
  'CVE' => 110.460717,
  'CZK' => 25.090338,
  'DJF' => 198.731646,
  'DKK' => 7.467357,
  'DOP' => 67.099777,
  'DZD' => 147.671813,
  'EGP' => 54.177147,
  'ERN' => 16.76325,
  'ETB' => 129.720156,
  'EUR' => 1,
  'FJD' => 2.459504,
  'FKP' => 0.839191,
  'GBP' => 0.839191,
  'GEL' => 2.997828,
  'GGP' => 0.839191,
  'GHS' => 17.574058,
  'GIP' => 0.839191,
  'GMD' => 76.552174,
  'GNF' => 9658.157535,
  'GTQ' => 8.641504,
  'GYD' => 233.853191,
  'HKD' => 8.707335,
  'HNL' => 27.730502,
  'HRK' => 7.542568,
  'HTG' => 147.50067,
  'HUF' => 393.578752,
  'IDR' => 16942.951735,
  'ILS' => 4.226479,
  'IMP' => 0.839191,
  'INR' => 93.301175,
  'IQD' => 1464.413735,
  'IRR' => 47040.472528,
  'ISK' => 152.27736,
  'JEP' => 0.839191,
  'JMD' => 175.633538,
  'JOD' => 0.791784,
  'JPY' => 160.85457,
  'KES' => 144.208649,
  'KGS' => 94.140734,
  'KHR' => 4540.10868,
  'KMF' => 493.230446,
  'KPW' => 1005.794982,
  'KRW' => 1489.124173,
  'KWD' => 0.340931,
  'KYD' => 0.931571,
  'KZT' => 535.956975,
  'LAK' => 24684.02245,
  'LBP' => 100099.886398,
  'LKR' => 341.068721,
  'LRD' => 223.57511,
  'LSL' => 19.556809,
  'LYD' => 5.308667,
  'MAD' => 10.839939,
  'MDL' => 19.412119,
  'MGA' => 5055.923008,
  'MKD' => 61.712471,
  'MMK' => 2344.619858,
  'MNT' => 3797.434832,
  'MOP' => 8.973258,
  'MUR' => 51.273191,
  'MVR' => 17.165568,
  'MWK' => 1938.228011,
  'MXN' => 21.69701,
  'MYR' => 4.699298,
  'MZN' => 71.355567,
  'NAD' => 19.556721,
  'NGN' => 1832.167314,
  'NIO' => 41.142894,
  'NOK' => 11.718294,
  'NPR' => 149.493893,
  'NZD' => 1.791376,
  'OMR' => 0.430208,
  'PAB' => 1.11755,
  'PEN' => 4.190023,
  'PGK' => 4.440881,
  'PHP' => 62.195007,
  'PKR' => 310.607384,
  'PLN' => 4.268418,
  'PYG' => 8721.567699,
  'QAR' => 4.075576,
  'RON' => 4.972985,
  'RSD' => 117.104272,
  'RUB' => 103.083468,
  'RWF' => 1507.003252,
  'SAR' => 4.193666,
  'SBD' => 9.283417,
  'SCR' => 14.851459,
  'SDG' => 672.206313,
  'SEK' => 11.366824,
  'SGD' => 1.442981,
  'SHP' => 0.839191,
  'SLL' => 23434.464303,
  'SOS' => 638.84635,
  'SRD' => 33.755597,
  'SSP' => 145.57206,
  'STD' => 24901.025141,
  'SVC' => 9.78133,
  'SYP' => 2807.877851,
  'SZL' => 19.632223,
  'THB' => 36.75371,
  'TJS' => 11.883,
  'TMT' => 3.911425,
  'TND' => 3.387246,
  'TOP' => 2.618498,
  'TRY' => 38.133934,
  'TTD' => 7.603437,
  'TWD' => 35.740366,
  'TZS' => 3046.66699,
  'UAH' => 46.351566,
  'UGX' => 4153.434692,
  'USD' => 1.11755,
  'UYU' => 46.191843,
  'UZS' => 14225.455008,
  'VND' => 27495.396793,
  'VUV' => 132.677769,
  'WST' => 3.12914,
  'XAF' => 655.957,
  'XAG' => 0.035851,
  'XAU' => 0.000426,
  'XCD' => 3.020235,
  'XDR' => 0.828479,
  'XOF' => 655.957,
  'XPD' => 0.00105,
  'XPF' => 119.331742,
  'XPT' => 0.001145,
  'YER' => 279.750675,
  'ZAR' => 19.479522,
  'ZMW' => 29.595301,
  'ZWL' => 359.851094,
)
2024-09-21T09:28:58+00:00 INFO ENVIRONMENT: array (
  'WP_User' => 'Guest (non logged-in user)',
  'HTTP_REFERER' => '--',
  'HTTP_USER_AGENT' => 'Mozilla/5.0 X11; Ubuntu; Linux x86_64; rv:126.0 Gecko/20100101 Firefox/126.0',
  'REQUEST_URI' => '/',
  'DOING_AJAX' => false,
  'DOING_CRON' => false,
  'WP_CLI' => false,
)
2024-09-21T09:28:58+00:00 INFO REQUEST GET https://public-api.wordpress.com/wpcom/v2/sites/%s/wcpay/accounts?test_mode=true
2024-09-21T09:28:58+00:00 INFO HEADERS: array (
  'Content-Type' => 'application/json; charset=utf-8',
  'User-Agent' => 'WooCommerce Payments/7.4.0',
)
2024-09-21T09:29:00+00:00 INFO RESPONSE: array (
  'account_id' => 'acct_1OrB4iFy7FStQedj',
  'email' => '(redacted)',
  'live_publishable_key' => 'pk_live_iBIpeqzKOOx2Y8PFCRBfyMU000Q7xVG4Sn',
  'test_publishable_key' => 'pk_test_51ETDmyFuiXB5oUVxwSobQMW5Tno1GclIq7ePZWzLeW4q8oa7Zb8hI5VfwI5sNT5nXuKYinLukNvGCXmsQXAoDGHG00MqHqlYHR',
  'is_live' => false,
  'is_test_drive' => false,
  'created' => '2024-03-06 03:23:26',
  'has_pending_requirements' => true,
  'has_future_requirements' => false,
  'has_overdue_requirements' => false,
  'details_submitted' => true,
  'current_deadline' => 1711614200,
  'status' => 'restricted_soon',
  'capabilities' => 
  array (
    'card_payments' => 'active',
    'giropay_payments' => 'active',
    'klarna_payments' => 'active',
    'transfers' => 'active',
    'bancontact_payments' => 'unrequested',
    'bank_transfer_payments' => 'unrequested',
    'blik_payments' => 'unrequested',
    'cartes_bancaires_payments' => 'unrequested',
    'eps_payments' => 'unrequested',
    'ideal_payments' => 'unrequested',
    'klarna' => 'unrequested',
    'link_payments' => 'unrequested',
    'mobilepay_payments' => 'unrequested',
    'multibanco_payments' => 'unrequested',
    'p24_payments' => 'unrequested',
    'sepa_bank_transfer_payments' => 'unrequested',
    'sepa_debit_payments' => 'unrequested',
    'sofort_payments' => 'unrequested',
    'twint_payments' => 'unrequested',
  ),
  'capability_requirements' => 
  array (
    'bancontact_payments' => 
    array (
    ),
    'bank_transfer_payments' => 
    array (
    ),
    'blik_payments' => 
    array (
    ),
    'card_payments' => 
    array (
    ),
    'cartes_bancaires_payments' => 
    array (
    ),
    'eps_payments' => 
    array (
    ),
    'giropay_payments' => 
    array (
    ),
    'ideal_payments' => 
    array (
    ),
    'klarna' => 
    array (
      0 => 'email',
    ),
    'klarna_payments' => 
    array (
    ),
    'link_payments' => 
    array (
    ),
    'mobilepay_payments' => 
    array (
    ),
    'multibanco_payments' => 
    array (
    ),
    'p24_payments' => 
    array (
    ),
    'sepa_bank_transfer_payments' => 
    array (
    ),
    'sepa_debit_payments' => 
    array (
    ),
    'sofort_payments' => 
    array (
    ),
    'transfers' => 
    array (
    ),
    'twint_payments' => 
    array (
    ),
  ),
  'payments_enabled' => true,
  'deposits' => 
  array (
    'status' => 'enabled',
    'restrictions' => 'deposits_unrestricted',
    'interval' => 'daily',
    'weekly_anchor' => '',
    'monthly_anchor' => NULL,
    'delay_days' => 7,
    'completed_waiting_period' => false,
    'minimum_manual_deposit_amounts' => 
    array (
      'aud' => 500,
      'bgn' => 100,
      'cad' => 500,
      'chf' => 500,
      'czk' => 3000,
      'dkk' => 5000,
      'eur' => 500,
      'gbp' => 500,
      'hkd' => 5000,
      'huf' => 36000,
      'nok' => 5000,
      'nzd' => 500,
      'jpy' => 50,
      'sek' => 5000,
      'sgd' => 500,
      'usd' => 500,
      'ron' => 500,
      'pln' => 500,
      'aed' => 200,
    ),
    'minimum_scheduled_deposit_amounts' => 
    array (
      'aed' => 200,
      'aud' => 0,
      'bgn' => 100,
      'cad' => 0,
      'chf' => 500,
      'czk' => 3000,
      'dkk' => 2000,
      'eur' => 100,
      'gbp' => 100,
      'hkd' => 0,
      'huf' => 36000,
      'jpy' => 1,
      'nok' => 2000,
      'nzd' => 0,
      'pln' => 500,
      'ron' => 500,
      'sek' => 2000,
      'sgd' => 100,
      'usd' => 0,
    ),
  ),
  'lifetime_total_payment_volume' => 424476,
  'requirements' => 
  array (
    'errors' => 
    array (
      0 => 
      array (
        'code' => 'verification_failed_keyed_identity',
        'detailed_code' => 'verification_failed_keyed_identity',
        'reason' => 'Name on the document doesn’t match the name provided for this account. Provide a matching document or update the name on this account.',
        'requirement' => 'individual.verification.document',
      ),
    ),
  ),
  'statement_descriptor' => 'PHN.PIXODEO.DEV',
  'statement_descriptor_kanji' => '',
  'statement_descriptor_kana' => '',
  'latest_tos_agreement' => 
  array (
    'date' => '2024-03-06 03:23:26',
    'source' => 'signup',
    'is_current_version' => true,
  ),
  'fees' => 
  array (
    'base' => 
    array (
      'percentage_rate' => 0.015,
      'fixed_rate' => 25,
      'currency' => 'eur',
    ),
    'discount' => 
    array (
    ),
    'card' => 
    array (
      'base' => 
      array (
        'percentage_rate' => 0.015,
        'fixed_rate' => 25,
        'currency' => 'eur',
      ),
      'additional' => 
      array (
        'percentage_rate' => 0.02,
        'fixed_rate' => 0,
        'currency' => 'eur',
      ),
      'fx' => 
      array (
        'percentage_rate' => 0.02,
        'fixed_rate' => 0,
        'currency' => 'eur',
      ),
      'discount' => 
      array (
      ),
    ),
    'bancontact' => 
    array (
      'base' => 
      array (
        'percentage_rate' => 0.014,
        'fixed_rate' => 25,
        'currency' => 'eur',
      ),
      'additional' => 
      array (
        'percentage_rate' => 0,
        'fixed_rate' => 0,
        'currency' => 'eur',
      ),
      'fx' => 
      array (
        'percentage_rate' => 0,
        'fixed_rate' => 0,
        'currency' => 'eur',
      ),
      'discount' => 
      array (
      ),
    ),
    'eps' => 
    array (
      'base' => 
      array (
        'percentage_rate' => 0.018,
        'fixed_rate' => 25,
        'currency' => 'eur',
      ),
      'additional' => 
      array (
        'percentage_rate' => 0,
        'fixed_rate' => 0,
        'currency' => 'eur',
      ),
      'fx' => 
      array (
        'percentage_rate' => 0,
        'fixed_rate' => 0,
        'currency' => 'eur',
      ),
      'discount' => 
      array (
      ),
    ),
    'ideal' => 
    array (
      'base' => 
      array (
        'percentage_rate' => 0,
        'fixed_rate' => 29,
        'currency' => 'eur',
      ),
      'additional' => 
      array (
        'percentage_rate' => 0,
        'fixed_rate' => 0,
        'currency' => 'eur',
      ),
      'fx' => 
      array (
        'percentage_rate' => 0,
        'fixed_rate' => 0,
        'currency' => 'eur',
      ),
      'discount' => 
      array (
      ),
    ),
    'giropay' => 
    array (
      'base' => 
      array (
        'percentage_rate' => 0.014,
        'fixed_rate' => 25,
        'currency' => 'eur',
      ),
      'additional' => 
      array (
        'percentage_rate' => 0,
        'fixed_rate' => 0,
        'currency' => 'eur',
      ),
      'fx' => 
      array (
        'percentage_rate' => 0,
        'fixed_rate' => 0,
        'currency' => 'eur',
      ),
      'discount' => 
      array (
      ),
    ),
    'p24' => 
    array (
      'base' => 
      array (
        'percentage_rate' => 0.022,
        'fixed_rate' => 25,
        'currency' => 'eur',
      ),
      'additional' => 
      array (
        'percentage_rate' => 0,
        'fixed_rate' => 0,
        'currency' => 'eur',
      ),
      'fx' => 
      array (
        'percentage_rate' => 0,
        'fixed_rate' => 0,
        'currency' => 'eur',
      ),
      'discount' => 
      array (
      ),
    ),
  ),
  'capital' => 
  array (
    'has_active_loan' => false,
    'has_previous_loans' => false,
    'loans' => 
    array (
    ),
  ),
  'fraud_services' => 
  array (
    'stripe' => 
    array (
    ),
    'sift' => 
    array (
      'beacon_key' => 'affbdadb36',
      'sandbox_beacon_key' => '6ad0ad748b',
    ),
  ),
  'store_currencies' => 
  array (
    'default' => 'eur',
    'supported' => 
    array (
      0 => 'eur',
    ),
  ),
  'customer_currencies' => 
  array (
    'supported' => 
    array (
      0 => 'usd',
      1 => 'aed',
      2 => 'afn',
      3 => 'all',
      4 => 'amd',
      5 => 'ang',
      6 => 'aoa',
      7 => 'ars',
      8 => 'aud',
      9 => 'awg',
      10 => 'azn',
      11 => 'bam',
      12 => 'bbd',
      13 => 'bdt',
      14 => 'bgn',
      15 => 'bif',
      16 => 'bmd',
      17 => 'bnd',
      18 => 'bob',
      19 => 'brl',
      20 => 'bsd',
      21 => 'bwp',
      22 => 'byn',
      23 => 'bzd',
      24 => 'cad',
      25 => 'cdf',
      26 => 'chf',
      27 => 'clp',
      28 => 'cny',
      29 => 'cop',
      30 => 'crc',
      31 => 'cve',
      32 => 'czk',
      33 => 'djf',
      34 => 'dkk',
      35 => 'dop',
      36 => 'dzd',
      37 => 'egp',
      38 => 'etb',
      39 => 'eur',
      40 => 'fjd',
      41 => 'fkp',
      42 => 'gbp',
      43 => 'gel',
      44 => 'gip',
      45 => 'gmd',
      46 => 'gnf',
      47 => 'gtq',
      48 => 'gyd',
      49 => 'hkd',
      50 => 'hnl',
      51 => 'htg',
      52 => 'huf',
      53 => 'idr',
      54 => 'ils',
      55 => 'inr',
      56 => 'isk',
      57 => 'jmd',
      58 => 'jpy',
      59 => 'kes',
      60 => 'kgs',
      61 => 'khr',
      62 => 'kmf',
      63 => 'krw',
      64 => 'kyd',
      65 => 'kzt',
      66 => 'lak',
      67 => 'lbp',
      68 => 'lkr',
      69 => 'lrd',
      70 => 'lsl',
      71 => 'mad',
      72 => 'mdl',
      73 => 'mga',
      74 => 'mkd',
      75 => 'mmk',
      76 => 'mnt',
      77 => 'mop',
      78 => 'mur',
      79 => 'mvr',
      80 => 'mwk',
      81 => 'mxn',
      82 => 'myr',
      83 => 'mzn',
      84 => 'nad',
      85 => 'ngn',
      86 => 'nio',
      87 => 'nok',
      88 => 'npr',
      89 => 'nzd',
      90 => 'pab',
      91 => 'pen',
      92 => 'pgk',
      93 => 'php',
      94 => 'pkr',
      95 => 'pln',
      96 => 'pyg',
      97 => 'qar',
      98 => 'ron',
      99 => 'rsd',
      100 => 'rub',
      101 => 'rwf',
      102 => 'sar',
      103 => 'sbd',
      104 => 'scr',
      105 => 'sek',
      106 => 'sgd',
      107 => 'shp',
      108 => 'sle',
      109 => 'sos',
      110 => 'srd',
      111 => 'std',
      112 => 'szl',
      113 => 'thb',
      114 => 'tjs',
      115 => 'top',
      116 => 'try',
      117 => 'ttd',
      118 => 'twd',
      119 => 'tzs',
      120 => 'uah',
      121 => 'ugx',
      122 => 'uyu',
      123 => 'uzs',
      124 => 'vnd',
      125 => 'vuv',
      126 => 'wst',
      127 => 'xaf',
      128 => 'xcd',
      129 => 'xof',
      130 => 'xpf',
      131 => 'yer',
      132 => 'zar',
      133 => 'zmw',
    ),
  ),
  'country' => '(redacted)',
  'instant_deposits_eligible' => false,
  'card_present_eligible' => false,
  'has_card_readers_available' => false,
  'platform_checkout_eligible' => false,
  'platform_direct_checkout_eligible' => false,
  'platform_global_theme_support_enabled' => false,
  'business_profile' => 
  array (
    'name' => '(redacted)',
    'url' => 'https://phn.pixodeo.dev',
    'support_address' => 
    array (
    ),
    'support_email' => NULL,
    'support_phone' => NULL,
  ),
  'branding' => 
  array (
    'icon' => NULL,
    'logo' => NULL,
    'primary_color' => NULL,
    'secondary_color' => NULL,
  ),
  'locale' => 'en_US',
  'has_more_failed_events' => false,
  'has_submitted_vat_data' => false,
  'is_documents_enabled' => true,
  'card_testing_protection_eligible' => false,
  'progressive_onboarding' => 
  array (
    'is_enabled' => false,
    'is_complete' => false,
    'tpv' => NULL,
    'first_transaction_date' => NULL,
    'kyc_deadline_date' => NULL,
  ),
  'fraud_mitigation_settings' => 
  array (
    'avs_check_enabled' => false,
    'cvc_check_enabled' => true,
  ),
  'is_deferred_intent_creation_upe_enabled' => true,
  'pre_check_save_my_info' => false,
)
2024-09-21T09:29:00+00:00 INFO ENVIRONMENT: array (
  'WP_User' => 'Guest (non logged-in user)',
  'HTTP_REFERER' => '--',
  'HTTP_USER_AGENT' => 'Mozilla/5.0 X11; Ubuntu; Linux x86_64; rv:126.0 Gecko/20100101 Firefox/126.0',
  'REQUEST_URI' => '/',
  'DOING_AJAX' => false,
  'DOING_CRON' => false,
  'WP_CLI' => false,
)
2024-09-21T09:29:00+00:00 INFO REQUEST POST https://public-api.wordpress.com/wpcom/v2/sites/%s/wcpay/compatibility
2024-09-21T09:29:00+00:00 INFO HEADERS: array (
  'Content-Type' => 'application/json; charset=utf-8',
  'User-Agent' => 'WooCommerce Payments/7.4.0',
  'Idempotency-Key' => '094359a3-c76f-4e1f-bdfc-31f270f683c8',
)
2024-09-21T09:29:00+00:00 INFO BODY: array (
  'test_mode' => true,
  'compatibility_data' => 
  array (
    'woopayments_version' => '7.4.0',
    'woocommerce_version' => '8.7.0',
    'blog_theme' => 'grandconference-child',
    'active_plugins' => 
    array (
      0 => 'advanced-custom-fields-pro/acf.php',
      1 => 'contact-form-7/wp-contact-form-7.php',
      2 => 'contact-form-entries/contact-form-entries.php',
      3 => 'duplicate-post/duplicate-post.php',
      4 => 'elementor/elementor.php',
      5 => 'email-log/email-log.php',
      6 => 'extended-google-map-for-elementor/elementor-google-map-extended.php',
      7 => 'fooevents-calendar/fooevents-calendar.php',
      8 => 'fooevents/fooevents.php',
      9 => 'fooevents_bookings/fooevents-bookings.php',
      10 => 'fooevents_custom_attendee_fields/fooevents-custom-attendee-fields.php',
      11 => 'fooevents_pdf_tickets/fooevents-pdf-tickets.php',
      12 => 'grandconference-custom-post/grandconference-custom-post.php',
      13 => 'grandconference-elementor/grandconference-elementor.php',
      14 => 'loco-translate/loco.php',
      15 => 'loftloader/loftloader.php',
      16 => 'mailchimp-for-wp/mailchimp-for-wp.php',
      17 => 'revslider/revslider.php',
      18 => 'shortcode-elementor/elementor-shortcode.php',
      19 => 'smtp-mailer/main.php',
      20 => 'the-events-calendar/the-events-calendar.php',
      22 => 'woo-systempay-payment/woo-systempay-payment.php',
      23 => 'woocommerce-gateway-stripe/woocommerce-gateway-stripe.php',
      24 => 'woocommerce-payments/woocommerce-payments.php',
      25 => 'woocommerce/woocommerce.php',
    ),
    'post_types_count' => 
    array (
      'post' => 15,
      'page' => 33,
      'attachment' => 0,
      'e-landing-page' => 0,
      'elementor_library' => 4,
      'product' => 30,
      'event_magic_tickets' => 208,
      'header' => 10,
      'footer' => 7,
      'megamenu' => 3,
      'fullmenu' => 1,
      'galleries' => 1,
      'rs_elements' => 0,
      'tribe_events' => 2,
    ),
  ),
)
2024-09-21T09:29:01+00:00 INFO RESPONSE: array (
  'result' => 'success',
)
2024-09-21T09:29:02+00:00 INFO ENVIRONMENT: array (
  'WP_User' => 'Guest (non logged-in user)',
  'HTTP_REFERER' => '--',
  'HTTP_USER_AGENT' => 'WordPress/6.6.2; https://phn-events.com',
  'REQUEST_URI' => '/wp-cron.php?doing_wp_cron=1726910941.2010250091552734375000',
  'DOING_AJAX' => false,
  'DOING_CRON' => true,
  'WP_CLI' => false,
)
2024-09-21T09:29:02+00:00 INFO REQUEST GET https://public-api.wordpress.com/wpcom/v2/wcpay/woopay/compatibility?test_mode=1
2024-09-21T09:29:02+00:00 INFO HEADERS: array (
  'Content-Type' => 'application/json; charset=utf-8',
  'User-Agent' => 'WooCommerce Payments/7.4.0',
)
2024-09-21T09:29:02+00:00 INFO RESPONSE: array (
  'incompatible_extensions' => 
  array (
    0 => 'class-wcdonation',
    1 => 'woocommerce-table-rate-shipping',
    2 => 'woocommerce-memberships-for-teams',
    3 => 'woocommerce-checkout-add-ons',
    4 => 'woocommerce-checkout-field-editor',
    5 => 'woocommerce-eu-vat-number',
    6 => 'woocommerce-order-delivery',
    7 => 'woocommerce-pdf-product-vouchers',
    8 => 'woocommerce-shipping-local-pickup-plus',
    9 => 'woocommerce-shipping-multiple-addresses',
    10 => 'woocommerce-smart-coupons',
    11 => 'woocommerce-subscriptions-gifting',
    12 => 'advanced-product-fields-for-woocommerce',
  ),
  'adapted_extensions' => 
  array (
    0 => 'woocommerce-points-and-rewards',
    1 => 'woocommerce-gift-cards',
  ),
  'available_countries' => 
  array (
    0 => 'US',
  ),
)
2024-09-21T11:47:04+00:00 INFO ENVIRONMENT: array (
  'WP_User' => 'Guest (non logged-in user)',
  'HTTP_REFERER' => '--',
  'HTTP_USER_AGENT' => 'Mozilla/5.0 (compatible; DotBot/1.2; +https://opensiteexplorer.org/dotbot; help@moz.com)',
  'REQUEST_URI' => '/hotels/hotel-mercure-troyes-centre/tickets/',
  'DOING_AJAX' => false,
  'DOING_CRON' => false,
  'WP_CLI' => false,
)
2024-09-21T11:47:04+00:00 INFO REQUEST GET https://public-api.wordpress.com/wpcom/v2/sites/%s/wcpay/currency/rates?test_mode=1&currency_from=eur
2024-09-21T11:47:04+00:00 INFO HEADERS: array (
  'Content-Type' => 'application/json; charset=utf-8',
  'User-Agent' => 'WooCommerce Payments/7.4.0',
)
2024-09-21T11:47:04+00:00 INFO RESPONSE: array (
  'AED' => 4.10288,
  'AFN' => 76.918684,
  'ALL' => 99.196701,
  'AMD' => 432.467551,
  'ANG' => 2.013813,
  'AOA' => 1036.364343,
  'ARS' => 1075.160606,
  'AUD' => 1.642962,
  'AWG' => 2.01069,
  'AZN' => 1.898985,
  'BAM' => 1.95475,
  'BBD' => 2.2341,
  'BDT' => 133.528715,
  'BGN' => 1.955911,
  'BHD' => 0.420474,
  'BIF' => 3233.179306,
  'BMD' => 1.11705,
  'BND' => 1.441126,
  'BOB' => 7.721195,
  'BRL' => 6.160642,
  'BSD' => 1.11705,
  'BTC' => 1.8E-5,
  'BTN' => 93.390011,
  'BWP' => 14.743081,
  'BYN' => 3.656794,
  'BZD' => 2.252274,
  'CAD' => 1.517345,
  'CDF' => 3167.515569,
  'CHF' => 0.949482,
  'CLF' => 0.037676,
  'CLP' => 1039.582564,
  'CNH' => 7.865707,
  'CNY' => 7.877325,
  'COP' => 4640.20752,
  'CRC' => 578.689165,
  'CUC' => 1.11705,
  'CUP' => 28.764037,
  'CVE' => 110.411296,
  'CZK' => 25.079336,
  'DJF' => 198.603304,
  'DKK' => 7.463681,
  'DOP' => 66.944041,
  'DZD' => 147.781244,
  'EGP' => 54.188095,
  'ERN' => 16.75575,
  'ETB' => 129.421386,
  'EUR' => 1,
  'FJD' => 2.458404,
  'FKP' => 0.838878,
  'GBP' => 0.838878,
  'GEL' => 2.996486,
  'GGP' => 0.838878,
  'GHS' => 17.533582,
  'GIP' => 0.838878,
  'GMD' => 76.517924,
  'GNF' => 9635.904163,
  'GTQ' => 8.637637,
  'GYD' => 233.748564,
  'HKD' => 8.703327,
  'HNL' => 27.666139,
  'HRK' => 7.539194,
  'HTG' => 147.160986,
  'HUF' => 393.380321,
  'IDR' => 16935.371335,
  'ILS' => 4.224588,
  'IMP' => 0.838878,
  'INR' => 93.259431,
  'IQD' => 1461.013429,
  'IRR' => 47019.426277,
  'ISK' => 152.20923,
  'JEP' => 0.838878,
  'JMD' => 175.554959,
  'JOD' => 0.79143,
  'JPY' => 160.659713,
  'KES' => 143.872741,
  'KGS' => 94.098615,
  'KHR' => 4529.54981,
  'KMF' => 493.009771,
  'KPW' => 1005.344982,
  'KRW' => 1488.457928,
  'KWD' => 0.340377,
  'KYD' => 0.931155,
  'KZT' => 535.717184,
  'LAK' => 24628.313219,
  'LBP' => 99872.766212,
  'LKR' => 340.277294,
  'LRD' => 223.060186,
  'LSL' => 19.579384,
  'LYD' => 5.306292,
  'MAD' => 10.814391,
  'MDL' => 19.461546,
  'MGA' => 5044.290935,
  'MKD' => 61.581929,
  'MMK' => 2343.570858,
  'MNT' => 3795.735832,
  'MOP' => 8.969243,
  'MUR' => 51.250254,
  'MVR' => 17.157888,
  'MWK' => 1933.76809,
  'MXN' => 21.68194,
  'MYR' => 4.697195,
  'MZN' => 71.323642,
  'NAD' => 19.579384,
  'NGN' => 1828.220889,
  'NIO' => 41.04795,
  'NOK' => 11.710873,
  'NPR' => 149.427008,
  'NZD' => 1.790575,
  'OMR' => 0.430016,
  'PAB' => 1.11705,
  'PEN' => 4.180355,
  'PGK' => 4.438894,
  'PHP' => 62.167181,
  'PKR' => 310.468416,
  'PLN' => 4.266508,
  'PYG' => 8701.344451,
  'QAR' => 4.066116,
  'RON' => 4.97076,
  'RSD' => 117.162904,
  'RUB' => 103.037348,
  'RWF' => 1503.496497,
  'SAR' => 4.191677,
  'SBD' => 9.279264,
  'SCR' => 14.844814,
  'SDG' => 671.905563,
  'SEK' => 11.361739,
  'SGD' => 1.441665,
  'SHP' => 0.838878,
  'SLL' => 23423.979553,
  'SOS' => 637.357594,
  'SRD' => 33.740495,
  'SSP' => 145.50693,
  'STD' => 24889.884241,
  'SVC' => 9.776953,
  'SYP' => 2806.621586,
  'SZL' => 19.586479,
  'THB' => 36.677122,
  'TJS' => 11.877684,
  'TMT' => 3.909675,
  'TND' => 3.385731,
  'TOP' => 2.617326,
  'TRY' => 38.110954,
  'TTD' => 7.585925,
  'TWD' => 35.724375,
  'TZS' => 3044.762754,
  'UAH' => 46.186368,
  'UGX' => 4139.697445,
  'USD' => 1.11705,
  'UYU' => 46.085249,
  'UZS' => 14219.090436,
  'VND' => 27483.095152,
  'VUV' => 132.618408,
  'WST' => 3.12774,
  'XAF' => 655.957,
  'XAG' => 0.035835,
  'XAU' => 0.000426,
  'XCD' => 3.018883,
  'XDR' => 0.828108,
  'XOF' => 655.957,
  'XPD' => 0.00105,
  'XPF' => 119.331742,
  'XPT' => 0.001144,
  'YER' => 279.625512,
  'ZAR' => 19.470807,
  'ZMW' => 29.52714,
  'ZWL' => 359.690094,
)
2024-09-21T18:01:39+00:00 INFO ENVIRONMENT: array (
  'WP_User' => 'Guest (non logged-in user)',
  'HTTP_REFERER' => '--',
  'HTTP_USER_AGENT' => 'Mozilla/5.0 (compatible; AhrefsBot/7.0; +http://ahrefs.com/robot/)',
  'REQUEST_URI' => '/',
  'DOING_AJAX' => false,
  'DOING_CRON' => false,
  'WP_CLI' => false,
)
2024-09-21T18:01:39+00:00 INFO REQUEST GET https://public-api.wordpress.com/wpcom/v2/sites/%s/wcpay/currency/rates?test_mode=1&currency_from=eur
2024-09-21T18:01:39+00:00 INFO HEADERS: array (
  'Content-Type' => 'application/json; charset=utf-8',
  'User-Agent' => 'WooCommerce Payments/7.4.0',
)
2024-09-21T18:01:39+00:00 INFO RESPONSE: array (
  'AED' => 4.10288,
  'AFN' => 76.918684,
  'ALL' => 99.196701,
  'AMD' => 432.467551,
  'ANG' => 2.013813,
  'AOA' => 1036.364343,
  'ARS' => 1075.160606,
  'AUD' => 1.642962,
  'AWG' => 2.01069,
  'AZN' => 1.898985,
  'BAM' => 1.95475,
  'BBD' => 2.2341,
  'BDT' => 133.528715,
  'BGN' => 1.95404,
  'BHD' => 0.420474,
  'BIF' => 3233.179306,
  'BMD' => 1.11705,
  'BND' => 1.441126,
  'BOB' => 7.721195,
  'BRL' => 6.160642,
  'BSD' => 1.11705,
  'BTC' => 1.8E-5,
  'BTN' => 93.390011,
  'BWP' => 14.743081,
  'BYN' => 3.656794,
  'BZD' => 2.252274,
  'CAD' => 1.517345,
  'CDF' => 3167.515569,
  'CHF' => 0.949874,
  'CLF' => 0.037676,
  'CLP' => 1039.582564,
  'CNH' => 7.865707,
  'CNY' => 7.877325,
  'COP' => 4640.20752,
  'CRC' => 578.689165,
  'CUC' => 1.11705,
  'CUP' => 28.764037,
  'CVE' => 110.411296,
  'CZK' => 25.079336,
  'DJF' => 198.603304,
  'DKK' => 7.464128,
  'DOP' => 66.944041,
  'DZD' => 147.781244,
  'EGP' => 54.188095,
  'ERN' => 16.75575,
  'ETB' => 129.421386,
  'EUR' => 1,
  'FJD' => 2.458404,
  'FKP' => 0.838815,
  'GBP' => 0.838815,
  'GEL' => 2.996486,
  'GGP' => 0.838815,
  'GHS' => 17.533582,
  'GIP' => 0.838815,
  'GMD' => 76.517924,
  'GNF' => 9635.904163,
  'GTQ' => 8.637637,
  'GYD' => 233.748564,
  'HKD' => 8.703327,
  'HNL' => 27.666139,
  'HRK' => 7.539194,
  'HTG' => 147.160986,
  'HUF' => 393.380321,
  'IDR' => 16935.371335,
  'ILS' => 4.224588,
  'IMP' => 0.838815,
  'INR' => 93.259431,
  'IQD' => 1461.013429,
  'IRR' => 47019.426277,
  'ISK' => 152.20923,
  'JEP' => 0.838815,
  'JMD' => 175.554959,
  'JOD' => 0.79143,
  'JPY' => 160.659713,
  'KES' => 143.872741,
  'KGS' => 94.098615,
  'KHR' => 4529.54981,
  'KMF' => 493.009771,
  'KPW' => 1005.344982,
  'KRW' => 1488.457928,
  'KWD' => 0.340377,
  'KYD' => 0.931155,
  'KZT' => 535.717184,
  'LAK' => 24628.313219,
  'LBP' => 99872.766212,
  'LKR' => 340.277294,
  'LRD' => 223.060186,
  'LSL' => 19.579384,
  'LYD' => 5.306292,
  'MAD' => 10.814391,
  'MDL' => 19.461546,
  'MGA' => 5044.290935,
  'MKD' => 61.581929,
  'MMK' => 2343.570858,
  'MNT' => 3795.735832,
  'MOP' => 8.969243,
  'MUR' => 51.250254,
  'MVR' => 17.157888,
  'MWK' => 1933.76809,
  'MXN' => 21.68194,
  'MYR' => 4.697195,
  'MZN' => 71.323642,
  'NAD' => 19.579384,
  'NGN' => 1828.220889,
  'NIO' => 41.04795,
  'NOK' => 11.710873,
  'NPR' => 149.427008,
  'NZD' => 1.791149,
  'OMR' => 0.430016,
  'PAB' => 1.11705,
  'PEN' => 4.180355,
  'PGK' => 4.438894,
  'PHP' => 62.167181,
  'PKR' => 310.468416,
  'PLN' => 4.266508,
  'PYG' => 8701.344451,
  'QAR' => 4.066116,
  'RON' => 4.97076,
  'RSD' => 117.162904,
  'RUB' => 103.037348,
  'RWF' => 1503.496497,
  'SAR' => 4.191677,
  'SBD' => 9.279264,
  'SCR' => 14.844814,
  'SDG' => 671.905563,
  'SEK' => 11.361739,
  'SGD' => 1.441665,
  'SHP' => 0.838815,
  'SLL' => 23423.979553,
  'SOS' => 637.357594,
  'SRD' => 33.740495,
  'SSP' => 145.50693,
  'STD' => 24889.884241,
  'SVC' => 9.776953,
  'SYP' => 2806.621586,
  'SZL' => 19.586479,
  'THB' => 36.737267,
  'TJS' => 11.877684,
  'TMT' => 3.909675,
  'TND' => 3.385731,
  'TOP' => 2.617326,
  'TRY' => 38.110954,
  'TTD' => 7.585925,
  'TWD' => 35.724375,
  'TZS' => 3044.762754,
  'UAH' => 46.186368,
  'UGX' => 4139.697445,
  'USD' => 1.11705,
  'UYU' => 46.085249,
  'UZS' => 14219.090436,
  'VND' => 27483.095152,
  'VUV' => 132.618408,
  'WST' => 3.12774,
  'XAF' => 655.957,
  'XAG' => 0.035835,
  'XAU' => 0.000426,
  'XCD' => 3.018883,
  'XDR' => 0.828108,
  'XOF' => 655.957,
  'XPD' => 0.00105,
  'XPF' => 119.331742,
  'XPT' => 0.001144,
  'YER' => 279.625512,
  'ZAR' => 19.470807,
  'ZMW' => 29.52714,
  'ZWL' => 359.690094,
)
