2024-09-25T01:32:33+00:00 INFO ENVIRONMENT: array (
  'WP_User' => 'Guest (non logged-in user)',
  'HTTP_REFERER' => '--',
  'HTTP_USER_AGENT' => 'Mozilla/5.0 (Windows NT 6.3; Win64; x64) AppleWebKit/537.36 (KHTML, like Gecko) Chrome/65.0.3325.181 Safari/537.36',
  'REQUEST_URI' => '/wp-login.php',
  'DOING_AJAX' => false,
  'DOING_CRON' => false,
  'WP_CLI' => false,
)
2024-09-25T01:32:33+00:00 INFO REQUEST GET https://public-api.wordpress.com/wpcom/v2/sites/%s/wcpay/currency/rates?test_mode=1&currency_from=eur
2024-09-25T01:32:33+00:00 INFO HEADERS: array (
  'Content-Type' => 'application/json; charset=utf-8',
  'User-Agent' => 'WooCommerce Payments/7.4.0',
)
2024-09-25T01:32:33+00:00 INFO RESPONSE: array (
  'AED' => 4.110491,
  'AFN' => 76.651394,
  'ALL' => 99.486534,
  'AMD' => 433.366193,
  'ANG' => 2.017607,
  'AOA' => 1046.758419,
  'ARS' => 1080.254724,
  'AUD' => 1.620514,
  'AWG' => 2.014398,
  'AZN' => 1.902487,
  'BAM' => 1.967509,
  'BBD' => 2.23822,
  'BDT' => 133.776136,
  'BGN' => 1.957262,
  'BHD' => 0.421773,
  'BIF' => 3243.828592,
  'BMD' => 1.11911,
  'BND' => 1.442686,
  'BOB' => 7.736039,
  'BRL' => 6.100268,
  'BSD' => 1.11911,
  'BTC' => 1.7E-5,
  'BTN' => 93.655576,
  'BWP' => 14.710545,
  'BYN' => 3.663603,
  'BZD' => 2.256529,
  'CAD' => 1.501941,
  'CDF' => 3193.081504,
  'CHF' => 0.941811,
  'CLF' => 0.037059,
  'CLP' => 1022.56438,
  'CNH' => 7.834087,
  'CNY' => 7.868686,
  'COP' => 4625.821895,
  'CRC' => 581.158578,
  'CUC' => 1.11911,
  'CUP' => 28.817082,
  'CVE' => 111.024021,
  'CZK' => 25.0872,
  'DJF' => 198.935654,
  'DKK' => 7.457402,
  'DOP' => 67.41889,
  'DZD' => 147.988292,
  'EGP' => 54.499762,
  'ERN' => 16.78665,
  'ETB' => 133.92335,
  'EUR' => 1,
  'FJD' => 2.445143,
  'FKP' => 0.833481,
  'GBP' => 0.833481,
  'GEL' => 3.049575,
  'GGP' => 0.833481,
  'GHS' => 17.63193,
  'GIP' => 0.833481,
  'GMD' => 76.659035,
  'GNF' => 9671.642893,
  'GTQ' => 8.653498,
  'GYD' => 234.21386,
  'HKD' => 8.710011,
  'HNL' => 27.826705,
  'HRK' => 7.535556,
  'HTG' => 147.94041,
  'HUF' => 394.464164,
  'IDR' => 16943.304371,
  'ILS' => 4.203881,
  'IMP' => 0.833481,
  'INR' => 93.547917,
  'IQD' => 1466.330488,
  'IRR' => 47106.137666,
  'ISK' => 151.113423,
  'JEP' => 0.833481,
  'JMD' => 176.661361,
  'JOD' => 0.793113,
  'JPY' => 159.976774,
  'KES' => 144.246465,
  'KGS' => 94.253906,
  'KHR' => 4553.582581,
  'KMF' => 494.590309,
  'KPW' => 1007.199,
  'KRW' => 1483.805567,
  'KWD' => 0.341475,
  'KYD' => 0.932952,
  'KZT' => 536.895349,
  'LAK' => 24691.290119,
  'LBP' => 100252.216422,
  'LKR' => 339.198721,
  'LRD' => 218.352406,
  'LSL' => 19.398678,
  'LYD' => 5.313989,
  'MAD' => 10.838835,
  'MDL' => 19.439217,
  'MGA' => 5070.608316,
  'MKD' => 61.677736,
  'MMK' => 2347.89278,
  'MNT' => 3802.735779,
  'MOP' => 8.977426,
  'MUR' => 51.333579,
  'MVR' => 17.18953,
  'MWK' => 1941.795755,
  'MXN' => 21.624339,
  'MYR' => 4.647104,
  'MZN' => 71.455174,
  'NAD' => 19.398678,
  'NGN' => 1806.232349,
  'NIO' => 41.179205,
  'NOK' => 11.631725,
  'NPR' => 149.848779,
  'NZD' => 1.761779,
  'OMR' => 0.430801,
  'PAB' => 1.11911,
  'PEN' => 4.224038,
  'PGK' => 4.383384,
  'PHP' => 62.596296,
  'PKR' => 310.971949,
  'PLN' => 4.254981,
  'PYG' => 8712.939468,
  'QAR' => 4.075617,
  'RON' => 4.975899,
  'RSD' => 117.092479,
  'RUB' => 103.850589,
  'RWF' => 1507.333323,
  'SAR' => 4.198526,
  'SBD' => 9.299503,
  'SCR' => 14.343896,
  'SDG' => 673.144665,
  'SEK' => 11.283986,
  'SGD' => 1.435225,
  'SHP' => 0.833481,
  'SLL' => 23467.17714,
  'SOS' => 639.488756,
  'SRD' => 33.851958,
  'SSP' => 145.775269,
  'STD' => 24935.785193,
  'SVC' => 9.795293,
  'SYP' => 2811.797448,
  'SZL' => 19.40242,
  'THB' => 36.476831,
  'TJS' => 11.900019,
  'TMT' => 3.916885,
  'TND' => 3.418436,
  'TOP' => 2.614901,
  'TRY' => 38.18199,
  'TTD' => 7.617332,
  'TWD' => 35.584453,
  'TZS' => 3056.791973,
  'UAH' => 46.253361,
  'UGX' => 4141.655951,
  'USD' => 1.11911,
  'UYU' => 47.146828,
  'UZS' => 14276.120231,
  'VND' => 27533.778402,
  'VUV' => 132.862977,
  'WST' => 3.133508,
  'XAF' => 655.957,
  'XAG' => 0.034807,
  'XAU' => 0.000421,
  'XCD' => 3.024451,
  'XDR' => 0.828128,
  'XOF' => 655.957,
  'XPD' => 0.001057,
  'XPF' => 119.331742,
  'XPT' => 0.001132,
  'YER' => 280.113292,
  'ZAR' => 19.307809,
  'ZMW' => 29.693712,
  'ZWL' => 360.35342,
)
2024-09-25T06:45:28+00:00 INFO ENVIRONMENT: array (
  'WP_User' => 'Guest (non logged-in user)',
  'HTTP_REFERER' => '--',
  'HTTP_USER_AGENT' => 'Mozilla/5.0 (Macintosh; Intel Mac OS X 10_15_7) AppleWebKit/605.1.15 (KHTML, like Gecko) Version/17.6 Safari/605.1.15',
  'REQUEST_URI' => '/wp-admin/',
  'DOING_AJAX' => false,
  'DOING_CRON' => false,
  'WP_CLI' => false,
)
2024-09-25T06:45:28+00:00 INFO REQUEST GET https://public-api.wordpress.com/wpcom/v2/sites/%s/wcpay/accounts?test_mode=true
2024-09-25T06:45:28+00:00 INFO HEADERS: array (
  'Content-Type' => 'application/json; charset=utf-8',
  'User-Agent' => 'WooCommerce Payments/7.4.0',
)
2024-09-25T06:45:31+00:00 INFO RESPONSE: array (
  'account_id' => 'acct_1OrB4iFy7FStQedj',
  'email' => '(redacted)',
  'live_publishable_key' => 'pk_live_iBIpeqzKOOx2Y8PFCRBfyMU000Q7xVG4Sn',
  'test_publishable_key' => 'pk_test_51ETDmyFuiXB5oUVxwSobQMW5Tno1GclIq7ePZWzLeW4q8oa7Zb8hI5VfwI5sNT5nXuKYinLukNvGCXmsQXAoDGHG00MqHqlYHR',
  'is_live' => false,
  'is_test_drive' => false,
  'created' => '2024-03-06 03:23:26',
  'has_pending_requirements' => true,
  'has_future_requirements' => false,
  'has_overdue_requirements' => false,
  'details_submitted' => true,
  'current_deadline' => 1711614200,
  'status' => 'restricted_soon',
  'capabilities' => 
  array (
    'card_payments' => 'active',
    'giropay_payments' => 'active',
    'klarna_payments' => 'active',
    'transfers' => 'active',
    'bancontact_payments' => 'unrequested',
    'bank_transfer_payments' => 'unrequested',
    'blik_payments' => 'unrequested',
    'cartes_bancaires_payments' => 'unrequested',
    'eps_payments' => 'unrequested',
    'ideal_payments' => 'unrequested',
    'klarna' => 'unrequested',
    'link_payments' => 'unrequested',
    'mobilepay_payments' => 'unrequested',
    'multibanco_payments' => 'unrequested',
    'p24_payments' => 'unrequested',
    'sepa_bank_transfer_payments' => 'unrequested',
    'sepa_debit_payments' => 'unrequested',
    'sofort_payments' => 'unrequested',
    'twint_payments' => 'unrequested',
  ),
  'capability_requirements' => 
  array (
    'bancontact_payments' => 
    array (
    ),
    'bank_transfer_payments' => 
    array (
    ),
    'blik_payments' => 
    array (
    ),
    'card_payments' => 
    array (
    ),
    'cartes_bancaires_payments' => 
    array (
    ),
    'eps_payments' => 
    array (
    ),
    'giropay_payments' => 
    array (
    ),
    'ideal_payments' => 
    array (
    ),
    'klarna' => 
    array (
      0 => 'email',
    ),
    'klarna_payments' => 
    array (
    ),
    'link_payments' => 
    array (
    ),
    'mobilepay_payments' => 
    array (
    ),
    'multibanco_payments' => 
    array (
    ),
    'p24_payments' => 
    array (
    ),
    'sepa_bank_transfer_payments' => 
    array (
    ),
    'sepa_debit_payments' => 
    array (
    ),
    'sofort_payments' => 
    array (
    ),
    'transfers' => 
    array (
    ),
    'twint_payments' => 
    array (
    ),
  ),
  'payments_enabled' => true,
  'deposits' => 
  array (
    'status' => 'enabled',
    'restrictions' => 'deposits_unrestricted',
    'interval' => 'daily',
    'weekly_anchor' => '',
    'monthly_anchor' => NULL,
    'delay_days' => 7,
    'completed_waiting_period' => false,
    'minimum_manual_deposit_amounts' => 
    array (
      'aud' => 500,
      'bgn' => 100,
      'cad' => 500,
      'chf' => 500,
      'czk' => 3000,
      'dkk' => 5000,
      'eur' => 500,
      'gbp' => 500,
      'hkd' => 5000,
      'huf' => 36000,
      'nok' => 5000,
      'nzd' => 500,
      'jpy' => 50,
      'sek' => 5000,
      'sgd' => 500,
      'usd' => 500,
      'ron' => 500,
      'pln' => 500,
      'aed' => 200,
    ),
    'minimum_scheduled_deposit_amounts' => 
    array (
      'aed' => 200,
      'aud' => 0,
      'bgn' => 100,
      'cad' => 0,
      'chf' => 500,
      'czk' => 3000,
      'dkk' => 2000,
      'eur' => 100,
      'gbp' => 100,
      'hkd' => 0,
      'huf' => 36000,
      'jpy' => 1,
      'nok' => 2000,
      'nzd' => 0,
      'pln' => 500,
      'ron' => 500,
      'sek' => 2000,
      'sgd' => 100,
      'usd' => 0,
    ),
  ),
  'lifetime_total_payment_volume' => 424476,
  'requirements' => 
  array (
    'errors' => 
    array (
      0 => 
      array (
        'code' => 'verification_failed_keyed_identity',
        'detailed_code' => 'verification_failed_keyed_identity',
        'reason' => 'Name on the document doesn’t match the name provided for this account. Provide a matching document or update the name on this account.',
        'requirement' => 'individual.verification.document',
      ),
    ),
  ),
  'statement_descriptor' => 'PHN.PIXODEO.DEV',
  'statement_descriptor_kanji' => '',
  'statement_descriptor_kana' => '',
  'latest_tos_agreement' => 
  array (
    'date' => '2024-03-06 03:23:26',
    'source' => 'signup',
    'is_current_version' => true,
  ),
  'fees' => 
  array (
    'base' => 
    array (
      'percentage_rate' => 0.015,
      'fixed_rate' => 25,
      'currency' => 'eur',
    ),
    'discount' => 
    array (
    ),
    'card' => 
    array (
      'base' => 
      array (
        'percentage_rate' => 0.015,
        'fixed_rate' => 25,
        'currency' => 'eur',
      ),
      'additional' => 
      array (
        'percentage_rate' => 0.02,
        'fixed_rate' => 0,
        'currency' => 'eur',
      ),
      'fx' => 
      array (
        'percentage_rate' => 0.02,
        'fixed_rate' => 0,
        'currency' => 'eur',
      ),
      'discount' => 
      array (
      ),
    ),
    'bancontact' => 
    array (
      'base' => 
      array (
        'percentage_rate' => 0.014,
        'fixed_rate' => 25,
        'currency' => 'eur',
      ),
      'additional' => 
      array (
        'percentage_rate' => 0,
        'fixed_rate' => 0,
        'currency' => 'eur',
      ),
      'fx' => 
      array (
        'percentage_rate' => 0,
        'fixed_rate' => 0,
        'currency' => 'eur',
      ),
      'discount' => 
      array (
      ),
    ),
    'eps' => 
    array (
      'base' => 
      array (
        'percentage_rate' => 0.018,
        'fixed_rate' => 25,
        'currency' => 'eur',
      ),
      'additional' => 
      array (
        'percentage_rate' => 0,
        'fixed_rate' => 0,
        'currency' => 'eur',
      ),
      'fx' => 
      array (
        'percentage_rate' => 0,
        'fixed_rate' => 0,
        'currency' => 'eur',
      ),
      'discount' => 
      array (
      ),
    ),
    'ideal' => 
    array (
      'base' => 
      array (
        'percentage_rate' => 0,
        'fixed_rate' => 29,
        'currency' => 'eur',
      ),
      'additional' => 
      array (
        'percentage_rate' => 0,
        'fixed_rate' => 0,
        'currency' => 'eur',
      ),
      'fx' => 
      array (
        'percentage_rate' => 0,
        'fixed_rate' => 0,
        'currency' => 'eur',
      ),
      'discount' => 
      array (
      ),
    ),
    'giropay' => 
    array (
      'base' => 
      array (
        'percentage_rate' => 0.014,
        'fixed_rate' => 25,
        'currency' => 'eur',
      ),
      'additional' => 
      array (
        'percentage_rate' => 0,
        'fixed_rate' => 0,
        'currency' => 'eur',
      ),
      'fx' => 
      array (
        'percentage_rate' => 0,
        'fixed_rate' => 0,
        'currency' => 'eur',
      ),
      'discount' => 
      array (
      ),
    ),
    'p24' => 
    array (
      'base' => 
      array (
        'percentage_rate' => 0.022,
        'fixed_rate' => 25,
        'currency' => 'eur',
      ),
      'additional' => 
      array (
        'percentage_rate' => 0,
        'fixed_rate' => 0,
        'currency' => 'eur',
      ),
      'fx' => 
      array (
        'percentage_rate' => 0,
        'fixed_rate' => 0,
        'currency' => 'eur',
      ),
      'discount' => 
      array (
      ),
    ),
  ),
  'capital' => 
  array (
    'has_active_loan' => false,
    'has_previous_loans' => false,
    'loans' => 
    array (
    ),
  ),
  'fraud_services' => 
  array (
    'stripe' => 
    array (
    ),
    'sift' => 
    array (
      'beacon_key' => 'affbdadb36',
      'sandbox_beacon_key' => '6ad0ad748b',
    ),
  ),
  'store_currencies' => 
  array (
    'default' => 'eur',
    'supported' => 
    array (
      0 => 'eur',
    ),
  ),
  'customer_currencies' => 
  array (
    'supported' => 
    array (
      0 => 'usd',
      1 => 'aed',
      2 => 'afn',
      3 => 'all',
      4 => 'amd',
      5 => 'ang',
      6 => 'aoa',
      7 => 'ars',
      8 => 'aud',
      9 => 'awg',
      10 => 'azn',
      11 => 'bam',
      12 => 'bbd',
      13 => 'bdt',
      14 => 'bgn',
      15 => 'bif',
      16 => 'bmd',
      17 => 'bnd',
      18 => 'bob',
      19 => 'brl',
      20 => 'bsd',
      21 => 'bwp',
      22 => 'byn',
      23 => 'bzd',
      24 => 'cad',
      25 => 'cdf',
      26 => 'chf',
      27 => 'clp',
      28 => 'cny',
      29 => 'cop',
      30 => 'crc',
      31 => 'cve',
      32 => 'czk',
      33 => 'djf',
      34 => 'dkk',
      35 => 'dop',
      36 => 'dzd',
      37 => 'egp',
      38 => 'etb',
      39 => 'eur',
      40 => 'fjd',
      41 => 'fkp',
      42 => 'gbp',
      43 => 'gel',
      44 => 'gip',
      45 => 'gmd',
      46 => 'gnf',
      47 => 'gtq',
      48 => 'gyd',
      49 => 'hkd',
      50 => 'hnl',
      51 => 'htg',
      52 => 'huf',
      53 => 'idr',
      54 => 'ils',
      55 => 'inr',
      56 => 'isk',
      57 => 'jmd',
      58 => 'jpy',
      59 => 'kes',
      60 => 'kgs',
      61 => 'khr',
      62 => 'kmf',
      63 => 'krw',
      64 => 'kyd',
      65 => 'kzt',
      66 => 'lak',
      67 => 'lbp',
      68 => 'lkr',
      69 => 'lrd',
      70 => 'lsl',
      71 => 'mad',
      72 => 'mdl',
      73 => 'mga',
      74 => 'mkd',
      75 => 'mmk',
      76 => 'mnt',
      77 => 'mop',
      78 => 'mur',
      79 => 'mvr',
      80 => 'mwk',
      81 => 'mxn',
      82 => 'myr',
      83 => 'mzn',
      84 => 'nad',
      85 => 'ngn',
      86 => 'nio',
      87 => 'nok',
      88 => 'npr',
      89 => 'nzd',
      90 => 'pab',
      91 => 'pen',
      92 => 'pgk',
      93 => 'php',
      94 => 'pkr',
      95 => 'pln',
      96 => 'pyg',
      97 => 'qar',
      98 => 'ron',
      99 => 'rsd',
      100 => 'rub',
      101 => 'rwf',
      102 => 'sar',
      103 => 'sbd',
      104 => 'scr',
      105 => 'sek',
      106 => 'sgd',
      107 => 'shp',
      108 => 'sle',
      109 => 'sos',
      110 => 'srd',
      111 => 'std',
      112 => 'szl',
      113 => 'thb',
      114 => 'tjs',
      115 => 'top',
      116 => 'try',
      117 => 'ttd',
      118 => 'twd',
      119 => 'tzs',
      120 => 'uah',
      121 => 'ugx',
      122 => 'uyu',
      123 => 'uzs',
      124 => 'vnd',
      125 => 'vuv',
      126 => 'wst',
      127 => 'xaf',
      128 => 'xcd',
      129 => 'xof',
      130 => 'xpf',
      131 => 'yer',
      132 => 'zar',
      133 => 'zmw',
    ),
  ),
  'country' => '(redacted)',
  'instant_deposits_eligible' => false,
  'card_present_eligible' => false,
  'has_card_readers_available' => false,
  'platform_checkout_eligible' => false,
  'platform_direct_checkout_eligible' => false,
  'platform_global_theme_support_enabled' => false,
  'business_profile' => 
  array (
    'name' => '(redacted)',
    'url' => 'https://phn.pixodeo.dev',
    'support_address' => 
    array (
    ),
    'support_email' => NULL,
    'support_phone' => NULL,
  ),
  'branding' => 
  array (
    'icon' => NULL,
    'logo' => NULL,
    'primary_color' => NULL,
    'secondary_color' => NULL,
  ),
  'locale' => 'en_US',
  'has_more_failed_events' => false,
  'has_submitted_vat_data' => false,
  'is_documents_enabled' => true,
  'card_testing_protection_eligible' => false,
  'progressive_onboarding' => 
  array (
    'is_enabled' => false,
    'is_complete' => false,
    'tpv' => NULL,
    'first_transaction_date' => NULL,
    'kyc_deadline_date' => NULL,
  ),
  'fraud_mitigation_settings' => 
  array (
    'avs_check_enabled' => false,
    'cvc_check_enabled' => true,
  ),
  'is_deferred_intent_creation_upe_enabled' => true,
  'pre_check_save_my_info' => false,
)
2024-09-25T06:45:31+00:00 INFO ENVIRONMENT: array (
  'WP_User' => 'Guest (non logged-in user)',
  'HTTP_REFERER' => '--',
  'HTTP_USER_AGENT' => 'Mozilla/5.0 (Macintosh; Intel Mac OS X 10_15_7) AppleWebKit/605.1.15 (KHTML, like Gecko) Version/17.6 Safari/605.1.15',
  'REQUEST_URI' => '/wp-admin/',
  'DOING_AJAX' => false,
  'DOING_CRON' => false,
  'WP_CLI' => false,
)
2024-09-25T06:45:31+00:00 INFO REQUEST POST https://public-api.wordpress.com/wpcom/v2/sites/%s/wcpay/compatibility
2024-09-25T06:45:31+00:00 INFO HEADERS: array (
  'Content-Type' => 'application/json; charset=utf-8',
  'User-Agent' => 'WooCommerce Payments/7.4.0',
  'Idempotency-Key' => '993dc3ab-b2b2-4d41-b733-06fc9c3bd846',
)
2024-09-25T06:45:31+00:00 INFO BODY: array (
  'test_mode' => true,
  'compatibility_data' => 
  array (
    'woopayments_version' => '7.4.0',
    'woocommerce_version' => '8.7.0',
    'blog_theme' => 'grandconference-child',
    'active_plugins' => 
    array (
      0 => 'advanced-custom-fields-pro/acf.php',
      1 => 'contact-form-7/wp-contact-form-7.php',
      2 => 'contact-form-entries/contact-form-entries.php',
      3 => 'duplicate-post/duplicate-post.php',
      4 => 'elementor/elementor.php',
      5 => 'email-log/email-log.php',
      6 => 'extended-google-map-for-elementor/elementor-google-map-extended.php',
      7 => 'fooevents-calendar/fooevents-calendar.php',
      8 => 'fooevents/fooevents.php',
      9 => 'fooevents_bookings/fooevents-bookings.php',
      10 => 'fooevents_custom_attendee_fields/fooevents-custom-attendee-fields.php',
      11 => 'fooevents_pdf_tickets/fooevents-pdf-tickets.php',
      12 => 'grandconference-custom-post/grandconference-custom-post.php',
      13 => 'grandconference-elementor/grandconference-elementor.php',
      14 => 'loco-translate/loco.php',
      15 => 'loftloader/loftloader.php',
      16 => 'mailchimp-for-wp/mailchimp-for-wp.php',
      17 => 'revslider/revslider.php',
      18 => 'shortcode-elementor/elementor-shortcode.php',
      19 => 'smtp-mailer/main.php',
      20 => 'the-events-calendar/the-events-calendar.php',
      22 => 'woo-systempay-payment/woo-systempay-payment.php',
      23 => 'woocommerce-gateway-stripe/woocommerce-gateway-stripe.php',
      24 => 'woocommerce-payments/woocommerce-payments.php',
      25 => 'woocommerce/woocommerce.php',
    ),
    'post_types_count' => 
    array (
      'post' => 15,
      'page' => 33,
      'attachment' => 0,
      'e-landing-page' => 0,
      'elementor_library' => 4,
      'product' => 30,
      'event_magic_tickets' => 208,
      'header' => 10,
      'footer' => 7,
      'megamenu' => 3,
      'fullmenu' => 1,
      'galleries' => 1,
      'rs_elements' => 0,
      'tribe_events' => 2,
    ),
  ),
)
2024-09-25T06:45:32+00:00 INFO RESPONSE: array (
  'result' => 'success',
)
2024-09-25T07:35:10+00:00 INFO ENVIRONMENT: array (
  'WP_User' => 'Guest (non logged-in user)',
  'HTTP_REFERER' => '--',
  'HTTP_USER_AGENT' => 'Mozilla/5.0 (Windows NT 6.3; Win64; x64) AppleWebKit/537.36 (KHTML, like Gecko) Chrome/67.0.3396.99 Safari/537.36',
  'REQUEST_URI' => '/wp-login.php',
  'DOING_AJAX' => false,
  'DOING_CRON' => false,
  'WP_CLI' => false,
)
2024-09-25T07:35:10+00:00 INFO REQUEST GET https://public-api.wordpress.com/wpcom/v2/sites/%s/wcpay/currency/rates?test_mode=1&currency_from=eur
2024-09-25T07:35:10+00:00 INFO HEADERS: array (
  'Content-Type' => 'application/json; charset=utf-8',
  'User-Agent' => 'WooCommerce Payments/7.4.0',
)
2024-09-25T07:35:10+00:00 INFO RESPONSE: array (
  'AED' => 4.112169,
  'AFN' => 76.682886,
  'ALL' => 98.948088,
  'AMD' => 430.776528,
  'ANG' => 2.018436,
  'AOA' => 1047.188474,
  'ARS' => 1080.635733,
  'AUD' => 1.627556,
  'AWG' => 2.015226,
  'AZN' => 1.903269,
  'BAM' => 1.956149,
  'BBD' => 2.23914,
  'BDT' => 133.831098,
  'BGN' => 1.955866,
  'BHD' => 0.421924,
  'BIF' => 3245.161302,
  'BMD' => 1.11957,
  'BND' => 1.443278,
  'BOB' => 7.739217,
  'BRL' => 6.102775,
  'BSD' => 1.11957,
  'BTC' => 1.7E-5,
  'BTN' => 93.694054,
  'BWP' => 14.716589,
  'BYN' => 3.665108,
  'BZD' => 2.257456,
  'CAD' => 1.504192,
  'CDF' => 3161.038249,
  'CHF' => 0.942641,
  'CLF' => 0.037074,
  'CLP' => 1022.984495,
  'CNH' => 7.852078,
  'CNY' => 7.857029,
  'COP' => 4625.716589,
  'CRC' => 581.397344,
  'CUC' => 1.11957,
  'CUP' => 28.828922,
  'CVE' => 110.284705,
  'CZK' => 25.084609,
  'DJF' => 198.196313,
  'DKK' => 7.457511,
  'DOP' => 66.933138,
  'DZD' => 148.014342,
  'EGP' => 54.500769,
  'ERN' => 16.793547,
  'ETB' => 132.851686,
  'EUR' => 1,
  'FJD' => 2.447771,
  'FKP' => 0.834902,
  'GBP' => 0.834902,
  'GEL' => 3.050828,
  'GGP' => 0.834902,
  'GHS' => 17.529972,
  'GIP' => 0.834902,
  'GMD' => 76.69053,
  'GNF' => 9675.616436,
  'GTQ' => 8.657054,
  'GYD' => 234.310086,
  'HKD' => 8.718229,
  'HNL' => 27.644427,
  'HRK' => 7.535024,
  'HTG' => 147.090219,
  'HUF' => 394.454443,
  'IDR' => 16899.077326,
  'ILS' => 4.211339,
  'IMP' => 0.834902,
  'INR' => 93.510023,
  'IQD' => 1458.097767,
  'IRR' => 47125.490974,
  'ISK' => 151.097138,
  'JEP' => 0.834902,
  'JMD' => 175.646052,
  'JOD' => 0.793439,
  'JPY' => 160.38977,
  'KES' => 144.424502,
  'KGS' => 94.29263,
  'KHR' => 4523.093276,
  'KMF' => 494.793509,
  'KPW' => 1007.612802,
  'KRW' => 1488.806482,
  'KWD' => 0.34153,
  'KYD' => 0.933335,
  'KZT' => 537.115929,
  'LAK' => 24535.360965,
  'LBP' => 100293.404516,
  'LKR' => 339.338079,
  'LRD' => 222.601708,
  'LSL' => 19.282757,
  'LYD' => 5.316172,
  'MAD' => 10.785228,
  'MDL' => 19.508199,
  'MGA' => 5072.691548,
  'MKD' => 61.579713,
  'MMK' => 2348.857399,
  'MNT' => 3804.298113,
  'MOP' => 8.981114,
  'MUR' => 51.197926,
  'MVR' => 17.196592,
  'MWK' => 1929.998809,
  'MXN' => 21.657299,
  'MYR' => 4.620464,
  'MZN' => 71.484531,
  'NAD' => 19.282757,
  'NGN' => 1830.048763,
  'NIO' => 41.196123,
  'NOK' => 11.658952,
  'NPR' => 149.910344,
  'NZD' => 1.769138,
  'OMR' => 0.430924,
  'PAB' => 1.11957,
  'PEN' => 4.199649,
  'PGK' => 4.357836,
  'PHP' => 62.615302,
  'PKR' => 311.099711,
  'PLN' => 4.257248,
  'PYG' => 8716.519133,
  'QAR' => 4.056923,
  'RON' => 4.97548,
  'RSD' => 117.07901,
  'RUB' => 103.448275,
  'RWF' => 1502.29395,
  'SAR' => 4.200289,
  'SBD' => 9.303324,
  'SCR' => 14.146777,
  'SDG' => 673.421223,
  'SEK' => 11.308486,
  'SGD' => 1.436814,
  'SHP' => 0.834902,
  'SLL' => 23476.818506,
  'SOS' => 636.125522,
  'SRD' => 33.865866,
  'SSP' => 145.83516,
  'STD' => 24946.029929,
  'SVC' => 9.799318,
  'SYP' => 2812.95266,
  'SZL' => 19.288528,
  'THB' => 36.618888,
  'TJS' => 11.904908,
  'TMT' => 3.918494,
  'TND' => 3.41984,
  'TOP' => 2.615976,
  'TRY' => 38.205653,
  'TTD' => 7.620462,
  'TWD' => 35.684609,
  'TZS' => 3039.705979,
  'UAH' => 46.272364,
  'UGX' => 4143.357529,
  'USD' => 1.11957,
  'UYU' => 47.166198,
  'UZS' => 14281.985499,
  'VND' => 27490.981022,
  'VUV' => 132.917563,
  'WST' => 3.134795,
  'XAF' => 655.957,
  'XAG' => 0.035163,
  'XAU' => 0.000421,
  'XCD' => 3.025693,
  'XDR' => 0.828469,
  'XOF' => 655.957,
  'XPD' => 0.001075,
  'XPF' => 119.331742,
  'XPT' => 0.001141,
  'YER' => 280.228375,
  'ZAR' => 19.383083,
  'ZMW' => 29.705911,
  'ZWL' => 360.501469,
)
2024-09-25T08:54:22+00:00 INFO ENVIRONMENT: array (
  'WP_User' => 'Guest (non logged-in user)',
  'HTTP_REFERER' => '--',
  'HTTP_USER_AGENT' => 'WordPress/6.6.2; https://phn-events.com',
  'REQUEST_URI' => '/wp-cron.php?doing_wp_cron=1727254461.4565999507904052734375',
  'DOING_AJAX' => false,
  'DOING_CRON' => true,
  'WP_CLI' => false,
)
2024-09-25T08:54:22+00:00 INFO REQUEST GET https://public-api.wordpress.com/wpcom/v2/wcpay/woopay/compatibility?test_mode=1
2024-09-25T08:54:22+00:00 INFO HEADERS: array (
  'Content-Type' => 'application/json; charset=utf-8',
  'User-Agent' => 'WooCommerce Payments/7.4.0',
)
2024-09-25T08:54:22+00:00 INFO RESPONSE: array (
  'incompatible_extensions' => 
  array (
    0 => 'class-wcdonation',
    1 => 'woocommerce-table-rate-shipping',
    2 => 'woocommerce-memberships-for-teams',
    3 => 'woocommerce-checkout-add-ons',
    4 => 'woocommerce-checkout-field-editor',
    5 => 'woocommerce-eu-vat-number',
    6 => 'woocommerce-order-delivery',
    7 => 'woocommerce-pdf-product-vouchers',
    8 => 'woocommerce-shipping-local-pickup-plus',
    9 => 'woocommerce-shipping-multiple-addresses',
    10 => 'woocommerce-smart-coupons',
    11 => 'woocommerce-subscriptions-gifting',
    12 => 'advanced-product-fields-for-woocommerce',
  ),
  'adapted_extensions' => 
  array (
    0 => 'woocommerce-points-and-rewards',
    1 => 'woocommerce-gift-cards',
  ),
  'available_countries' => 
  array (
    0 => 'US',
  ),
)
2024-09-25T09:36:49+00:00 INFO ENVIRONMENT: array (
  'WP_User' => 'Guest (non logged-in user)',
  'HTTP_REFERER' => '--',
  'HTTP_USER_AGENT' => 'Mozilla/5.0 (Windows NT 6.1; Win64; x64) AppleWebKit/537.36 (KHTML, like Gecko) Chrome/66.0.3359.117 Safari/537.36',
  'REQUEST_URI' => '/wp-login.php',
  'DOING_AJAX' => false,
  'DOING_CRON' => false,
  'WP_CLI' => false,
)
2024-09-25T09:36:49+00:00 INFO REQUEST GET https://public-api.wordpress.com/wpcom/v2/sites/%s/wcpay/disputes?test_mode=1&pagesize=50&search%5B0%5D=warning_needs_response&search%5B1%5D=needs_response
2024-09-25T09:36:49+00:00 INFO HEADERS: array (
  'Content-Type' => 'application/json; charset=utf-8',
  'User-Agent' => 'WooCommerce Payments/7.4.0',
)
2024-09-25T09:36:49+00:00 INFO RESPONSE: array (
  'data' => 
  array (
  ),
)
2024-09-25T13:43:58+00:00 INFO ENVIRONMENT: array (
  'WP_User' => 'Guest (non logged-in user)',
  'HTTP_REFERER' => '--',
  'HTTP_USER_AGENT' => 'Mozilla/5.0 (Windows NT 10.0; Win64; x64) AppleWebKit/537.36 (KHTML, like Gecko) Chrome/128.0.0.0 Safari/537.36',
  'REQUEST_URI' => '/event/congres-secours-sante-des-sapeurs-pompiers-de-france/hotels/',
  'DOING_AJAX' => false,
  'DOING_CRON' => false,
  'WP_CLI' => false,
)
2024-09-25T13:43:58+00:00 INFO REQUEST GET https://public-api.wordpress.com/wpcom/v2/sites/%s/wcpay/currency/rates?test_mode=1&currency_from=eur
2024-09-25T13:43:58+00:00 INFO HEADERS: array (
  'Content-Type' => 'application/json; charset=utf-8',
  'User-Agent' => 'WooCommerce Payments/7.4.0',
)
2024-09-25T13:43:58+00:00 INFO RESPONSE: array (
  'AED' => 4.112231,
  'AFN' => 76.654967,
  'ALL' => 99.113997,
  'AMD' => 433.838751,
  'ANG' => 2.01791,
  'AOA' => 1047.201658,
  'ARS' => 1080.663892,
  'AUD' => 1.627924,
  'AWG' => 2.015251,
  'AZN' => 1.903293,
  'BAM' => 1.957459,
  'BBD' => 2.239168,
  'BDT' => 133.803377,
  'BGN' => 1.956019,
  'BHD' => 0.421871,
  'BIF' => 3246.643976,
  'BMD' => 1.119584,
  'BND' => 1.43902,
  'BOB' => 7.736592,
  'BRL' => 6.109233,
  'BSD' => 1.119584,
  'BTC' => 1.8E-5,
  'BTN' => 93.646601,
  'BWP' => 14.640967,
  'BYN' => 3.664206,
  'BZD' => 2.256933,
  'CAD' => 1.504703,
  'CDF' => 3186.626144,
  'CHF' => 0.949962,
  'CLF' => 0.037087,
  'CLP' => 1023.355641,
  'CNH' => 7.868032,
  'CNY' => 7.87045,
  'COP' => 4648.620984,
  'CRC' => 579.896508,
  'CUC' => 1.119584,
  'CUP' => 28.829285,
  'CVE' => 110.359508,
  'CZK' => 25.12198,
  'DJF' => 199.390773,
  'DKK' => 7.45719,
  'DOP' => 67.1369,
  'DZD' => 147.979018,
  'EGP' => 54.327696,
  'ERN' => 16.793758,
  'ETB' => 133.528088,
  'EUR' => 1,
  'FJD' => 2.450489,
  'FKP' => 0.837055,
  'GBP' => 0.837055,
  'GEL' => 3.050866,
  'GGP' => 0.837055,
  'GHS' => 17.631557,
  'GIP' => 0.837055,
  'GMD' => 76.691495,
  'GNF' => 9672.317312,
  'GTQ' => 8.655336,
  'GYD' => 234.210588,
  'HKD' => 8.7169,
  'HNL' => 27.814575,
  'HRK' => 7.536188,
  'HTG' => 147.795287,
  'HUF' => 395.028531,
  'IDR' => 16926.513608,
  'ILS' => 4.205332,
  'IMP' => 0.837055,
  'INR' => 93.601069,
  'IQD' => 1466.74116,
  'IRR' => 47126.084249,
  'ISK' => 150.516856,
  'JEP' => 0.837055,
  'JMD' => 175.348642,
  'JOD' => 0.793337,
  'JPY' => 161.562391,
  'KES' => 144.437516,
  'KGS' => 94.268962,
  'KHR' => 4548.908979,
  'KMF' => 494.799738,
  'KPW' => 1007.625487,
  'KRW' => 1490.931413,
  'KWD' => 0.341772,
  'KYD' => 0.933112,
  'KZT' => 535.5793,
  'LAK' => 24723.529348,
  'LBP' => 100271.728068,
  'LKR' => 337.054356,
  'LRD' => 217.216037,
  'LSL' => 19.275637,
  'LYD' => 5.318508,
  'MAD' => 10.812661,
  'MDL' => 19.487952,
  'MGA' => 5051.306937,
  'MKD' => 61.521361,
  'MMK' => 2348.886969,
  'MNT' => 3804.346006,
  'MOP' => 8.980392,
  'MUR' => 51.19857,
  'MVR' => 17.196808,
  'MWK' => 1941.170689,
  'MXN' => 21.754875,
  'MYR' => 4.625001,
  'MZN' => 71.485431,
  'NAD' => 19.275637,
  'NGN' => 1835.289063,
  'NIO' => 41.204925,
  'NOK' => 11.680056,
  'NPR' => 149.832998,
  'NZD' => 1.772523,
  'OMR' => 0.430993,
  'PAB' => 1.119584,
  'PEN' => 4.216474,
  'PGK' => 4.44881,
  'PHP' => 62.681585,
  'PKR' => 311.07338,
  'PLN' => 4.264384,
  'PYG' => 8726.467964,
  'QAR' => 4.081659,
  'RON' => 4.976103,
  'RSD' => 117.082723,
  'RUB' => 103.72855,
  'RWF' => 1502.312863,
  'SAR' => 4.200548,
  'SBD' => 9.303441,
  'SCR' => 14.146955,
  'SDG' => 673.429701,
  'SEK' => 11.312897,
  'SGD' => 1.438276,
  'SHP' => 0.837055,
  'SLL' => 23477.114062,
  'SOS' => 639.942643,
  'SRD' => 33.866293,
  'SSP' => 145.836996,
  'STD' => 24946.343981,
  'SVC' => 9.797391,
  'SYP' => 2812.988073,
  'SZL' => 19.262325,
  'THB' => 36.598077,
  'TJS' => 11.918955,
  'TMT' => 3.918543,
  'TND' => 3.382667,
  'TOP' => 2.616008,
  'TRY' => 38.219457,
  'TTD' => 7.618525,
  'TWD' => 35.706888,
  'TZS' => 3056.70287,
  'UAH' => 46.170444,
  'UGX' => 4134.523191,
  'USD' => 1.119584,
  'UYU' => 47.146927,
  'UZS' => 14281.318494,
  'VND' => 27538.661865,
  'VUV' => 132.919237,
  'WST' => 3.134835,
  'XAF' => 655.957,
  'XAG' => 0.035104,
  'XAU' => 0.000421,
  'XCD' => 3.025731,
  'XDR' => 0.828302,
  'XOF' => 655.957,
  'XPD' => 0.001075,
  'XPF' => 119.331742,
  'XPT' => 0.001136,
  'YER' => 280.231903,
  'ZAR' => 19.223927,
  'ZMW' => 29.699303,
  'ZWL' => 360.506008,
)
