2024-10-10T06:49:48+00:00 INFO ENVIRONMENT: array (
  'WP_User' => 'Guest (non logged-in user)',
  'HTTP_REFERER' => '--',
  'HTTP_USER_AGENT' => 'Mozilla/5.0 (iPhone; CPU iPhone OS 13_2_3 like Mac OS X) AppleWebKit/605.1.15 (KHTML, like Gecko) Version/13.0.3 Mobile/15E148 Safari/604.1',
  'REQUEST_URI' => '/event/congres-secours-sante-des-sapeurs-pompiers-de-france/',
  'DOING_AJAX' => false,
  'DOING_CRON' => false,
  'WP_CLI' => false,
)
2024-10-10T06:49:48+00:00 INFO REQUEST GET https://public-api.wordpress.com/wpcom/v2/sites/%s/wcpay/currency/rates?test_mode=1&currency_from=eur
2024-10-10T06:49:48+00:00 INFO HEADERS: array (
  'Content-Type' => 'application/json; charset=utf-8',
  'User-Agent' => 'WooCommerce Payments/7.4.0',
)
2024-10-10T06:49:49+00:00 INFO RESPONSE: array (
  'AED' => 4.017913,
  'AFN' => 74.932306,
  'ALL' => 98.451192,
  'AMD' => 423.742792,
  'ANG' => 1.975997,
  'AOA' => 992.716184,
  'ARS' => 1066.281102,
  'AUD' => 1.624953,
  'AWG' => 1.971759,
  'AZN' => 1.859634,
  'BAM' => 1.951237,
  'BBD' => 2.187804,
  'BDT' => 131.022273,
  'BGN' => 1.954912,
  'BHD' => 0.412357,
  'BIF' => 3181.730591,
  'BMD' => 1.093902,
  'BND' => 1.426764,
  'BOB' => 7.575976,
  'BRL' => 6.123008,
  'BSD' => 1.093902,
  'BTC' => 1.8E-5,
  'BTN' => 92.087558,
  'BWP' => 14.599759,
  'BYN' => 3.588149,
  'BZD' => 2.210061,
  'CAD' => 1.499952,
  'CDF' => 3124.20631,
  'CHF' => 0.941059,
  'CLF' => 0.037,
  'CLP' => 1022.33844,
  'CNH' => 7.739924,
  'CNY' => 7.731481,
  'COP' => 4634.933976,
  'CRC' => 566.113131,
  'CUC' => 1.093902,
  'CUP' => 28.16798,
  'CVE' => 110.006789,
  'CZK' => 25.353478,
  'DJF' => 195.240033,
  'DKK' => 7.458861,
  'DOP' => 65.949872,
  'DZD' => 145.517947,
  'EGP' => 53.05491,
  'ERN' => 16.408532,
  'ETB' => 133.28645,
  'EUR' => 1,
  'FJD' => 2.432565,
  'FKP' => 0.836823,
  'GBP' => 0.836823,
  'GEL' => 2.975414,
  'GGP' => 0.836823,
  'GHS' => 17.439863,
  'GIP' => 0.836823,
  'GMD' => 74.932296,
  'GNF' => 9462.85758,
  'GTQ' => 8.479854,
  'GYD' => 229.389052,
  'HKD' => 8.501115,
  'HNL' => 27.172529,
  'HRK' => 7.534076,
  'HTG' => 144.559157,
  'HUF' => 399.026214,
  'IDR' => 17142.23828,
  'ILS' => 4.119034,
  'IMP' => 0.836823,
  'INR' => 91.84911,
  'IQD' => 1436.306121,
  'IRR' => 46039.605944,
  'ISK' => 148.497214,
  'JEP' => 0.836823,
  'JMD' => 173.243426,
  'JOD' => 0.775248,
  'JPY' => 163.271613,
  'KES' => 141.463424,
  'KGS' => 93.200462,
  'KHR' => 4457.344287,
  'KMF' => 492.201417,
  'KPW' => 984.511918,
  'KRW' => 1477.253335,
  'KWD' => 0.335358,
  'KYD' => 0.913677,
  'KZT' => 537.627073,
  'LAK' => 24211.239498,
  'LBP' => 97897.791378,
  'LKR' => 321.143654,
  'LRD' => 211.611391,
  'LSL' => 19.319136,
  'LYD' => 5.244195,
  'MAD' => 10.755946,
  'MDL' => 19.324034,
  'MGA' => 5010.071761,
  'MKD' => 61.511061,
  'MMK' => 2295.006671,
  'MNT' => 3717.079442,
  'MOP' => 8.780213,
  'MUR' => 50.439832,
  'MVR' => 16.796867,
  'MWK' => 1901.215878,
  'MXN' => 21.287569,
  'MYR' => 4.697763,
  'MZN' => 69.845652,
  'NAD' => 19.319488,
  'NGN' => 1774.188927,
  'NIO' => 40.255598,
  'NOK' => 11.78964,
  'NPR' => 147.337379,
  'NZD' => 1.797623,
  'OMR' => 0.421135,
  'PAB' => 1.093902,
  'PEN' => 4.084248,
  'PGK' => 4.297941,
  'PHP' => 62.596639,
  'PKR' => 304.526954,
  'PLN' => 4.295934,
  'PYG' => 8546.72333,
  'QAR' => 3.99816,
  'RON' => 4.975614,
  'RSD' => 117.042059,
  'RUB' => 106.107552,
  'RWF' => 1475.475671,
  'SAR' => 4.107601,
  'SBD' => 9.05958,
  'SCR' => 15.289471,
  'SDG' => 657.982132,
  'SEK' => 11.368575,
  'SGD' => 1.429794,
  'SHP' => 0.836823,
  'SLL' => 22938.580739,
  'SOS' => 626.603835,
  'SRD' => 34.779524,
  'SSP' => 142.491692,
  'STD' => 24374.108505,
  'SVC' => 9.593703,
  'SYP' => 2748.461922,
  'SZL' => 19.315036,
  'THB' => 36.689477,
  'TJS' => 11.693526,
  'TMT' => 3.839597,
  'TND' => 3.359447,
  'TOP' => 2.577058,
  'TRY' => 37.466694,
  'TTD' => 7.432893,
  'TWD' => 35.289284,
  'TZS' => 2980.883307,
  'UAH' => 45.157771,
  'UGX' => 4029.457115,
  'USD' => 1.093902,
  'UYU' => 45.453301,
  'UZS' => 14001.947279,
  'VND' => 27187.828586,
  'VUV' => 129.870249,
  'WST' => 3.062926,
  'XAF' => 655.957,
  'XAG' => 0.035852,
  'XAU' => 0.000419,
  'XCD' => 2.956325,
  'XDR' => 0.815675,
  'XOF' => 655.957,
  'XPD' => 0.001041,
  'XPF' => 119.331742,
  'XPT' => 0.001141,
  'YER' => 273.885747,
  'ZAR' => 19.274082,
  'ZMW' => 28.972553,
  'ZWL' => 352.236486,
)
2024-10-10T07:32:39+00:00 INFO ENVIRONMENT: array (
  'WP_User' => 'pixodeo',
  'HTTP_REFERER' => 'https://phn-events.com/wp-admin/admin.php?page=acf-options',
  'HTTP_USER_AGENT' => 'Mozilla/5.0 (Windows NT 10.0; Win64; x64) AppleWebKit/537.36 (KHTML, like Gecko) Chrome/127.0.0.0 Safari/537.36 OPR/113.0.0.0',
  'REQUEST_URI' => '/wp-admin/admin.php?page=acf-options',
  'DOING_AJAX' => false,
  'DOING_CRON' => false,
  'WP_CLI' => false,
)
2024-10-10T07:32:39+00:00 INFO REQUEST GET https://public-api.wordpress.com/wpcom/v2/sites/%s/wcpay/accounts?test_mode=true
2024-10-10T07:32:39+00:00 INFO HEADERS: array (
  'Content-Type' => 'application/json; charset=utf-8',
  'User-Agent' => 'WooCommerce Payments/7.4.0',
)
2024-10-10T07:32:42+00:00 INFO RESPONSE: array (
  'account_id' => 'acct_1OrB4iFy7FStQedj',
  'email' => '(redacted)',
  'live_publishable_key' => 'pk_live_iBIpeqzKOOx2Y8PFCRBfyMU000Q7xVG4Sn',
  'test_publishable_key' => 'pk_test_51ETDmyFuiXB5oUVxwSobQMW5Tno1GclIq7ePZWzLeW4q8oa7Zb8hI5VfwI5sNT5nXuKYinLukNvGCXmsQXAoDGHG00MqHqlYHR',
  'is_live' => false,
  'is_test_drive' => false,
  'created' => '2024-03-06 03:23:26',
  'has_pending_requirements' => true,
  'has_future_requirements' => false,
  'has_overdue_requirements' => false,
  'details_submitted' => true,
  'current_deadline' => 1711614200,
  'status' => 'restricted_soon',
  'capabilities' => 
  array (
    'card_payments' => 'active',
    'giropay_payments' => 'active',
    'klarna_payments' => 'active',
    'transfers' => 'active',
    'bancontact_payments' => 'unrequested',
    'bank_transfer_payments' => 'unrequested',
    'blik_payments' => 'unrequested',
    'cartes_bancaires_payments' => 'unrequested',
    'eps_payments' => 'unrequested',
    'ideal_payments' => 'unrequested',
    'klarna' => 'unrequested',
    'link_payments' => 'unrequested',
    'mobilepay_payments' => 'unrequested',
    'multibanco_payments' => 'unrequested',
    'p24_payments' => 'unrequested',
    'sepa_bank_transfer_payments' => 'unrequested',
    'sepa_debit_payments' => 'unrequested',
    'sofort_payments' => 'unrequested',
    'twint_payments' => 'unrequested',
  ),
  'capability_requirements' => 
  array (
    'bancontact_payments' => 
    array (
    ),
    'bank_transfer_payments' => 
    array (
    ),
    'blik_payments' => 
    array (
    ),
    'card_payments' => 
    array (
    ),
    'cartes_bancaires_payments' => 
    array (
    ),
    'eps_payments' => 
    array (
    ),
    'giropay_payments' => 
    array (
    ),
    'ideal_payments' => 
    array (
    ),
    'klarna' => 
    array (
      0 => 'email',
    ),
    'klarna_payments' => 
    array (
    ),
    'link_payments' => 
    array (
    ),
    'mobilepay_payments' => 
    array (
    ),
    'multibanco_payments' => 
    array (
    ),
    'p24_payments' => 
    array (
    ),
    'sepa_bank_transfer_payments' => 
    array (
    ),
    'sepa_debit_payments' => 
    array (
    ),
    'sofort_payments' => 
    array (
    ),
    'transfers' => 
    array (
    ),
    'twint_payments' => 
    array (
    ),
  ),
  'payments_enabled' => true,
  'deposits' => 
  array (
    'status' => 'enabled',
    'restrictions' => 'deposits_unrestricted',
    'interval' => 'daily',
    'weekly_anchor' => '',
    'monthly_anchor' => NULL,
    'delay_days' => 7,
    'completed_waiting_period' => false,
    'minimum_manual_deposit_amounts' => 
    array (
      'aud' => 500,
      'bgn' => 100,
      'cad' => 500,
      'chf' => 500,
      'czk' => 3000,
      'dkk' => 5000,
      'eur' => 500,
      'gbp' => 500,
      'hkd' => 5000,
      'huf' => 36000,
      'nok' => 5000,
      'nzd' => 500,
      'jpy' => 50,
      'sek' => 5000,
      'sgd' => 500,
      'usd' => 500,
      'ron' => 500,
      'pln' => 500,
      'aed' => 200,
    ),
    'minimum_scheduled_deposit_amounts' => 
    array (
      'aed' => 200,
      'aud' => 0,
      'bgn' => 100,
      'cad' => 0,
      'chf' => 500,
      'czk' => 3000,
      'dkk' => 2000,
      'eur' => 100,
      'gbp' => 100,
      'hkd' => 0,
      'huf' => 36000,
      'jpy' => 1,
      'nok' => 2000,
      'nzd' => 0,
      'pln' => 500,
      'ron' => 500,
      'sek' => 2000,
      'sgd' => 100,
      'usd' => 0,
    ),
  ),
  'lifetime_total_payment_volume' => 424476,
  'requirements' => 
  array (
    'errors' => 
    array (
      0 => 
      array (
        'code' => 'verification_failed_keyed_identity',
        'detailed_code' => 'verification_failed_keyed_identity',
        'reason' => 'Name on the document doesn’t match the name provided for this account. Provide a matching document or update the name on this account.',
        'requirement' => 'individual.verification.document',
      ),
    ),
  ),
  'statement_descriptor' => 'PHN.PIXODEO.DEV',
  'statement_descriptor_kanji' => '',
  'statement_descriptor_kana' => '',
  'latest_tos_agreement' => 
  array (
    'date' => '2024-03-06 03:23:26',
    'source' => 'signup',
    'is_current_version' => true,
  ),
  'fees' => 
  array (
    'base' => 
    array (
      'percentage_rate' => 0.015,
      'fixed_rate' => 25,
      'currency' => 'eur',
    ),
    'discount' => 
    array (
    ),
    'card' => 
    array (
      'base' => 
      array (
        'percentage_rate' => 0.015,
        'fixed_rate' => 25,
        'currency' => 'eur',
      ),
      'additional' => 
      array (
        'percentage_rate' => 0.02,
        'fixed_rate' => 0,
        'currency' => 'eur',
      ),
      'fx' => 
      array (
        'percentage_rate' => 0.02,
        'fixed_rate' => 0,
        'currency' => 'eur',
      ),
      'discount' => 
      array (
      ),
    ),
    'bancontact' => 
    array (
      'base' => 
      array (
        'percentage_rate' => 0.014,
        'fixed_rate' => 25,
        'currency' => 'eur',
      ),
      'additional' => 
      array (
        'percentage_rate' => 0,
        'fixed_rate' => 0,
        'currency' => 'eur',
      ),
      'fx' => 
      array (
        'percentage_rate' => 0,
        'fixed_rate' => 0,
        'currency' => 'eur',
      ),
      'discount' => 
      array (
      ),
    ),
    'eps' => 
    array (
      'base' => 
      array (
        'percentage_rate' => 0.018,
        'fixed_rate' => 25,
        'currency' => 'eur',
      ),
      'additional' => 
      array (
        'percentage_rate' => 0,
        'fixed_rate' => 0,
        'currency' => 'eur',
      ),
      'fx' => 
      array (
        'percentage_rate' => 0,
        'fixed_rate' => 0,
        'currency' => 'eur',
      ),
      'discount' => 
      array (
      ),
    ),
    'ideal' => 
    array (
      'base' => 
      array (
        'percentage_rate' => 0,
        'fixed_rate' => 29,
        'currency' => 'eur',
      ),
      'additional' => 
      array (
        'percentage_rate' => 0,
        'fixed_rate' => 0,
        'currency' => 'eur',
      ),
      'fx' => 
      array (
        'percentage_rate' => 0,
        'fixed_rate' => 0,
        'currency' => 'eur',
      ),
      'discount' => 
      array (
      ),
    ),
    'giropay' => 
    array (
      'base' => 
      array (
        'percentage_rate' => 0.014,
        'fixed_rate' => 25,
        'currency' => 'eur',
      ),
      'additional' => 
      array (
        'percentage_rate' => 0,
        'fixed_rate' => 0,
        'currency' => 'eur',
      ),
      'fx' => 
      array (
        'percentage_rate' => 0,
        'fixed_rate' => 0,
        'currency' => 'eur',
      ),
      'discount' => 
      array (
      ),
    ),
    'p24' => 
    array (
      'base' => 
      array (
        'percentage_rate' => 0.022,
        'fixed_rate' => 25,
        'currency' => 'eur',
      ),
      'additional' => 
      array (
        'percentage_rate' => 0,
        'fixed_rate' => 0,
        'currency' => 'eur',
      ),
      'fx' => 
      array (
        'percentage_rate' => 0,
        'fixed_rate' => 0,
        'currency' => 'eur',
      ),
      'discount' => 
      array (
      ),
    ),
    'klarna' => 
    array (
      'base' => 
      array (
        'percentage_rate' => 0.0499,
        'fixed_rate' => 40,
        'currency' => 'eur',
      ),
      'additional' => 
      array (
        'percentage_rate' => 0,
        'fixed_rate' => 0,
        'currency' => 'eur',
      ),
      'fx' => 
      array (
        'percentage_rate' => 0,
        'fixed_rate' => 0,
        'currency' => 'eur',
      ),
      'discount' => 
      array (
      ),
    ),
  ),
  'capital' => 
  array (
    'has_active_loan' => false,
    'has_previous_loans' => false,
    'loans' => 
    array (
    ),
  ),
  'fraud_services' => 
  array (
    'stripe' => 
    array (
    ),
    'sift' => 
    array (
      'beacon_key' => 'affbdadb36',
      'sandbox_beacon_key' => '6ad0ad748b',
    ),
  ),
  'store_currencies' => 
  array (
    'default' => 'eur',
    'supported' => 
    array (
      0 => 'eur',
    ),
  ),
  'customer_currencies' => 
  array (
    'supported' => 
    array (
      0 => 'usd',
      1 => 'aed',
      2 => 'afn',
      3 => 'all',
      4 => 'amd',
      5 => 'ang',
      6 => 'aoa',
      7 => 'ars',
      8 => 'aud',
      9 => 'awg',
      10 => 'azn',
      11 => 'bam',
      12 => 'bbd',
      13 => 'bdt',
      14 => 'bgn',
      15 => 'bif',
      16 => 'bmd',
      17 => 'bnd',
      18 => 'bob',
      19 => 'brl',
      20 => 'bsd',
      21 => 'bwp',
      22 => 'byn',
      23 => 'bzd',
      24 => 'cad',
      25 => 'cdf',
      26 => 'chf',
      27 => 'clp',
      28 => 'cny',
      29 => 'cop',
      30 => 'crc',
      31 => 'cve',
      32 => 'czk',
      33 => 'djf',
      34 => 'dkk',
      35 => 'dop',
      36 => 'dzd',
      37 => 'egp',
      38 => 'etb',
      39 => 'eur',
      40 => 'fjd',
      41 => 'fkp',
      42 => 'gbp',
      43 => 'gel',
      44 => 'gip',
      45 => 'gmd',
      46 => 'gnf',
      47 => 'gtq',
      48 => 'gyd',
      49 => 'hkd',
      50 => 'hnl',
      51 => 'htg',
      52 => 'huf',
      53 => 'idr',
      54 => 'ils',
      55 => 'inr',
      56 => 'isk',
      57 => 'jmd',
      58 => 'jpy',
      59 => 'kes',
      60 => 'kgs',
      61 => 'khr',
      62 => 'kmf',
      63 => 'krw',
      64 => 'kyd',
      65 => 'kzt',
      66 => 'lak',
      67 => 'lbp',
      68 => 'lkr',
      69 => 'lrd',
      70 => 'lsl',
      71 => 'mad',
      72 => 'mdl',
      73 => 'mga',
      74 => 'mkd',
      75 => 'mmk',
      76 => 'mnt',
      77 => 'mop',
      78 => 'mur',
      79 => 'mvr',
      80 => 'mwk',
      81 => 'mxn',
      82 => 'myr',
      83 => 'mzn',
      84 => 'nad',
      85 => 'ngn',
      86 => 'nio',
      87 => 'nok',
      88 => 'npr',
      89 => 'nzd',
      90 => 'pab',
      91 => 'pen',
      92 => 'pgk',
      93 => 'php',
      94 => 'pkr',
      95 => 'pln',
      96 => 'pyg',
      97 => 'qar',
      98 => 'ron',
      99 => 'rsd',
      100 => 'rub',
      101 => 'rwf',
      102 => 'sar',
      103 => 'sbd',
      104 => 'scr',
      105 => 'sek',
      106 => 'sgd',
      107 => 'shp',
      108 => 'sle',
      109 => 'sos',
      110 => 'srd',
      111 => 'std',
      112 => 'szl',
      113 => 'thb',
      114 => 'tjs',
      115 => 'top',
      116 => 'try',
      117 => 'ttd',
      118 => 'twd',
      119 => 'tzs',
      120 => 'uah',
      121 => 'ugx',
      122 => 'uyu',
      123 => 'uzs',
      124 => 'vnd',
      125 => 'vuv',
      126 => 'wst',
      127 => 'xaf',
      128 => 'xcd',
      129 => 'xof',
      130 => 'xpf',
      131 => 'yer',
      132 => 'zar',
      133 => 'zmw',
    ),
  ),
  'country' => '(redacted)',
  'instant_deposits_eligible' => false,
  'card_present_eligible' => false,
  'has_card_readers_available' => false,
  'platform_checkout_eligible' => false,
  'platform_direct_checkout_eligible' => false,
  'platform_global_theme_support_enabled' => false,
  'business_profile' => 
  array (
    'name' => '(redacted)',
    'url' => 'https://phn.pixodeo.dev',
    'support_address' => 
    array (
    ),
    'support_email' => NULL,
    'support_phone' => NULL,
  ),
  'branding' => 
  array (
    'icon' => NULL,
    'logo' => NULL,
    'primary_color' => NULL,
    'secondary_color' => NULL,
  ),
  'locale' => 'en_US',
  'has_more_failed_events' => false,
  'has_submitted_vat_data' => false,
  'is_documents_enabled' => true,
  'card_testing_protection_eligible' => false,
  'progressive_onboarding' => 
  array (
    'is_enabled' => false,
    'is_complete' => false,
    'tpv' => NULL,
    'first_transaction_date' => NULL,
    'kyc_deadline_date' => NULL,
  ),
  'fraud_mitigation_settings' => 
  array (
    'avs_check_enabled' => false,
    'cvc_check_enabled' => true,
  ),
  'is_deferred_intent_creation_upe_enabled' => true,
  'pre_check_save_my_info' => false,
)
2024-10-10T07:32:42+00:00 INFO ENVIRONMENT: array (
  'WP_User' => 'pixodeo',
  'HTTP_REFERER' => 'https://phn-events.com/wp-admin/admin.php?page=acf-options',
  'HTTP_USER_AGENT' => 'Mozilla/5.0 (Windows NT 10.0; Win64; x64) AppleWebKit/537.36 (KHTML, like Gecko) Chrome/127.0.0.0 Safari/537.36 OPR/113.0.0.0',
  'REQUEST_URI' => '/wp-admin/admin.php?page=acf-options',
  'DOING_AJAX' => false,
  'DOING_CRON' => false,
  'WP_CLI' => false,
)
2024-10-10T07:32:42+00:00 INFO REQUEST POST https://public-api.wordpress.com/wpcom/v2/sites/%s/wcpay/compatibility
2024-10-10T07:32:42+00:00 INFO HEADERS: array (
  'Content-Type' => 'application/json; charset=utf-8',
  'User-Agent' => 'WooCommerce Payments/7.4.0',
  'Idempotency-Key' => 'cdc0d648-bd82-424c-aa00-9e8501507398',
)
2024-10-10T07:32:42+00:00 INFO BODY: array (
  'test_mode' => true,
  'compatibility_data' => 
  array (
    'woopayments_version' => '7.4.0',
    'woocommerce_version' => '8.7.0',
    'blog_theme' => 'grandconference-child',
    'active_plugins' => 
    array (
      0 => 'advanced-custom-fields-pro/acf.php',
      1 => 'contact-form-7/wp-contact-form-7.php',
      2 => 'contact-form-entries/contact-form-entries.php',
      3 => 'duplicate-post/duplicate-post.php',
      4 => 'elementor/elementor.php',
      5 => 'email-log/email-log.php',
      6 => 'extended-google-map-for-elementor/elementor-google-map-extended.php',
      7 => 'fooevents-calendar/fooevents-calendar.php',
      8 => 'fooevents/fooevents.php',
      9 => 'fooevents_bookings/fooevents-bookings.php',
      10 => 'fooevents_custom_attendee_fields/fooevents-custom-attendee-fields.php',
      11 => 'fooevents_pdf_tickets/fooevents-pdf-tickets.php',
      12 => 'grandconference-custom-post/grandconference-custom-post.php',
      13 => 'grandconference-elementor/grandconference-elementor.php',
      14 => 'loco-translate/loco.php',
      15 => 'loftloader/loftloader.php',
      16 => 'mailchimp-for-wp/mailchimp-for-wp.php',
      17 => 'revslider/revslider.php',
      18 => 'shortcode-elementor/elementor-shortcode.php',
      19 => 'smtp-mailer/main.php',
      20 => 'the-events-calendar/the-events-calendar.php',
      22 => 'woo-systempay-payment/woo-systempay-payment.php',
      23 => 'woocommerce-gateway-stripe/woocommerce-gateway-stripe.php',
      24 => 'woocommerce-payments/woocommerce-payments.php',
      25 => 'woocommerce/woocommerce.php',
    ),
    'post_types_count' => 
    array (
      'post' => 15,
      'page' => 33,
      'attachment' => 0,
      'e-landing-page' => 0,
      'elementor_library' => 4,
      'product' => 30,
      'event_magic_tickets' => 210,
      'header' => 10,
      'footer' => 7,
      'megamenu' => 3,
      'fullmenu' => 1,
      'galleries' => 1,
      'rs_elements' => 0,
      'tribe_events' => 2,
    ),
  ),
)
2024-10-10T07:32:42+00:00 INFO RESPONSE: array (
  'result' => 'success',
)
2024-10-10T08:43:26+00:00 INFO ENVIRONMENT: array (
  'WP_User' => 'Guest (non logged-in user)',
  'HTTP_REFERER' => '--',
  'HTTP_USER_AGENT' => 'WordPress/6.6.2; https://phn-events.com',
  'REQUEST_URI' => '/wp-cron.php?doing_wp_cron=1728549805.4275839328765869140625',
  'DOING_AJAX' => false,
  'DOING_CRON' => true,
  'WP_CLI' => false,
)
2024-10-10T08:43:26+00:00 INFO REQUEST GET https://public-api.wordpress.com/wpcom/v2/wcpay/woopay/compatibility?test_mode=1
2024-10-10T08:43:26+00:00 INFO HEADERS: array (
  'Content-Type' => 'application/json; charset=utf-8',
  'User-Agent' => 'WooCommerce Payments/7.4.0',
)
2024-10-10T08:43:26+00:00 INFO RESPONSE: array (
  'incompatible_extensions' => 
  array (
    0 => 'class-wcdonation',
    1 => 'woocommerce-table-rate-shipping',
    2 => 'woocommerce-memberships-for-teams',
    3 => 'woocommerce-checkout-add-ons',
    4 => 'woocommerce-checkout-field-editor',
    5 => 'woocommerce-eu-vat-number',
    6 => 'woocommerce-order-delivery',
    7 => 'woocommerce-pdf-product-vouchers',
    8 => 'woocommerce-shipping-local-pickup-plus',
    9 => 'woocommerce-shipping-multiple-addresses',
    10 => 'woocommerce-smart-coupons',
    11 => 'woocommerce-subscriptions-gifting',
    12 => 'advanced-product-fields-for-woocommerce',
  ),
  'adapted_extensions' => 
  array (
    0 => 'woocommerce-points-and-rewards',
    1 => 'woocommerce-gift-cards',
  ),
  'available_countries' => 
  array (
    0 => 'US',
  ),
)
2024-10-10T12:50:22+00:00 INFO ENVIRONMENT: array (
  'WP_User' => 'Guest (non logged-in user)',
  'HTTP_REFERER' => 'https://www.udsp33.fr/',
  'HTTP_USER_AGENT' => 'Mozilla/5.0 (Linux; Android 10; K) AppleWebKit/537.36 (KHTML, like Gecko) Chrome/129.0.0.0 Mobile Safari/537.36',
  'REQUEST_URI' => '/event/congres-secours-sante-des-sapeurs-pompiers-de-france/',
  'DOING_AJAX' => false,
  'DOING_CRON' => false,
  'WP_CLI' => false,
)
2024-10-10T12:50:22+00:00 INFO REQUEST GET https://public-api.wordpress.com/wpcom/v2/sites/%s/wcpay/currency/rates?test_mode=1&currency_from=eur
2024-10-10T12:50:22+00:00 INFO HEADERS: array (
  'Content-Type' => 'application/json; charset=utf-8',
  'User-Agent' => 'WooCommerce Payments/7.4.0',
)
2024-10-10T12:50:23+00:00 INFO RESPONSE: array (
  'AED' => 4.015262,
  'AFN' => 73.909938,
  'ALL' => 98.690346,
  'AMD' => 422.67301,
  'ANG' => 1.970908,
  'AOA' => 992.062344,
  'ARS' => 1065.612934,
  'AUD' => 1.627546,
  'AWG' => 1.97046,
  'AZN' => 1.858409,
  'BAM' => 1.954248,
  'BBD' => 2.186363,
  'BDT' => 130.681978,
  'BGN' => 1.955706,
  'BHD' => 0.412101,
  'BIF' => 3179.634985,
  'BMD' => 1.093182,
  'BND' => 1.428952,
  'BOB' => 7.556661,
  'BRL' => 6.111432,
  'BSD' => 1.093182,
  'BTC' => 1.8E-5,
  'BTN' => 91.811373,
  'BWP' => 14.542632,
  'BYN' => 3.578825,
  'BZD' => 2.204318,
  'CAD' => 1.503426,
  'CDF' => 3116.186707,
  'CHF' => 0.939471,
  'CLF' => 0.03695,
  'CLP' => 1019.774499,
  'CNH' => 7.752216,
  'CNY' => 7.737212,
  'COP' => 4632.958902,
  'CRC' => 564.730855,
  'CUC' => 1.093182,
  'CUP' => 28.149427,
  'CVE' => 110.17746,
  'CZK' => 25.318293,
  'DJF' => 194.739723,
  'DKK' => 7.459568,
  'DOP' => 65.840829,
  'DZD' => 145.525605,
  'EGP' => 53.132345,
  'ERN' => 16.397725,
  'ETB' => 133.246654,
  'EUR' => 1,
  'FJD' => 2.434188,
  'FKP' => 0.836575,
  'GBP' => 0.836575,
  'GEL' => 2.973454,
  'GGP' => 0.836575,
  'GHS' => 17.439603,
  'GIP' => 0.836575,
  'GMD' => 74.882943,
  'GNF' => 9436.528735,
  'GTQ' => 8.45746,
  'GYD' => 228.789134,
  'HKD' => 8.495934,
  'HNL' => 27.170212,
  'HRK' => 7.534749,
  'HTG' => 144.078065,
  'HUF' => 400.443607,
  'IDR' => 17165.933007,
  'ILS' => 4.122181,
  'IMP' => 0.836575,
  'INR' => 91.796884,
  'IQD' => 1432.581806,
  'IRR' => 46009.282554,
  'ISK' => 148.508727,
  'JEP' => 0.836575,
  'JMD' => 172.804447,
  'JOD' => 0.774738,
  'JPY' => 162.839824,
  'KES' => 141.075092,
  'KGS' => 93.139076,
  'KHR' => 4446.640915,
  'KMF' => 491.877235,
  'KPW' => 983.863482,
  'KRW' => 1477.074398,
  'KWD' => 0.335107,
  'KYD' => 0.911326,
  'KZT' => 537.272972,
  'LAK' => 23916.077424,
  'LBP' => 97920.543373,
  'LKR' => 320.28681,
  'LRD' => 211.066604,
  'LSL' => 19.212405,
  'LYD' => 5.234619,
  'MAD' => 10.73487,
  'MDL' => 19.334192,
  'MGA' => 5023.473529,
  'MKD' => 61.615092,
  'MMK' => 2293.495095,
  'MNT' => 3714.631235,
  'MOP' => 8.75379,
  'MUR' => 50.406605,
  'MVR' => 16.785804,
  'MWK' => 1896.11441,
  'MXN' => 21.298463,
  'MYR' => 4.691389,
  'MZN' => 69.799649,
  'NAD' => 19.212493,
  'NGN' => 1771.27129,
  'NIO' => 40.248278,
  'NOK' => 11.794094,
  'NPR' => 146.899872,
  'NZD' => 1.800128,
  'OMR' => 0.420838,
  'PAB' => 1.093182,
  'PEN' => 4.073614,
  'PGK' => 4.298787,
  'PHP' => 62.795092,
  'PKR' => 303.745626,
  'PLN' => 4.305907,
  'PYG' => 8528.740448,
  'QAR' => 3.987348,
  'RON' => 4.975725,
  'RSD' => 117.026333,
  'RUB' => 106.537329,
  'RWF' => 1472.260373,
  'SAR' => 4.103923,
  'SBD' => 9.053613,
  'SCR' => 14.889134,
  'SDG' => 657.54876,
  'SEK' => 11.366367,
  'SGD' => 1.430163,
  'SHP' => 0.836575,
  'SLL' => 22923.47254,
  'SOS' => 625.012348,
  'SRD' => 34.756617,
  'SSP' => 142.397841,
  'STD' => 24358.054814,
  'SVC' => 9.569388,
  'SYP' => 2746.651683,
  'SZL' => 19.206055,
  'THB' => 36.718332,
  'TJS' => 11.646596,
  'TMT' => 3.837068,
  'TND' => 3.363828,
  'TOP' => 2.575361,
  'TRY' => 37.404824,
  'TTD' => 7.42477,
  'TWD' => 35.272055,
  'TZS' => 2979.981482,
  'UAH' => 45.084581,
  'UGX' => 4018.85925,
  'USD' => 1.093182,
  'UYU' => 45.447596,
  'UZS' => 13973.470294,
  'VND' => 27159.799169,
  'VUV' => 129.784711,
  'WST' => 3.060909,
  'XAF' => 655.957,
  'XAG' => 0.035745,
  'XAU' => 0.000418,
  'XCD' => 2.954378,
  'XDR' => 0.813556,
  'XOF' => 655.957,
  'XPD' => 0.001049,
  'XPF' => 119.331742,
  'XPT' => 0.001149,
  'YER' => 273.705356,
  'ZAR' => 19.230377,
  'ZMW' => 29.034013,
  'ZWL' => 352.00449,
)
2024-10-10T16:55:03+00:00 INFO ENVIRONMENT: array (
  'WP_User' => 'Guest (non logged-in user)',
  'HTTP_REFERER' => '--',
  'HTTP_USER_AGENT' => 'Mozilla/5.0 (Linux; Android 6.0; HTC One M9 Build/MRA403712) AppleWebKit/537.36 (KHTML, like Gecko) Chrome/52.0.3115.98 Mobile Safari/537.3',
  'REQUEST_URI' => '/',
  'DOING_AJAX' => false,
  'DOING_CRON' => false,
  'WP_CLI' => false,
)
2024-10-10T16:55:03+00:00 INFO REQUEST GET https://public-api.wordpress.com/wpcom/v2/sites/%s/wcpay/disputes?test_mode=1&pagesize=50&search%5B0%5D=warning_needs_response&search%5B1%5D=needs_response
2024-10-10T16:55:03+00:00 INFO HEADERS: array (
  'Content-Type' => 'application/json; charset=utf-8',
  'User-Agent' => 'WooCommerce Payments/7.4.0',
)
2024-10-10T16:55:04+00:00 INFO RESPONSE: array (
  'data' => 
  array (
  ),
)
2024-10-10T19:05:09+00:00 INFO ENVIRONMENT: array (
  'WP_User' => 'Guest (non logged-in user)',
  'HTTP_REFERER' => '--',
  'HTTP_USER_AGENT' => 'Mozlila/5.0 (Linux; Android 7.0; SM-G892A Bulid/NRD90M; wv) AppleWebKit/537.36 (KHTML, like Gecko) Version/4.0 Chrome/60.0.3112.107 Moblie Safari/537.36',
  'REQUEST_URI' => '/wp-content/plugins/init-help/init.php',
  'DOING_AJAX' => false,
  'DOING_CRON' => false,
  'WP_CLI' => false,
)
2024-10-10T19:05:09+00:00 INFO REQUEST GET https://public-api.wordpress.com/wpcom/v2/sites/%s/wcpay/currency/rates?test_mode=1&currency_from=eur
2024-10-10T19:05:09+00:00 INFO HEADERS: array (
  'Content-Type' => 'application/json; charset=utf-8',
  'User-Agent' => 'WooCommerce Payments/7.4.0',
)
2024-10-10T19:05:09+00:00 INFO RESPONSE: array (
  'AED' => 4.010527,
  'AFN' => 74.248809,
  'ALL' => 98.816419,
  'AMD' => 422.726811,
  'ANG' => 1.968587,
  'AOA' => 998.537179,
  'ARS' => 1064.313263,
  'AUD' => 1.622063,
  'AWG' => 1.96732,
  'AZN' => 1.85622,
  'BAM' => 1.951946,
  'BBD' => 2.183788,
  'BDT' => 130.528065,
  'BGN' => 1.956019,
  'BHD' => 0.41163,
  'BIF' => 3158.303763,
  'BMD' => 1.091894,
  'BND' => 1.427269,
  'BOB' => 7.547761,
  'BRL' => 6.093097,
  'BSD' => 1.091894,
  'BTC' => 1.8E-5,
  'BTN' => 91.70324,
  'BWP' => 14.525504,
  'BYN' => 3.57461,
  'BZD' => 2.201721,
  'CAD' => 1.501818,
  'CDF' => 3139.195616,
  'CHF' => 0.935631,
  'CLF' => 0.036797,
  'CLP' => 1015.34143,
  'CNH' => 7.737502,
  'CNY' => 7.73061,
  'COP' => 4597.300114,
  'CRC' => 564.06573,
  'CUC' => 1.091894,
  'CUP' => 28.116274,
  'CVE' => 110.254803,
  'CZK' => 25.351815,
  'DJF' => 194.169318,
  'DKK' => 7.460689,
  'DOP' => 65.961324,
  'DZD' => 145.583537,
  'EGP' => 53.048475,
  'ERN' => 16.378412,
  'ETB' => 132.323537,
  'EUR' => 1,
  'FJD' => 2.428646,
  'FKP' => 0.836854,
  'GBP' => 0.836854,
  'GEL' => 2.975412,
  'GGP' => 0.836854,
  'GHS' => 17.42663,
  'GIP' => 0.836854,
  'GMD' => 74.248801,
  'GNF' => 9428.505789,
  'GTQ' => 8.447499,
  'GYD' => 228.519673,
  'HKD' => 8.484394,
  'HNL' => 27.111731,
  'HRK' => 7.535076,
  'HTG' => 143.908374,
  'HUF' => 401.174329,
  'IDR' => 17131.761349,
  'ILS' => 4.113657,
  'IMP' => 0.836854,
  'INR' => 91.674995,
  'IQD' => 1430.381307,
  'IRR' => 45968.742757,
  'ISK' => 148.683223,
  'JEP' => 0.836854,
  'JMD' => 172.600923,
  'JOD' => 0.773825,
  'JPY' => 162.494046,
  'KES' => 140.854342,
  'KGS' => 93.02938,
  'KHR' => 4442.917204,
  'KMF' => 491.297915,
  'KPW' => 982.704715,
  'KRW' => 1477.275827,
  'KWD' => 0.334675,
  'KYD' => 0.910253,
  'KZT' => 536.640186,
  'LAK' => 23879.724563,
  'LBP' => 98050.585296,
  'LKR' => 319.909585,
  'LRD' => 210.626326,
  'LSL' => 19.342904,
  'LYD' => 5.238362,
  'MAD' => 10.737414,
  'MDL' => 19.206681,
  'MGA' => 5000.875103,
  'MKD' => 61.581115,
  'MMK' => 2290.793879,
  'MNT' => 3710.256244,
  'MOP' => 8.74348,
  'MUR' => 50.347245,
  'MVR' => 16.771494,
  'MWK' => 1894.436311,
  'MXN' => 21.327094,
  'MYR' => 4.685864,
  'MZN' => 69.744739,
  'NAD' => 19.342904,
  'NGN' => 1769.185135,
  'NIO' => 40.214461,
  'NOK' => 11.734089,
  'NPR' => 146.726857,
  'NZD' => 1.794654,
  'OMR' => 0.42033,
  'PAB' => 1.091894,
  'PEN' => 4.104703,
  'PGK' => 4.292236,
  'PHP' => 62.741872,
  'PKR' => 303.164404,
  'PLN' => 4.299822,
  'PYG' => 8518.695531,
  'QAR' => 3.975587,
  'RON' => 4.976089,
  'RSD' => 117.028121,
  'RUB' => 105.477971,
  'RWF' => 1475.694913,
  'SAR' => 4.100012,
  'SBD' => 9.024535,
  'SCR' => 14.455527,
  'SDG' => 656.774318,
  'SEK' => 11.364481,
  'SGD' => 1.428094,
  'SHP' => 0.836854,
  'SLL' => 22896.473901,
  'SOS' => 623.471547,
  'SRD' => 34.715682,
  'SSP' => 142.230129,
  'STD' => 24329.366565,
  'SVC' => 9.558118,
  'SYP' => 2743.416752,
  'SZL' => 19.195499,
  'THB' => 36.586097,
  'TJS' => 11.632879,
  'TMT' => 3.821629,
  'TND' => 3.358666,
  'TOP' => 2.572328,
  'TRY' => 37.349219,
  'TTD' => 7.416025,
  'TWD' => 35.250166,
  'TZS' => 2976.471742,
  'UAH' => 45.031482,
  'UGX' => 4014.125947,
  'USD' => 1.091894,
  'UYU' => 45.663777,
  'UZS' => 13965.325888,
  'VND' => 27127.811102,
  'VUV' => 129.631855,
  'WST' => 3.057304,
  'XAF' => 655.957,
  'XAG' => 0.035179,
  'XAU' => 0.000416,
  'XCD' => 2.950898,
  'XDR' => 0.812597,
  'XOF' => 655.957,
  'XPD' => 0.001021,
  'XPF' => 119.331742,
  'XPT' => 0.001129,
  'YER' => 273.410289,
  'ZAR' => 19.151441,
  'ZMW' => 28.999818,
  'ZWL' => 351.589909,
)
