2024-10-13T04:51:37+00:00 INFO ENVIRONMENT: array (
  'WP_User' => 'Guest (non logged-in user)',
  'HTTP_REFERER' => '--',
  'HTTP_USER_AGENT' => 'Mozilla/5.0 (Windows NT 10.0; Win64; x64) AppleWebKit/537.36 (KHTML, like Gecko) Chrome/60.0.3112.101 Safari/537.36',
  'REQUEST_URI' => '/wp-login.php',
  'DOING_AJAX' => false,
  'DOING_CRON' => false,
  'WP_CLI' => false,
)
2024-10-13T04:51:37+00:00 INFO REQUEST GET https://public-api.wordpress.com/wpcom/v2/sites/%s/wcpay/currency/rates?test_mode=1&currency_from=eur
2024-10-13T04:51:37+00:00 INFO HEADERS: array (
  'Content-Type' => 'application/json; charset=utf-8',
  'User-Agent' => 'WooCommerce Payments/7.4.0',
)
2024-10-13T04:51:38+00:00 INFO RESPONSE: array (
  'AED' => 4.019915,
  'AFN' => 73.875373,
  'ALL' => 98.883556,
  'AMD' => 423.738199,
  'ANG' => 1.973686,
  'AOA' => 1000.874506,
  'ARS' => 1066.215578,
  'AUD' => 1.622128,
  'AWG' => 1.970557,
  'AZN' => 1.860565,
  'BAM' => 1.9586,
  'BBD' => 2.1889,
  'BDT' => 130.867164,
  'BGN' => 1.957292,
  'BHD' => 0.412501,
  'BIF' => 3166.791016,
  'BMD' => 1.09445,
  'BND' => 1.430432,
  'BOB' => 7.594791,
  'BRL' => 6.141287,
  'BSD' => 1.09445,
  'BTC' => 1.7E-5,
  'BTN' => 92.03542,
  'BWP' => 14.53325,
  'BYN' => 3.583777,
  'BZD' => 2.207376,
  'CAD' => 1.507112,
  'CDF' => 3148.185366,
  'CHF' => 0.938184,
  'CLF' => 0.036756,
  'CLP' => 1014.204907,
  'CNH' => 7.737433,
  'CNY' => 7.733602,
  'COP' => 4593.188451,
  'CRC' => 565.703602,
  'CUC' => 1.09445,
  'CUP' => 28.182087,
  'CVE' => 110.856838,
  'CZK' => 25.310907,
  'DJF' => 194.264871,
  'DKK' => 7.466009,
  'DOP' => 66.110251,
  'DZD' => 145.491526,
  'EGP' => 53.131935,
  'ERN' => 16.41675,
  'ETB' => 132.858293,
  'EUR' => 1,
  'FJD' => 2.430555,
  'FKP' => 0.83744,
  'GBP' => 0.83744,
  'GEL' => 2.982376,
  'GGP' => 0.83744,
  'GHS' => 17.461949,
  'GIP' => 0.83744,
  'GMD' => 74.969824,
  'GNF' => 9451.670022,
  'GTQ' => 8.467722,
  'GYD' => 229.115553,
  'HKD' => 8.503767,
  'HNL' => 27.175193,
  'HRK' => 7.539699,
  'HTG' => 144.284998,
  'HUF' => 401.542753,
  'IDR' => 17039.655897,
  'ILS' => 4.114661,
  'IMP' => 0.83744,
  'INR' => 92.053475,
  'IQD' => 1433.182248,
  'IRR' => 46079.080259,
  'ISK' => 149.55659,
  'JEP' => 0.83744,
  'JMD' => 173.377893,
  'JOD' => 0.775418,
  'JPY' => 163.242687,
  'KES' => 141.184047,
  'KGS' => 93.575473,
  'KHR' => 4448.939166,
  'KMF' => 491.955471,
  'KPW' => 985.004981,
  'KRW' => 1476.763246,
  'KWD' => 0.335482,
  'KYD' => 0.912572,
  'KZT' => 530.216181,
  'LAK' => 23946.56555,
  'LBP' => 98007.995659,
  'LKR' => 320.558463,
  'LRD' => 211.009972,
  'LSL' => 19.14193,
  'LYD' => 5.247888,
  'MAD' => 10.72944,
  'MDL' => 19.227964,
  'MGA' => 5012.580906,
  'MKD' => 61.653298,
  'MMK' => 2296.156057,
  'MNT' => 3718.94103,
  'MOP' => 8.765254,
  'MUR' => 50.454145,
  'MVR' => 16.799807,
  'MWK' => 1899.965164,
  'MXN' => 21.098807,
  'MYR' => 4.692454,
  'MZN' => 69.935346,
  'NAD' => 19.14193,
  'NGN' => 1777.025598,
  'NIO' => 40.308593,
  'NOK' => 11.705799,
  'NPR' => 147.259901,
  'NZD' => 1.791977,
  'OMR' => 0.421288,
  'PAB' => 1.09445,
  'PEN' => 4.109222,
  'PGK' => 4.303651,
  'PHP' => 62.63537,
  'PKR' => 303.983482,
  'PLN' => 4.292739,
  'PYG' => 8547.028661,
  'QAR' => 3.985002,
  'RON' => 4.978106,
  'RSD' => 117.039057,
  'RUB' => 104.712964,
  'RWF' => 1482.979722,
  'SAR' => 4.109895,
  'SBD' => 9.045659,
  'SCR' => 14.865215,
  'SDG' => 658.311663,
  'SEK' => 11.356889,
  'SGD' => 1.428476,
  'SHP' => 0.83744,
  'SLL' => 22950.068844,
  'SOS' => 624.930938,
  'SRD' => 34.963846,
  'SSP' => 142.563054,
  'STD' => 24386.315552,
  'SVC' => 9.582702,
  'SYP' => 2749.838407,
  'SZL' => 19.14193,
  'THB' => 36.228448,
  'TJS' => 11.673886,
  'TMT' => 3.84152,
  'TND' => 3.361056,
  'TOP' => 2.58334,
  'TRY' => 37.512273,
  'TTD' => 7.433357,
  'TWD' => 35.181093,
  'TZS' => 2984.089867,
  'UAH' => 45.095986,
  'UGX' => 4024.726887,
  'USD' => 1.09445,
  'UYU' => 45.684905,
  'UZS' => 13998.015237,
  'VND' => 27164.323312,
  'VUV' => 129.93529,
  'WST' => 3.06446,
  'XAF' => 655.957,
  'XAG' => 0.034705,
  'XAU' => 0.000412,
  'XCD' => 2.957806,
  'XDR' => 0.814657,
  'XOF' => 655.957,
  'XPD' => 0.00103,
  'XPF' => 119.331742,
  'XPT' => 0.001112,
  'YER' => 273.995625,
  'ZAR' => 19.139101,
  'ZMW' => 28.938113,
  'ZWL' => 352.412893,
)
2024-10-13T09:05:29+00:00 INFO ENVIRONMENT: array (
  'WP_User' => 'Guest (non logged-in user)',
  'HTTP_REFERER' => '--',
  'HTTP_USER_AGENT' => 'WordPress/6.6.2; https://phn-events.com',
  'REQUEST_URI' => '/wp-cron.php?doing_wp_cron=1728810328.8201448917388916015625',
  'DOING_AJAX' => false,
  'DOING_CRON' => true,
  'WP_CLI' => false,
)
2024-10-13T09:05:29+00:00 INFO REQUEST GET https://public-api.wordpress.com/wpcom/v2/wcpay/woopay/compatibility?test_mode=1
2024-10-13T09:05:29+00:00 INFO HEADERS: array (
  'Content-Type' => 'application/json; charset=utf-8',
  'User-Agent' => 'WooCommerce Payments/7.4.0',
)
2024-10-13T09:05:29+00:00 INFO RESPONSE: array (
  'incompatible_extensions' => 
  array (
    0 => 'class-wcdonation',
    1 => 'woocommerce-table-rate-shipping',
    2 => 'woocommerce-memberships-for-teams',
    3 => 'woocommerce-checkout-add-ons',
    4 => 'woocommerce-checkout-field-editor',
    5 => 'woocommerce-eu-vat-number',
    6 => 'woocommerce-order-delivery',
    7 => 'woocommerce-pdf-product-vouchers',
    8 => 'woocommerce-shipping-local-pickup-plus',
    9 => 'woocommerce-shipping-multiple-addresses',
    10 => 'woocommerce-smart-coupons',
    11 => 'woocommerce-subscriptions-gifting',
    12 => 'advanced-product-fields-for-woocommerce',
  ),
  'adapted_extensions' => 
  array (
    0 => 'woocommerce-points-and-rewards',
    1 => 'woocommerce-gift-cards',
  ),
  'available_countries' => 
  array (
    0 => 'US',
  ),
)
2024-10-13T11:03:53+00:00 INFO ENVIRONMENT: array (
  'WP_User' => 'Guest (non logged-in user)',
  'HTTP_REFERER' => '--',
  'HTTP_USER_AGENT' => 'Mozilla/5.0 (Windows NT 6.3; Win64; x64) AppleWebKit/537.36 (KHTML, like Gecko) Chrome/67.0.3396.99 Safari/537.36',
  'REQUEST_URI' => '/wp-login.php',
  'DOING_AJAX' => false,
  'DOING_CRON' => false,
  'WP_CLI' => false,
)
2024-10-13T11:03:53+00:00 INFO REQUEST GET https://public-api.wordpress.com/wpcom/v2/sites/%s/wcpay/currency/rates?test_mode=1&currency_from=eur
2024-10-13T11:03:53+00:00 INFO HEADERS: array (
  'Content-Type' => 'application/json; charset=utf-8',
  'User-Agent' => 'WooCommerce Payments/7.4.0',
)
2024-10-13T11:03:53+00:00 INFO RESPONSE: array (
  'AED' => 4.019915,
  'AFN' => 73.875373,
  'ALL' => 98.883556,
  'AMD' => 423.738199,
  'ANG' => 1.973686,
  'AOA' => 1000.874506,
  'ARS' => 1065.474009,
  'AUD' => 1.622128,
  'AWG' => 1.970557,
  'AZN' => 1.860565,
  'BAM' => 1.9586,
  'BBD' => 2.1889,
  'BDT' => 130.867164,
  'BGN' => 1.957292,
  'BHD' => 0.412501,
  'BIF' => 3166.791016,
  'BMD' => 1.09445,
  'BND' => 1.430432,
  'BOB' => 7.594791,
  'BRL' => 6.141287,
  'BSD' => 1.09445,
  'BTC' => 1.7E-5,
  'BTN' => 92.03542,
  'BWP' => 14.53325,
  'BYN' => 3.583777,
  'BZD' => 2.207376,
  'CAD' => 1.507222,
  'CDF' => 3148.185366,
  'CHF' => 0.938184,
  'CLF' => 0.036756,
  'CLP' => 1014.204907,
  'CNH' => 7.737433,
  'CNY' => 7.733602,
  'COP' => 4593.188451,
  'CRC' => 565.703602,
  'CUC' => 1.09445,
  'CUP' => 28.182087,
  'CVE' => 110.856838,
  'CZK' => 25.310907,
  'DJF' => 194.264871,
  'DKK' => 7.466009,
  'DOP' => 66.110251,
  'DZD' => 145.491526,
  'EGP' => 53.099735,
  'ERN' => 16.41675,
  'ETB' => 132.858293,
  'EUR' => 1,
  'FJD' => 2.430555,
  'FKP' => 0.83744,
  'GBP' => 0.83744,
  'GEL' => 2.982376,
  'GGP' => 0.83744,
  'GHS' => 17.461949,
  'GIP' => 0.83744,
  'GMD' => 74.969824,
  'GNF' => 9451.670022,
  'GTQ' => 8.467722,
  'GYD' => 229.115553,
  'HKD' => 8.503767,
  'HNL' => 27.175193,
  'HRK' => 7.539699,
  'HTG' => 144.284998,
  'HUF' => 401.542753,
  'IDR' => 17039.655897,
  'ILS' => 4.114661,
  'IMP' => 0.83744,
  'INR' => 92.090949,
  'IQD' => 1433.182248,
  'IRR' => 46079.080259,
  'ISK' => 149.55659,
  'JEP' => 0.83744,
  'JMD' => 173.377893,
  'JOD' => 0.775418,
  'JPY' => 163.242687,
  'KES' => 141.184047,
  'KGS' => 93.575473,
  'KHR' => 4448.939166,
  'KMF' => 491.955471,
  'KPW' => 985.004981,
  'KRW' => 1476.763246,
  'KWD' => 0.335482,
  'KYD' => 0.912572,
  'KZT' => 530.216181,
  'LAK' => 23946.56555,
  'LBP' => 98007.995659,
  'LKR' => 320.558463,
  'LRD' => 211.009972,
  'LSL' => 19.14193,
  'LYD' => 5.247888,
  'MAD' => 10.72944,
  'MDL' => 19.227964,
  'MGA' => 5018.053156,
  'MKD' => 61.698223,
  'MMK' => 2296.156057,
  'MNT' => 3718.94103,
  'MOP' => 8.765254,
  'MUR' => 50.454145,
  'MVR' => 16.799807,
  'MWK' => 1899.965164,
  'MXN' => 21.098807,
  'MYR' => 4.692454,
  'MZN' => 69.935346,
  'NAD' => 19.14193,
  'NGN' => 1794.897966,
  'NIO' => 40.308593,
  'NOK' => 11.705799,
  'NPR' => 147.259901,
  'NZD' => 1.791977,
  'OMR' => 0.420758,
  'PAB' => 1.09445,
  'PEN' => 4.109222,
  'PGK' => 4.303651,
  'PHP' => 62.63537,
  'PKR' => 303.983482,
  'PLN' => 4.292739,
  'PYG' => 8547.028661,
  'QAR' => 3.985002,
  'RON' => 4.978106,
  'RSD' => 117.039057,
  'RUB' => 104.712964,
  'RWF' => 1482.979722,
  'SAR' => 4.109895,
  'SBD' => 9.045659,
  'SCR' => 14.865215,
  'SDG' => 658.311663,
  'SEK' => 11.356889,
  'SGD' => 1.428476,
  'SHP' => 0.83744,
  'SLL' => 22950.068844,
  'SOS' => 624.930938,
  'SRD' => 34.963846,
  'SSP' => 142.563054,
  'STD' => 24386.315552,
  'SVC' => 9.582702,
  'SYP' => 2749.838407,
  'SZL' => 19.04343,
  'THB' => 36.228448,
  'TJS' => 11.673886,
  'TMT' => 3.84152,
  'TND' => 3.361056,
  'TOP' => 2.58334,
  'TRY' => 37.512273,
  'TTD' => 7.433357,
  'TWD' => 35.181093,
  'TZS' => 2984.089867,
  'UAH' => 45.095986,
  'UGX' => 4024.726887,
  'USD' => 1.09445,
  'UYU' => 45.684905,
  'UZS' => 13998.015237,
  'VND' => 27164.323312,
  'VUV' => 129.93529,
  'WST' => 3.06446,
  'XAF' => 655.957,
  'XAG' => 0.034705,
  'XAU' => 0.000412,
  'XCD' => 2.957806,
  'XDR' => 0.814657,
  'XOF' => 655.957,
  'XPD' => 0.00103,
  'XPF' => 119.331742,
  'XPT' => 0.001112,
  'YER' => 273.995625,
  'ZAR' => 19.139101,
  'ZMW' => 28.938113,
  'ZWL' => 352.412893,
)
2024-10-13T17:06:18+00:00 INFO ENVIRONMENT: array (
  'WP_User' => 'Guest (non logged-in user)',
  'HTTP_REFERER' => '--',
  'HTTP_USER_AGENT' => 'Mozilla/5.0 (Windows NT 10.0; Win64; x64) AppleWebKit/537.36 (KHTML, like Gecko) Chrome/64.0.3282.140 Safari/537.36',
  'REQUEST_URI' => '/wp-login.php',
  'DOING_AJAX' => false,
  'DOING_CRON' => false,
  'WP_CLI' => false,
)
2024-10-13T17:06:18+00:00 INFO REQUEST GET https://public-api.wordpress.com/wpcom/v2/sites/%s/wcpay/currency/rates?test_mode=1&currency_from=eur
2024-10-13T17:06:18+00:00 INFO HEADERS: array (
  'Content-Type' => 'application/json; charset=utf-8',
  'User-Agent' => 'WooCommerce Payments/7.4.0',
)
2024-10-13T17:06:18+00:00 INFO RESPONSE: array (
  'AED' => 4.019915,
  'AFN' => 73.875373,
  'ALL' => 98.883556,
  'AMD' => 423.738199,
  'ANG' => 1.973686,
  'AOA' => 1000.874506,
  'ARS' => 1065.474009,
  'AUD' => 1.622128,
  'AWG' => 1.970557,
  'AZN' => 1.860565,
  'BAM' => 1.9586,
  'BBD' => 2.1889,
  'BDT' => 130.867164,
  'BGN' => 1.957292,
  'BHD' => 0.412501,
  'BIF' => 3166.791016,
  'BMD' => 1.09445,
  'BND' => 1.430432,
  'BOB' => 7.594791,
  'BRL' => 6.141287,
  'BSD' => 1.09445,
  'BTC' => 1.8E-5,
  'BTN' => 92.03542,
  'BWP' => 14.53325,
  'BYN' => 3.583777,
  'BZD' => 2.207376,
  'CAD' => 1.507222,
  'CDF' => 3148.185366,
  'CHF' => 0.938184,
  'CLF' => 0.036756,
  'CLP' => 1014.204907,
  'CNH' => 7.737433,
  'CNY' => 7.733602,
  'COP' => 4593.188451,
  'CRC' => 565.703602,
  'CUC' => 1.09445,
  'CUP' => 28.182087,
  'CVE' => 110.856838,
  'CZK' => 25.310907,
  'DJF' => 194.264871,
  'DKK' => 7.466009,
  'DOP' => 66.110251,
  'DZD' => 145.491526,
  'EGP' => 53.099735,
  'ERN' => 16.41675,
  'ETB' => 132.858293,
  'EUR' => 1,
  'FJD' => 2.430555,
  'FKP' => 0.83744,
  'GBP' => 0.83744,
  'GEL' => 2.982376,
  'GGP' => 0.83744,
  'GHS' => 17.461949,
  'GIP' => 0.83744,
  'GMD' => 74.969824,
  'GNF' => 9451.670022,
  'GTQ' => 8.467722,
  'GYD' => 229.115553,
  'HKD' => 8.503767,
  'HNL' => 27.175193,
  'HRK' => 7.539699,
  'HTG' => 144.284998,
  'HUF' => 401.542753,
  'IDR' => 17039.655897,
  'ILS' => 4.114661,
  'IMP' => 0.83744,
  'INR' => 92.090949,
  'IQD' => 1433.182248,
  'IRR' => 46079.080259,
  'ISK' => 149.55659,
  'JEP' => 0.83744,
  'JMD' => 173.377893,
  'JOD' => 0.775418,
  'JPY' => 163.242687,
  'KES' => 141.184047,
  'KGS' => 93.575473,
  'KHR' => 4448.939166,
  'KMF' => 491.955471,
  'KPW' => 985.004981,
  'KRW' => 1476.763246,
  'KWD' => 0.335482,
  'KYD' => 0.912572,
  'KZT' => 530.216181,
  'LAK' => 23946.56555,
  'LBP' => 98007.995659,
  'LKR' => 320.558463,
  'LRD' => 211.009972,
  'LSL' => 19.14193,
  'LYD' => 5.247888,
  'MAD' => 10.72944,
  'MDL' => 19.227964,
  'MGA' => 5018.053156,
  'MKD' => 61.698223,
  'MMK' => 2296.156057,
  'MNT' => 3718.94103,
  'MOP' => 8.765254,
  'MUR' => 50.454145,
  'MVR' => 16.799807,
  'MWK' => 1899.965164,
  'MXN' => 21.098807,
  'MYR' => 4.692454,
  'MZN' => 69.935346,
  'NAD' => 19.14193,
  'NGN' => 1794.897966,
  'NIO' => 40.308593,
  'NOK' => 11.705799,
  'NPR' => 147.259901,
  'NZD' => 1.791977,
  'OMR' => 0.420758,
  'PAB' => 1.09445,
  'PEN' => 4.109222,
  'PGK' => 4.303651,
  'PHP' => 62.63537,
  'PKR' => 303.983482,
  'PLN' => 4.292739,
  'PYG' => 8547.028661,
  'QAR' => 3.985002,
  'RON' => 4.978106,
  'RSD' => 117.039057,
  'RUB' => 104.712964,
  'RWF' => 1482.979722,
  'SAR' => 4.109895,
  'SBD' => 9.045659,
  'SCR' => 14.865215,
  'SDG' => 658.311663,
  'SEK' => 11.356889,
  'SGD' => 1.428476,
  'SHP' => 0.83744,
  'SLL' => 22950.068844,
  'SOS' => 624.930938,
  'SRD' => 34.963846,
  'SSP' => 142.563054,
  'STD' => 24386.315552,
  'SVC' => 9.582702,
  'SYP' => 2749.838407,
  'SZL' => 19.04343,
  'THB' => 36.228448,
  'TJS' => 11.673886,
  'TMT' => 3.84152,
  'TND' => 3.361056,
  'TOP' => 2.58334,
  'TRY' => 37.512273,
  'TTD' => 7.433357,
  'TWD' => 35.181093,
  'TZS' => 2984.089867,
  'UAH' => 45.095986,
  'UGX' => 4024.726887,
  'USD' => 1.09445,
  'UYU' => 45.684905,
  'UZS' => 13998.015237,
  'VND' => 27164.323312,
  'VUV' => 129.93529,
  'WST' => 3.06446,
  'XAF' => 655.957,
  'XAG' => 0.034705,
  'XAU' => 0.000412,
  'XCD' => 2.957806,
  'XDR' => 0.814657,
  'XOF' => 655.957,
  'XPD' => 0.00103,
  'XPF' => 119.331742,
  'XPT' => 0.001112,
  'YER' => 273.995625,
  'ZAR' => 19.139101,
  'ZMW' => 28.938113,
  'ZWL' => 352.412893,
)
2024-10-13T17:51:45+00:00 INFO ENVIRONMENT: array (
  'WP_User' => 'Guest (non logged-in user)',
  'HTTP_REFERER' => '--',
  'HTTP_USER_AGENT' => 'Mozilla/5.0 (Windows NT 6.1) AppleWebKit/537.36 (KHTML, like Gecko) Chrome/65.0.3325.181 Safari/537.36',
  'REQUEST_URI' => '/wp-login.php',
  'DOING_AJAX' => false,
  'DOING_CRON' => false,
  'WP_CLI' => false,
)
2024-10-13T17:51:45+00:00 INFO REQUEST GET https://public-api.wordpress.com/wpcom/v2/sites/%s/wcpay/disputes?test_mode=1&pagesize=50&search%5B0%5D=warning_needs_response&search%5B1%5D=needs_response
2024-10-13T17:51:45+00:00 INFO HEADERS: array (
  'Content-Type' => 'application/json; charset=utf-8',
  'User-Agent' => 'WooCommerce Payments/7.4.0',
)
2024-10-13T17:51:45+00:00 INFO RESPONSE: array (
  'data' => 
  array (
  ),
)
2024-10-13T21:27:16+00:00 INFO ENVIRONMENT: array (
  'WP_User' => 'Guest (non logged-in user)',
  'HTTP_REFERER' => '--',
  'HTTP_USER_AGENT' => 'Mozilla/5.0 (Windows NT 6.1; Win64; x64) AppleWebKit/537.36 (KHTML, like Gecko) Chrome/67.0.3396.87 Safari/537.36',
  'REQUEST_URI' => '/wp-login.php',
  'DOING_AJAX' => false,
  'DOING_CRON' => false,
  'WP_CLI' => false,
)
2024-10-13T21:27:16+00:00 INFO REQUEST GET https://public-api.wordpress.com/wpcom/v2/sites/%s/wcpay/accounts?test_mode=true
2024-10-13T21:27:16+00:00 INFO HEADERS: array (
  'Content-Type' => 'application/json; charset=utf-8',
  'User-Agent' => 'WooCommerce Payments/7.4.0',
)
2024-10-13T21:27:19+00:00 INFO RESPONSE: array (
  'account_id' => 'acct_1OrB4iFy7FStQedj',
  'email' => '(redacted)',
  'live_publishable_key' => 'pk_live_iBIpeqzKOOx2Y8PFCRBfyMU000Q7xVG4Sn',
  'test_publishable_key' => 'pk_test_51ETDmyFuiXB5oUVxwSobQMW5Tno1GclIq7ePZWzLeW4q8oa7Zb8hI5VfwI5sNT5nXuKYinLukNvGCXmsQXAoDGHG00MqHqlYHR',
  'is_live' => false,
  'is_test_drive' => false,
  'created' => '2024-03-06 03:23:26',
  'has_pending_requirements' => true,
  'has_future_requirements' => false,
  'has_overdue_requirements' => false,
  'details_submitted' => true,
  'current_deadline' => 1711614200,
  'status' => 'restricted_soon',
  'capabilities' => 
  array (
    'card_payments' => 'active',
    'giropay_payments' => 'active',
    'klarna_payments' => 'active',
    'transfers' => 'active',
    'bancontact_payments' => 'unrequested',
    'bank_transfer_payments' => 'unrequested',
    'blik_payments' => 'unrequested',
    'cartes_bancaires_payments' => 'unrequested',
    'eps_payments' => 'unrequested',
    'ideal_payments' => 'unrequested',
    'klarna' => 'unrequested',
    'link_payments' => 'unrequested',
    'mobilepay_payments' => 'unrequested',
    'multibanco_payments' => 'unrequested',
    'p24_payments' => 'unrequested',
    'sepa_bank_transfer_payments' => 'unrequested',
    'sepa_debit_payments' => 'unrequested',
    'sofort_payments' => 'unrequested',
    'twint_payments' => 'unrequested',
  ),
  'capability_requirements' => 
  array (
    'bancontact_payments' => 
    array (
    ),
    'bank_transfer_payments' => 
    array (
    ),
    'blik_payments' => 
    array (
    ),
    'card_payments' => 
    array (
    ),
    'cartes_bancaires_payments' => 
    array (
    ),
    'eps_payments' => 
    array (
    ),
    'giropay_payments' => 
    array (
    ),
    'ideal_payments' => 
    array (
    ),
    'klarna' => 
    array (
      0 => 'email',
    ),
    'klarna_payments' => 
    array (
    ),
    'link_payments' => 
    array (
    ),
    'mobilepay_payments' => 
    array (
    ),
    'multibanco_payments' => 
    array (
    ),
    'p24_payments' => 
    array (
    ),
    'sepa_bank_transfer_payments' => 
    array (
    ),
    'sepa_debit_payments' => 
    array (
    ),
    'sofort_payments' => 
    array (
    ),
    'transfers' => 
    array (
    ),
    'twint_payments' => 
    array (
    ),
  ),
  'payments_enabled' => true,
  'deposits' => 
  array (
    'status' => 'enabled',
    'restrictions' => 'deposits_unrestricted',
    'interval' => 'daily',
    'weekly_anchor' => '',
    'monthly_anchor' => NULL,
    'delay_days' => 7,
    'completed_waiting_period' => false,
    'minimum_manual_deposit_amounts' => 
    array (
      'aud' => 500,
      'bgn' => 100,
      'cad' => 500,
      'chf' => 500,
      'czk' => 3000,
      'dkk' => 5000,
      'eur' => 500,
      'gbp' => 500,
      'hkd' => 5000,
      'huf' => 36000,
      'nok' => 5000,
      'nzd' => 500,
      'jpy' => 50,
      'sek' => 5000,
      'sgd' => 500,
      'usd' => 500,
      'ron' => 500,
      'pln' => 500,
      'aed' => 200,
    ),
    'minimum_scheduled_deposit_amounts' => 
    array (
      'aed' => 200,
      'aud' => 0,
      'bgn' => 100,
      'cad' => 0,
      'chf' => 500,
      'czk' => 3000,
      'dkk' => 2000,
      'eur' => 100,
      'gbp' => 100,
      'hkd' => 0,
      'huf' => 36000,
      'jpy' => 1,
      'nok' => 2000,
      'nzd' => 0,
      'pln' => 500,
      'ron' => 500,
      'sek' => 2000,
      'sgd' => 100,
      'usd' => 0,
    ),
  ),
  'lifetime_total_payment_volume' => 424476,
  'requirements' => 
  array (
    'errors' => 
    array (
      0 => 
      array (
        'code' => 'verification_failed_keyed_identity',
        'detailed_code' => 'verification_failed_keyed_identity',
        'reason' => 'Name on the document doesn’t match the name provided for this account. Provide a matching document or update the name on this account.',
        'requirement' => 'individual.verification.document',
      ),
    ),
  ),
  'statement_descriptor' => 'PHN.PIXODEO.DEV',
  'statement_descriptor_kanji' => '',
  'statement_descriptor_kana' => '',
  'latest_tos_agreement' => 
  array (
    'date' => '2024-03-06 03:23:26',
    'source' => 'signup',
    'is_current_version' => true,
  ),
  'fees' => 
  array (
    'base' => 
    array (
      'percentage_rate' => 0.015,
      'fixed_rate' => 25,
      'currency' => 'eur',
    ),
    'discount' => 
    array (
    ),
    'card' => 
    array (
      'base' => 
      array (
        'percentage_rate' => 0.015,
        'fixed_rate' => 25,
        'currency' => 'eur',
      ),
      'additional' => 
      array (
        'percentage_rate' => 0.02,
        'fixed_rate' => 0,
        'currency' => 'eur',
      ),
      'fx' => 
      array (
        'percentage_rate' => 0.02,
        'fixed_rate' => 0,
        'currency' => 'eur',
      ),
      'discount' => 
      array (
      ),
    ),
    'bancontact' => 
    array (
      'base' => 
      array (
        'percentage_rate' => 0.014,
        'fixed_rate' => 25,
        'currency' => 'eur',
      ),
      'additional' => 
      array (
        'percentage_rate' => 0,
        'fixed_rate' => 0,
        'currency' => 'eur',
      ),
      'fx' => 
      array (
        'percentage_rate' => 0,
        'fixed_rate' => 0,
        'currency' => 'eur',
      ),
      'discount' => 
      array (
      ),
    ),
    'eps' => 
    array (
      'base' => 
      array (
        'percentage_rate' => 0.018,
        'fixed_rate' => 25,
        'currency' => 'eur',
      ),
      'additional' => 
      array (
        'percentage_rate' => 0,
        'fixed_rate' => 0,
        'currency' => 'eur',
      ),
      'fx' => 
      array (
        'percentage_rate' => 0,
        'fixed_rate' => 0,
        'currency' => 'eur',
      ),
      'discount' => 
      array (
      ),
    ),
    'ideal' => 
    array (
      'base' => 
      array (
        'percentage_rate' => 0,
        'fixed_rate' => 29,
        'currency' => 'eur',
      ),
      'additional' => 
      array (
        'percentage_rate' => 0,
        'fixed_rate' => 0,
        'currency' => 'eur',
      ),
      'fx' => 
      array (
        'percentage_rate' => 0,
        'fixed_rate' => 0,
        'currency' => 'eur',
      ),
      'discount' => 
      array (
      ),
    ),
    'giropay' => 
    array (
      'base' => 
      array (
        'percentage_rate' => 0.014,
        'fixed_rate' => 25,
        'currency' => 'eur',
      ),
      'additional' => 
      array (
        'percentage_rate' => 0,
        'fixed_rate' => 0,
        'currency' => 'eur',
      ),
      'fx' => 
      array (
        'percentage_rate' => 0,
        'fixed_rate' => 0,
        'currency' => 'eur',
      ),
      'discount' => 
      array (
      ),
    ),
    'p24' => 
    array (
      'base' => 
      array (
        'percentage_rate' => 0.022,
        'fixed_rate' => 25,
        'currency' => 'eur',
      ),
      'additional' => 
      array (
        'percentage_rate' => 0,
        'fixed_rate' => 0,
        'currency' => 'eur',
      ),
      'fx' => 
      array (
        'percentage_rate' => 0,
        'fixed_rate' => 0,
        'currency' => 'eur',
      ),
      'discount' => 
      array (
      ),
    ),
    'klarna' => 
    array (
      'base' => 
      array (
        'percentage_rate' => 0.0499,
        'fixed_rate' => 40,
        'currency' => 'eur',
      ),
      'additional' => 
      array (
        'percentage_rate' => 0,
        'fixed_rate' => 0,
        'currency' => 'eur',
      ),
      'fx' => 
      array (
        'percentage_rate' => 0,
        'fixed_rate' => 0,
        'currency' => 'eur',
      ),
      'discount' => 
      array (
      ),
    ),
  ),
  'capital' => 
  array (
    'has_active_loan' => false,
    'has_previous_loans' => false,
    'loans' => 
    array (
    ),
  ),
  'fraud_services' => 
  array (
    'stripe' => 
    array (
    ),
    'sift' => 
    array (
      'beacon_key' => 'affbdadb36',
      'sandbox_beacon_key' => '6ad0ad748b',
    ),
  ),
  'store_currencies' => 
  array (
    'default' => 'eur',
    'supported' => 
    array (
      0 => 'eur',
    ),
  ),
  'customer_currencies' => 
  array (
    'supported' => 
    array (
      0 => 'usd',
      1 => 'aed',
      2 => 'afn',
      3 => 'all',
      4 => 'amd',
      5 => 'ang',
      6 => 'aoa',
      7 => 'ars',
      8 => 'aud',
      9 => 'awg',
      10 => 'azn',
      11 => 'bam',
      12 => 'bbd',
      13 => 'bdt',
      14 => 'bgn',
      15 => 'bif',
      16 => 'bmd',
      17 => 'bnd',
      18 => 'bob',
      19 => 'brl',
      20 => 'bsd',
      21 => 'bwp',
      22 => 'byn',
      23 => 'bzd',
      24 => 'cad',
      25 => 'cdf',
      26 => 'chf',
      27 => 'clp',
      28 => 'cny',
      29 => 'cop',
      30 => 'crc',
      31 => 'cve',
      32 => 'czk',
      33 => 'djf',
      34 => 'dkk',
      35 => 'dop',
      36 => 'dzd',
      37 => 'egp',
      38 => 'etb',
      39 => 'eur',
      40 => 'fjd',
      41 => 'fkp',
      42 => 'gbp',
      43 => 'gel',
      44 => 'gip',
      45 => 'gmd',
      46 => 'gnf',
      47 => 'gtq',
      48 => 'gyd',
      49 => 'hkd',
      50 => 'hnl',
      51 => 'htg',
      52 => 'huf',
      53 => 'idr',
      54 => 'ils',
      55 => 'inr',
      56 => 'isk',
      57 => 'jmd',
      58 => 'jpy',
      59 => 'kes',
      60 => 'kgs',
      61 => 'khr',
      62 => 'kmf',
      63 => 'krw',
      64 => 'kyd',
      65 => 'kzt',
      66 => 'lak',
      67 => 'lbp',
      68 => 'lkr',
      69 => 'lrd',
      70 => 'lsl',
      71 => 'mad',
      72 => 'mdl',
      73 => 'mga',
      74 => 'mkd',
      75 => 'mmk',
      76 => 'mnt',
      77 => 'mop',
      78 => 'mur',
      79 => 'mvr',
      80 => 'mwk',
      81 => 'mxn',
      82 => 'myr',
      83 => 'mzn',
      84 => 'nad',
      85 => 'ngn',
      86 => 'nio',
      87 => 'nok',
      88 => 'npr',
      89 => 'nzd',
      90 => 'pab',
      91 => 'pen',
      92 => 'pgk',
      93 => 'php',
      94 => 'pkr',
      95 => 'pln',
      96 => 'pyg',
      97 => 'qar',
      98 => 'ron',
      99 => 'rsd',
      100 => 'rub',
      101 => 'rwf',
      102 => 'sar',
      103 => 'sbd',
      104 => 'scr',
      105 => 'sek',
      106 => 'sgd',
      107 => 'shp',
      108 => 'sle',
      109 => 'sos',
      110 => 'srd',
      111 => 'std',
      112 => 'szl',
      113 => 'thb',
      114 => 'tjs',
      115 => 'top',
      116 => 'try',
      117 => 'ttd',
      118 => 'twd',
      119 => 'tzs',
      120 => 'uah',
      121 => 'ugx',
      122 => 'uyu',
      123 => 'uzs',
      124 => 'vnd',
      125 => 'vuv',
      126 => 'wst',
      127 => 'xaf',
      128 => 'xcd',
      129 => 'xof',
      130 => 'xpf',
      131 => 'yer',
      132 => 'zar',
      133 => 'zmw',
    ),
  ),
  'country' => '(redacted)',
  'instant_deposits_eligible' => false,
  'card_present_eligible' => false,
  'has_card_readers_available' => false,
  'platform_checkout_eligible' => false,
  'platform_direct_checkout_eligible' => false,
  'platform_global_theme_support_enabled' => false,
  'business_profile' => 
  array (
    'name' => '(redacted)',
    'url' => 'https://phn.pixodeo.dev',
    'support_address' => 
    array (
    ),
    'support_email' => NULL,
    'support_phone' => NULL,
  ),
  'branding' => 
  array (
    'icon' => NULL,
    'logo' => NULL,
    'primary_color' => NULL,
    'secondary_color' => NULL,
  ),
  'locale' => 'en_US',
  'has_more_failed_events' => false,
  'has_submitted_vat_data' => false,
  'is_documents_enabled' => true,
  'card_testing_protection_eligible' => false,
  'progressive_onboarding' => 
  array (
    'is_enabled' => false,
    'is_complete' => false,
    'tpv' => NULL,
    'first_transaction_date' => NULL,
    'kyc_deadline_date' => NULL,
  ),
  'fraud_mitigation_settings' => 
  array (
    'avs_check_enabled' => false,
    'cvc_check_enabled' => true,
  ),
  'is_deferred_intent_creation_upe_enabled' => true,
  'pre_check_save_my_info' => false,
)
2024-10-13T21:27:19+00:00 INFO ENVIRONMENT: array (
  'WP_User' => 'Guest (non logged-in user)',
  'HTTP_REFERER' => '--',
  'HTTP_USER_AGENT' => 'Mozilla/5.0 (Windows NT 6.1; Win64; x64) AppleWebKit/537.36 (KHTML, like Gecko) Chrome/67.0.3396.87 Safari/537.36',
  'REQUEST_URI' => '/wp-login.php',
  'DOING_AJAX' => false,
  'DOING_CRON' => false,
  'WP_CLI' => false,
)
2024-10-13T21:27:19+00:00 INFO REQUEST POST https://public-api.wordpress.com/wpcom/v2/sites/%s/wcpay/compatibility
2024-10-13T21:27:19+00:00 INFO HEADERS: array (
  'Content-Type' => 'application/json; charset=utf-8',
  'User-Agent' => 'WooCommerce Payments/7.4.0',
  'Idempotency-Key' => 'c15507bd-313e-4f05-910d-e9abc7e59d0c',
)
2024-10-13T21:27:19+00:00 INFO BODY: array (
  'test_mode' => true,
  'compatibility_data' => 
  array (
    'woopayments_version' => '7.4.0',
    'woocommerce_version' => '8.7.0',
    'blog_theme' => 'grandconference-child',
    'active_plugins' => 
    array (
      0 => 'advanced-custom-fields-pro/acf.php',
      1 => 'contact-form-7/wp-contact-form-7.php',
      2 => 'contact-form-entries/contact-form-entries.php',
      3 => 'duplicate-post/duplicate-post.php',
      4 => 'elementor/elementor.php',
      5 => 'email-log/email-log.php',
      6 => 'extended-google-map-for-elementor/elementor-google-map-extended.php',
      7 => 'fooevents-calendar/fooevents-calendar.php',
      8 => 'fooevents/fooevents.php',
      9 => 'fooevents_bookings/fooevents-bookings.php',
      10 => 'fooevents_custom_attendee_fields/fooevents-custom-attendee-fields.php',
      11 => 'fooevents_pdf_tickets/fooevents-pdf-tickets.php',
      12 => 'grandconference-custom-post/grandconference-custom-post.php',
      13 => 'grandconference-elementor/grandconference-elementor.php',
      14 => 'loco-translate/loco.php',
      15 => 'loftloader/loftloader.php',
      16 => 'mailchimp-for-wp/mailchimp-for-wp.php',
      17 => 'revslider/revslider.php',
      18 => 'shortcode-elementor/elementor-shortcode.php',
      19 => 'smtp-mailer/main.php',
      20 => 'the-events-calendar/the-events-calendar.php',
      22 => 'woo-systempay-payment/woo-systempay-payment.php',
      23 => 'woocommerce-gateway-stripe/woocommerce-gateway-stripe.php',
      24 => 'woocommerce-payments/woocommerce-payments.php',
      25 => 'woocommerce/woocommerce.php',
    ),
    'post_types_count' => 
    array (
      'post' => 15,
      'page' => 33,
      'attachment' => 0,
      'e-landing-page' => 0,
      'elementor_library' => 4,
      'product' => 30,
      'event_magic_tickets' => 210,
      'header' => 10,
      'footer' => 7,
      'megamenu' => 3,
      'fullmenu' => 1,
      'galleries' => 1,
      'rs_elements' => 0,
      'tribe_events' => 2,
    ),
  ),
)
2024-10-13T21:27:20+00:00 INFO RESPONSE: array (
  'result' => 'success',
)
2024-10-13T23:41:39+00:00 INFO ENVIRONMENT: array (
  'WP_User' => 'Guest (non logged-in user)',
  'HTTP_REFERER' => '--',
  'HTTP_USER_AGENT' => 'Mozilla/5.0 (Windows NT 6.1) AppleWebKit/537.36 (KHTML, like Gecko) Chrome/58.0.3029.110 Safari/537.36',
  'REQUEST_URI' => '/wp-login.php',
  'DOING_AJAX' => false,
  'DOING_CRON' => false,
  'WP_CLI' => false,
)
2024-10-13T23:41:39+00:00 INFO REQUEST GET https://public-api.wordpress.com/wpcom/v2/sites/%s/wcpay/currency/rates?test_mode=1&currency_from=eur
2024-10-13T23:41:39+00:00 INFO HEADERS: array (
  'Content-Type' => 'application/json; charset=utf-8',
  'User-Agent' => 'WooCommerce Payments/7.4.0',
)
2024-10-13T23:41:40+00:00 INFO RESPONSE: array (
  'AED' => 4.019217,
  'AFN' => 73.904318,
  'ALL' => 98.856375,
  'AMD' => 423.403799,
  'ANG' => 1.973338,
  'AOA' => 998.728745,
  'ARS' => 1065.669262,
  'AUD' => 1.621257,
  'AWG' => 1.97021,
  'AZN' => 1.860237,
  'BAM' => 1.958255,
  'BBD' => 2.188514,
  'BDT' => 130.844091,
  'BGN' => 1.955576,
  'BHD' => 0.412447,
  'BIF' => 3204.573524,
  'BMD' => 1.094257,
  'BND' => 1.43018,
  'BOB' => 7.593452,
  'BRL' => 6.141109,
  'BSD' => 1.094257,
  'BTC' => 1.7E-5,
  'BTN' => 92.019194,
  'BWP' => 14.530688,
  'BYN' => 3.583146,
  'BZD' => 2.206987,
  'CAD' => 1.506436,
  'CDF' => 3134.640278,
  'CHF' => 0.938044,
  'CLF' => 0.036749,
  'CLP' => 1013.70041,
  'CNH' => 7.735963,
  'CNY' => 7.732239,
  'COP' => 4600.73391,
  'CRC' => 565.603863,
  'CUC' => 1.094257,
  'CUP' => 28.177118,
  'CVE' => 110.576977,
  'CZK' => 25.31124,
  'DJF' => 194.517729,
  'DKK' => 7.464706,
  'DOP' => 65.991939,
  'DZD' => 145.503573,
  'EGP' => 53.112581,
  'ERN' => 16.413855,
  'ETB' => 131.802634,
  'EUR' => 1,
  'FJD' => 2.430126,
  'FKP' => 0.837348,
  'GBP' => 0.837348,
  'GEL' => 2.98185,
  'GGP' => 0.837348,
  'GHS' => 17.465395,
  'GIP' => 0.837348,
  'GMD' => 74.956606,
  'GNF' => 9448.062917,
  'GTQ' => 8.466229,
  'GYD' => 229.075158,
  'HKD' => 8.502465,
  'HNL' => 27.183227,
  'HRK' => 7.538369,
  'HTG' => 144.259559,
  'HUF' => 401.39316,
  'IDR' => 17038.29559,
  'ILS' => 4.113946,
  'IMP' => 0.837348,
  'INR' => 92.048619,
  'IQD' => 1433.786506,
  'IRR' => 46070.956099,
  'ISK' => 149.481792,
  'JEP' => 0.837348,
  'JMD' => 173.347324,
  'JOD' => 0.775281,
  'JPY' => 163.195217,
  'KES' => 141.198132,
  'KGS' => 93.558975,
  'KHR' => 4448.330992,
  'KMF' => 491.868735,
  'KPW' => 984.831316,
  'KRW' => 1476.452531,
  'KWD' => 0.33526,
  'KYD' => 0.912411,
  'KZT' => 530.122699,
  'LAK' => 23981.529264,
  'LBP' => 98048.841695,
  'LKR' => 320.501946,
  'LRD' => 211.043209,
  'LSL' => 19.135456,
  'LYD' => 5.243699,
  'MAD' => 10.733377,
  'MDL' => 19.284544,
  'MGA' => 5025.579518,
  'MKD' => 61.687345,
  'MMK' => 2295.751224,
  'MNT' => 3718.285347,
  'MOP' => 8.763708,
  'MUR' => 50.445249,
  'MVR' => 16.796845,
  'MWK' => 1899.047116,
  'MXN' => 21.098079,
  'MYR' => 4.691627,
  'MZN' => 69.923016,
  'NAD' => 19.135141,
  'NGN' => 1781.207949,
  'NIO' => 40.294463,
  'NOK' => 11.701561,
  'NPR' => 147.233938,
  'NZD' => 1.791283,
  'OMR' => 0.420794,
  'PAB' => 1.094257,
  'PEN' => 4.090582,
  'PGK' => 4.304997,
  'PHP' => 62.631805,
  'PKR' => 303.93617,
  'PLN' => 4.292635,
  'PYG' => 8545.521743,
  'QAR' => 3.985813,
  'RON' => 4.977337,
  'RSD' => 116.998222,
  'RUB' => 104.741512,
  'RWF' => 1477.664959,
  'SAR' => 4.106677,
  'SBD' => 9.044064,
  'SCR' => 14.862454,
  'SDG' => 658.195596,
  'SEK' => 11.352067,
  'SGD' => 1.428018,
  'SHP' => 0.837348,
  'SLL' => 22946.022538,
  'SOS' => 625.383701,
  'SRD' => 34.957682,
  'SSP' => 142.537919,
  'STD' => 24382.016023,
  'SVC' => 9.581013,
  'SYP' => 2749.353585,
  'SZL' => 19.091745,
  'THB' => 36.280498,
  'TJS' => 11.671828,
  'TMT' => 3.840842,
  'TND' => 3.362516,
  'TOP' => 2.582884,
  'TRY' => 37.511014,
  'TTD' => 7.432047,
  'TWD' => 35.177317,
  'TZS' => 2982.707059,
  'UAH' => 45.088035,
  'UGX' => 4024.017291,
  'USD' => 1.094257,
  'UYU' => 45.743188,
  'UZS' => 13986.578054,
  'VND' => 27159.489109,
  'VUV' => 129.912382,
  'WST' => 3.06392,
  'XAF' => 655.957,
  'XAG' => 0.034698,
  'XAU' => 0.000412,
  'XCD' => 2.957284,
  'XDR' => 0.814514,
  'XOF' => 655.957,
  'XPD' => 0.00103,
  'XPF' => 119.331742,
  'XPT' => 0.001112,
  'YER' => 273.947317,
  'ZAR' => 19.059022,
  'ZMW' => 28.933011,
  'ZWL' => 352.35076,
)
