2024-09-27T03:22:42+00:00 INFO ENVIRONMENT: array (
  'WP_User' => 'Guest (non logged-in user)',
  'HTTP_REFERER' => '--',
  'HTTP_USER_AGENT' => 'Mozilla/5.0 (Linux; Android 12; Pixel 6) AppleWebKit/537.36 (KHTML, like Gecko) Chrome/114.0.0.0 Mobile Safari/537.36',
  'REQUEST_URI' => '/',
  'DOING_AJAX' => false,
  'DOING_CRON' => false,
  'WP_CLI' => false,
)
2024-09-27T03:22:42+00:00 INFO REQUEST GET https://public-api.wordpress.com/wpcom/v2/sites/%s/wcpay/currency/rates?test_mode=1&currency_from=eur
2024-09-27T03:22:42+00:00 INFO HEADERS: array (
  'Content-Type' => 'application/json; charset=utf-8',
  'User-Agent' => 'WooCommerce Payments/7.4.0',
)
2024-09-27T03:22:42+00:00 INFO RESPONSE: array (
  'AED' => 4.102381,
  'AFN' => 76.340127,
  'ALL' => 98.898388,
  'AMD' => 431.100856,
  'ANG' => 2.010203,
  'AOA' => 1043.948432,
  'ARS' => 1080.299194,
  'AUD' => 1.624123,
  'AWG' => 2.013216,
  'AZN' => 1.898733,
  'BAM' => 1.955786,
  'BBD' => 2.233804,
  'BDT' => 133.289002,
  'BGN' => 1.955885,
  'BHD' => 0.420988,
  'BIF' => 3234.464106,
  'BMD' => 1.116902,
  'BND' => 1.43329,
  'BOB' => 7.706875,
  'BRL' => 6.074047,
  'BSD' => 1.116902,
  'BTC' => 1.7E-5,
  'BTN' => 93.360434,
  'BWP' => 14.589894,
  'BYN' => 3.64964,
  'BZD' => 2.248263,
  'CAD' => 1.506371,
  'CDF' => 3174.385642,
  'CHF' => 0.94586,
  'CLF' => 0.036669,
  'CLP' => 1011.80139,
  'CNH' => 7.817534,
  'CNY' => 7.83395,
  'COP' => 4680.421424,
  'CRC' => 585.601033,
  'CUC' => 1.116902,
  'CUP' => 28.760223,
  'CVE' => 110.265205,
  'CZK' => 25.140503,
  'DJF' => 198.616764,
  'DKK' => 7.456989,
  'DOP' => 67.080105,
  'DZD' => 147.830646,
  'EGP' => 54.023202,
  'ERN' => 16.753528,
  'ETB' => 133.267343,
  'EUR' => 1,
  'FJD' => 2.44568,
  'FKP' => 0.833923,
  'GBP' => 0.833923,
  'GEL' => 3.043557,
  'GGP' => 0.833923,
  'GHS' => 17.596871,
  'GIP' => 0.833923,
  'GMD' => 76.507777,
  'GNF' => 9633.030172,
  'GTQ' => 8.622014,
  'GYD' => 233.358301,
  'HKD' => 8.691724,
  'HNL' => 27.709045,
  'HRK' => 7.534471,
  'HTG' => 147.340249,
  'HUF' => 396.148193,
  'IDR' => 16917.168198,
  'ILS' => 4.122739,
  'IMP' => 0.833923,
  'INR' => 93.404097,
  'IQD' => 1461.154756,
  'IRR' => 47027.152602,
  'ISK' => 150.692398,
  'JEP' => 0.833923,
  'JMD' => 175.13025,
  'JOD' => 0.791548,
  'JPY' => 162.055758,
  'KES' => 143.890466,
  'KGS' => 94.043136,
  'KHR' => 4531.984596,
  'KMF' => 493.810277,
  'KPW' => 1005.211669,
  'KRW' => 1472.58394,
  'KWD' => 0.34089,
  'KYD' => 0.929472,
  'KZT' => 534.214025,
  'LAK' => 24630.310127,
  'LBP' => 99869.807149,
  'LKR' => 334.334684,
  'LRD' => 216.388426,
  'LSL' => 19.179389,
  'LYD' => 5.279914,
  'MAD' => 10.788221,
  'MDL' => 19.424685,
  'MGA' => 5047.024931,
  'MKD' => 61.523176,
  'MMK' => 2343.260092,
  'MNT' => 3795.232503,
  'MOP' => 8.938335,
  'MUR' => 51.142938,
  'MVR' => 17.144443,
  'MWK' => 1934.103819,
  'MXN' => 21.927215,
  'MYR' => 4.610012,
  'MZN' => 71.370014,
  'NAD' => 19.179131,
  'NGN' => 1845.311738,
  'NIO' => 41.049148,
  'NOK' => 11.790139,
  'NPR' => 149.37723,
  'NZD' => 1.771061,
  'OMR' => 0.429957,
  'PAB' => 1.116902,
  'PEN' => 4.183969,
  'PGK' => 4.433007,
  'PHP' => 62.412477,
  'PKR' => 309.74431,
  'PLN' => 4.275195,
  'PYG' => 8711.803186,
  'QAR' => 4.065607,
  'RON' => 4.975463,
  'RSD' => 117.074602,
  'RUB' => 103.144555,
  'RWF' => 1507.602177,
  'SAR' => 4.189532,
  'SBD' => 9.273319,
  'SCR' => 15.027554,
  'SDG' => 671.816466,
  'SEK' => 11.328474,
  'SGD' => 1.435018,
  'SHP' => 0.833923,
  'SLL' => 23420.873447,
  'SOS' => 637.501046,
  'SRD' => 34.114092,
  'SSP' => 145.487636,
  'STD' => 24886.583751,
  'SVC' => 9.75971,
  'SYP' => 2806.249418,
  'SZL' => 19.17086,
  'THB' => 36.198789,
  'TJS' => 11.861948,
  'TMT' => 3.920326,
  'TND' => 3.390906,
  'TOP' => 2.61498,
  'TRY' => 38.17347,
  'TTD' => 7.571013,
  'TWD' => 35.419612,
  'TZS' => 3045.021408,
  'UAH' => 45.921478,
  'UGX' => 4118.953958,
  'USD' => 1.116902,
  'UYU' => 46.836722,
  'UZS' => 14229.92071,
  'VND' => 27486.206648,
  'VUV' => 132.600822,
  'WST' => 3.127325,
  'XAF' => 655.957,
  'XAG' => 0.035137,
  'XAU' => 0.000418,
  'XCD' => 3.018483,
  'XDR' => 0.825201,
  'XOF' => 655.957,
  'XPD' => 0.001084,
  'XPF' => 119.331742,
  'XPT' => 0.001117,
  'YER' => 279.616336,
  'ZAR' => 19.261743,
  'ZMW' => 29.362522,
  'ZWL' => 359.642397,
)
2024-09-27T03:50:24+00:00 INFO ENVIRONMENT: array (
  'WP_User' => 'pixodeo',
  'HTTP_REFERER' => '--',
  'HTTP_USER_AGENT' => 'Mozilla/5.0 (Windows NT 10.0; Win64; x64) AppleWebKit/537.36 (KHTML, like Gecko) Chrome/129.0.0.0 Safari/537.36',
  'REQUEST_URI' => '/wp-admin/',
  'DOING_AJAX' => false,
  'DOING_CRON' => false,
  'WP_CLI' => false,
)
2024-09-27T03:50:24+00:00 INFO REQUEST GET https://public-api.wordpress.com/wpcom/v2/sites/%s/wcpay/accounts?test_mode=true
2024-09-27T03:50:24+00:00 INFO HEADERS: array (
  'Content-Type' => 'application/json; charset=utf-8',
  'User-Agent' => 'WooCommerce Payments/7.4.0',
)
2024-09-27T03:50:27+00:00 INFO RESPONSE: array (
  'account_id' => 'acct_1OrB4iFy7FStQedj',
  'email' => '(redacted)',
  'live_publishable_key' => 'pk_live_iBIpeqzKOOx2Y8PFCRBfyMU000Q7xVG4Sn',
  'test_publishable_key' => 'pk_test_51ETDmyFuiXB5oUVxwSobQMW5Tno1GclIq7ePZWzLeW4q8oa7Zb8hI5VfwI5sNT5nXuKYinLukNvGCXmsQXAoDGHG00MqHqlYHR',
  'is_live' => false,
  'is_test_drive' => false,
  'created' => '2024-03-06 03:23:26',
  'has_pending_requirements' => true,
  'has_future_requirements' => false,
  'has_overdue_requirements' => false,
  'details_submitted' => true,
  'current_deadline' => 1711614200,
  'status' => 'restricted_soon',
  'capabilities' => 
  array (
    'card_payments' => 'active',
    'giropay_payments' => 'active',
    'klarna_payments' => 'active',
    'transfers' => 'active',
    'bancontact_payments' => 'unrequested',
    'bank_transfer_payments' => 'unrequested',
    'blik_payments' => 'unrequested',
    'cartes_bancaires_payments' => 'unrequested',
    'eps_payments' => 'unrequested',
    'ideal_payments' => 'unrequested',
    'klarna' => 'unrequested',
    'link_payments' => 'unrequested',
    'mobilepay_payments' => 'unrequested',
    'multibanco_payments' => 'unrequested',
    'p24_payments' => 'unrequested',
    'sepa_bank_transfer_payments' => 'unrequested',
    'sepa_debit_payments' => 'unrequested',
    'sofort_payments' => 'unrequested',
    'twint_payments' => 'unrequested',
  ),
  'capability_requirements' => 
  array (
    'bancontact_payments' => 
    array (
    ),
    'bank_transfer_payments' => 
    array (
    ),
    'blik_payments' => 
    array (
    ),
    'card_payments' => 
    array (
    ),
    'cartes_bancaires_payments' => 
    array (
    ),
    'eps_payments' => 
    array (
    ),
    'giropay_payments' => 
    array (
    ),
    'ideal_payments' => 
    array (
    ),
    'klarna' => 
    array (
      0 => 'email',
    ),
    'klarna_payments' => 
    array (
    ),
    'link_payments' => 
    array (
    ),
    'mobilepay_payments' => 
    array (
    ),
    'multibanco_payments' => 
    array (
    ),
    'p24_payments' => 
    array (
    ),
    'sepa_bank_transfer_payments' => 
    array (
    ),
    'sepa_debit_payments' => 
    array (
    ),
    'sofort_payments' => 
    array (
    ),
    'transfers' => 
    array (
    ),
    'twint_payments' => 
    array (
    ),
  ),
  'payments_enabled' => true,
  'deposits' => 
  array (
    'status' => 'enabled',
    'restrictions' => 'deposits_unrestricted',
    'interval' => 'daily',
    'weekly_anchor' => '',
    'monthly_anchor' => NULL,
    'delay_days' => 7,
    'completed_waiting_period' => false,
    'minimum_manual_deposit_amounts' => 
    array (
      'aud' => 500,
      'bgn' => 100,
      'cad' => 500,
      'chf' => 500,
      'czk' => 3000,
      'dkk' => 5000,
      'eur' => 500,
      'gbp' => 500,
      'hkd' => 5000,
      'huf' => 36000,
      'nok' => 5000,
      'nzd' => 500,
      'jpy' => 50,
      'sek' => 5000,
      'sgd' => 500,
      'usd' => 500,
      'ron' => 500,
      'pln' => 500,
      'aed' => 200,
    ),
    'minimum_scheduled_deposit_amounts' => 
    array (
      'aed' => 200,
      'aud' => 0,
      'bgn' => 100,
      'cad' => 0,
      'chf' => 500,
      'czk' => 3000,
      'dkk' => 2000,
      'eur' => 100,
      'gbp' => 100,
      'hkd' => 0,
      'huf' => 36000,
      'jpy' => 1,
      'nok' => 2000,
      'nzd' => 0,
      'pln' => 500,
      'ron' => 500,
      'sek' => 2000,
      'sgd' => 100,
      'usd' => 0,
    ),
  ),
  'lifetime_total_payment_volume' => 424476,
  'requirements' => 
  array (
    'errors' => 
    array (
      0 => 
      array (
        'code' => 'verification_failed_keyed_identity',
        'detailed_code' => 'verification_failed_keyed_identity',
        'reason' => 'Name on the document doesn’t match the name provided for this account. Provide a matching document or update the name on this account.',
        'requirement' => 'individual.verification.document',
      ),
    ),
  ),
  'statement_descriptor' => 'PHN.PIXODEO.DEV',
  'statement_descriptor_kanji' => '',
  'statement_descriptor_kana' => '',
  'latest_tos_agreement' => 
  array (
    'date' => '2024-03-06 03:23:26',
    'source' => 'signup',
    'is_current_version' => true,
  ),
  'fees' => 
  array (
    'base' => 
    array (
      'percentage_rate' => 0.015,
      'fixed_rate' => 25,
      'currency' => 'eur',
    ),
    'discount' => 
    array (
    ),
    'card' => 
    array (
      'base' => 
      array (
        'percentage_rate' => 0.015,
        'fixed_rate' => 25,
        'currency' => 'eur',
      ),
      'additional' => 
      array (
        'percentage_rate' => 0.02,
        'fixed_rate' => 0,
        'currency' => 'eur',
      ),
      'fx' => 
      array (
        'percentage_rate' => 0.02,
        'fixed_rate' => 0,
        'currency' => 'eur',
      ),
      'discount' => 
      array (
      ),
    ),
    'bancontact' => 
    array (
      'base' => 
      array (
        'percentage_rate' => 0.014,
        'fixed_rate' => 25,
        'currency' => 'eur',
      ),
      'additional' => 
      array (
        'percentage_rate' => 0,
        'fixed_rate' => 0,
        'currency' => 'eur',
      ),
      'fx' => 
      array (
        'percentage_rate' => 0,
        'fixed_rate' => 0,
        'currency' => 'eur',
      ),
      'discount' => 
      array (
      ),
    ),
    'eps' => 
    array (
      'base' => 
      array (
        'percentage_rate' => 0.018,
        'fixed_rate' => 25,
        'currency' => 'eur',
      ),
      'additional' => 
      array (
        'percentage_rate' => 0,
        'fixed_rate' => 0,
        'currency' => 'eur',
      ),
      'fx' => 
      array (
        'percentage_rate' => 0,
        'fixed_rate' => 0,
        'currency' => 'eur',
      ),
      'discount' => 
      array (
      ),
    ),
    'ideal' => 
    array (
      'base' => 
      array (
        'percentage_rate' => 0,
        'fixed_rate' => 29,
        'currency' => 'eur',
      ),
      'additional' => 
      array (
        'percentage_rate' => 0,
        'fixed_rate' => 0,
        'currency' => 'eur',
      ),
      'fx' => 
      array (
        'percentage_rate' => 0,
        'fixed_rate' => 0,
        'currency' => 'eur',
      ),
      'discount' => 
      array (
      ),
    ),
    'giropay' => 
    array (
      'base' => 
      array (
        'percentage_rate' => 0.014,
        'fixed_rate' => 25,
        'currency' => 'eur',
      ),
      'additional' => 
      array (
        'percentage_rate' => 0,
        'fixed_rate' => 0,
        'currency' => 'eur',
      ),
      'fx' => 
      array (
        'percentage_rate' => 0,
        'fixed_rate' => 0,
        'currency' => 'eur',
      ),
      'discount' => 
      array (
      ),
    ),
    'p24' => 
    array (
      'base' => 
      array (
        'percentage_rate' => 0.022,
        'fixed_rate' => 25,
        'currency' => 'eur',
      ),
      'additional' => 
      array (
        'percentage_rate' => 0,
        'fixed_rate' => 0,
        'currency' => 'eur',
      ),
      'fx' => 
      array (
        'percentage_rate' => 0,
        'fixed_rate' => 0,
        'currency' => 'eur',
      ),
      'discount' => 
      array (
      ),
    ),
  ),
  'capital' => 
  array (
    'has_active_loan' => false,
    'has_previous_loans' => false,
    'loans' => 
    array (
    ),
  ),
  'fraud_services' => 
  array (
    'stripe' => 
    array (
    ),
    'sift' => 
    array (
      'beacon_key' => 'affbdadb36',
      'sandbox_beacon_key' => '6ad0ad748b',
    ),
  ),
  'store_currencies' => 
  array (
    'default' => 'eur',
    'supported' => 
    array (
      0 => 'eur',
    ),
  ),
  'customer_currencies' => 
  array (
    'supported' => 
    array (
      0 => 'usd',
      1 => 'aed',
      2 => 'afn',
      3 => 'all',
      4 => 'amd',
      5 => 'ang',
      6 => 'aoa',
      7 => 'ars',
      8 => 'aud',
      9 => 'awg',
      10 => 'azn',
      11 => 'bam',
      12 => 'bbd',
      13 => 'bdt',
      14 => 'bgn',
      15 => 'bif',
      16 => 'bmd',
      17 => 'bnd',
      18 => 'bob',
      19 => 'brl',
      20 => 'bsd',
      21 => 'bwp',
      22 => 'byn',
      23 => 'bzd',
      24 => 'cad',
      25 => 'cdf',
      26 => 'chf',
      27 => 'clp',
      28 => 'cny',
      29 => 'cop',
      30 => 'crc',
      31 => 'cve',
      32 => 'czk',
      33 => 'djf',
      34 => 'dkk',
      35 => 'dop',
      36 => 'dzd',
      37 => 'egp',
      38 => 'etb',
      39 => 'eur',
      40 => 'fjd',
      41 => 'fkp',
      42 => 'gbp',
      43 => 'gel',
      44 => 'gip',
      45 => 'gmd',
      46 => 'gnf',
      47 => 'gtq',
      48 => 'gyd',
      49 => 'hkd',
      50 => 'hnl',
      51 => 'htg',
      52 => 'huf',
      53 => 'idr',
      54 => 'ils',
      55 => 'inr',
      56 => 'isk',
      57 => 'jmd',
      58 => 'jpy',
      59 => 'kes',
      60 => 'kgs',
      61 => 'khr',
      62 => 'kmf',
      63 => 'krw',
      64 => 'kyd',
      65 => 'kzt',
      66 => 'lak',
      67 => 'lbp',
      68 => 'lkr',
      69 => 'lrd',
      70 => 'lsl',
      71 => 'mad',
      72 => 'mdl',
      73 => 'mga',
      74 => 'mkd',
      75 => 'mmk',
      76 => 'mnt',
      77 => 'mop',
      78 => 'mur',
      79 => 'mvr',
      80 => 'mwk',
      81 => 'mxn',
      82 => 'myr',
      83 => 'mzn',
      84 => 'nad',
      85 => 'ngn',
      86 => 'nio',
      87 => 'nok',
      88 => 'npr',
      89 => 'nzd',
      90 => 'pab',
      91 => 'pen',
      92 => 'pgk',
      93 => 'php',
      94 => 'pkr',
      95 => 'pln',
      96 => 'pyg',
      97 => 'qar',
      98 => 'ron',
      99 => 'rsd',
      100 => 'rub',
      101 => 'rwf',
      102 => 'sar',
      103 => 'sbd',
      104 => 'scr',
      105 => 'sek',
      106 => 'sgd',
      107 => 'shp',
      108 => 'sle',
      109 => 'sos',
      110 => 'srd',
      111 => 'std',
      112 => 'szl',
      113 => 'thb',
      114 => 'tjs',
      115 => 'top',
      116 => 'try',
      117 => 'ttd',
      118 => 'twd',
      119 => 'tzs',
      120 => 'uah',
      121 => 'ugx',
      122 => 'uyu',
      123 => 'uzs',
      124 => 'vnd',
      125 => 'vuv',
      126 => 'wst',
      127 => 'xaf',
      128 => 'xcd',
      129 => 'xof',
      130 => 'xpf',
      131 => 'yer',
      132 => 'zar',
      133 => 'zmw',
    ),
  ),
  'country' => '(redacted)',
  'instant_deposits_eligible' => false,
  'card_present_eligible' => false,
  'has_card_readers_available' => false,
  'platform_checkout_eligible' => false,
  'platform_direct_checkout_eligible' => false,
  'platform_global_theme_support_enabled' => false,
  'business_profile' => 
  array (
    'name' => '(redacted)',
    'url' => 'https://phn.pixodeo.dev',
    'support_address' => 
    array (
    ),
    'support_email' => NULL,
    'support_phone' => NULL,
  ),
  'branding' => 
  array (
    'icon' => NULL,
    'logo' => NULL,
    'primary_color' => NULL,
    'secondary_color' => NULL,
  ),
  'locale' => 'en_US',
  'has_more_failed_events' => false,
  'has_submitted_vat_data' => false,
  'is_documents_enabled' => true,
  'card_testing_protection_eligible' => false,
  'progressive_onboarding' => 
  array (
    'is_enabled' => false,
    'is_complete' => false,
    'tpv' => NULL,
    'first_transaction_date' => NULL,
    'kyc_deadline_date' => NULL,
  ),
  'fraud_mitigation_settings' => 
  array (
    'avs_check_enabled' => false,
    'cvc_check_enabled' => true,
  ),
  'is_deferred_intent_creation_upe_enabled' => true,
  'pre_check_save_my_info' => false,
)
2024-09-27T03:50:27+00:00 INFO ENVIRONMENT: array (
  'WP_User' => 'pixodeo',
  'HTTP_REFERER' => '--',
  'HTTP_USER_AGENT' => 'Mozilla/5.0 (Windows NT 10.0; Win64; x64) AppleWebKit/537.36 (KHTML, like Gecko) Chrome/129.0.0.0 Safari/537.36',
  'REQUEST_URI' => '/wp-admin/',
  'DOING_AJAX' => false,
  'DOING_CRON' => false,
  'WP_CLI' => false,
)
2024-09-27T03:50:27+00:00 INFO REQUEST POST https://public-api.wordpress.com/wpcom/v2/sites/%s/wcpay/compatibility
2024-09-27T03:50:27+00:00 INFO HEADERS: array (
  'Content-Type' => 'application/json; charset=utf-8',
  'User-Agent' => 'WooCommerce Payments/7.4.0',
  'Idempotency-Key' => 'ed730327-97ec-48e0-956c-d459d29c62ae',
)
2024-09-27T03:50:27+00:00 INFO BODY: array (
  'test_mode' => true,
  'compatibility_data' => 
  array (
    'woopayments_version' => '7.4.0',
    'woocommerce_version' => '8.7.0',
    'blog_theme' => 'grandconference-child',
    'active_plugins' => 
    array (
      0 => 'advanced-custom-fields-pro/acf.php',
      1 => 'contact-form-7/wp-contact-form-7.php',
      2 => 'contact-form-entries/contact-form-entries.php',
      3 => 'duplicate-post/duplicate-post.php',
      4 => 'elementor/elementor.php',
      5 => 'email-log/email-log.php',
      6 => 'extended-google-map-for-elementor/elementor-google-map-extended.php',
      7 => 'fooevents-calendar/fooevents-calendar.php',
      8 => 'fooevents/fooevents.php',
      9 => 'fooevents_bookings/fooevents-bookings.php',
      10 => 'fooevents_custom_attendee_fields/fooevents-custom-attendee-fields.php',
      11 => 'fooevents_pdf_tickets/fooevents-pdf-tickets.php',
      12 => 'grandconference-custom-post/grandconference-custom-post.php',
      13 => 'grandconference-elementor/grandconference-elementor.php',
      14 => 'loco-translate/loco.php',
      15 => 'loftloader/loftloader.php',
      16 => 'mailchimp-for-wp/mailchimp-for-wp.php',
      17 => 'revslider/revslider.php',
      18 => 'shortcode-elementor/elementor-shortcode.php',
      19 => 'smtp-mailer/main.php',
      20 => 'the-events-calendar/the-events-calendar.php',
      22 => 'woo-systempay-payment/woo-systempay-payment.php',
      23 => 'woocommerce-gateway-stripe/woocommerce-gateway-stripe.php',
      24 => 'woocommerce-payments/woocommerce-payments.php',
      25 => 'woocommerce/woocommerce.php',
    ),
    'post_types_count' => 
    array (
      'post' => 15,
      'page' => 33,
      'attachment' => 0,
      'e-landing-page' => 0,
      'elementor_library' => 4,
      'product' => 30,
      'event_magic_tickets' => 208,
      'header' => 10,
      'footer' => 7,
      'megamenu' => 3,
      'fullmenu' => 1,
      'galleries' => 1,
      'rs_elements' => 0,
      'tribe_events' => 2,
    ),
  ),
)
2024-09-27T03:50:27+00:00 INFO RESPONSE: array (
  'result' => 'success',
)
2024-09-27T03:50:27+00:00 INFO ENVIRONMENT: array (
  'WP_User' => 'pixodeo',
  'HTTP_REFERER' => '--',
  'HTTP_USER_AGENT' => 'Mozilla/5.0 (Windows NT 10.0; Win64; x64) AppleWebKit/537.36 (KHTML, like Gecko) Chrome/129.0.0.0 Safari/537.36',
  'REQUEST_URI' => '/wp-admin/',
  'DOING_AJAX' => false,
  'DOING_CRON' => false,
  'WP_CLI' => false,
)
2024-09-27T03:50:27+00:00 INFO REQUEST GET https://public-api.wordpress.com/wpcom/v2/sites/%s/wcpay/disputes/status_counts?test_mode=1
2024-09-27T03:50:27+00:00 INFO HEADERS: array (
  'Content-Type' => 'application/json; charset=utf-8',
  'User-Agent' => 'WooCommerce Payments/7.4.0',
)
2024-09-27T03:50:27+00:00 INFO RESPONSE: array (
)
2024-09-27T10:24:56+00:00 INFO ENVIRONMENT: array (
  'WP_User' => 'Guest (non logged-in user)',
  'HTTP_REFERER' => '--',
  'HTTP_USER_AGENT' => 'Mozilla/5.0 (Windows NT 10.0; Win64; x64) AppleWebKit/537.36 (KHTML, like Gecko) Chrome/124.0.0.0 Safari/537.36',
  'REQUEST_URI' => '/wp-content/plugins/jupiterx-core/includes/parse-css/vendors/prestashop/php-css-parser/tests/files/1readme.css',
  'DOING_AJAX' => false,
  'DOING_CRON' => false,
  'WP_CLI' => false,
)
2024-09-27T10:24:56+00:00 INFO REQUEST GET https://public-api.wordpress.com/wpcom/v2/sites/%s/wcpay/disputes?test_mode=1&pagesize=50&search%5B0%5D=warning_needs_response&search%5B1%5D=needs_response
2024-09-27T10:24:56+00:00 INFO HEADERS: array (
  'Content-Type' => 'application/json; charset=utf-8',
  'User-Agent' => 'WooCommerce Payments/7.4.0',
)
2024-09-27T10:24:57+00:00 INFO RESPONSE: array (
  'data' => 
  array (
  ),
)
2024-09-27T10:24:57+00:00 INFO ENVIRONMENT: array (
  'WP_User' => 'Guest (non logged-in user)',
  'HTTP_REFERER' => '--',
  'HTTP_USER_AGENT' => 'Mozilla/5.0 (Windows NT 10.0; Win64; x64) AppleWebKit/537.36 (KHTML, like Gecko) Chrome/124.0.0.0 Safari/537.36',
  'REQUEST_URI' => '/wp-content/plugins/jupiterx-core/includes/parse-css/vendors/prestashop/php-css-parser/tests/files/1readme.css',
  'DOING_AJAX' => false,
  'DOING_CRON' => false,
  'WP_CLI' => false,
)
2024-09-27T10:24:57+00:00 INFO REQUEST GET https://public-api.wordpress.com/wpcom/v2/sites/%s/wcpay/currency/rates?test_mode=1&currency_from=eur
2024-09-27T10:24:57+00:00 INFO HEADERS: array (
  'Content-Type' => 'application/json; charset=utf-8',
  'User-Agent' => 'WooCommerce Payments/7.4.0',
)
2024-09-27T10:24:57+00:00 INFO RESPONSE: array (
  'AED' => 4.093335,
  'AFN' => 76.171695,
  'ALL' => 98.680184,
  'AMD' => 430.149702,
  'ANG' => 2.005768,
  'AOA' => 1041.64513,
  'ARS' => 1078.002728,
  'AUD' => 1.618314,
  'AWG' => 2.008774,
  'AZN' => 1.894544,
  'BAM' => 1.951471,
  'BBD' => 2.228875,
  'BDT' => 132.994922,
  'BGN' => 1.95513,
  'BHD' => 0.420012,
  'BIF' => 3227.32779,
  'BMD' => 1.114438,
  'BND' => 1.430127,
  'BOB' => 7.689871,
  'BRL' => 6.060423,
  'BSD' => 1.114438,
  'BTC' => 1.7E-5,
  'BTN' => 93.154449,
  'BWP' => 14.557703,
  'BYN' => 3.641588,
  'BZD' => 2.243303,
  'CAD' => 1.50257,
  'CDF' => 3167.381879,
  'CHF' => 0.941925,
  'CLF' => 0.036588,
  'CLP' => 1009.569016,
  'CNH' => 7.78999,
  'CNY' => 7.816331,
  'COP' => 4681.863713,
  'CRC' => 584.309,
  'CUC' => 1.114438,
  'CUP' => 28.696768,
  'CVE' => 110.021923,
  'CZK' => 25.160768,
  'DJF' => 198.178549,
  'DKK' => 7.456598,
  'DOP' => 66.932104,
  'DZD' => 147.773607,
  'EGP' => 53.904566,
  'ERN' => 16.716564,
  'ETB' => 132.97331,
  'EUR' => 1,
  'FJD' => 2.439225,
  'FKP' => 0.833269,
  'GBP' => 0.833269,
  'GEL' => 3.036842,
  'GGP' => 0.833269,
  'GHS' => 17.558047,
  'GIP' => 0.833269,
  'GMD' => 76.338975,
  'GNF' => 9611.776466,
  'GTQ' => 8.602991,
  'GYD' => 232.843434,
  'HKD' => 8.665632,
  'HNL' => 27.64791,
  'HRK' => 7.535525,
  'HTG' => 147.015167,
  'HUF' => 396.820092,
  'IDR' => 16846.938647,
  'ILS' => 4.130557,
  'IMP' => 0.833269,
  'INR' => 93.262044,
  'IQD' => 1457.930957,
  'IRR' => 46923.394883,
  'ISK' => 150.694251,
  'JEP' => 0.833269,
  'JMD' => 174.743854,
  'JOD' => 0.789802,
  'JPY' => 159.519706,
  'KES' => 143.48384,
  'KGS' => 93.835645,
  'KHR' => 4521.985513,
  'KMF' => 492.720766,
  'KPW' => 1002.993834,
  'KRW' => 1463.166051,
  'KWD' => 0.340003,
  'KYD' => 0.927422,
  'KZT' => 533.035369,
  'LAK' => 24575.967377,
  'LBP' => 99649.460757,
  'LKR' => 333.597029,
  'LRD' => 215.911,
  'LSL' => 19.137073,
  'LYD' => 5.268265,
  'MAD' => 10.764419,
  'MDL' => 19.425542,
  'MGA' => 5035.889496,
  'MKD' => 61.525691,
  'MMK' => 2338.090072,
  'MNT' => 3786.858943,
  'MOP' => 8.918614,
  'MUR' => 51.208411,
  'MVR' => 17.106617,
  'MWK' => 1929.836535,
  'MXN' => 21.787377,
  'MYR' => 4.59204,
  'MZN' => 71.212547,
  'NAD' => 19.136815,
  'NGN' => 1841.240359,
  'NIO' => 40.95858,
  'NOK' => 11.749736,
  'NPR' => 149.047654,
  'NZD' => 1.766383,
  'OMR' => 0.429007,
  'PAB' => 1.114438,
  'PEN' => 4.174738,
  'PGK' => 4.423227,
  'PHP' => 62.410454,
  'PKR' => 309.06091,
  'PLN' => 4.274828,
  'PYG' => 8692.582018,
  'QAR' => 4.056637,
  'RON' => 4.975741,
  'RSD' => 117.0895,
  'RUB' => 103.21117,
  'RWF' => 1504.275899,
  'SAR' => 4.180323,
  'SBD' => 9.252859,
  'SCR' => 15.178662,
  'SDG' => 670.334213,
  'SEK' => 11.288204,
  'SGD' => 1.429748,
  'SHP' => 0.833269,
  'SLL' => 23369.199121,
  'SOS' => 636.094504,
  'SRD' => 34.038825,
  'SSP' => 145.166641,
  'STD' => 24831.675575,
  'SVC' => 9.738177,
  'SYP' => 2800.057887,
  'SZL' => 19.128563,
  'THB' => 36.103878,
  'TJS' => 11.835777,
  'TMT' => 3.911676,
  'TND' => 3.383424,
  'TOP' => 2.603371,
  'TRY' => 38.103849,
  'TTD' => 7.554308,
  'TWD' => 35.132645,
  'TZS' => 3044.48637,
  'UAH' => 45.82016,
  'UGX' => 4109.86616,
  'USD' => 1.114438,
  'UYU' => 46.733384,
  'UZS' => 14198.524718,
  'VND' => 27425.562829,
  'VUV' => 132.30826,
  'WST' => 3.120425,
  'XAF' => 655.957,
  'XAG' => 0.035056,
  'XAU' => 0.000418,
  'XCD' => 3.011823,
  'XDR' => 0.823381,
  'XOF' => 655.957,
  'XPD' => 0.001078,
  'XPF' => 119.331742,
  'XPT' => 0.001107,
  'YER' => 278.999408,
  'ZAR' => 19.128625,
  'ZMW' => 29.297739,
  'ZWL' => 358.848905,
)
2024-09-27T10:24:58+00:00 INFO ENVIRONMENT: array (
  'WP_User' => 'Guest (non logged-in user)',
  'HTTP_REFERER' => '--',
  'HTTP_USER_AGENT' => 'WordPress/6.6.2; https://phn-events.com',
  'REQUEST_URI' => '/wp-cron.php?doing_wp_cron=1727432697.7099239826202392578125',
  'DOING_AJAX' => false,
  'DOING_CRON' => true,
  'WP_CLI' => false,
)
2024-09-27T10:24:58+00:00 INFO REQUEST GET https://public-api.wordpress.com/wpcom/v2/wcpay/woopay/compatibility?test_mode=1
2024-09-27T10:24:58+00:00 INFO HEADERS: array (
  'Content-Type' => 'application/json; charset=utf-8',
  'User-Agent' => 'WooCommerce Payments/7.4.0',
)
2024-09-27T10:24:59+00:00 INFO RESPONSE: array (
  'incompatible_extensions' => 
  array (
    0 => 'class-wcdonation',
    1 => 'woocommerce-table-rate-shipping',
    2 => 'woocommerce-memberships-for-teams',
    3 => 'woocommerce-checkout-add-ons',
    4 => 'woocommerce-checkout-field-editor',
    5 => 'woocommerce-eu-vat-number',
    6 => 'woocommerce-order-delivery',
    7 => 'woocommerce-pdf-product-vouchers',
    8 => 'woocommerce-shipping-local-pickup-plus',
    9 => 'woocommerce-shipping-multiple-addresses',
    10 => 'woocommerce-smart-coupons',
    11 => 'woocommerce-subscriptions-gifting',
    12 => 'advanced-product-fields-for-woocommerce',
  ),
  'adapted_extensions' => 
  array (
    0 => 'woocommerce-points-and-rewards',
    1 => 'woocommerce-gift-cards',
  ),
  'available_countries' => 
  array (
    0 => 'US',
  ),
)
2024-09-27T16:41:15+00:00 INFO ENVIRONMENT: array (
  'WP_User' => 'Guest (non logged-in user)',
  'HTTP_REFERER' => '--',
  'HTTP_USER_AGENT' => 'Mozilla/5.0 (Windows NT 10.0; Win64; x64) AppleWebKit/537.36 (KHTML, like Gecko) Chrome/78.0.3904.70 Safari/537.36',
  'REQUEST_URI' => '/wp-login.php',
  'DOING_AJAX' => false,
  'DOING_CRON' => false,
  'WP_CLI' => false,
)
2024-09-27T16:41:15+00:00 INFO REQUEST GET https://public-api.wordpress.com/wpcom/v2/sites/%s/wcpay/currency/rates?test_mode=1&currency_from=eur
2024-09-27T16:41:15+00:00 INFO HEADERS: array (
  'Content-Type' => 'application/json; charset=utf-8',
  'User-Agent' => 'WooCommerce Payments/7.4.0',
)
2024-09-27T16:41:15+00:00 INFO RESPONSE: array (
  'AED' => 4.106029,
  'AFN' => 76.016871,
  'ALL' => 99.241132,
  'AMD' => 432.983105,
  'ANG' => 2.014441,
  'AOA' => 1045.790804,
  'ARS' => 1082.123511,
  'AUD' => 1.612881,
  'AWG' => 2.015006,
  'AZN' => 1.900422,
  'BAM' => 1.958156,
  'BBD' => 2.23579,
  'BDT' => 133.560691,
  'BGN' => 1.955316,
  'BHD' => 0.421336,
  'BIF' => 3230.716649,
  'BMD' => 1.117895,
  'BND' => 1.433808,
  'BOB' => 7.723777,
  'BRL' => 6.076878,
  'BSD' => 1.117895,
  'BTC' => 1.7E-5,
  'BTN' => 93.53365,
  'BWP' => 14.611691,
  'BYN' => 3.657701,
  'BZD' => 2.253052,
  'CAD' => 1.50729,
  'CDF' => 3202.769273,
  'CHF' => 0.941055,
  'CLF' => 0.036555,
  'CLP' => 1008.654331,
  'CNH' => 7.80303,
  'CNY' => 7.837562,
  'COP' => 4641.034737,
  'CRC' => 580.141956,
  'CUC' => 1.117895,
  'CUP' => 28.785797,
  'CVE' => 111.146714,
  'CZK' => 25.148837,
  'DJF' => 198.426369,
  'DKK' => 7.456828,
  'DOP' => 67.52086,
  'DZD' => 147.774952,
  'EGP' => 54.075825,
  'ERN' => 16.768426,
  'ETB' => 134.454825,
  'EUR' => 1,
  'FJD' => 2.437179,
  'FKP' => 0.833792,
  'GBP' => 0.833792,
  'GEL' => 3.046264,
  'GGP' => 0.833792,
  'GHS' => 17.615298,
  'GIP' => 0.833792,
  'GMD' => 76.57581,
  'GNF' => 9641.844669,
  'GTQ' => 8.645905,
  'GYD' => 233.815914,
  'HKD' => 8.688306,
  'HNL' => 27.802048,
  'HRK' => 7.534346,
  'HTG' => 147.305147,
  'HUF' => 397.099654,
  'IDR' => 16889.08271,
  'ILS' => 4.134658,
  'IMP' => 0.833792,
  'INR' => 93.563838,
  'IQD' => 1464.442495,
  'IRR' => 47068.970413,
  'ISK' => 150.70343,
  'JEP' => 0.833792,
  'JMD' => 175.601265,
  'JOD' => 0.792252,
  'JPY' => 159.710869,
  'KES' => 144.208459,
  'KGS' => 94.126762,
  'KHR' => 4549.832789,
  'KMF' => 494.249387,
  'KPW' => 1006.105531,
  'KRW' => 1462.275047,
  'KWD' => 0.340988,
  'KYD' => 0.931496,
  'KZT' => 536.133821,
  'LAK' => 24688.711829,
  'LBP' => 100107.500308,
  'LKR' => 333.741421,
  'LRD' => 216.592117,
  'LSL' => 19.306047,
  'LYD' => 5.293233,
  'MAD' => 10.819827,
  'MDL' => 19.40463,
  'MGA' => 5083.06872,
  'MKD' => 61.54932,
  'MMK' => 2345.343782,
  'MNT' => 3798.607326,
  'MOP' => 8.95063,
  'MUR' => 51.36728,
  'MVR' => 17.159689,
  'MWK' => 1939.547884,
  'MXN' => 21.938354,
  'MYR' => 4.618024,
  'MZN' => 71.433485,
  'NAD' => 19.306047,
  'NGN' => 1865.196686,
  'NIO' => 41.077053,
  'NOK' => 11.724606,
  'NPR' => 149.650732,
  'NZD' => 1.756365,
  'OMR' => 0.430353,
  'PAB' => 1.117895,
  'PEN' => 4.211334,
  'PGK' => 4.441117,
  'PHP' => 62.576411,
  'PKR' => 310.635083,
  'PLN' => 4.272443,
  'PYG' => 8724.543292,
  'QAR' => 4.069976,
  'RON' => 4.975974,
  'RSD' => 117.071557,
  'RUB' => 104.32708,
  'RWF' => 1511.238471,
  'SAR' => 4.193601,
  'SBD' => 9.281566,
  'SCR' => 14.814127,
  'SDG' => 672.413863,
  'SEK' => 11.264648,
  'SGD' => 1.430856,
  'SHP' => 0.833792,
  'SLL' => 23441.699918,
  'SOS' => 638.318064,
  'SRD' => 34.319936,
  'SSP' => 145.617007,
  'STD' => 24908.713572,
  'SVC' => 9.779767,
  'SYP' => 2808.74481,
  'SZL' => 19.306047,
  'THB' => 36.186262,
  'TJS' => 11.892854,
  'TMT' => 3.923812,
  'TND' => 3.373248,
  'TOP' => 2.611448,
  'TRY' => 38.187574,
  'TTD' => 7.592713,
  'TWD' => 35.209221,
  'TZS' => 3051.853443,
  'UAH' => 46.012461,
  'UGX' => 4129.290355,
  'USD' => 1.117895,
  'UYU' => 46.624627,
  'UZS' => 14272.165901,
  'VND' => 27500.21784,
  'VUV' => 132.718734,
  'WST' => 3.130106,
  'XAF' => 655.957,
  'XAG' => 0.035178,
  'XAU' => 0.000421,
  'XCD' => 3.021167,
  'XDR' => 0.826843,
  'XOF' => 655.957,
  'XPD' => 0.00109,
  'XPF' => 119.331742,
  'XPT' => 0.001111,
  'YER' => 279.864978,
  'ZAR' => 19.123046,
  'ZMW' => 29.559416,
  'ZWL' => 359.962201,
)
2024-09-27T22:45:35+00:00 INFO ENVIRONMENT: array (
  'WP_User' => 'Guest (non logged-in user)',
  'HTTP_REFERER' => '--',
  'HTTP_USER_AGENT' => 'Mozilla/5.0 (Windows NT 6.1) AppleWebKit/537.36 (KHTML, like Gecko) Chrome/59.0.3071.115 Safari/537.36',
  'REQUEST_URI' => '/wp-login.php',
  'DOING_AJAX' => false,
  'DOING_CRON' => false,
  'WP_CLI' => false,
)
2024-09-27T22:45:35+00:00 INFO REQUEST GET https://public-api.wordpress.com/wpcom/v2/sites/%s/wcpay/currency/rates?test_mode=1&currency_from=eur
2024-09-27T22:45:35+00:00 INFO HEADERS: array (
  'Content-Type' => 'application/json; charset=utf-8',
  'User-Agent' => 'WooCommerce Payments/7.4.0',
)
2024-09-27T22:45:35+00:00 INFO RESPONSE: array (
  'AED' => 4.100464,
  'AFN' => 75.913844,
  'ALL' => 99.106628,
  'AMD' => 432.396274,
  'ANG' => 2.011711,
  'AOA' => 1049.508772,
  'ARS' => 1078.870234,
  'AUD' => 1.617459,
  'AWG' => 2.012275,
  'AZN' => 1.897846,
  'BAM' => 1.955502,
  'BBD' => 2.23276,
  'BDT' => 133.379674,
  'BGN' => 1.955697,
  'BHD' => 0.420813,
  'BIF' => 3226.337997,
  'BMD' => 1.11638,
  'BND' => 1.431865,
  'BOB' => 7.713309,
  'BRL' => 6.066632,
  'BSD' => 1.11638,
  'BTC' => 1.7E-5,
  'BTN' => 93.406882,
  'BWP' => 14.591888,
  'BYN' => 3.652743,
  'BZD' => 2.249998,
  'CAD' => 1.508815,
  'CDF' => 3198.428499,
  'CHF' => 0.938321,
  'CLF' => 0.036378,
  'CLP' => 1003.793014,
  'CNH' => 7.793727,
  'CNY' => 7.827721,
  'COP' => 4641.198215,
  'CRC' => 579.355679,
  'CUC' => 1.11638,
  'CUP' => 28.746783,
  'CVE' => 110.800708,
  'CZK' => 25.130941,
  'DJF' => 198.523578,
  'DKK' => 7.45629,
  'DOP' => 67.457257,
  'DZD' => 147.906944,
  'EGP' => 53.986012,
  'ERN' => 16.745699,
  'ETB' => 133.072488,
  'EUR' => 1,
  'FJD' => 2.437615,
  'FKP' => 0.834631,
  'GBP' => 0.834631,
  'GEL' => 3.036553,
  'GGP' => 0.834631,
  'GHS' => 17.605311,
  'GIP' => 0.834631,
  'GMD' => 76.472025,
  'GNF' => 9637.149744,
  'GTQ' => 8.634187,
  'GYD' => 233.499019,
  'HKD' => 8.676253,
  'HNL' => 27.764368,
  'HRK' => 7.535375,
  'HTG' => 147.105502,
  'HUF' => 396.870271,
  'IDR' => 16885.078981,
  'ILS' => 4.13092,
  'IMP' => 0.834631,
  'INR' => 93.46161,
  'IQD' => 1462.457708,
  'IRR' => 47005.176943,
  'ISK' => 150.901075,
  'JEP' => 0.834631,
  'JMD' => 175.363269,
  'JOD' => 0.791178,
  'JPY' => 158.657125,
  'KES' => 144.013011,
  'KGS' => 93.99919,
  'KHR' => 4538.084415,
  'KMF' => 493.021417,
  'KPW' => 1004.741937,
  'KRW' => 1462.78704,
  'KWD' => 0.340507,
  'KYD' => 0.930233,
  'KZT' => 535.407189,
  'LAK' => 24652.459799,
  'LBP' => 100027.641708,
  'LKR' => 333.289095,
  'LRD' => 216.326522,
  'LSL' => 19.184989,
  'LYD' => 5.291641,
  'MAD' => 10.82135,
  'MDL' => 19.37833,
  'MGA' => 5080.64506,
  'MKD' => 61.551537,
  'MMK' => 2342.165093,
  'MNT' => 3793.459001,
  'MOP' => 8.938499,
  'MUR' => 51.297661,
  'MVR' => 17.147596,
  'MWK' => 1938.035558,
  'MXN' => 21.997998,
  'MYR' => 4.605067,
  'MZN' => 71.30876,
  'NAD' => 19.184989,
  'NGN' => 1862.668749,
  'NIO' => 41.082781,
  'NOK' => 11.730828,
  'NPR' => 149.447907,
  'NZD' => 1.760685,
  'OMR' => 0.429765,
  'PAB' => 1.11638,
  'PEN' => 4.18542,
  'PGK' => 4.435936,
  'PHP' => 62.527319,
  'PKR' => 310.018706,
  'PLN' => 4.275425,
  'PYG' => 8712.718753,
  'QAR' => 4.06446,
  'RON' => 4.969241,
  'RSD' => 117.098207,
  'RUB' => 105.289356,
  'RWF' => 1487.855351,
  'SAR' => 4.187899,
  'SBD' => 9.257518,
  'SCR' => 14.793776,
  'SDG' => 671.502528,
  'SEK' => 11.265807,
  'SGD' => 1.428371,
  'SHP' => 0.834631,
  'SLL' => 23409.928937,
  'SOS' => 637.45294,
  'SRD' => 34.273422,
  'SSP' => 145.41965,
  'STD' => 24874.954319,
  'SVC' => 9.766512,
  'SYP' => 2804.938065,
  'SZL' => 19.184989,
  'THB' => 36.059072,
  'TJS' => 11.876735,
  'TMT' => 3.90733,
  'TND' => 3.393237,
  'TOP' => 2.607908,
  'TRY' => 38.13648,
  'TTD' => 7.582422,
  'TWD' => 35.266442,
  'TZS' => 3047.717208,
  'UAH' => 45.950099,
  'UGX' => 4123.693849,
  'USD' => 1.11638,
  'UYU' => 46.561436,
  'UZS' => 14219.889355,
  'VND' => 27474.110072,
  'VUV' => 132.538858,
  'WST' => 3.125864,
  'XAF' => 655.957,
  'XAG' => 0.035298,
  'XAU' => 0.00042,
  'XCD' => 3.017073,
  'XDR' => 0.825722,
  'XOF' => 655.957,
  'XPD' => 0.001104,
  'XPF' => 119.331742,
  'XPT' => 0.001115,
  'YER' => 279.457846,
  'ZAR' => 19.10736,
  'ZMW' => 29.519354,
  'ZWL' => 359.474337,
)
