2024-10-03T01:39:26+00:00 INFO ENVIRONMENT: array (
  'WP_User' => 'Guest (non logged-in user)',
  'HTTP_REFERER' => '--',
  'HTTP_USER_AGENT' => 'Mozilla/5.0 (ZZ; Linux x86_64) AppleWebKit/537.36 (KHTML, like Gecko) Chrome/123.0.0.0 Safari/537.36',
  'REQUEST_URI' => '/',
  'DOING_AJAX' => false,
  'DOING_CRON' => false,
  'WP_CLI' => false,
)
2024-10-03T01:39:26+00:00 INFO ENVIRONMENT: array (
  'WP_User' => 'Guest (non logged-in user)',
  'HTTP_REFERER' => '--',
  'HTTP_USER_AGENT' => 'Mozilla/5.0 (Debian; Linux x86_64; rv:120.0) Gecko/20100101 Firefox/120.0',
  'REQUEST_URI' => '/',
  'DOING_AJAX' => false,
  'DOING_CRON' => false,
  'WP_CLI' => false,
)
2024-10-03T01:39:26+00:00 INFO REQUEST GET https://public-api.wordpress.com/wpcom/v2/sites/%s/wcpay/currency/rates?test_mode=1&currency_from=eur
2024-10-03T01:39:26+00:00 INFO REQUEST GET https://public-api.wordpress.com/wpcom/v2/sites/%s/wcpay/currency/rates?test_mode=1&currency_from=eur
2024-10-03T01:39:26+00:00 INFO HEADERS: array (
  'Content-Type' => 'application/json; charset=utf-8',
  'User-Agent' => 'WooCommerce Payments/7.4.0',
)
2024-10-03T01:39:26+00:00 INFO HEADERS: array (
  'Content-Type' => 'application/json; charset=utf-8',
  'User-Agent' => 'WooCommerce Payments/7.4.0',
)
2024-10-03T01:39:26+00:00 INFO RESPONSE: array (
  'AED' => 4.057122,
  'AFN' => 75.672448,
  'ALL' => 98.692716,
  'AMD' => 427.455607,
  'ANG' => 1.98996,
  'AOA' => 1054.32161,
  'ARS' => 1071.727624,
  'AUD' => 1.604459,
  'AWG' => 1.991005,
  'AZN' => 1.877786,
  'BAM' => 1.951348,
  'BBD' => 2.20916,
  'BDT' => 131.948951,
  'BGN' => 1.955515,
  'BHD' => 0.416374,
  'BIF' => 3209.485104,
  'BMD' => 1.10458,
  'BND' => 1.422841,
  'BOB' => 7.629352,
  'BRL' => 6.011125,
  'BSD' => 1.10458,
  'BTC' => 1.8E-5,
  'BTN' => 92.739474,
  'BWP' => 14.447448,
  'BYN' => 3.613424,
  'BZD' => 2.225552,
  'CAD' => 1.491986,
  'CDF' => 3154.547479,
  'CHF' => 0.938829,
  'CLF' => 0.036495,
  'CLP' => 1004.163636,
  'CNH' => 7.773688,
  'CNY' => 7.774807,
  'COP' => 4673.237195,
  'CRC' => 570.493366,
  'CUC' => 1.10458,
  'CUP' => 28.442935,
  'CVE' => 110.01057,
  'CZK' => 25.338182,
  'DJF' => 196.242309,
  'DKK' => 7.459472,
  'DOP' => 66.855436,
  'DZD' => 146.786042,
  'EGP' => 53.434057,
  'ERN' => 16.5687,
  'ETB' => 132.652906,
  'EUR' => 1,
  'FJD' => 2.424001,
  'FKP' => 0.832834,
  'GBP' => 0.832834,
  'GEL' => 3.00998,
  'GGP' => 0.832834,
  'GHS' => 17.469826,
  'GIP' => 0.832834,
  'GMD' => 77.3206,
  'GNF' => 9582.248201,
  'GTQ' => 8.535527,
  'GYD' => 230.895928,
  'HKD' => 8.574435,
  'HNL' => 27.485668,
  'HRK' => 7.534135,
  'HTG' => 145.587858,
  'HUF' => 400.106665,
  'IDR' => 16905.355102,
  'ILS' => 4.181178,
  'IMP' => 0.832834,
  'INR' => 92.692885,
  'IQD' => 1446.641847,
  'IRR' => 46502.817996,
  'ISK' => 149.504903,
  'JEP' => 0.832834,
  'JMD' => 174.236982,
  'JOD' => 0.782816,
  'JPY' => 161.907403,
  'KES' => 142.460681,
  'KGS' => 93.226552,
  'KHR' => 4495.300576,
  'KMF' => 491.9247,
  'KPW' => 994.122,
  'KRW' => 1463.695527,
  'KWD' => 0.337798,
  'KYD' => 0.920072,
  'KZT' => 533.515775,
  'LAK' => 24380.700684,
  'LBP' => 98900.493267,
  'LKR' => 325.724117,
  'LRD' => 213.961083,
  'LSL' => 19.201693,
  'LYD' => 5.234206,
  'MAD' => 10.772811,
  'MDL' => 19.220213,
  'MGA' => 5031.757652,
  'MKD' => 61.134042,
  'MMK' => 2317.40884,
  'MNT' => 3753.36284,
  'MOP' => 8.829576,
  'MUR' => 51.086824,
  'MVR' => 16.966349,
  'MWK' => 1915.322455,
  'MXN' => 21.451606,
  'MYR' => 4.613831,
  'MZN' => 70.560563,
  'NAD' => 19.201693,
  'NGN' => 1845.465989,
  'NIO' => 40.6197,
  'NOK' => 11.681259,
  'NPR' => 148.382758,
  'NZD' => 1.764928,
  'OMR' => 0.42527,
  'PAB' => 1.10458,
  'PEN' => 4.105973,
  'PGK' => 4.358496,
  'PHP' => 62.149195,
  'PKR' => 306.60328,
  'PLN' => 4.2952,
  'PYG' => 8603.013278,
  'QAR' => 4.022463,
  'RON' => 4.976354,
  'RSD' => 117.011751,
  'RUB' => 105.654084,
  'RWF' => 1486.508529,
  'SAR' => 4.145313,
  'SBD' => 9.1598,
  'SCR' => 14.637771,
  'SDG' => 664.40487,
  'SEK' => 11.339792,
  'SGD' => 1.427289,
  'SHP' => 0.832834,
  'SLL' => 23162.490308,
  'SOS' => 630.91021,
  'SRD' => 34.206633,
  'SSP' => 143.882591,
  'STD' => 24612.030642,
  'SVC' => 9.660654,
  'SYP' => 2775.290387,
  'SZL' => 19.128,
  'THB' => 36.334605,
  'TJS' => 11.737222,
  'TMT' => 3.86603,
  'TND' => 3.364944,
  'TOP' => 2.580343,
  'TRY' => 37.81607,
  'TTD' => 7.488847,
  'TWD' => 35.304918,
  'TZS' => 3009.9805,
  'UAH' => 45.568199,
  'UGX' => 4055.591447,
  'USD' => 1.10458,
  'UYU' => 46.271724,
  'UZS' => 14071.206253,
  'VND' => 27246.676585,
  'VUV' => 131.137947,
  'WST' => 3.092824,
  'XAF' => 655.957,
  'XAG' => 0.034685,
  'XAU' => 0.000415,
  'XCD' => 2.985183,
  'XDR' => 0.814834,
  'XOF' => 655.957,
  'XPD' => 0.001087,
  'XPF' => 119.331742,
  'XPT' => 0.001097,
  'YER' => 276.504028,
  'ZAR' => 19.169053,
  'ZMW' => 28.900151,
  'ZWL' => 355.67476,
)
2024-10-03T01:39:26+00:00 INFO RESPONSE: array (
  'AED' => 4.057122,
  'AFN' => 75.672448,
  'ALL' => 98.692716,
  'AMD' => 427.455607,
  'ANG' => 1.98996,
  'AOA' => 1054.32161,
  'ARS' => 1071.727624,
  'AUD' => 1.604459,
  'AWG' => 1.991005,
  'AZN' => 1.877786,
  'BAM' => 1.951348,
  'BBD' => 2.20916,
  'BDT' => 131.948951,
  'BGN' => 1.955515,
  'BHD' => 0.416374,
  'BIF' => 3209.485104,
  'BMD' => 1.10458,
  'BND' => 1.422841,
  'BOB' => 7.629352,
  'BRL' => 6.011125,
  'BSD' => 1.10458,
  'BTC' => 1.8E-5,
  'BTN' => 92.739474,
  'BWP' => 14.447448,
  'BYN' => 3.613424,
  'BZD' => 2.225552,
  'CAD' => 1.491986,
  'CDF' => 3154.547479,
  'CHF' => 0.938829,
  'CLF' => 0.036495,
  'CLP' => 1004.163636,
  'CNH' => 7.773688,
  'CNY' => 7.774807,
  'COP' => 4673.237195,
  'CRC' => 570.493366,
  'CUC' => 1.10458,
  'CUP' => 28.442935,
  'CVE' => 110.01057,
  'CZK' => 25.338182,
  'DJF' => 196.242309,
  'DKK' => 7.459472,
  'DOP' => 66.855436,
  'DZD' => 146.786042,
  'EGP' => 53.434057,
  'ERN' => 16.5687,
  'ETB' => 132.652906,
  'EUR' => 1,
  'FJD' => 2.424001,
  'FKP' => 0.832834,
  'GBP' => 0.832834,
  'GEL' => 3.00998,
  'GGP' => 0.832834,
  'GHS' => 17.469826,
  'GIP' => 0.832834,
  'GMD' => 77.3206,
  'GNF' => 9582.248201,
  'GTQ' => 8.535527,
  'GYD' => 230.895928,
  'HKD' => 8.574435,
  'HNL' => 27.485668,
  'HRK' => 7.534135,
  'HTG' => 145.587858,
  'HUF' => 400.106665,
  'IDR' => 16905.355102,
  'ILS' => 4.181178,
  'IMP' => 0.832834,
  'INR' => 92.692885,
  'IQD' => 1446.641847,
  'IRR' => 46502.817996,
  'ISK' => 149.504903,
  'JEP' => 0.832834,
  'JMD' => 174.236982,
  'JOD' => 0.782816,
  'JPY' => 161.907403,
  'KES' => 142.460681,
  'KGS' => 93.226552,
  'KHR' => 4495.300576,
  'KMF' => 491.9247,
  'KPW' => 994.122,
  'KRW' => 1463.695527,
  'KWD' => 0.337798,
  'KYD' => 0.920072,
  'KZT' => 533.515775,
  'LAK' => 24380.700684,
  'LBP' => 98900.493267,
  'LKR' => 325.724117,
  'LRD' => 213.961083,
  'LSL' => 19.201693,
  'LYD' => 5.234206,
  'MAD' => 10.772811,
  'MDL' => 19.220213,
  'MGA' => 5031.757652,
  'MKD' => 61.134042,
  'MMK' => 2317.40884,
  'MNT' => 3753.36284,
  'MOP' => 8.829576,
  'MUR' => 51.086824,
  'MVR' => 16.966349,
  'MWK' => 1915.322455,
  'MXN' => 21.451606,
  'MYR' => 4.613831,
  'MZN' => 70.560563,
  'NAD' => 19.201693,
  'NGN' => 1845.465989,
  'NIO' => 40.6197,
  'NOK' => 11.681259,
  'NPR' => 148.382758,
  'NZD' => 1.764928,
  'OMR' => 0.42527,
  'PAB' => 1.10458,
  'PEN' => 4.105973,
  'PGK' => 4.358496,
  'PHP' => 62.149195,
  'PKR' => 306.60328,
  'PLN' => 4.2952,
  'PYG' => 8603.013278,
  'QAR' => 4.022463,
  'RON' => 4.976354,
  'RSD' => 117.011751,
  'RUB' => 105.654084,
  'RWF' => 1486.508529,
  'SAR' => 4.145313,
  'SBD' => 9.1598,
  'SCR' => 14.637771,
  'SDG' => 664.40487,
  'SEK' => 11.339792,
  'SGD' => 1.427289,
  'SHP' => 0.832834,
  'SLL' => 23162.490308,
  'SOS' => 630.91021,
  'SRD' => 34.206633,
  'SSP' => 143.882591,
  'STD' => 24612.030642,
  'SVC' => 9.660654,
  'SYP' => 2775.290387,
  'SZL' => 19.128,
  'THB' => 36.334605,
  'TJS' => 11.737222,
  'TMT' => 3.86603,
  'TND' => 3.364944,
  'TOP' => 2.580343,
  'TRY' => 37.81607,
  'TTD' => 7.488847,
  'TWD' => 35.304918,
  'TZS' => 3009.9805,
  'UAH' => 45.568199,
  'UGX' => 4055.591447,
  'USD' => 1.10458,
  'UYU' => 46.271724,
  'UZS' => 14071.206253,
  'VND' => 27246.676585,
  'VUV' => 131.137947,
  'WST' => 3.092824,
  'XAF' => 655.957,
  'XAG' => 0.034685,
  'XAU' => 0.000415,
  'XCD' => 2.985183,
  'XDR' => 0.814834,
  'XOF' => 655.957,
  'XPD' => 0.001087,
  'XPF' => 119.331742,
  'XPT' => 0.001097,
  'YER' => 276.504028,
  'ZAR' => 19.169053,
  'ZMW' => 28.900151,
  'ZWL' => 355.67476,
)
2024-10-03T07:41:41+00:00 INFO ENVIRONMENT: array (
  'WP_User' => 'Guest (non logged-in user)',
  'HTTP_REFERER' => '--',
  'HTTP_USER_AGENT' => 'Mozilla/5.0 (Windows NT 10.0; Win64; x64) AppleWebKit/537.36 (KHTML, like Gecko) Chrome/121.0.0.0 Safari/537.36',
  'REQUEST_URI' => '/contactez-nous/',
  'DOING_AJAX' => false,
  'DOING_CRON' => false,
  'WP_CLI' => false,
)
2024-10-03T07:41:41+00:00 INFO REQUEST GET https://public-api.wordpress.com/wpcom/v2/sites/%s/wcpay/currency/rates?test_mode=1&currency_from=eur
2024-10-03T07:41:41+00:00 INFO HEADERS: array (
  'Content-Type' => 'application/json; charset=utf-8',
  'User-Agent' => 'WooCommerce Payments/7.4.0',
)
2024-10-03T07:41:41+00:00 INFO RESPONSE: array (
  'AED' => 4.050836,
  'AFN' => 75.805356,
  'ALL' => 98.826278,
  'AMD' => 427.888375,
  'ANG' => 1.992583,
  'AOA' => 1040.552211,
  'ARS' => 1070.049015,
  'AUD' => 1.607064,
  'AWG' => 1.987912,
  'AZN' => 1.874869,
  'BAM' => 1.953903,
  'BBD' => 2.205728,
  'BDT' => 132.124708,
  'BGN' => 1.95508,
  'BHD' => 0.415754,
  'BIF' => 3204.49915,
  'BMD' => 1.102864,
  'BND' => 1.424716,
  'BOB' => 7.639754,
  'BRL' => 6.001345,
  'BSD' => 1.102864,
  'BTC' => 1.8E-5,
  'BTN' => 92.864663,
  'BWP' => 14.533717,
  'BYN' => 3.618268,
  'BZD' => 2.228587,
  'CAD' => 1.491488,
  'CDF' => 3143.694499,
  'CHF' => 0.937081,
  'CLF' => 0.036438,
  'CLP' => 1002.603662,
  'CNH' => 7.770192,
  'CNY' => 7.771662,
  'COP' => 4673.984813,
  'CRC' => 571.237579,
  'CUC' => 1.102864,
  'CUP' => 28.398749,
  'CVE' => 110.160506,
  'CZK' => 25.35308,
  'DJF' => 196.883289,
  'DKK' => 7.459037,
  'DOP' => 66.751576,
  'DZD' => 146.404881,
  'EGP' => 53.335387,
  'ERN' => 16.54296,
  'ETB' => 132.234306,
  'EUR' => 1,
  'FJD' => 2.424481,
  'FKP' => 0.836563,
  'GBP' => 0.836563,
  'GEL' => 3.016333,
  'GGP' => 0.836563,
  'GHS' => 17.468432,
  'GIP' => 0.836563,
  'GMD' => 77.200482,
  'GNF' => 9567.362124,
  'GTQ' => 8.546778,
  'GYD' => 231.210707,
  'HKD' => 8.564853,
  'HNL' => 27.516457,
  'HRK' => 7.535344,
  'HTG' => 145.7811,
  'HUF' => 400.317127,
  'IDR' => 16999.380708,
  'ILS' => 4.172386,
  'IMP' => 0.836563,
  'INR' => 92.570712,
  'IQD' => 1444.751878,
  'IRR' => 46430.575607,
  'ISK' => 149.504248,
  'JEP' => 0.836563,
  'JMD' => 174.468219,
  'JOD' => 0.7816,
  'JPY' => 161.628032,
  'KES' => 142.622376,
  'KGS' => 93.081724,
  'KHR' => 4506.718749,
  'KMF' => 491.160493,
  'KPW' => 992.577626,
  'KRW' => 1470.621613,
  'KWD' => 0.337361,
  'KYD' => 0.921326,
  'KZT' => 534.243676,
  'LAK' => 24367.780713,
  'LBP' => 98761.473767,
  'LKR' => 326.160459,
  'LRD' => 213.679805,
  'LSL' => 19.227264,
  'LYD' => 5.23309,
  'MAD' => 10.784472,
  'MDL' => 19.31809,
  'MGA' => 5018.03133,
  'MKD' => 61.03907,
  'MMK' => 2313.808732,
  'MNT' => 3747.531969,
  'MOP' => 8.841615,
  'MUR' => 51.139801,
  'MVR' => 16.928963,
  'MWK' => 1914.020522,
  'MXN' => 21.470381,
  'MYR' => 4.650226,
  'MZN' => 70.445432,
  'NAD' => 19.167777,
  'NGN' => 1842.951964,
  'NIO' => 40.546796,
  'NOK' => 11.688374,
  'NPR' => 148.5797,
  'NZD' => 1.768979,
  'OMR' => 0.424595,
  'PAB' => 1.102864,
  'PEN' => 4.105411,
  'PGK' => 4.324743,
  'PHP' => 62.084632,
  'PKR' => 306.182626,
  'PLN' => 4.297932,
  'PYG' => 8614.773735,
  'QAR' => 4.015252,
  'RON' => 4.977115,
  'RSD' => 117.031519,
  'RUB' => 105.489945,
  'RWF' => 1497.52682,
  'SAR' => 4.139466,
  'SBD' => 9.145438,
  'SCR' => 14.755625,
  'SDG' => 663.372713,
  'SEK' => 11.357892,
  'SGD' => 1.428598,
  'SHP' => 0.836563,
  'SLL' => 23126.507249,
  'SOS' => 631.87768,
  'SRD' => 34.153493,
  'SSP' => 143.659068,
  'STD' => 24573.795714,
  'SVC' => 9.673825,
  'SYP' => 2770.978958,
  'SZL' => 19.222769,
  'THB' => 36.460685,
  'TJS' => 11.752693,
  'TMT' => 3.871053,
  'TND' => 3.358221,
  'TOP' => 2.580349,
  'TRY' => 37.740779,
  'TTD' => 7.498888,
  'TWD' => 35.379655,
  'TZS' => 3005.304478,
  'UAH' => 45.629702,
  'UGX' => 4061.16946,
  'USD' => 1.102864,
  'UYU' => 46.199841,
  'UZS' => 14080.816486,
  'VND' => 27288.486468,
  'VUV' => 130.934223,
  'WST' => 3.088019,
  'XAF' => 655.957,
  'XAG' => 0.034892,
  'XAU' => 0.000416,
  'XCD' => 2.980545,
  'XDR' => 0.815915,
  'XOF' => 655.957,
  'XPD' => 0.001106,
  'XPF' => 119.331742,
  'XPT' => 0.001107,
  'YER' => 276.046983,
  'ZAR' => 19.171416,
  'ZMW' => 28.939554,
  'ZWL' => 355.122217,
)
2024-10-03T09:26:31+00:00 INFO ENVIRONMENT: array (
  'WP_User' => 'Guest (non logged-in user)',
  'HTTP_REFERER' => '--',
  'HTTP_USER_AGENT' => 'WordPress/6.6.2; https://phn-events.com',
  'REQUEST_URI' => '/wp-cron.php?doing_wp_cron=1727947590.9336340427398681640625',
  'DOING_AJAX' => false,
  'DOING_CRON' => true,
  'WP_CLI' => false,
)
2024-10-03T09:26:31+00:00 INFO REQUEST GET https://public-api.wordpress.com/wpcom/v2/wcpay/woopay/compatibility?test_mode=1
2024-10-03T09:26:31+00:00 INFO HEADERS: array (
  'Content-Type' => 'application/json; charset=utf-8',
  'User-Agent' => 'WooCommerce Payments/7.4.0',
)
2024-10-03T09:26:32+00:00 INFO RESPONSE: array (
  'incompatible_extensions' => 
  array (
    0 => 'class-wcdonation',
    1 => 'woocommerce-table-rate-shipping',
    2 => 'woocommerce-memberships-for-teams',
    3 => 'woocommerce-checkout-add-ons',
    4 => 'woocommerce-checkout-field-editor',
    5 => 'woocommerce-eu-vat-number',
    6 => 'woocommerce-order-delivery',
    7 => 'woocommerce-pdf-product-vouchers',
    8 => 'woocommerce-shipping-local-pickup-plus',
    9 => 'woocommerce-shipping-multiple-addresses',
    10 => 'woocommerce-smart-coupons',
    11 => 'woocommerce-subscriptions-gifting',
    12 => 'advanced-product-fields-for-woocommerce',
  ),
  'adapted_extensions' => 
  array (
    0 => 'woocommerce-points-and-rewards',
    1 => 'woocommerce-gift-cards',
  ),
  'available_countries' => 
  array (
    0 => 'US',
  ),
)
2024-10-03T09:56:43+00:00 INFO ENVIRONMENT: array (
  'WP_User' => 'Guest (non logged-in user)',
  'HTTP_REFERER' => '--',
  'HTTP_USER_AGENT' => 'Mozilla/5.0 (Windows NT 10.0; Win64; x64) AppleWebKit/537.36 (KHTML, like Gecko) Chrome/121.0.0.0 Safari/537.36',
  'REQUEST_URI' => '/contactez-nous/',
  'DOING_AJAX' => false,
  'DOING_CRON' => false,
  'WP_CLI' => false,
)
2024-10-03T09:56:43+00:00 INFO REQUEST GET https://public-api.wordpress.com/wpcom/v2/sites/%s/wcpay/accounts?test_mode=true
2024-10-03T09:56:43+00:00 INFO HEADERS: array (
  'Content-Type' => 'application/json; charset=utf-8',
  'User-Agent' => 'WooCommerce Payments/7.4.0',
)
2024-10-03T09:56:46+00:00 INFO RESPONSE: array (
  'account_id' => 'acct_1OrB4iFy7FStQedj',
  'email' => '(redacted)',
  'live_publishable_key' => 'pk_live_iBIpeqzKOOx2Y8PFCRBfyMU000Q7xVG4Sn',
  'test_publishable_key' => 'pk_test_51ETDmyFuiXB5oUVxwSobQMW5Tno1GclIq7ePZWzLeW4q8oa7Zb8hI5VfwI5sNT5nXuKYinLukNvGCXmsQXAoDGHG00MqHqlYHR',
  'is_live' => false,
  'is_test_drive' => false,
  'created' => '2024-03-06 03:23:26',
  'has_pending_requirements' => true,
  'has_future_requirements' => false,
  'has_overdue_requirements' => false,
  'details_submitted' => true,
  'current_deadline' => 1711614200,
  'status' => 'restricted_soon',
  'capabilities' => 
  array (
    'card_payments' => 'active',
    'giropay_payments' => 'active',
    'klarna_payments' => 'active',
    'transfers' => 'active',
    'bancontact_payments' => 'unrequested',
    'bank_transfer_payments' => 'unrequested',
    'blik_payments' => 'unrequested',
    'cartes_bancaires_payments' => 'unrequested',
    'eps_payments' => 'unrequested',
    'ideal_payments' => 'unrequested',
    'klarna' => 'unrequested',
    'link_payments' => 'unrequested',
    'mobilepay_payments' => 'unrequested',
    'multibanco_payments' => 'unrequested',
    'p24_payments' => 'unrequested',
    'sepa_bank_transfer_payments' => 'unrequested',
    'sepa_debit_payments' => 'unrequested',
    'sofort_payments' => 'unrequested',
    'twint_payments' => 'unrequested',
  ),
  'capability_requirements' => 
  array (
    'bancontact_payments' => 
    array (
    ),
    'bank_transfer_payments' => 
    array (
    ),
    'blik_payments' => 
    array (
    ),
    'card_payments' => 
    array (
    ),
    'cartes_bancaires_payments' => 
    array (
    ),
    'eps_payments' => 
    array (
    ),
    'giropay_payments' => 
    array (
    ),
    'ideal_payments' => 
    array (
    ),
    'klarna' => 
    array (
      0 => 'email',
    ),
    'klarna_payments' => 
    array (
    ),
    'link_payments' => 
    array (
    ),
    'mobilepay_payments' => 
    array (
    ),
    'multibanco_payments' => 
    array (
    ),
    'p24_payments' => 
    array (
    ),
    'sepa_bank_transfer_payments' => 
    array (
    ),
    'sepa_debit_payments' => 
    array (
    ),
    'sofort_payments' => 
    array (
    ),
    'transfers' => 
    array (
    ),
    'twint_payments' => 
    array (
    ),
  ),
  'payments_enabled' => true,
  'deposits' => 
  array (
    'status' => 'enabled',
    'restrictions' => 'deposits_unrestricted',
    'interval' => 'daily',
    'weekly_anchor' => '',
    'monthly_anchor' => NULL,
    'delay_days' => 7,
    'completed_waiting_period' => false,
    'minimum_manual_deposit_amounts' => 
    array (
      'aud' => 500,
      'bgn' => 100,
      'cad' => 500,
      'chf' => 500,
      'czk' => 3000,
      'dkk' => 5000,
      'eur' => 500,
      'gbp' => 500,
      'hkd' => 5000,
      'huf' => 36000,
      'nok' => 5000,
      'nzd' => 500,
      'jpy' => 50,
      'sek' => 5000,
      'sgd' => 500,
      'usd' => 500,
      'ron' => 500,
      'pln' => 500,
      'aed' => 200,
    ),
    'minimum_scheduled_deposit_amounts' => 
    array (
      'aed' => 200,
      'aud' => 0,
      'bgn' => 100,
      'cad' => 0,
      'chf' => 500,
      'czk' => 3000,
      'dkk' => 2000,
      'eur' => 100,
      'gbp' => 100,
      'hkd' => 0,
      'huf' => 36000,
      'jpy' => 1,
      'nok' => 2000,
      'nzd' => 0,
      'pln' => 500,
      'ron' => 500,
      'sek' => 2000,
      'sgd' => 100,
      'usd' => 0,
    ),
  ),
  'lifetime_total_payment_volume' => 424476,
  'requirements' => 
  array (
    'errors' => 
    array (
      0 => 
      array (
        'code' => 'verification_failed_keyed_identity',
        'detailed_code' => 'verification_failed_keyed_identity',
        'reason' => 'Name on the document doesn’t match the name provided for this account. Provide a matching document or update the name on this account.',
        'requirement' => 'individual.verification.document',
      ),
    ),
  ),
  'statement_descriptor' => 'PHN.PIXODEO.DEV',
  'statement_descriptor_kanji' => '',
  'statement_descriptor_kana' => '',
  'latest_tos_agreement' => 
  array (
    'date' => '2024-03-06 03:23:26',
    'source' => 'signup',
    'is_current_version' => true,
  ),
  'fees' => 
  array (
    'base' => 
    array (
      'percentage_rate' => 0.015,
      'fixed_rate' => 25,
      'currency' => 'eur',
    ),
    'discount' => 
    array (
    ),
    'card' => 
    array (
      'base' => 
      array (
        'percentage_rate' => 0.015,
        'fixed_rate' => 25,
        'currency' => 'eur',
      ),
      'additional' => 
      array (
        'percentage_rate' => 0.02,
        'fixed_rate' => 0,
        'currency' => 'eur',
      ),
      'fx' => 
      array (
        'percentage_rate' => 0.02,
        'fixed_rate' => 0,
        'currency' => 'eur',
      ),
      'discount' => 
      array (
      ),
    ),
    'bancontact' => 
    array (
      'base' => 
      array (
        'percentage_rate' => 0.014,
        'fixed_rate' => 25,
        'currency' => 'eur',
      ),
      'additional' => 
      array (
        'percentage_rate' => 0,
        'fixed_rate' => 0,
        'currency' => 'eur',
      ),
      'fx' => 
      array (
        'percentage_rate' => 0,
        'fixed_rate' => 0,
        'currency' => 'eur',
      ),
      'discount' => 
      array (
      ),
    ),
    'eps' => 
    array (
      'base' => 
      array (
        'percentage_rate' => 0.018,
        'fixed_rate' => 25,
        'currency' => 'eur',
      ),
      'additional' => 
      array (
        'percentage_rate' => 0,
        'fixed_rate' => 0,
        'currency' => 'eur',
      ),
      'fx' => 
      array (
        'percentage_rate' => 0,
        'fixed_rate' => 0,
        'currency' => 'eur',
      ),
      'discount' => 
      array (
      ),
    ),
    'ideal' => 
    array (
      'base' => 
      array (
        'percentage_rate' => 0,
        'fixed_rate' => 29,
        'currency' => 'eur',
      ),
      'additional' => 
      array (
        'percentage_rate' => 0,
        'fixed_rate' => 0,
        'currency' => 'eur',
      ),
      'fx' => 
      array (
        'percentage_rate' => 0,
        'fixed_rate' => 0,
        'currency' => 'eur',
      ),
      'discount' => 
      array (
      ),
    ),
    'giropay' => 
    array (
      'base' => 
      array (
        'percentage_rate' => 0.014,
        'fixed_rate' => 25,
        'currency' => 'eur',
      ),
      'additional' => 
      array (
        'percentage_rate' => 0,
        'fixed_rate' => 0,
        'currency' => 'eur',
      ),
      'fx' => 
      array (
        'percentage_rate' => 0,
        'fixed_rate' => 0,
        'currency' => 'eur',
      ),
      'discount' => 
      array (
      ),
    ),
    'p24' => 
    array (
      'base' => 
      array (
        'percentage_rate' => 0.022,
        'fixed_rate' => 25,
        'currency' => 'eur',
      ),
      'additional' => 
      array (
        'percentage_rate' => 0,
        'fixed_rate' => 0,
        'currency' => 'eur',
      ),
      'fx' => 
      array (
        'percentage_rate' => 0,
        'fixed_rate' => 0,
        'currency' => 'eur',
      ),
      'discount' => 
      array (
      ),
    ),
  ),
  'capital' => 
  array (
    'has_active_loan' => false,
    'has_previous_loans' => false,
    'loans' => 
    array (
    ),
  ),
  'fraud_services' => 
  array (
    'stripe' => 
    array (
    ),
    'sift' => 
    array (
      'beacon_key' => 'affbdadb36',
      'sandbox_beacon_key' => '6ad0ad748b',
    ),
  ),
  'store_currencies' => 
  array (
    'default' => 'eur',
    'supported' => 
    array (
      0 => 'eur',
    ),
  ),
  'customer_currencies' => 
  array (
    'supported' => 
    array (
      0 => 'usd',
      1 => 'aed',
      2 => 'afn',
      3 => 'all',
      4 => 'amd',
      5 => 'ang',
      6 => 'aoa',
      7 => 'ars',
      8 => 'aud',
      9 => 'awg',
      10 => 'azn',
      11 => 'bam',
      12 => 'bbd',
      13 => 'bdt',
      14 => 'bgn',
      15 => 'bif',
      16 => 'bmd',
      17 => 'bnd',
      18 => 'bob',
      19 => 'brl',
      20 => 'bsd',
      21 => 'bwp',
      22 => 'byn',
      23 => 'bzd',
      24 => 'cad',
      25 => 'cdf',
      26 => 'chf',
      27 => 'clp',
      28 => 'cny',
      29 => 'cop',
      30 => 'crc',
      31 => 'cve',
      32 => 'czk',
      33 => 'djf',
      34 => 'dkk',
      35 => 'dop',
      36 => 'dzd',
      37 => 'egp',
      38 => 'etb',
      39 => 'eur',
      40 => 'fjd',
      41 => 'fkp',
      42 => 'gbp',
      43 => 'gel',
      44 => 'gip',
      45 => 'gmd',
      46 => 'gnf',
      47 => 'gtq',
      48 => 'gyd',
      49 => 'hkd',
      50 => 'hnl',
      51 => 'htg',
      52 => 'huf',
      53 => 'idr',
      54 => 'ils',
      55 => 'inr',
      56 => 'isk',
      57 => 'jmd',
      58 => 'jpy',
      59 => 'kes',
      60 => 'kgs',
      61 => 'khr',
      62 => 'kmf',
      63 => 'krw',
      64 => 'kyd',
      65 => 'kzt',
      66 => 'lak',
      67 => 'lbp',
      68 => 'lkr',
      69 => 'lrd',
      70 => 'lsl',
      71 => 'mad',
      72 => 'mdl',
      73 => 'mga',
      74 => 'mkd',
      75 => 'mmk',
      76 => 'mnt',
      77 => 'mop',
      78 => 'mur',
      79 => 'mvr',
      80 => 'mwk',
      81 => 'mxn',
      82 => 'myr',
      83 => 'mzn',
      84 => 'nad',
      85 => 'ngn',
      86 => 'nio',
      87 => 'nok',
      88 => 'npr',
      89 => 'nzd',
      90 => 'pab',
      91 => 'pen',
      92 => 'pgk',
      93 => 'php',
      94 => 'pkr',
      95 => 'pln',
      96 => 'pyg',
      97 => 'qar',
      98 => 'ron',
      99 => 'rsd',
      100 => 'rub',
      101 => 'rwf',
      102 => 'sar',
      103 => 'sbd',
      104 => 'scr',
      105 => 'sek',
      106 => 'sgd',
      107 => 'shp',
      108 => 'sle',
      109 => 'sos',
      110 => 'srd',
      111 => 'std',
      112 => 'szl',
      113 => 'thb',
      114 => 'tjs',
      115 => 'top',
      116 => 'try',
      117 => 'ttd',
      118 => 'twd',
      119 => 'tzs',
      120 => 'uah',
      121 => 'ugx',
      122 => 'uyu',
      123 => 'uzs',
      124 => 'vnd',
      125 => 'vuv',
      126 => 'wst',
      127 => 'xaf',
      128 => 'xcd',
      129 => 'xof',
      130 => 'xpf',
      131 => 'yer',
      132 => 'zar',
      133 => 'zmw',
    ),
  ),
  'country' => '(redacted)',
  'instant_deposits_eligible' => false,
  'card_present_eligible' => false,
  'has_card_readers_available' => false,
  'platform_checkout_eligible' => false,
  'platform_direct_checkout_eligible' => false,
  'platform_global_theme_support_enabled' => false,
  'business_profile' => 
  array (
    'name' => '(redacted)',
    'url' => 'https://phn.pixodeo.dev',
    'support_address' => 
    array (
    ),
    'support_email' => NULL,
    'support_phone' => NULL,
  ),
  'branding' => 
  array (
    'icon' => NULL,
    'logo' => NULL,
    'primary_color' => NULL,
    'secondary_color' => NULL,
  ),
  'locale' => 'en_US',
  'has_more_failed_events' => false,
  'has_submitted_vat_data' => false,
  'is_documents_enabled' => true,
  'card_testing_protection_eligible' => false,
  'progressive_onboarding' => 
  array (
    'is_enabled' => false,
    'is_complete' => false,
    'tpv' => NULL,
    'first_transaction_date' => NULL,
    'kyc_deadline_date' => NULL,
  ),
  'fraud_mitigation_settings' => 
  array (
    'avs_check_enabled' => false,
    'cvc_check_enabled' => true,
  ),
  'is_deferred_intent_creation_upe_enabled' => true,
  'pre_check_save_my_info' => false,
)
2024-10-03T09:56:46+00:00 INFO ENVIRONMENT: array (
  'WP_User' => 'Guest (non logged-in user)',
  'HTTP_REFERER' => '--',
  'HTTP_USER_AGENT' => 'Mozilla/5.0 (Windows NT 10.0; Win64; x64) AppleWebKit/537.36 (KHTML, like Gecko) Chrome/121.0.0.0 Safari/537.36',
  'REQUEST_URI' => '/contactez-nous/',
  'DOING_AJAX' => false,
  'DOING_CRON' => false,
  'WP_CLI' => false,
)
2024-10-03T09:56:46+00:00 INFO REQUEST POST https://public-api.wordpress.com/wpcom/v2/sites/%s/wcpay/compatibility
2024-10-03T09:56:46+00:00 INFO HEADERS: array (
  'Content-Type' => 'application/json; charset=utf-8',
  'User-Agent' => 'WooCommerce Payments/7.4.0',
  'Idempotency-Key' => 'd761ac2b-c8c4-4fd3-aa69-7b0c65bbe1c5',
)
2024-10-03T09:56:46+00:00 INFO BODY: array (
  'test_mode' => true,
  'compatibility_data' => 
  array (
    'woopayments_version' => '7.4.0',
    'woocommerce_version' => '8.7.0',
    'blog_theme' => 'grandconference-child',
    'active_plugins' => 
    array (
      0 => 'advanced-custom-fields-pro/acf.php',
      1 => 'contact-form-7/wp-contact-form-7.php',
      2 => 'contact-form-entries/contact-form-entries.php',
      3 => 'duplicate-post/duplicate-post.php',
      4 => 'elementor/elementor.php',
      5 => 'email-log/email-log.php',
      6 => 'extended-google-map-for-elementor/elementor-google-map-extended.php',
      7 => 'fooevents-calendar/fooevents-calendar.php',
      8 => 'fooevents/fooevents.php',
      9 => 'fooevents_bookings/fooevents-bookings.php',
      10 => 'fooevents_custom_attendee_fields/fooevents-custom-attendee-fields.php',
      11 => 'fooevents_pdf_tickets/fooevents-pdf-tickets.php',
      12 => 'grandconference-custom-post/grandconference-custom-post.php',
      13 => 'grandconference-elementor/grandconference-elementor.php',
      14 => 'loco-translate/loco.php',
      15 => 'loftloader/loftloader.php',
      16 => 'mailchimp-for-wp/mailchimp-for-wp.php',
      17 => 'revslider/revslider.php',
      18 => 'shortcode-elementor/elementor-shortcode.php',
      19 => 'smtp-mailer/main.php',
      20 => 'the-events-calendar/the-events-calendar.php',
      22 => 'woo-systempay-payment/woo-systempay-payment.php',
      23 => 'woocommerce-gateway-stripe/woocommerce-gateway-stripe.php',
      24 => 'woocommerce-payments/woocommerce-payments.php',
      25 => 'woocommerce/woocommerce.php',
    ),
    'post_types_count' => 
    array (
      'post' => 15,
      'page' => 33,
      'attachment' => 0,
      'e-landing-page' => 0,
      'elementor_library' => 4,
      'product' => 30,
      'event_magic_tickets' => 210,
      'header' => 10,
      'footer' => 7,
      'megamenu' => 3,
      'fullmenu' => 1,
      'galleries' => 1,
      'rs_elements' => 0,
      'tribe_events' => 2,
    ),
  ),
)
2024-10-03T09:56:47+00:00 INFO RESPONSE: array (
  'result' => 'success',
)
2024-10-03T13:40:51+00:00 INFO ENVIRONMENT: array (
  'WP_User' => 'Guest (non logged-in user)',
  'HTTP_REFERER' => 'https://phn-events.com/event/congres-secours-sante-des-sapeurs-pompiers-de-france/',
  'HTTP_USER_AGENT' => 'Mozilla/5.0 (Windows NT 10.0; Win64; x64) AppleWebKit/537.36 (KHTML, like Gecko) Chrome/129.0.0.0 Safari/537.36 Edg/129.0.0.0',
  'REQUEST_URI' => '/event/congres-secours-sante-des-sapeurs-pompiers-de-france/hotels',
  'DOING_AJAX' => false,
  'DOING_CRON' => false,
  'WP_CLI' => false,
)
2024-10-03T13:40:51+00:00 INFO REQUEST GET https://public-api.wordpress.com/wpcom/v2/sites/%s/wcpay/disputes?test_mode=1&pagesize=50&search%5B0%5D=warning_needs_response&search%5B1%5D=needs_response
2024-10-03T13:40:51+00:00 INFO HEADERS: array (
  'Content-Type' => 'application/json; charset=utf-8',
  'User-Agent' => 'WooCommerce Payments/7.4.0',
)
2024-10-03T13:40:52+00:00 INFO RESPONSE: array (
  'data' => 
  array (
  ),
)
2024-10-03T13:43:38+00:00 INFO ENVIRONMENT: array (
  'WP_User' => 'Guest (non logged-in user)',
  'HTTP_REFERER' => 'https://phn-events.com/event/congres-secours-sante-des-sapeurs-pompiers-de-france/planning/',
  'HTTP_USER_AGENT' => 'Mozilla/5.0 (Windows NT 10.0; Win64; x64) AppleWebKit/537.36 (KHTML, like Gecko) Chrome/129.0.0.0 Safari/537.36 Edg/129.0.0.0',
  'REQUEST_URI' => '/event/congres-secours-sante-des-sapeurs-pompiers-de-france/hotels',
  'DOING_AJAX' => false,
  'DOING_CRON' => false,
  'WP_CLI' => false,
)
2024-10-03T13:43:38+00:00 INFO REQUEST GET https://public-api.wordpress.com/wpcom/v2/sites/%s/wcpay/currency/rates?test_mode=1&currency_from=eur
2024-10-03T13:43:38+00:00 INFO HEADERS: array (
  'Content-Type' => 'application/json; charset=utf-8',
  'User-Agent' => 'WooCommerce Payments/7.4.0',
)
2024-10-03T13:43:38+00:00 INFO RESPONSE: array (
  'AED' => 4.056039,
  'AFN' => 75.919701,
  'ALL' => 98.888686,
  'AMD' => 427.567428,
  'ANG' => 1.990979,
  'AOA' => 1041.875924,
  'ARS' => 1071.415067,
  'AUD' => 1.611738,
  'AWG' => 1.990441,
  'AZN' => 1.877254,
  'BAM' => 1.956565,
  'BBD' => 2.208534,
  'BDT' => 132.011669,
  'BGN' => 1.956912,
  'BHD' => 0.416284,
  'BIF' => 3204.840306,
  'BMD' => 1.104267,
  'BND' => 1.426529,
  'BOB' => 7.633986,
  'BRL' => 6.010747,
  'BSD' => 1.104267,
  'BTC' => 1.8E-5,
  'BTN' => 92.743575,
  'BWP' => 14.59452,
  'BYN' => 3.615314,
  'BZD' => 2.226771,
  'CAD' => 1.494232,
  'CDF' => 3141.247759,
  'CHF' => 0.938506,
  'CLF' => 0.036586,
  'CLP' => 1009.576114,
  'CNH' => 7.778209,
  'CNY' => 7.780334,
  'COP' => 4621.293534,
  'CRC' => 572.72404,
  'CUC' => 1.104267,
  'CUP' => 28.434876,
  'CVE' => 110.308137,
  'CZK' => 25.357284,
  'DJF' => 196.726996,
  'DKK' => 7.459335,
  'DOP' => 66.425986,
  'DZD' => 146.711811,
  'EGP' => 53.380267,
  'ERN' => 16.564005,
  'ETB' => 132.402525,
  'EUR' => 1,
  'FJD' => 2.429167,
  'FKP' => 0.842099,
  'GBP' => 0.842099,
  'GEL' => 3.02017,
  'GGP' => 0.842099,
  'GHS' => 17.498846,
  'GIP' => 0.842099,
  'GMD' => 77.298691,
  'GNF' => 9537.692319,
  'GTQ' => 8.545343,
  'GYD' => 231.1204,
  'HKD' => 8.576277,
  'HNL' => 27.562783,
  'HRK' => 7.534327,
  'HTG' => 145.767055,
  'HUF' => 401.442192,
  'IDR' => 17082.927007,
  'ILS' => 4.184829,
  'IMP' => 0.842099,
  'INR' => 92.754187,
  'IQD' => 1447.169016,
  'IRR' => 46489.641134,
  'ISK' => 149.2969,
  'JEP' => 0.842099,
  'JMD' => 174.388208,
  'JOD' => 0.782484,
  'JPY' => 161.953614,
  'KES' => 142.505658,
  'KGS' => 93.266392,
  'KHR' => 4483.748081,
  'KMF' => 491.78531,
  'KPW' => 993.840309,
  'KRW' => 1473.015826,
  'KWD' => 0.337757,
  'KYD' => 0.92066,
  'KZT' => 533.238488,
  'LAK' => 24393.1659,
  'LBP' => 98915.983638,
  'LKR' => 324.677029,
  'LRD' => 213.951633,
  'LSL' => 19.316657,
  'LYD' => 5.253055,
  'MAD' => 10.791722,
  'MDL' => 19.332563,
  'MGA' => 5012.952614,
  'MKD' => 61.116719,
  'MMK' => 2316.752188,
  'MNT' => 3752.299301,
  'MOP' => 8.837957,
  'MUR' => 51.204858,
  'MVR' => 16.950499,
  'MWK' => 1915.554166,
  'MXN' => 21.509372,
  'MYR' => 4.661663,
  'MZN' => 70.535047,
  'NAD' => 19.316657,
  'NGN' => 1843.35292,
  'NIO' => 40.655903,
  'NOK' => 11.715021,
  'NPR' => 148.39004,
  'NZD' => 1.774193,
  'OMR' => 0.425153,
  'PAB' => 1.104267,
  'PEN' => 4.11511,
  'PGK' => 4.397721,
  'PHP' => 62.343607,
  'PKR' => 306.725365,
  'PLN' => 4.305408,
  'PYG' => 8613.30356,
  'QAR' => 4.026675,
  'RON' => 4.976159,
  'RSD' => 117.007028,
  'RUB' => 105.109044,
  'RWF' => 1496.783653,
  'SAR' => 4.145008,
  'SBD' => 9.157072,
  'SCR' => 15.039669,
  'SDG' => 664.216607,
  'SEK' => 11.356873,
  'SGD' => 1.431519,
  'SHP' => 0.842099,
  'SLL' => 23155.927072,
  'SOS' => 631.347068,
  'SRD' => 34.196941,
  'SSP' => 143.841821,
  'STD' => 24605.05667,
  'SVC' => 9.666782,
  'SYP' => 2774.503991,
  'SZL' => 19.307554,
  'THB' => 36.559704,
  'TJS' => 11.754198,
  'TMT' => 3.875978,
  'TND' => 3.362493,
  'TOP' => 2.583631,
  'TRY' => 37.714147,
  'TTD' => 7.492931,
  'TWD' => 35.393051,
  'TZS' => 3009.127603,
  'UAH' => 45.497901,
  'UGX' => 4046.564572,
  'USD' => 1.104267,
  'UYU' => 46.278103,
  'UZS' => 14093.364253,
  'VND' => 27336.728867,
  'VUV' => 131.100788,
  'WST' => 3.091948,
  'XAF' => 655.957,
  'XAG' => 0.035031,
  'XAU' => 0.000417,
  'XCD' => 2.984337,
  'XDR' => 0.815319,
  'XOF' => 655.957,
  'XPD' => 0.001118,
  'XPF' => 119.331742,
  'XPT' => 0.001124,
  'YER' => 276.39815,
  'ZAR' => 19.293864,
  'ZMW' => 29.137401,
  'ZWL' => 355.573977,
)
2024-10-03T20:35:07+00:00 INFO ENVIRONMENT: array (
  'WP_User' => 'Guest (non logged-in user)',
  'HTTP_REFERER' => '--',
  'HTTP_USER_AGENT' => 'Mozilla/5.0 (Macintosh; Intel Mac OS X 10_15_7) AppleWebKit/605.1.15 (KHTML, like Gecko) Version/16.6 Safari/605.1.15',
  'REQUEST_URI' => '/',
  'DOING_AJAX' => false,
  'DOING_CRON' => false,
  'WP_CLI' => false,
)
2024-10-03T20:35:07+00:00 INFO REQUEST GET https://public-api.wordpress.com/wpcom/v2/sites/%s/wcpay/currency/rates?test_mode=1&currency_from=eur
2024-10-03T20:35:07+00:00 INFO HEADERS: array (
  'Content-Type' => 'application/json; charset=utf-8',
  'User-Agent' => 'WooCommerce Payments/7.4.0',
)
2024-10-03T20:35:07+00:00 INFO RESPONSE: array (
  'AED' => 4.052457,
  'AFN' => 75.57673,
  'ALL' => 98.802965,
  'AMD' => 427.036052,
  'ANG' => 1.989253,
  'AOA' => 1028.836374,
  'ARS' => 1072.106702,
  'AUD' => 1.611649,
  'AWG' => 1.985958,
  'AZN' => 1.875627,
  'BAM' => 1.954869,
  'BBD' => 2.20662,
  'BDT' => 131.897235,
  'BGN' => 1.955748,
  'BHD' => 0.41593,
  'BIF' => 3189.668588,
  'BMD' => 1.10331,
  'BND' => 1.425292,
  'BOB' => 7.627369,
  'BRL' => 6.051323,
  'BSD' => 1.10331,
  'BTC' => 1.8E-5,
  'BTN' => 92.663181,
  'BWP' => 14.581869,
  'BYN' => 3.61218,
  'BZD' => 2.224841,
  'CAD' => 1.494531,
  'CDF' => 3166.499083,
  'CHF' => 0.940478,
  'CLF' => 0.036795,
  'CLP' => 1015.276697,
  'CNH' => 7.776629,
  'CNY' => 7.773479,
  'COP' => 4623.58515,
  'CRC' => 572.227578,
  'CUC' => 1.10331,
  'CUP' => 28.410227,
  'CVE' => 110.661971,
  'CZK' => 25.326475,
  'DJF' => 195.837487,
  'DKK' => 7.459912,
  'DOP' => 66.860573,
  'DZD' => 146.741362,
  'EGP' => 53.33885,
  'ERN' => 16.549647,
  'ETB' => 133.334988,
  'EUR' => 1,
  'FJD' => 2.428661,
  'FKP' => 0.840694,
  'GBP' => 0.840694,
  'GEL' => 3.017552,
  'GGP' => 0.840694,
  'GHS' => 17.509526,
  'GIP' => 0.840694,
  'GMD' => 76.128375,
  'GNF' => 9527.631648,
  'GTQ' => 8.537936,
  'GYD' => 230.920056,
  'HKD' => 8.567984,
  'HNL' => 27.527579,
  'HRK' => 7.533937,
  'HTG' => 145.640698,
  'HUF' => 401.450298,
  'IDR' => 17056.62806,
  'ILS' => 4.197779,
  'IMP' => 0.840694,
  'INR' => 92.652428,
  'IQD' => 1445.335818,
  'IRR' => 46449.341945,
  'ISK' => 149.321946,
  'JEP' => 0.840694,
  'JMD' => 174.237041,
  'JOD' => 0.781916,
  'JPY' => 161.809206,
  'KES' => 142.326962,
  'KGS' => 93.185544,
  'KHR' => 4482.196001,
  'KMF' => 491.35901,
  'KPW' => 992.978806,
  'KRW' => 1472.504069,
  'KWD' => 0.337533,
  'KYD' => 0.919862,
  'KZT' => 532.776254,
  'LAK' => 24362.735015,
  'LBP' => 98801.391238,
  'LKR' => 324.395586,
  'LRD' => 213.793764,
  'LSL' => 19.175524,
  'LYD' => 5.246238,
  'MAD' => 10.782367,
  'MDL' => 19.174755,
  'MGA' => 5020.059521,
  'MKD' => 61.063741,
  'MMK' => 2314.743929,
  'MNT' => 3749.046649,
  'MOP' => 8.830296,
  'MUR' => 51.160471,
  'MVR' => 16.946838,
  'MWK' => 1914.794132,
  'MXN' => 21.409249,
  'MYR' => 4.643831,
  'MZN' => 70.473904,
  'NAD' => 19.175524,
  'NGN' => 1822.182308,
  'NIO' => 40.563184,
  'NOK' => 11.713762,
  'NPR' => 148.261409,
  'NZD' => 1.774488,
  'OMR' => 0.424789,
  'PAB' => 1.10331,
  'PEN' => 4.106519,
  'PGK' => 4.329112,
  'PHP' => 62.205711,
  'PKR' => 306.306379,
  'PLN' => 4.308907,
  'PYG' => 8605.837184,
  'QAR' => 4.016875,
  'RON' => 4.976368,
  'RSD' => 117.032482,
  'RUB' => 104.536762,
  'RWF' => 1472.918563,
  'SAR' => 4.142769,
  'SBD' => 9.149135,
  'SCR' => 14.66426,
  'SDG' => 663.640836,
  'SEK' => 11.369624,
  'SGD' => 1.430943,
  'SHP' => 0.840694,
  'SLL' => 23135.854535,
  'SOS' => 629.989887,
  'SRD' => 33.98801,
  'SSP' => 143.717133,
  'STD' => 24583.727965,
  'SVC' => 9.658402,
  'SYP' => 2772.098934,
  'SZL' => 19.290817,
  'THB' => 36.490868,
  'TJS' => 11.744009,
  'TMT' => 3.872618,
  'TND' => 3.359578,
  'TOP' => 2.581392,
  'TRY' => 37.695155,
  'TTD' => 7.486436,
  'TWD' => 35.310879,
  'TZS' => 3006.519164,
  'UAH' => 45.458461,
  'UGX' => 4043.056838,
  'USD' => 1.10331,
  'UYU' => 46.141187,
  'UZS' => 14081.147529,
  'VND' => 27313.032233,
  'VUV' => 130.987144,
  'WST' => 3.089267,
  'XAF' => 655.957,
  'XAG' => 0.034405,
  'XAU' => 0.000415,
  'XCD' => 2.98175,
  'XDR' => 0.814612,
  'XOF' => 655.957,
  'XPD' => 0.001109,
  'XPF' => 119.331742,
  'XPT' => 0.001113,
  'YER' => 276.158556,
  'ZAR' => 19.292769,
  'ZMW' => 29.112143,
  'ZWL' => 355.265751,
)
